#! /c/Source/iverilog-install/bin/vvp
:ivl_version "12.0 (devel)" "(s20150603-1110-g18392a46)";
:ivl_delay_selection "TYPICAL";
:vpi_time_precision - 12;
:vpi_module "C:\iverilog\lib\ivl\system.vpi";
:vpi_module "C:\iverilog\lib\ivl\vhdl_sys.vpi";
:vpi_module "C:\iverilog\lib\ivl\vhdl_textio.vpi";
:vpi_module "C:\iverilog\lib\ivl\v2005_math.vpi";
:vpi_module "C:\iverilog\lib\ivl\va_math.vpi";
S_000001cf473046d0 .scope module, "alu" "alu" 2 3;
 .timescale -9 -12;
    .port_info 0 /INPUT 16 "in0";
    .port_info 1 /INPUT 16 "in1";
    .port_info 2 /INPUT 16 "in2";
    .port_info 3 /INPUT 16 "in3";
    .port_info 4 /INPUT 16 "in4";
    .port_info 5 /INPUT 16 "in5";
    .port_info 6 /INPUT 16 "in6";
    .port_info 7 /INPUT 16 "in7";
    .port_info 8 /INPUT 16 "in8";
    .port_info 9 /INPUT 16 "in9";
    .port_info 10 /INPUT 16 "in10";
    .port_info 11 /INPUT 16 "in11";
    .port_info 12 /INPUT 16 "in12";
    .port_info 13 /INPUT 16 "in13";
    .port_info 14 /INPUT 16 "in14";
    .port_info 15 /INPUT 16 "in15";
    .port_info 16 /INPUT 16 "in16";
    .port_info 17 /INPUT 16 "in17";
    .port_info 18 /INPUT 16 "in18";
    .port_info 19 /INPUT 16 "in19";
    .port_info 20 /INPUT 16 "in20";
    .port_info 21 /INPUT 16 "in21";
    .port_info 22 /OUTPUT 32 "out1";
    .port_info 23 /OUTPUT 32 "out2";
    .port_info 24 /OUTPUT 32 "out3";
    .port_info 25 /OUTPUT 32 "out4";
v000001cf4734f270 .array "baise", 3 0, 31 0;
v000001cf47305f90_0 .var/i "i", 31 0;
o000001cf47356ef8 .functor BUFZ 16, C4<zzzzzzzzzzzzzzzz>; HiZ drive
v000001cf47356120_0 .net "in0", 15 0, o000001cf47356ef8;  0 drivers
o000001cf47356f28 .functor BUFZ 16, C4<zzzzzzzzzzzzzzzz>; HiZ drive
v000001cf473561c0_0 .net "in1", 15 0, o000001cf47356f28;  0 drivers
o000001cf47356f58 .functor BUFZ 16, C4<zzzzzzzzzzzzzzzz>; HiZ drive
v000001cf47301c10_0 .net "in10", 15 0, o000001cf47356f58;  0 drivers
o000001cf47356f88 .functor BUFZ 16, C4<zzzzzzzzzzzzzzzz>; HiZ drive
v000001cf47301cb0_0 .net "in11", 15 0, o000001cf47356f88;  0 drivers
o000001cf47356fb8 .functor BUFZ 16, C4<zzzzzzzzzzzzzzzz>; HiZ drive
v000001cf47301d50_0 .net "in12", 15 0, o000001cf47356fb8;  0 drivers
o000001cf47356fe8 .functor BUFZ 16, C4<zzzzzzzzzzzzzzzz>; HiZ drive
v000001cf473ae010_0 .net "in13", 15 0, o000001cf47356fe8;  0 drivers
o000001cf47357018 .functor BUFZ 16, C4<zzzzzzzzzzzzzzzz>; HiZ drive
v000001cf473ae0b0_0 .net "in14", 15 0, o000001cf47357018;  0 drivers
o000001cf47357048 .functor BUFZ 16, C4<zzzzzzzzzzzzzzzz>; HiZ drive
v000001cf473ae150_0 .net "in15", 15 0, o000001cf47357048;  0 drivers
o000001cf47357078 .functor BUFZ 16, C4<zzzzzzzzzzzzzzzz>; HiZ drive
v000001cf473ae1f0_0 .net "in16", 15 0, o000001cf47357078;  0 drivers
o000001cf473570a8 .functor BUFZ 16, C4<zzzzzzzzzzzzzzzz>; HiZ drive
v000001cf473ae290_0 .net "in17", 15 0, o000001cf473570a8;  0 drivers
o000001cf473570d8 .functor BUFZ 16, C4<zzzzzzzzzzzzzzzz>; HiZ drive
v000001cf473ae330_0 .net "in18", 15 0, o000001cf473570d8;  0 drivers
o000001cf47357108 .functor BUFZ 16, C4<zzzzzzzzzzzzzzzz>; HiZ drive
v000001cf473ae740_0 .net "in19", 15 0, o000001cf47357108;  0 drivers
o000001cf47357138 .functor BUFZ 16, C4<zzzzzzzzzzzzzzzz>; HiZ drive
v000001cf473af280_0 .net "in2", 15 0, o000001cf47357138;  0 drivers
o000001cf47357168 .functor BUFZ 16, C4<zzzzzzzzzzzzzzzz>; HiZ drive
v000001cf473aee20_0 .net "in20", 15 0, o000001cf47357168;  0 drivers
o000001cf47357198 .functor BUFZ 16, C4<zzzzzzzzzzzzzzzz>; HiZ drive
v000001cf473aef60_0 .net "in21", 15 0, o000001cf47357198;  0 drivers
o000001cf473571c8 .functor BUFZ 16, C4<zzzzzzzzzzzzzzzz>; HiZ drive
v000001cf473aea60_0 .net "in3", 15 0, o000001cf473571c8;  0 drivers
o000001cf473571f8 .functor BUFZ 16, C4<zzzzzzzzzzzzzzzz>; HiZ drive
v000001cf473ae4c0_0 .net "in4", 15 0, o000001cf473571f8;  0 drivers
o000001cf47357228 .functor BUFZ 16, C4<zzzzzzzzzzzzzzzz>; HiZ drive
v000001cf473ae920_0 .net "in5", 15 0, o000001cf47357228;  0 drivers
o000001cf47357258 .functor BUFZ 16, C4<zzzzzzzzzzzzzzzz>; HiZ drive
v000001cf473ae880_0 .net "in6", 15 0, o000001cf47357258;  0 drivers
o000001cf47357288 .functor BUFZ 16, C4<zzzzzzzzzzzzzzzz>; HiZ drive
v000001cf473aeec0_0 .net "in7", 15 0, o000001cf47357288;  0 drivers
o000001cf473572b8 .functor BUFZ 16, C4<zzzzzzzzzzzzzzzz>; HiZ drive
v000001cf473ae560_0 .net "in8", 15 0, o000001cf473572b8;  0 drivers
o000001cf473572e8 .functor BUFZ 16, C4<zzzzzzzzzzzzzzzz>; HiZ drive
v000001cf473aed80_0 .net "in9", 15 0, o000001cf473572e8;  0 drivers
v000001cf473ae600 .array "mul1", 21 0, 31 0;
v000001cf473af0a0 .array "mul2", 21 0, 31 0;
v000001cf473aeba0 .array "mul3", 21 0, 31 0;
v000001cf473af000 .array "mul4", 21 0, 31 0;
v000001cf473ae6a0_0 .var "out1", 31 0;
v000001cf473ae420_0 .var "out2", 31 0;
v000001cf473af140_0 .var "out3", 31 0;
v000001cf473aeb00_0 .var "out4", 31 0;
v000001cf473ae7e0 .array "weights1", 21 0, 15 0;
v000001cf473ae9c0 .array "weights2", 21 0, 15 0;
v000001cf473aec40 .array "weights3", 21 0, 15 0;
v000001cf473aece0 .array "weights4", 21 0, 15 0;
v000001cf473aece0_0 .array/port v000001cf473aece0, 0;
v000001cf473aece0_1 .array/port v000001cf473aece0, 1;
v000001cf473aece0_2 .array/port v000001cf473aece0, 2;
v000001cf473aece0_3 .array/port v000001cf473aece0, 3;
E_000001cf4734c330/0 .event anyedge, v000001cf473aece0_0, v000001cf473aece0_1, v000001cf473aece0_2, v000001cf473aece0_3;
v000001cf473aece0_4 .array/port v000001cf473aece0, 4;
v000001cf473aece0_5 .array/port v000001cf473aece0, 5;
v000001cf473aece0_6 .array/port v000001cf473aece0, 6;
v000001cf473aece0_7 .array/port v000001cf473aece0, 7;
E_000001cf4734c330/1 .event anyedge, v000001cf473aece0_4, v000001cf473aece0_5, v000001cf473aece0_6, v000001cf473aece0_7;
v000001cf473aece0_8 .array/port v000001cf473aece0, 8;
v000001cf473aece0_9 .array/port v000001cf473aece0, 9;
v000001cf473aece0_10 .array/port v000001cf473aece0, 10;
v000001cf473aece0_11 .array/port v000001cf473aece0, 11;
E_000001cf4734c330/2 .event anyedge, v000001cf473aece0_8, v000001cf473aece0_9, v000001cf473aece0_10, v000001cf473aece0_11;
v000001cf473aece0_12 .array/port v000001cf473aece0, 12;
v000001cf473aece0_13 .array/port v000001cf473aece0, 13;
v000001cf473aece0_14 .array/port v000001cf473aece0, 14;
v000001cf473aece0_15 .array/port v000001cf473aece0, 15;
E_000001cf4734c330/3 .event anyedge, v000001cf473aece0_12, v000001cf473aece0_13, v000001cf473aece0_14, v000001cf473aece0_15;
v000001cf473aece0_16 .array/port v000001cf473aece0, 16;
v000001cf473aece0_17 .array/port v000001cf473aece0, 17;
v000001cf473aece0_18 .array/port v000001cf473aece0, 18;
v000001cf473aece0_19 .array/port v000001cf473aece0, 19;
E_000001cf4734c330/4 .event anyedge, v000001cf473aece0_16, v000001cf473aece0_17, v000001cf473aece0_18, v000001cf473aece0_19;
v000001cf473aece0_20 .array/port v000001cf473aece0, 20;
v000001cf473aece0_21 .array/port v000001cf473aece0, 21;
E_000001cf4734c330/5 .event anyedge, v000001cf473aece0_20, v000001cf473aece0_21, v000001cf47356120_0, v000001cf473561c0_0;
E_000001cf4734c330/6 .event anyedge, v000001cf473af280_0, v000001cf473aea60_0, v000001cf473ae4c0_0, v000001cf473ae920_0;
E_000001cf4734c330/7 .event anyedge, v000001cf473ae880_0, v000001cf473aeec0_0, v000001cf473ae560_0, v000001cf473aed80_0;
E_000001cf4734c330/8 .event anyedge, v000001cf47301c10_0, v000001cf47301cb0_0, v000001cf47301d50_0, v000001cf473ae010_0;
E_000001cf4734c330/9 .event anyedge, v000001cf473ae0b0_0, v000001cf473ae150_0, v000001cf473ae1f0_0, v000001cf473ae290_0;
E_000001cf4734c330/10 .event anyedge, v000001cf473ae330_0, v000001cf473ae740_0, v000001cf473aee20_0, v000001cf473aef60_0;
v000001cf4734f270_0 .array/port v000001cf4734f270, 0;
v000001cf4734f270_1 .array/port v000001cf4734f270, 1;
v000001cf4734f270_2 .array/port v000001cf4734f270, 2;
v000001cf4734f270_3 .array/port v000001cf4734f270, 3;
E_000001cf4734c330/11 .event anyedge, v000001cf4734f270_0, v000001cf4734f270_1, v000001cf4734f270_2, v000001cf4734f270_3;
v000001cf473af000_0 .array/port v000001cf473af000, 0;
v000001cf473af000_1 .array/port v000001cf473af000, 1;
v000001cf473af000_2 .array/port v000001cf473af000, 2;
v000001cf473af000_3 .array/port v000001cf473af000, 3;
E_000001cf4734c330/12 .event anyedge, v000001cf473af000_0, v000001cf473af000_1, v000001cf473af000_2, v000001cf473af000_3;
v000001cf473af000_4 .array/port v000001cf473af000, 4;
v000001cf473af000_5 .array/port v000001cf473af000, 5;
v000001cf473af000_6 .array/port v000001cf473af000, 6;
v000001cf473af000_7 .array/port v000001cf473af000, 7;
E_000001cf4734c330/13 .event anyedge, v000001cf473af000_4, v000001cf473af000_5, v000001cf473af000_6, v000001cf473af000_7;
v000001cf473af000_8 .array/port v000001cf473af000, 8;
v000001cf473af000_9 .array/port v000001cf473af000, 9;
v000001cf473af000_10 .array/port v000001cf473af000, 10;
v000001cf473af000_11 .array/port v000001cf473af000, 11;
E_000001cf4734c330/14 .event anyedge, v000001cf473af000_8, v000001cf473af000_9, v000001cf473af000_10, v000001cf473af000_11;
v000001cf473af000_12 .array/port v000001cf473af000, 12;
v000001cf473af000_13 .array/port v000001cf473af000, 13;
v000001cf473af000_14 .array/port v000001cf473af000, 14;
v000001cf473af000_15 .array/port v000001cf473af000, 15;
E_000001cf4734c330/15 .event anyedge, v000001cf473af000_12, v000001cf473af000_13, v000001cf473af000_14, v000001cf473af000_15;
v000001cf473af000_16 .array/port v000001cf473af000, 16;
v000001cf473af000_17 .array/port v000001cf473af000, 17;
v000001cf473af000_18 .array/port v000001cf473af000, 18;
v000001cf473af000_19 .array/port v000001cf473af000, 19;
E_000001cf4734c330/16 .event anyedge, v000001cf473af000_16, v000001cf473af000_17, v000001cf473af000_18, v000001cf473af000_19;
v000001cf473af000_20 .array/port v000001cf473af000, 20;
v000001cf473af000_21 .array/port v000001cf473af000, 21;
E_000001cf4734c330/17 .event anyedge, v000001cf473af000_20, v000001cf473af000_21;
E_000001cf4734c330 .event/or E_000001cf4734c330/0, E_000001cf4734c330/1, E_000001cf4734c330/2, E_000001cf4734c330/3, E_000001cf4734c330/4, E_000001cf4734c330/5, E_000001cf4734c330/6, E_000001cf4734c330/7, E_000001cf4734c330/8, E_000001cf4734c330/9, E_000001cf4734c330/10, E_000001cf4734c330/11, E_000001cf4734c330/12, E_000001cf4734c330/13, E_000001cf4734c330/14, E_000001cf4734c330/15, E_000001cf4734c330/16, E_000001cf4734c330/17;
v000001cf473aec40_0 .array/port v000001cf473aec40, 0;
v000001cf473aec40_1 .array/port v000001cf473aec40, 1;
v000001cf473aec40_2 .array/port v000001cf473aec40, 2;
v000001cf473aec40_3 .array/port v000001cf473aec40, 3;
E_000001cf4734c370/0 .event anyedge, v000001cf473aec40_0, v000001cf473aec40_1, v000001cf473aec40_2, v000001cf473aec40_3;
v000001cf473aec40_4 .array/port v000001cf473aec40, 4;
v000001cf473aec40_5 .array/port v000001cf473aec40, 5;
v000001cf473aec40_6 .array/port v000001cf473aec40, 6;
v000001cf473aec40_7 .array/port v000001cf473aec40, 7;
E_000001cf4734c370/1 .event anyedge, v000001cf473aec40_4, v000001cf473aec40_5, v000001cf473aec40_6, v000001cf473aec40_7;
v000001cf473aec40_8 .array/port v000001cf473aec40, 8;
v000001cf473aec40_9 .array/port v000001cf473aec40, 9;
v000001cf473aec40_10 .array/port v000001cf473aec40, 10;
v000001cf473aec40_11 .array/port v000001cf473aec40, 11;
E_000001cf4734c370/2 .event anyedge, v000001cf473aec40_8, v000001cf473aec40_9, v000001cf473aec40_10, v000001cf473aec40_11;
v000001cf473aec40_12 .array/port v000001cf473aec40, 12;
v000001cf473aec40_13 .array/port v000001cf473aec40, 13;
v000001cf473aec40_14 .array/port v000001cf473aec40, 14;
v000001cf473aec40_15 .array/port v000001cf473aec40, 15;
E_000001cf4734c370/3 .event anyedge, v000001cf473aec40_12, v000001cf473aec40_13, v000001cf473aec40_14, v000001cf473aec40_15;
v000001cf473aec40_16 .array/port v000001cf473aec40, 16;
v000001cf473aec40_17 .array/port v000001cf473aec40, 17;
v000001cf473aec40_18 .array/port v000001cf473aec40, 18;
v000001cf473aec40_19 .array/port v000001cf473aec40, 19;
E_000001cf4734c370/4 .event anyedge, v000001cf473aec40_16, v000001cf473aec40_17, v000001cf473aec40_18, v000001cf473aec40_19;
v000001cf473aec40_20 .array/port v000001cf473aec40, 20;
v000001cf473aec40_21 .array/port v000001cf473aec40, 21;
E_000001cf4734c370/5 .event anyedge, v000001cf473aec40_20, v000001cf473aec40_21, v000001cf47356120_0, v000001cf473561c0_0;
E_000001cf4734c370/6 .event anyedge, v000001cf473af280_0, v000001cf473aea60_0, v000001cf473ae4c0_0, v000001cf473ae920_0;
E_000001cf4734c370/7 .event anyedge, v000001cf473ae880_0, v000001cf473aeec0_0, v000001cf473ae560_0, v000001cf473aed80_0;
E_000001cf4734c370/8 .event anyedge, v000001cf47301c10_0, v000001cf47301cb0_0, v000001cf47301d50_0, v000001cf473ae010_0;
E_000001cf4734c370/9 .event anyedge, v000001cf473ae0b0_0, v000001cf473ae150_0, v000001cf473ae1f0_0, v000001cf473ae290_0;
E_000001cf4734c370/10 .event anyedge, v000001cf473ae330_0, v000001cf473ae740_0, v000001cf473aee20_0, v000001cf473aef60_0;
E_000001cf4734c370/11 .event anyedge, v000001cf4734f270_0, v000001cf4734f270_1, v000001cf4734f270_2, v000001cf4734f270_3;
v000001cf473aeba0_0 .array/port v000001cf473aeba0, 0;
v000001cf473aeba0_1 .array/port v000001cf473aeba0, 1;
v000001cf473aeba0_2 .array/port v000001cf473aeba0, 2;
v000001cf473aeba0_3 .array/port v000001cf473aeba0, 3;
E_000001cf4734c370/12 .event anyedge, v000001cf473aeba0_0, v000001cf473aeba0_1, v000001cf473aeba0_2, v000001cf473aeba0_3;
v000001cf473aeba0_4 .array/port v000001cf473aeba0, 4;
v000001cf473aeba0_5 .array/port v000001cf473aeba0, 5;
v000001cf473aeba0_6 .array/port v000001cf473aeba0, 6;
v000001cf473aeba0_7 .array/port v000001cf473aeba0, 7;
E_000001cf4734c370/13 .event anyedge, v000001cf473aeba0_4, v000001cf473aeba0_5, v000001cf473aeba0_6, v000001cf473aeba0_7;
v000001cf473aeba0_8 .array/port v000001cf473aeba0, 8;
v000001cf473aeba0_9 .array/port v000001cf473aeba0, 9;
v000001cf473aeba0_10 .array/port v000001cf473aeba0, 10;
v000001cf473aeba0_11 .array/port v000001cf473aeba0, 11;
E_000001cf4734c370/14 .event anyedge, v000001cf473aeba0_8, v000001cf473aeba0_9, v000001cf473aeba0_10, v000001cf473aeba0_11;
v000001cf473aeba0_12 .array/port v000001cf473aeba0, 12;
v000001cf473aeba0_13 .array/port v000001cf473aeba0, 13;
v000001cf473aeba0_14 .array/port v000001cf473aeba0, 14;
v000001cf473aeba0_15 .array/port v000001cf473aeba0, 15;
E_000001cf4734c370/15 .event anyedge, v000001cf473aeba0_12, v000001cf473aeba0_13, v000001cf473aeba0_14, v000001cf473aeba0_15;
v000001cf473aeba0_16 .array/port v000001cf473aeba0, 16;
v000001cf473aeba0_17 .array/port v000001cf473aeba0, 17;
v000001cf473aeba0_18 .array/port v000001cf473aeba0, 18;
v000001cf473aeba0_19 .array/port v000001cf473aeba0, 19;
E_000001cf4734c370/16 .event anyedge, v000001cf473aeba0_16, v000001cf473aeba0_17, v000001cf473aeba0_18, v000001cf473aeba0_19;
v000001cf473aeba0_20 .array/port v000001cf473aeba0, 20;
v000001cf473aeba0_21 .array/port v000001cf473aeba0, 21;
E_000001cf4734c370/17 .event anyedge, v000001cf473aeba0_20, v000001cf473aeba0_21;
E_000001cf4734c370 .event/or E_000001cf4734c370/0, E_000001cf4734c370/1, E_000001cf4734c370/2, E_000001cf4734c370/3, E_000001cf4734c370/4, E_000001cf4734c370/5, E_000001cf4734c370/6, E_000001cf4734c370/7, E_000001cf4734c370/8, E_000001cf4734c370/9, E_000001cf4734c370/10, E_000001cf4734c370/11, E_000001cf4734c370/12, E_000001cf4734c370/13, E_000001cf4734c370/14, E_000001cf4734c370/15, E_000001cf4734c370/16, E_000001cf4734c370/17;
v000001cf473ae9c0_0 .array/port v000001cf473ae9c0, 0;
v000001cf473ae9c0_1 .array/port v000001cf473ae9c0, 1;
v000001cf473ae9c0_2 .array/port v000001cf473ae9c0, 2;
v000001cf473ae9c0_3 .array/port v000001cf473ae9c0, 3;
E_000001cf4734c070/0 .event anyedge, v000001cf473ae9c0_0, v000001cf473ae9c0_1, v000001cf473ae9c0_2, v000001cf473ae9c0_3;
v000001cf473ae9c0_4 .array/port v000001cf473ae9c0, 4;
v000001cf473ae9c0_5 .array/port v000001cf473ae9c0, 5;
v000001cf473ae9c0_6 .array/port v000001cf473ae9c0, 6;
v000001cf473ae9c0_7 .array/port v000001cf473ae9c0, 7;
E_000001cf4734c070/1 .event anyedge, v000001cf473ae9c0_4, v000001cf473ae9c0_5, v000001cf473ae9c0_6, v000001cf473ae9c0_7;
v000001cf473ae9c0_8 .array/port v000001cf473ae9c0, 8;
v000001cf473ae9c0_9 .array/port v000001cf473ae9c0, 9;
v000001cf473ae9c0_10 .array/port v000001cf473ae9c0, 10;
v000001cf473ae9c0_11 .array/port v000001cf473ae9c0, 11;
E_000001cf4734c070/2 .event anyedge, v000001cf473ae9c0_8, v000001cf473ae9c0_9, v000001cf473ae9c0_10, v000001cf473ae9c0_11;
v000001cf473ae9c0_12 .array/port v000001cf473ae9c0, 12;
v000001cf473ae9c0_13 .array/port v000001cf473ae9c0, 13;
v000001cf473ae9c0_14 .array/port v000001cf473ae9c0, 14;
v000001cf473ae9c0_15 .array/port v000001cf473ae9c0, 15;
E_000001cf4734c070/3 .event anyedge, v000001cf473ae9c0_12, v000001cf473ae9c0_13, v000001cf473ae9c0_14, v000001cf473ae9c0_15;
v000001cf473ae9c0_16 .array/port v000001cf473ae9c0, 16;
v000001cf473ae9c0_17 .array/port v000001cf473ae9c0, 17;
v000001cf473ae9c0_18 .array/port v000001cf473ae9c0, 18;
v000001cf473ae9c0_19 .array/port v000001cf473ae9c0, 19;
E_000001cf4734c070/4 .event anyedge, v000001cf473ae9c0_16, v000001cf473ae9c0_17, v000001cf473ae9c0_18, v000001cf473ae9c0_19;
v000001cf473ae9c0_20 .array/port v000001cf473ae9c0, 20;
v000001cf473ae9c0_21 .array/port v000001cf473ae9c0, 21;
E_000001cf4734c070/5 .event anyedge, v000001cf473ae9c0_20, v000001cf473ae9c0_21, v000001cf47356120_0, v000001cf473561c0_0;
E_000001cf4734c070/6 .event anyedge, v000001cf473af280_0, v000001cf473aea60_0, v000001cf473ae4c0_0, v000001cf473ae920_0;
E_000001cf4734c070/7 .event anyedge, v000001cf473ae880_0, v000001cf473aeec0_0, v000001cf473ae560_0, v000001cf473aed80_0;
E_000001cf4734c070/8 .event anyedge, v000001cf47301c10_0, v000001cf47301cb0_0, v000001cf47301d50_0, v000001cf473ae010_0;
E_000001cf4734c070/9 .event anyedge, v000001cf473ae0b0_0, v000001cf473ae150_0, v000001cf473ae1f0_0, v000001cf473ae290_0;
E_000001cf4734c070/10 .event anyedge, v000001cf473ae330_0, v000001cf473ae740_0, v000001cf473aee20_0, v000001cf473aef60_0;
E_000001cf4734c070/11 .event anyedge, v000001cf4734f270_0, v000001cf4734f270_1, v000001cf4734f270_2, v000001cf4734f270_3;
v000001cf473af0a0_0 .array/port v000001cf473af0a0, 0;
v000001cf473af0a0_1 .array/port v000001cf473af0a0, 1;
v000001cf473af0a0_2 .array/port v000001cf473af0a0, 2;
v000001cf473af0a0_3 .array/port v000001cf473af0a0, 3;
E_000001cf4734c070/12 .event anyedge, v000001cf473af0a0_0, v000001cf473af0a0_1, v000001cf473af0a0_2, v000001cf473af0a0_3;
v000001cf473af0a0_4 .array/port v000001cf473af0a0, 4;
v000001cf473af0a0_5 .array/port v000001cf473af0a0, 5;
v000001cf473af0a0_6 .array/port v000001cf473af0a0, 6;
v000001cf473af0a0_7 .array/port v000001cf473af0a0, 7;
E_000001cf4734c070/13 .event anyedge, v000001cf473af0a0_4, v000001cf473af0a0_5, v000001cf473af0a0_6, v000001cf473af0a0_7;
v000001cf473af0a0_8 .array/port v000001cf473af0a0, 8;
v000001cf473af0a0_9 .array/port v000001cf473af0a0, 9;
v000001cf473af0a0_10 .array/port v000001cf473af0a0, 10;
v000001cf473af0a0_11 .array/port v000001cf473af0a0, 11;
E_000001cf4734c070/14 .event anyedge, v000001cf473af0a0_8, v000001cf473af0a0_9, v000001cf473af0a0_10, v000001cf473af0a0_11;
v000001cf473af0a0_12 .array/port v000001cf473af0a0, 12;
v000001cf473af0a0_13 .array/port v000001cf473af0a0, 13;
v000001cf473af0a0_14 .array/port v000001cf473af0a0, 14;
v000001cf473af0a0_15 .array/port v000001cf473af0a0, 15;
E_000001cf4734c070/15 .event anyedge, v000001cf473af0a0_12, v000001cf473af0a0_13, v000001cf473af0a0_14, v000001cf473af0a0_15;
v000001cf473af0a0_16 .array/port v000001cf473af0a0, 16;
v000001cf473af0a0_17 .array/port v000001cf473af0a0, 17;
v000001cf473af0a0_18 .array/port v000001cf473af0a0, 18;
v000001cf473af0a0_19 .array/port v000001cf473af0a0, 19;
E_000001cf4734c070/16 .event anyedge, v000001cf473af0a0_16, v000001cf473af0a0_17, v000001cf473af0a0_18, v000001cf473af0a0_19;
v000001cf473af0a0_20 .array/port v000001cf473af0a0, 20;
v000001cf473af0a0_21 .array/port v000001cf473af0a0, 21;
E_000001cf4734c070/17 .event anyedge, v000001cf473af0a0_20, v000001cf473af0a0_21;
E_000001cf4734c070 .event/or E_000001cf4734c070/0, E_000001cf4734c070/1, E_000001cf4734c070/2, E_000001cf4734c070/3, E_000001cf4734c070/4, E_000001cf4734c070/5, E_000001cf4734c070/6, E_000001cf4734c070/7, E_000001cf4734c070/8, E_000001cf4734c070/9, E_000001cf4734c070/10, E_000001cf4734c070/11, E_000001cf4734c070/12, E_000001cf4734c070/13, E_000001cf4734c070/14, E_000001cf4734c070/15, E_000001cf4734c070/16, E_000001cf4734c070/17;
v000001cf473ae7e0_0 .array/port v000001cf473ae7e0, 0;
v000001cf473ae7e0_1 .array/port v000001cf473ae7e0, 1;
v000001cf473ae7e0_2 .array/port v000001cf473ae7e0, 2;
v000001cf473ae7e0_3 .array/port v000001cf473ae7e0, 3;
E_000001cf4734bd70/0 .event anyedge, v000001cf473ae7e0_0, v000001cf473ae7e0_1, v000001cf473ae7e0_2, v000001cf473ae7e0_3;
v000001cf473ae7e0_4 .array/port v000001cf473ae7e0, 4;
v000001cf473ae7e0_5 .array/port v000001cf473ae7e0, 5;
v000001cf473ae7e0_6 .array/port v000001cf473ae7e0, 6;
v000001cf473ae7e0_7 .array/port v000001cf473ae7e0, 7;
E_000001cf4734bd70/1 .event anyedge, v000001cf473ae7e0_4, v000001cf473ae7e0_5, v000001cf473ae7e0_6, v000001cf473ae7e0_7;
v000001cf473ae7e0_8 .array/port v000001cf473ae7e0, 8;
v000001cf473ae7e0_9 .array/port v000001cf473ae7e0, 9;
v000001cf473ae7e0_10 .array/port v000001cf473ae7e0, 10;
v000001cf473ae7e0_11 .array/port v000001cf473ae7e0, 11;
E_000001cf4734bd70/2 .event anyedge, v000001cf473ae7e0_8, v000001cf473ae7e0_9, v000001cf473ae7e0_10, v000001cf473ae7e0_11;
v000001cf473ae7e0_12 .array/port v000001cf473ae7e0, 12;
v000001cf473ae7e0_13 .array/port v000001cf473ae7e0, 13;
v000001cf473ae7e0_14 .array/port v000001cf473ae7e0, 14;
v000001cf473ae7e0_15 .array/port v000001cf473ae7e0, 15;
E_000001cf4734bd70/3 .event anyedge, v000001cf473ae7e0_12, v000001cf473ae7e0_13, v000001cf473ae7e0_14, v000001cf473ae7e0_15;
v000001cf473ae7e0_16 .array/port v000001cf473ae7e0, 16;
v000001cf473ae7e0_17 .array/port v000001cf473ae7e0, 17;
v000001cf473ae7e0_18 .array/port v000001cf473ae7e0, 18;
v000001cf473ae7e0_19 .array/port v000001cf473ae7e0, 19;
E_000001cf4734bd70/4 .event anyedge, v000001cf473ae7e0_16, v000001cf473ae7e0_17, v000001cf473ae7e0_18, v000001cf473ae7e0_19;
v000001cf473ae7e0_20 .array/port v000001cf473ae7e0, 20;
v000001cf473ae7e0_21 .array/port v000001cf473ae7e0, 21;
E_000001cf4734bd70/5 .event anyedge, v000001cf473ae7e0_20, v000001cf473ae7e0_21, v000001cf47356120_0, v000001cf473561c0_0;
E_000001cf4734bd70/6 .event anyedge, v000001cf473af280_0, v000001cf473aea60_0, v000001cf473ae4c0_0, v000001cf473ae920_0;
E_000001cf4734bd70/7 .event anyedge, v000001cf473ae880_0, v000001cf473aeec0_0, v000001cf473ae560_0, v000001cf473aed80_0;
E_000001cf4734bd70/8 .event anyedge, v000001cf47301c10_0, v000001cf47301cb0_0, v000001cf47301d50_0, v000001cf473ae010_0;
E_000001cf4734bd70/9 .event anyedge, v000001cf473ae0b0_0, v000001cf473ae150_0, v000001cf473ae1f0_0, v000001cf473ae290_0;
E_000001cf4734bd70/10 .event anyedge, v000001cf473ae330_0, v000001cf473ae740_0, v000001cf473aee20_0, v000001cf473aef60_0;
E_000001cf4734bd70/11 .event anyedge, v000001cf4734f270_0, v000001cf4734f270_1, v000001cf4734f270_2, v000001cf4734f270_3;
v000001cf473ae600_0 .array/port v000001cf473ae600, 0;
v000001cf473ae600_1 .array/port v000001cf473ae600, 1;
v000001cf473ae600_2 .array/port v000001cf473ae600, 2;
v000001cf473ae600_3 .array/port v000001cf473ae600, 3;
E_000001cf4734bd70/12 .event anyedge, v000001cf473ae600_0, v000001cf473ae600_1, v000001cf473ae600_2, v000001cf473ae600_3;
v000001cf473ae600_4 .array/port v000001cf473ae600, 4;
v000001cf473ae600_5 .array/port v000001cf473ae600, 5;
v000001cf473ae600_6 .array/port v000001cf473ae600, 6;
v000001cf473ae600_7 .array/port v000001cf473ae600, 7;
E_000001cf4734bd70/13 .event anyedge, v000001cf473ae600_4, v000001cf473ae600_5, v000001cf473ae600_6, v000001cf473ae600_7;
v000001cf473ae600_8 .array/port v000001cf473ae600, 8;
v000001cf473ae600_9 .array/port v000001cf473ae600, 9;
v000001cf473ae600_10 .array/port v000001cf473ae600, 10;
v000001cf473ae600_11 .array/port v000001cf473ae600, 11;
E_000001cf4734bd70/14 .event anyedge, v000001cf473ae600_8, v000001cf473ae600_9, v000001cf473ae600_10, v000001cf473ae600_11;
v000001cf473ae600_12 .array/port v000001cf473ae600, 12;
v000001cf473ae600_13 .array/port v000001cf473ae600, 13;
v000001cf473ae600_14 .array/port v000001cf473ae600, 14;
v000001cf473ae600_15 .array/port v000001cf473ae600, 15;
E_000001cf4734bd70/15 .event anyedge, v000001cf473ae600_12, v000001cf473ae600_13, v000001cf473ae600_14, v000001cf473ae600_15;
v000001cf473ae600_16 .array/port v000001cf473ae600, 16;
v000001cf473ae600_17 .array/port v000001cf473ae600, 17;
v000001cf473ae600_18 .array/port v000001cf473ae600, 18;
v000001cf473ae600_19 .array/port v000001cf473ae600, 19;
E_000001cf4734bd70/16 .event anyedge, v000001cf473ae600_16, v000001cf473ae600_17, v000001cf473ae600_18, v000001cf473ae600_19;
v000001cf473ae600_20 .array/port v000001cf473ae600, 20;
v000001cf473ae600_21 .array/port v000001cf473ae600, 21;
E_000001cf4734bd70/17 .event anyedge, v000001cf473ae600_20, v000001cf473ae600_21;
E_000001cf4734bd70 .event/or E_000001cf4734bd70/0, E_000001cf4734bd70/1, E_000001cf4734bd70/2, E_000001cf4734bd70/3, E_000001cf4734bd70/4, E_000001cf4734bd70/5, E_000001cf4734bd70/6, E_000001cf4734bd70/7, E_000001cf4734bd70/8, E_000001cf4734bd70/9, E_000001cf4734bd70/10, E_000001cf4734bd70/11, E_000001cf4734bd70/12, E_000001cf4734bd70/13, E_000001cf4734bd70/14, E_000001cf4734bd70/15, E_000001cf4734bd70/16, E_000001cf4734bd70/17;
    .scope S_000001cf473046d0;
T_0 ;
    %vpi_call 2 20 "$readmemb", "weights1.txt", v000001cf473ae7e0 {0 0 0};
    %vpi_call 2 21 "$readmemb", "weights2.txt", v000001cf473ae9c0 {0 0 0};
    %vpi_call 2 22 "$readmemb", "weights3.txt", v000001cf473aec40 {0 0 0};
    %vpi_call 2 23 "$readmemb", "weights4.txt", v000001cf473aece0 {0 0 0};
    %vpi_call 2 24 "$readmemb", "baise.txt", v000001cf4734f270 {0 0 0};
    %end;
    .thread T_0;
    .scope S_000001cf473046d0;
T_1 ;
    %pushi/vec4 0, 0, 32;
    %store/vec4 v000001cf47305f90_0, 0, 32;
T_1.0 ;
    %load/vec4 v000001cf47305f90_0;
    %cmpi/s 32, 0, 32;
    %jmp/0xz T_1.1, 5;
    %pushi/vec4 0, 0, 32;
    %ix/getv/s 4, v000001cf47305f90_0;
    %store/vec4a v000001cf473ae600, 4, 0;
    %pushi/vec4 0, 0, 32;
    %ix/getv/s 4, v000001cf47305f90_0;
    %store/vec4a v000001cf473af0a0, 4, 0;
    %pushi/vec4 0, 0, 32;
    %ix/getv/s 4, v000001cf47305f90_0;
    %store/vec4a v000001cf473aeba0, 4, 0;
    %pushi/vec4 0, 0, 32;
    %ix/getv/s 4, v000001cf47305f90_0;
    %store/vec4a v000001cf473af000, 4, 0;
    %load/vec4 v000001cf47305f90_0;
    %addi 1, 0, 32;
    %store/vec4 v000001cf47305f90_0, 0, 32;
    %jmp T_1.0;
T_1.1 ;
    %end;
    .thread T_1;
    .scope S_000001cf473046d0;
T_2 ;
    %wait E_000001cf4734bd70;
    %ix/load 4, 0, 0;
    %flag_set/imm 4, 0;
    %load/vec4a v000001cf473ae7e0, 4;
    %pad/u 32;
    %load/vec4 v000001cf47356120_0;
    %pad/u 32;
    %mul;
    %ix/load 3, 0, 0;
    %flag_set/imm 4, 0;
    %ix/load 4, 0, 0; Constant delay
    %assign/vec4/a/d v000001cf473ae600, 0, 4;
    %ix/load 4, 1, 0;
    %flag_set/imm 4, 0;
    %load/vec4a v000001cf473ae7e0, 4;
    %pad/u 32;
    %load/vec4 v000001cf473561c0_0;
    %pad/u 32;
    %mul;
    %ix/load 3, 1, 0;
    %flag_set/imm 4, 0;
    %ix/load 4, 0, 0; Constant delay
    %assign/vec4/a/d v000001cf473ae600, 0, 4;
    %ix/load 4, 2, 0;
    %flag_set/imm 4, 0;
    %load/vec4a v000001cf473ae7e0, 4;
    %pad/u 32;
    %load/vec4 v000001cf473af280_0;
    %pad/u 32;
    %mul;
    %ix/load 3, 2, 0;
    %flag_set/imm 4, 0;
    %ix/load 4, 0, 0; Constant delay
    %assign/vec4/a/d v000001cf473ae600, 0, 4;
    %ix/load 4, 3, 0;
    %flag_set/imm 4, 0;
    %load/vec4a v000001cf473ae7e0, 4;
    %pad/u 32;
    %load/vec4 v000001cf473aea60_0;
    %pad/u 32;
    %mul;
    %ix/load 3, 3, 0;
    %flag_set/imm 4, 0;
    %ix/load 4, 0, 0; Constant delay
    %assign/vec4/a/d v000001cf473ae600, 0, 4;
    %ix/load 4, 4, 0;
    %flag_set/imm 4, 0;
    %load/vec4a v000001cf473ae7e0, 4;
    %pad/u 32;
    %load/vec4 v000001cf473ae4c0_0;
    %pad/u 32;
    %mul;
    %ix/load 3, 4, 0;
    %flag_set/imm 4, 0;
    %ix/load 4, 0, 0; Constant delay
    %assign/vec4/a/d v000001cf473ae600, 0, 4;
    %ix/load 4, 5, 0;
    %flag_set/imm 4, 0;
    %load/vec4a v000001cf473ae7e0, 4;
    %pad/u 32;
    %load/vec4 v000001cf473ae920_0;
    %pad/u 32;
    %mul;
    %ix/load 3, 5, 0;
    %flag_set/imm 4, 0;
    %ix/load 4, 0, 0; Constant delay
    %assign/vec4/a/d v000001cf473ae600, 0, 4;
    %ix/load 4, 6, 0;
    %flag_set/imm 4, 0;
    %load/vec4a v000001cf473ae7e0, 4;
    %pad/u 32;
    %load/vec4 v000001cf473ae880_0;
    %pad/u 32;
    %mul;
    %ix/load 3, 6, 0;
    %flag_set/imm 4, 0;
    %ix/load 4, 0, 0; Constant delay
    %assign/vec4/a/d v000001cf473ae600, 0, 4;
    %ix/load 4, 7, 0;
    %flag_set/imm 4, 0;
    %load/vec4a v000001cf473ae7e0, 4;
    %pad/u 32;
    %load/vec4 v000001cf473aeec0_0;
    %pad/u 32;
    %mul;
    %ix/load 3, 7, 0;
    %flag_set/imm 4, 0;
    %ix/load 4, 0, 0; Constant delay
    %assign/vec4/a/d v000001cf473ae600, 0, 4;
    %ix/load 4, 8, 0;
    %flag_set/imm 4, 0;
    %load/vec4a v000001cf473ae7e0, 4;
    %pad/u 32;
    %load/vec4 v000001cf473ae560_0;
    %pad/u 32;
    %mul;
    %ix/load 3, 8, 0;
    %flag_set/imm 4, 0;
    %ix/load 4, 0, 0; Constant delay
    %assign/vec4/a/d v000001cf473ae600, 0, 4;
    %ix/load 4, 9, 0;
    %flag_set/imm 4, 0;
    %load/vec4a v000001cf473ae7e0, 4;
    %pad/u 32;
    %load/vec4 v000001cf473aed80_0;
    %pad/u 32;
    %mul;
    %ix/load 3, 9, 0;
    %flag_set/imm 4, 0;
    %ix/load 4, 0, 0; Constant delay
    %assign/vec4/a/d v000001cf473ae600, 0, 4;
    %ix/load 4, 10, 0;
    %flag_set/imm 4, 0;
    %load/vec4a v000001cf473ae7e0, 4;
    %pad/u 32;
    %load/vec4 v000001cf47301c10_0;
    %pad/u 32;
    %mul;
    %ix/load 3, 10, 0;
    %flag_set/imm 4, 0;
    %ix/load 4, 0, 0; Constant delay
    %assign/vec4/a/d v000001cf473ae600, 0, 4;
    %ix/load 4, 11, 0;
    %flag_set/imm 4, 0;
    %load/vec4a v000001cf473ae7e0, 4;
    %pad/u 32;
    %load/vec4 v000001cf47301cb0_0;
    %pad/u 32;
    %mul;
    %ix/load 3, 11, 0;
    %flag_set/imm 4, 0;
    %ix/load 4, 0, 0; Constant delay
    %assign/vec4/a/d v000001cf473ae600, 0, 4;
    %ix/load 4, 12, 0;
    %flag_set/imm 4, 0;
    %load/vec4a v000001cf473ae7e0, 4;
    %pad/u 32;
    %load/vec4 v000001cf47301d50_0;
    %pad/u 32;
    %mul;
    %ix/load 3, 12, 0;
    %flag_set/imm 4, 0;
    %ix/load 4, 0, 0; Constant delay
    %assign/vec4/a/d v000001cf473ae600, 0, 4;
    %ix/load 4, 13, 0;
    %flag_set/imm 4, 0;
    %load/vec4a v000001cf473ae7e0, 4;
    %pad/u 32;
    %load/vec4 v000001cf473ae010_0;
    %pad/u 32;
    %mul;
    %ix/load 3, 13, 0;
    %flag_set/imm 4, 0;
    %ix/load 4, 0, 0; Constant delay
    %assign/vec4/a/d v000001cf473ae600, 0, 4;
    %ix/load 4, 14, 0;
    %flag_set/imm 4, 0;
    %load/vec4a v000001cf473ae7e0, 4;
    %pad/u 32;
    %load/vec4 v000001cf473ae0b0_0;
    %pad/u 32;
    %mul;
    %ix/load 3, 14, 0;
    %flag_set/imm 4, 0;
    %ix/load 4, 0, 0; Constant delay
    %assign/vec4/a/d v000001cf473ae600, 0, 4;
    %ix/load 4, 15, 0;
    %flag_set/imm 4, 0;
    %load/vec4a v000001cf473ae7e0, 4;
    %pad/u 32;
    %load/vec4 v000001cf473ae150_0;
    %pad/u 32;
    %mul;
    %ix/load 3, 15, 0;
    %flag_set/imm 4, 0;
    %ix/load 4, 0, 0; Constant delay
    %assign/vec4/a/d v000001cf473ae600, 0, 4;
    %ix/load 4, 16, 0;
    %flag_set/imm 4, 0;
    %load/vec4a v000001cf473ae7e0, 4;
    %pad/u 32;
    %load/vec4 v000001cf473ae1f0_0;
    %pad/u 32;
    %mul;
    %ix/load 3, 16, 0;
    %flag_set/imm 4, 0;
    %ix/load 4, 0, 0; Constant delay
    %assign/vec4/a/d v000001cf473ae600, 0, 4;
    %ix/load 4, 17, 0;
    %flag_set/imm 4, 0;
    %load/vec4a v000001cf473ae7e0, 4;
    %pad/u 32;
    %load/vec4 v000001cf473ae290_0;
    %pad/u 32;
    %mul;
    %ix/load 3, 17, 0;
    %flag_set/imm 4, 0;
    %ix/load 4, 0, 0; Constant delay
    %assign/vec4/a/d v000001cf473ae600, 0, 4;
    %ix/load 4, 18, 0;
    %flag_set/imm 4, 0;
    %load/vec4a v000001cf473ae7e0, 4;
    %pad/u 32;
    %load/vec4 v000001cf473ae330_0;
    %pad/u 32;
    %mul;
    %ix/load 3, 18, 0;
    %flag_set/imm 4, 0;
    %ix/load 4, 0, 0; Constant delay
    %assign/vec4/a/d v000001cf473ae600, 0, 4;
    %ix/load 4, 19, 0;
    %flag_set/imm 4, 0;
    %load/vec4a v000001cf473ae7e0, 4;
    %pad/u 32;
    %load/vec4 v000001cf473ae740_0;
    %pad/u 32;
    %mul;
    %ix/load 3, 19, 0;
    %flag_set/imm 4, 0;
    %ix/load 4, 0, 0; Constant delay
    %assign/vec4/a/d v000001cf473ae600, 0, 4;
    %ix/load 4, 20, 0;
    %flag_set/imm 4, 0;
    %load/vec4a v000001cf473ae7e0, 4;
    %pad/u 32;
    %load/vec4 v000001cf473aee20_0;
    %pad/u 32;
    %mul;
    %ix/load 3, 20, 0;
    %flag_set/imm 4, 0;
    %ix/load 4, 0, 0; Constant delay
    %assign/vec4/a/d v000001cf473ae600, 0, 4;
    %ix/load 4, 21, 0;
    %flag_set/imm 4, 0;
    %load/vec4a v000001cf473ae7e0, 4;
    %pad/u 32;
    %load/vec4 v000001cf473aef60_0;
    %pad/u 32;
    %mul;
    %ix/load 3, 21, 0;
    %flag_set/imm 4, 0;
    %ix/load 4, 0, 0; Constant delay
    %assign/vec4/a/d v000001cf473ae600, 0, 4;
    %ix/load 4, 0, 0;
    %flag_set/imm 4, 0;
    %load/vec4a v000001cf4734f270, 4;
    %ix/load 4, 0, 0;
    %flag_set/imm 4, 0;
    %load/vec4a v000001cf473ae600, 4;
    %add;
    %ix/load 4, 1, 0;
    %flag_set/imm 4, 0;
    %load/vec4a v000001cf473ae600, 4;
    %add;
    %ix/load 4, 2, 0;
    %flag_set/imm 4, 0;
    %load/vec4a v000001cf473ae600, 4;
    %add;
    %ix/load 4, 3, 0;
    %flag_set/imm 4, 0;
    %load/vec4a v000001cf473ae600, 4;
    %add;
    %ix/load 4, 4, 0;
    %flag_set/imm 4, 0;
    %load/vec4a v000001cf473ae600, 4;
    %add;
    %ix/load 4, 5, 0;
    %flag_set/imm 4, 0;
    %load/vec4a v000001cf473ae600, 4;
    %add;
    %ix/load 4, 6, 0;
    %flag_set/imm 4, 0;
    %load/vec4a v000001cf473ae600, 4;
    %add;
    %ix/load 4, 7, 0;
    %flag_set/imm 4, 0;
    %load/vec4a v000001cf473ae600, 4;
    %add;
    %ix/load 4, 8, 0;
    %flag_set/imm 4, 0;
    %load/vec4a v000001cf473ae600, 4;
    %add;
    %ix/load 4, 9, 0;
    %flag_set/imm 4, 0;
    %load/vec4a v000001cf473ae600, 4;
    %add;
    %ix/load 4, 10, 0;
    %flag_set/imm 4, 0;
    %load/vec4a v000001cf473ae600, 4;
    %add;
    %ix/load 4, 11, 0;
    %flag_set/imm 4, 0;
    %load/vec4a v000001cf473ae600, 4;
    %add;
    %ix/load 4, 12, 0;
    %flag_set/imm 4, 0;
    %load/vec4a v000001cf473ae600, 4;
    %add;
    %ix/load 4, 13, 0;
    %flag_set/imm 4, 0;
    %load/vec4a v000001cf473ae600, 4;
    %add;
    %ix/load 4, 14, 0;
    %flag_set/imm 4, 0;
    %load/vec4a v000001cf473ae600, 4;
    %add;
    %ix/load 4, 15, 0;
    %flag_set/imm 4, 0;
    %load/vec4a v000001cf473ae600, 4;
    %add;
    %ix/load 4, 16, 0;
    %flag_set/imm 4, 0;
    %load/vec4a v000001cf473ae600, 4;
    %add;
    %ix/load 4, 17, 0;
    %flag_set/imm 4, 0;
    %load/vec4a v000001cf473ae600, 4;
    %add;
    %ix/load 4, 18, 0;
    %flag_set/imm 4, 0;
    %load/vec4a v000001cf473ae600, 4;
    %add;
    %ix/load 4, 19, 0;
    %flag_set/imm 4, 0;
    %load/vec4a v000001cf473ae600, 4;
    %add;
    %ix/load 4, 20, 0;
    %flag_set/imm 4, 0;
    %load/vec4a v000001cf473ae600, 4;
    %add;
    %ix/load 4, 21, 0;
    %flag_set/imm 4, 0;
    %load/vec4a v000001cf473ae600, 4;
    %add;
    %store/vec4 v000001cf473ae6a0_0, 0, 32;
    %jmp T_2;
    .thread T_2, $push;
    .scope S_000001cf473046d0;
T_3 ;
    %wait E_000001cf4734c070;
    %ix/load 4, 0, 0;
    %flag_set/imm 4, 0;
    %load/vec4a v000001cf473ae9c0, 4;
    %pad/u 32;
    %load/vec4 v000001cf47356120_0;
    %pad/u 32;
    %mul;
    %ix/load 3, 0, 0;
    %flag_set/imm 4, 0;
    %ix/load 4, 0, 0; Constant delay
    %assign/vec4/a/d v000001cf473af0a0, 0, 4;
    %ix/load 4, 1, 0;
    %flag_set/imm 4, 0;
    %load/vec4a v000001cf473ae9c0, 4;
    %pad/u 32;
    %load/vec4 v000001cf473561c0_0;
    %pad/u 32;
    %mul;
    %ix/load 3, 1, 0;
    %flag_set/imm 4, 0;
    %ix/load 4, 0, 0; Constant delay
    %assign/vec4/a/d v000001cf473af0a0, 0, 4;
    %ix/load 4, 2, 0;
    %flag_set/imm 4, 0;
    %load/vec4a v000001cf473ae9c0, 4;
    %pad/u 32;
    %load/vec4 v000001cf473af280_0;
    %pad/u 32;
    %mul;
    %ix/load 3, 2, 0;
    %flag_set/imm 4, 0;
    %ix/load 4, 0, 0; Constant delay
    %assign/vec4/a/d v000001cf473af0a0, 0, 4;
    %ix/load 4, 3, 0;
    %flag_set/imm 4, 0;
    %load/vec4a v000001cf473ae9c0, 4;
    %pad/u 32;
    %load/vec4 v000001cf473aea60_0;
    %pad/u 32;
    %mul;
    %ix/load 3, 3, 0;
    %flag_set/imm 4, 0;
    %ix/load 4, 0, 0; Constant delay
    %assign/vec4/a/d v000001cf473af0a0, 0, 4;
    %ix/load 4, 4, 0;
    %flag_set/imm 4, 0;
    %load/vec4a v000001cf473ae9c0, 4;
    %pad/u 32;
    %load/vec4 v000001cf473ae4c0_0;
    %pad/u 32;
    %mul;
    %ix/load 3, 4, 0;
    %flag_set/imm 4, 0;
    %ix/load 4, 0, 0; Constant delay
    %assign/vec4/a/d v000001cf473af0a0, 0, 4;
    %ix/load 4, 5, 0;
    %flag_set/imm 4, 0;
    %load/vec4a v000001cf473ae9c0, 4;
    %pad/u 32;
    %load/vec4 v000001cf473ae920_0;
    %pad/u 32;
    %mul;
    %ix/load 3, 5, 0;
    %flag_set/imm 4, 0;
    %ix/load 4, 0, 0; Constant delay
    %assign/vec4/a/d v000001cf473af0a0, 0, 4;
    %ix/load 4, 6, 0;
    %flag_set/imm 4, 0;
    %load/vec4a v000001cf473ae9c0, 4;
    %pad/u 32;
    %load/vec4 v000001cf473ae880_0;
    %pad/u 32;
    %mul;
    %ix/load 3, 6, 0;
    %flag_set/imm 4, 0;
    %ix/load 4, 0, 0; Constant delay
    %assign/vec4/a/d v000001cf473af0a0, 0, 4;
    %ix/load 4, 7, 0;
    %flag_set/imm 4, 0;
    %load/vec4a v000001cf473ae9c0, 4;
    %pad/u 32;
    %load/vec4 v000001cf473aeec0_0;
    %pad/u 32;
    %mul;
    %ix/load 3, 7, 0;
    %flag_set/imm 4, 0;
    %ix/load 4, 0, 0; Constant delay
    %assign/vec4/a/d v000001cf473af0a0, 0, 4;
    %ix/load 4, 8, 0;
    %flag_set/imm 4, 0;
    %load/vec4a v000001cf473ae9c0, 4;
    %pad/u 32;
    %load/vec4 v000001cf473ae560_0;
    %pad/u 32;
    %mul;
    %ix/load 3, 8, 0;
    %flag_set/imm 4, 0;
    %ix/load 4, 0, 0; Constant delay
    %assign/vec4/a/d v000001cf473af0a0, 0, 4;
    %ix/load 4, 9, 0;
    %flag_set/imm 4, 0;
    %load/vec4a v000001cf473ae9c0, 4;
    %pad/u 32;
    %load/vec4 v000001cf473aed80_0;
    %pad/u 32;
    %mul;
    %ix/load 3, 9, 0;
    %flag_set/imm 4, 0;
    %ix/load 4, 0, 0; Constant delay
    %assign/vec4/a/d v000001cf473af0a0, 0, 4;
    %ix/load 4, 10, 0;
    %flag_set/imm 4, 0;
    %load/vec4a v000001cf473ae9c0, 4;
    %pad/u 32;
    %load/vec4 v000001cf47301c10_0;
    %pad/u 32;
    %mul;
    %ix/load 3, 10, 0;
    %flag_set/imm 4, 0;
    %ix/load 4, 0, 0; Constant delay
    %assign/vec4/a/d v000001cf473af0a0, 0, 4;
    %ix/load 4, 11, 0;
    %flag_set/imm 4, 0;
    %load/vec4a v000001cf473ae9c0, 4;
    %pad/u 32;
    %load/vec4 v000001cf47301cb0_0;
    %pad/u 32;
    %mul;
    %ix/load 3, 11, 0;
    %flag_set/imm 4, 0;
    %ix/load 4, 0, 0; Constant delay
    %assign/vec4/a/d v000001cf473af0a0, 0, 4;
    %ix/load 4, 12, 0;
    %flag_set/imm 4, 0;
    %load/vec4a v000001cf473ae9c0, 4;
    %pad/u 32;
    %load/vec4 v000001cf47301d50_0;
    %pad/u 32;
    %mul;
    %ix/load 3, 12, 0;
    %flag_set/imm 4, 0;
    %ix/load 4, 0, 0; Constant delay
    %assign/vec4/a/d v000001cf473af0a0, 0, 4;
    %ix/load 4, 13, 0;
    %flag_set/imm 4, 0;
    %load/vec4a v000001cf473ae9c0, 4;
    %pad/u 32;
    %load/vec4 v000001cf473ae010_0;
    %pad/u 32;
    %mul;
    %ix/load 3, 13, 0;
    %flag_set/imm 4, 0;
    %ix/load 4, 0, 0; Constant delay
    %assign/vec4/a/d v000001cf473af0a0, 0, 4;
    %ix/load 4, 14, 0;
    %flag_set/imm 4, 0;
    %load/vec4a v000001cf473ae9c0, 4;
    %pad/u 32;
    %load/vec4 v000001cf473ae0b0_0;
    %pad/u 32;
    %mul;
    %ix/load 3, 14, 0;
    %flag_set/imm 4, 0;
    %ix/load 4, 0, 0; Constant delay
    %assign/vec4/a/d v000001cf473af0a0, 0, 4;
    %ix/load 4, 15, 0;
    %flag_set/imm 4, 0;
    %load/vec4a v000001cf473ae9c0, 4;
    %pad/u 32;
    %load/vec4 v000001cf473ae150_0;
    %pad/u 32;
    %mul;
    %ix/load 3, 15, 0;
    %flag_set/imm 4, 0;
    %ix/load 4, 0, 0; Constant delay
    %assign/vec4/a/d v000001cf473af0a0, 0, 4;
    %ix/load 4, 16, 0;
    %flag_set/imm 4, 0;
    %load/vec4a v000001cf473ae9c0, 4;
    %pad/u 32;
    %load/vec4 v000001cf473ae1f0_0;
    %pad/u 32;
    %mul;
    %ix/load 3, 16, 0;
    %flag_set/imm 4, 0;
    %ix/load 4, 0, 0; Constant delay
    %assign/vec4/a/d v000001cf473af0a0, 0, 4;
    %ix/load 4, 17, 0;
    %flag_set/imm 4, 0;
    %load/vec4a v000001cf473ae9c0, 4;
    %pad/u 32;
    %load/vec4 v000001cf473ae290_0;
    %pad/u 32;
    %mul;
    %ix/load 3, 17, 0;
    %flag_set/imm 4, 0;
    %ix/load 4, 0, 0; Constant delay
    %assign/vec4/a/d v000001cf473af0a0, 0, 4;
    %ix/load 4, 18, 0;
    %flag_set/imm 4, 0;
    %load/vec4a v000001cf473ae9c0, 4;
    %pad/u 32;
    %load/vec4 v000001cf473ae330_0;
    %pad/u 32;
    %mul;
    %ix/load 3, 18, 0;
    %flag_set/imm 4, 0;
    %ix/load 4, 0, 0; Constant delay
    %assign/vec4/a/d v000001cf473af0a0, 0, 4;
    %ix/load 4, 19, 0;
    %flag_set/imm 4, 0;
    %load/vec4a v000001cf473ae9c0, 4;
    %pad/u 32;
    %load/vec4 v000001cf473ae740_0;
    %pad/u 32;
    %mul;
    %ix/load 3, 19, 0;
    %flag_set/imm 4, 0;
    %ix/load 4, 0, 0; Constant delay
    %assign/vec4/a/d v000001cf473af0a0, 0, 4;
    %ix/load 4, 20, 0;
    %flag_set/imm 4, 0;
    %load/vec4a v000001cf473ae9c0, 4;
    %pad/u 32;
    %load/vec4 v000001cf473aee20_0;
    %pad/u 32;
    %mul;
    %ix/load 3, 20, 0;
    %flag_set/imm 4, 0;
    %ix/load 4, 0, 0; Constant delay
    %assign/vec4/a/d v000001cf473af0a0, 0, 4;
    %ix/load 4, 21, 0;
    %flag_set/imm 4, 0;
    %load/vec4a v000001cf473ae9c0, 4;
    %pad/u 32;
    %load/vec4 v000001cf473aef60_0;
    %pad/u 32;
    %mul;
    %ix/load 3, 21, 0;
    %flag_set/imm 4, 0;
    %ix/load 4, 0, 0; Constant delay
    %assign/vec4/a/d v000001cf473af0a0, 0, 4;
    %ix/load 4, 1, 0;
    %flag_set/imm 4, 0;
    %load/vec4a v000001cf4734f270, 4;
    %ix/load 4, 0, 0;
    %flag_set/imm 4, 0;
    %load/vec4a v000001cf473af0a0, 4;
    %add;
    %ix/load 4, 1, 0;
    %flag_set/imm 4, 0;
    %load/vec4a v000001cf473af0a0, 4;
    %add;
    %ix/load 4, 2, 0;
    %flag_set/imm 4, 0;
    %load/vec4a v000001cf473af0a0, 4;
    %add;
    %ix/load 4, 3, 0;
    %flag_set/imm 4, 0;
    %load/vec4a v000001cf473af0a0, 4;
    %add;
    %ix/load 4, 4, 0;
    %flag_set/imm 4, 0;
    %load/vec4a v000001cf473af0a0, 4;
    %add;
    %ix/load 4, 5, 0;
    %flag_set/imm 4, 0;
    %load/vec4a v000001cf473af0a0, 4;
    %add;
    %ix/load 4, 6, 0;
    %flag_set/imm 4, 0;
    %load/vec4a v000001cf473af0a0, 4;
    %add;
    %ix/load 4, 7, 0;
    %flag_set/imm 4, 0;
    %load/vec4a v000001cf473af0a0, 4;
    %add;
    %ix/load 4, 8, 0;
    %flag_set/imm 4, 0;
    %load/vec4a v000001cf473af0a0, 4;
    %add;
    %ix/load 4, 9, 0;
    %flag_set/imm 4, 0;
    %load/vec4a v000001cf473af0a0, 4;
    %add;
    %ix/load 4, 10, 0;
    %flag_set/imm 4, 0;
    %load/vec4a v000001cf473af0a0, 4;
    %add;
    %ix/load 4, 11, 0;
    %flag_set/imm 4, 0;
    %load/vec4a v000001cf473af0a0, 4;
    %add;
    %ix/load 4, 12, 0;
    %flag_set/imm 4, 0;
    %load/vec4a v000001cf473af0a0, 4;
    %add;
    %ix/load 4, 13, 0;
    %flag_set/imm 4, 0;
    %load/vec4a v000001cf473af0a0, 4;
    %add;
    %ix/load 4, 14, 0;
    %flag_set/imm 4, 0;
    %load/vec4a v000001cf473af0a0, 4;
    %add;
    %ix/load 4, 15, 0;
    %flag_set/imm 4, 0;
    %load/vec4a v000001cf473af0a0, 4;
    %add;
    %ix/load 4, 16, 0;
    %flag_set/imm 4, 0;
    %load/vec4a v000001cf473af0a0, 4;
    %add;
    %ix/load 4, 17, 0;
    %flag_set/imm 4, 0;
    %load/vec4a v000001cf473af0a0, 4;
    %add;
    %ix/load 4, 18, 0;
    %flag_set/imm 4, 0;
    %load/vec4a v000001cf473af0a0, 4;
    %add;
    %ix/load 4, 19, 0;
    %flag_set/imm 4, 0;
    %load/vec4a v000001cf473af0a0, 4;
    %add;
    %ix/load 4, 20, 0;
    %flag_set/imm 4, 0;
    %load/vec4a v000001cf473af0a0, 4;
    %add;
    %ix/load 4, 21, 0;
    %flag_set/imm 4, 0;
    %load/vec4a v000001cf473af0a0, 4;
    %add;
    %store/vec4 v000001cf473ae420_0, 0, 32;
    %jmp T_3;
    .thread T_3, $push;
    .scope S_000001cf473046d0;
T_4 ;
    %wait E_000001cf4734c370;
    %ix/load 4, 0, 0;
    %flag_set/imm 4, 0;
    %load/vec4a v000001cf473aec40, 4;
    %pad/u 32;
    %load/vec4 v000001cf47356120_0;
    %pad/u 32;
    %mul;
    %ix/load 3, 0, 0;
    %flag_set/imm 4, 0;
    %ix/load 4, 0, 0; Constant delay
    %assign/vec4/a/d v000001cf473aeba0, 0, 4;
    %ix/load 4, 1, 0;
    %flag_set/imm 4, 0;
    %load/vec4a v000001cf473aec40, 4;
    %pad/u 32;
    %load/vec4 v000001cf473561c0_0;
    %pad/u 32;
    %mul;
    %ix/load 3, 1, 0;
    %flag_set/imm 4, 0;
    %ix/load 4, 0, 0; Constant delay
    %assign/vec4/a/d v000001cf473aeba0, 0, 4;
    %ix/load 4, 2, 0;
    %flag_set/imm 4, 0;
    %load/vec4a v000001cf473aec40, 4;
    %pad/u 32;
    %load/vec4 v000001cf473af280_0;
    %pad/u 32;
    %mul;
    %ix/load 3, 2, 0;
    %flag_set/imm 4, 0;
    %ix/load 4, 0, 0; Constant delay
    %assign/vec4/a/d v000001cf473aeba0, 0, 4;
    %ix/load 4, 3, 0;
    %flag_set/imm 4, 0;
    %load/vec4a v000001cf473aec40, 4;
    %pad/u 32;
    %load/vec4 v000001cf473aea60_0;
    %pad/u 32;
    %mul;
    %ix/load 3, 3, 0;
    %flag_set/imm 4, 0;
    %ix/load 4, 0, 0; Constant delay
    %assign/vec4/a/d v000001cf473aeba0, 0, 4;
    %ix/load 4, 4, 0;
    %flag_set/imm 4, 0;
    %load/vec4a v000001cf473aec40, 4;
    %pad/u 32;
    %load/vec4 v000001cf473ae4c0_0;
    %pad/u 32;
    %mul;
    %ix/load 3, 4, 0;
    %flag_set/imm 4, 0;
    %ix/load 4, 0, 0; Constant delay
    %assign/vec4/a/d v000001cf473aeba0, 0, 4;
    %ix/load 4, 5, 0;
    %flag_set/imm 4, 0;
    %load/vec4a v000001cf473aec40, 4;
    %pad/u 32;
    %load/vec4 v000001cf473ae920_0;
    %pad/u 32;
    %mul;
    %ix/load 3, 5, 0;
    %flag_set/imm 4, 0;
    %ix/load 4, 0, 0; Constant delay
    %assign/vec4/a/d v000001cf473aeba0, 0, 4;
    %ix/load 4, 6, 0;
    %flag_set/imm 4, 0;
    %load/vec4a v000001cf473aec40, 4;
    %pad/u 32;
    %load/vec4 v000001cf473ae880_0;
    %pad/u 32;
    %mul;
    %ix/load 3, 6, 0;
    %flag_set/imm 4, 0;
    %ix/load 4, 0, 0; Constant delay
    %assign/vec4/a/d v000001cf473aeba0, 0, 4;
    %ix/load 4, 7, 0;
    %flag_set/imm 4, 0;
    %load/vec4a v000001cf473aec40, 4;
    %pad/u 32;
    %load/vec4 v000001cf473aeec0_0;
    %pad/u 32;
    %mul;
    %ix/load 3, 7, 0;
    %flag_set/imm 4, 0;
    %ix/load 4, 0, 0; Constant delay
    %assign/vec4/a/d v000001cf473aeba0, 0, 4;
    %ix/load 4, 8, 0;
    %flag_set/imm 4, 0;
    %load/vec4a v000001cf473aec40, 4;
    %pad/u 32;
    %load/vec4 v000001cf473ae560_0;
    %pad/u 32;
    %mul;
    %ix/load 3, 8, 0;
    %flag_set/imm 4, 0;
    %ix/load 4, 0, 0; Constant delay
    %assign/vec4/a/d v000001cf473aeba0, 0, 4;
    %ix/load 4, 9, 0;
    %flag_set/imm 4, 0;
    %load/vec4a v000001cf473aec40, 4;
    %pad/u 32;
    %load/vec4 v000001cf473aed80_0;
    %pad/u 32;
    %mul;
    %ix/load 3, 9, 0;
    %flag_set/imm 4, 0;
    %ix/load 4, 0, 0; Constant delay
    %assign/vec4/a/d v000001cf473aeba0, 0, 4;
    %ix/load 4, 10, 0;
    %flag_set/imm 4, 0;
    %load/vec4a v000001cf473aec40, 4;
    %pad/u 32;
    %load/vec4 v000001cf47301c10_0;
    %pad/u 32;
    %mul;
    %ix/load 3, 10, 0;
    %flag_set/imm 4, 0;
    %ix/load 4, 0, 0; Constant delay
    %assign/vec4/a/d v000001cf473aeba0, 0, 4;
    %ix/load 4, 11, 0;
    %flag_set/imm 4, 0;
    %load/vec4a v000001cf473aec40, 4;
    %pad/u 32;
    %load/vec4 v000001cf47301cb0_0;
    %pad/u 32;
    %mul;
    %ix/load 3, 11, 0;
    %flag_set/imm 4, 0;
    %ix/load 4, 0, 0; Constant delay
    %assign/vec4/a/d v000001cf473aeba0, 0, 4;
    %ix/load 4, 12, 0;
    %flag_set/imm 4, 0;
    %load/vec4a v000001cf473aec40, 4;
    %pad/u 32;
    %load/vec4 v000001cf47301d50_0;
    %pad/u 32;
    %mul;
    %ix/load 3, 12, 0;
    %flag_set/imm 4, 0;
    %ix/load 4, 0, 0; Constant delay
    %assign/vec4/a/d v000001cf473aeba0, 0, 4;
    %ix/load 4, 13, 0;
    %flag_set/imm 4, 0;
    %load/vec4a v000001cf473aec40, 4;
    %pad/u 32;
    %load/vec4 v000001cf473ae010_0;
    %pad/u 32;
    %mul;
    %ix/load 3, 13, 0;
    %flag_set/imm 4, 0;
    %ix/load 4, 0, 0; Constant delay
    %assign/vec4/a/d v000001cf473aeba0, 0, 4;
    %ix/load 4, 14, 0;
    %flag_set/imm 4, 0;
    %load/vec4a v000001cf473aec40, 4;
    %pad/u 32;
    %load/vec4 v000001cf473ae0b0_0;
    %pad/u 32;
    %mul;
    %ix/load 3, 14, 0;
    %flag_set/imm 4, 0;
    %ix/load 4, 0, 0; Constant delay
    %assign/vec4/a/d v000001cf473aeba0, 0, 4;
    %ix/load 4, 15, 0;
    %flag_set/imm 4, 0;
    %load/vec4a v000001cf473aec40, 4;
    %pad/u 32;
    %load/vec4 v000001cf473ae150_0;
    %pad/u 32;
    %mul;
    %ix/load 3, 15, 0;
    %flag_set/imm 4, 0;
    %ix/load 4, 0, 0; Constant delay
    %assign/vec4/a/d v000001cf473aeba0, 0, 4;
    %ix/load 4, 16, 0;
    %flag_set/imm 4, 0;
    %load/vec4a v000001cf473aec40, 4;
    %pad/u 32;
    %load/vec4 v000001cf473ae1f0_0;
    %pad/u 32;
    %mul;
    %ix/load 3, 16, 0;
    %flag_set/imm 4, 0;
    %ix/load 4, 0, 0; Constant delay
    %assign/vec4/a/d v000001cf473aeba0, 0, 4;
    %ix/load 4, 17, 0;
    %flag_set/imm 4, 0;
    %load/vec4a v000001cf473aec40, 4;
    %pad/u 32;
    %load/vec4 v000001cf473ae290_0;
    %pad/u 32;
    %mul;
    %ix/load 3, 17, 0;
    %flag_set/imm 4, 0;
    %ix/load 4, 0, 0; Constant delay
    %assign/vec4/a/d v000001cf473aeba0, 0, 4;
    %ix/load 4, 18, 0;
    %flag_set/imm 4, 0;
    %load/vec4a v000001cf473aec40, 4;
    %pad/u 32;
    %load/vec4 v000001cf473ae330_0;
    %pad/u 32;
    %mul;
    %ix/load 3, 18, 0;
    %flag_set/imm 4, 0;
    %ix/load 4, 0, 0; Constant delay
    %assign/vec4/a/d v000001cf473aeba0, 0, 4;
    %ix/load 4, 19, 0;
    %flag_set/imm 4, 0;
    %load/vec4a v000001cf473aec40, 4;
    %pad/u 32;
    %load/vec4 v000001cf473ae740_0;
    %pad/u 32;
    %mul;
    %ix/load 3, 19, 0;
    %flag_set/imm 4, 0;
    %ix/load 4, 0, 0; Constant delay
    %assign/vec4/a/d v000001cf473aeba0, 0, 4;
    %ix/load 4, 20, 0;
    %flag_set/imm 4, 0;
    %load/vec4a v000001cf473aec40, 4;
    %pad/u 32;
    %load/vec4 v000001cf473aee20_0;
    %pad/u 32;
    %mul;
    %ix/load 3, 20, 0;
    %flag_set/imm 4, 0;
    %ix/load 4, 0, 0; Constant delay
    %assign/vec4/a/d v000001cf473aeba0, 0, 4;
    %ix/load 4, 21, 0;
    %flag_set/imm 4, 0;
    %load/vec4a v000001cf473aec40, 4;
    %pad/u 32;
    %load/vec4 v000001cf473aef60_0;
    %pad/u 32;
    %mul;
    %ix/load 3, 21, 0;
    %flag_set/imm 4, 0;
    %ix/load 4, 0, 0; Constant delay
    %assign/vec4/a/d v000001cf473aeba0, 0, 4;
    %ix/load 4, 2, 0;
    %flag_set/imm 4, 0;
    %load/vec4a v000001cf4734f270, 4;
    %ix/load 4, 0, 0;
    %flag_set/imm 4, 0;
    %load/vec4a v000001cf473aeba0, 4;
    %add;
    %ix/load 4, 1, 0;
    %flag_set/imm 4, 0;
    %load/vec4a v000001cf473aeba0, 4;
    %add;
    %ix/load 4, 2, 0;
    %flag_set/imm 4, 0;
    %load/vec4a v000001cf473aeba0, 4;
    %add;
    %ix/load 4, 3, 0;
    %flag_set/imm 4, 0;
    %load/vec4a v000001cf473aeba0, 4;
    %add;
    %ix/load 4, 4, 0;
    %flag_set/imm 4, 0;
    %load/vec4a v000001cf473aeba0, 4;
    %add;
    %ix/load 4, 5, 0;
    %flag_set/imm 4, 0;
    %load/vec4a v000001cf473aeba0, 4;
    %add;
    %ix/load 4, 6, 0;
    %flag_set/imm 4, 0;
    %load/vec4a v000001cf473aeba0, 4;
    %add;
    %ix/load 4, 7, 0;
    %flag_set/imm 4, 0;
    %load/vec4a v000001cf473aeba0, 4;
    %add;
    %ix/load 4, 8, 0;
    %flag_set/imm 4, 0;
    %load/vec4a v000001cf473aeba0, 4;
    %add;
    %ix/load 4, 9, 0;
    %flag_set/imm 4, 0;
    %load/vec4a v000001cf473aeba0, 4;
    %add;
    %ix/load 4, 10, 0;
    %flag_set/imm 4, 0;
    %load/vec4a v000001cf473aeba0, 4;
    %add;
    %ix/load 4, 11, 0;
    %flag_set/imm 4, 0;
    %load/vec4a v000001cf473aeba0, 4;
    %add;
    %ix/load 4, 12, 0;
    %flag_set/imm 4, 0;
    %load/vec4a v000001cf473aeba0, 4;
    %add;
    %ix/load 4, 13, 0;
    %flag_set/imm 4, 0;
    %load/vec4a v000001cf473aeba0, 4;
    %add;
    %ix/load 4, 14, 0;
    %flag_set/imm 4, 0;
    %load/vec4a v000001cf473aeba0, 4;
    %add;
    %ix/load 4, 15, 0;
    %flag_set/imm 4, 0;
    %load/vec4a v000001cf473aeba0, 4;
    %add;
    %ix/load 4, 16, 0;
    %flag_set/imm 4, 0;
    %load/vec4a v000001cf473aeba0, 4;
    %add;
    %ix/load 4, 17, 0;
    %flag_set/imm 4, 0;
    %load/vec4a v000001cf473aeba0, 4;
    %add;
    %ix/load 4, 18, 0;
    %flag_set/imm 4, 0;
    %load/vec4a v000001cf473aeba0, 4;
    %add;
    %ix/load 4, 19, 0;
    %flag_set/imm 4, 0;
    %load/vec4a v000001cf473aeba0, 4;
    %add;
    %ix/load 4, 20, 0;
    %flag_set/imm 4, 0;
    %load/vec4a v000001cf473aeba0, 4;
    %add;
    %ix/load 4, 21, 0;
    %flag_set/imm 4, 0;
    %load/vec4a v000001cf473aeba0, 4;
    %add;
    %store/vec4 v000001cf473af140_0, 0, 32;
    %jmp T_4;
    .thread T_4, $push;
    .scope S_000001cf473046d0;
T_5 ;
    %wait E_000001cf4734c330;
    %ix/load 4, 0, 0;
    %flag_set/imm 4, 0;
    %load/vec4a v000001cf473aece0, 4;
    %pad/u 32;
    %load/vec4 v000001cf47356120_0;
    %pad/u 32;
    %mul;
    %ix/load 3, 0, 0;
    %flag_set/imm 4, 0;
    %ix/load 4, 0, 0; Constant delay
    %assign/vec4/a/d v000001cf473af000, 0, 4;
    %ix/load 4, 1, 0;
    %flag_set/imm 4, 0;
    %load/vec4a v000001cf473aece0, 4;
    %pad/u 32;
    %load/vec4 v000001cf473561c0_0;
    %pad/u 32;
    %mul;
    %ix/load 3, 1, 0;
    %flag_set/imm 4, 0;
    %ix/load 4, 0, 0; Constant delay
    %assign/vec4/a/d v000001cf473af000, 0, 4;
    %ix/load 4, 2, 0;
    %flag_set/imm 4, 0;
    %load/vec4a v000001cf473aece0, 4;
    %pad/u 32;
    %load/vec4 v000001cf473af280_0;
    %pad/u 32;
    %mul;
    %ix/load 3, 2, 0;
    %flag_set/imm 4, 0;
    %ix/load 4, 0, 0; Constant delay
    %assign/vec4/a/d v000001cf473af000, 0, 4;
    %ix/load 4, 3, 0;
    %flag_set/imm 4, 0;
    %load/vec4a v000001cf473aece0, 4;
    %pad/u 32;
    %load/vec4 v000001cf473aea60_0;
    %pad/u 32;
    %mul;
    %ix/load 3, 3, 0;
    %flag_set/imm 4, 0;
    %ix/load 4, 0, 0; Constant delay
    %assign/vec4/a/d v000001cf473af000, 0, 4;
    %ix/load 4, 4, 0;
    %flag_set/imm 4, 0;
    %load/vec4a v000001cf473aece0, 4;
    %pad/u 32;
    %load/vec4 v000001cf473ae4c0_0;
    %pad/u 32;
    %mul;
    %ix/load 3, 4, 0;
    %flag_set/imm 4, 0;
    %ix/load 4, 0, 0; Constant delay
    %assign/vec4/a/d v000001cf473af000, 0, 4;
    %ix/load 4, 5, 0;
    %flag_set/imm 4, 0;
    %load/vec4a v000001cf473aece0, 4;
    %pad/u 32;
    %load/vec4 v000001cf473ae920_0;
    %pad/u 32;
    %mul;
    %ix/load 3, 5, 0;
    %flag_set/imm 4, 0;
    %ix/load 4, 0, 0; Constant delay
    %assign/vec4/a/d v000001cf473af000, 0, 4;
    %ix/load 4, 6, 0;
    %flag_set/imm 4, 0;
    %load/vec4a v000001cf473aece0, 4;
    %pad/u 32;
    %load/vec4 v000001cf473ae880_0;
    %pad/u 32;
    %mul;
    %ix/load 3, 6, 0;
    %flag_set/imm 4, 0;
    %ix/load 4, 0, 0; Constant delay
    %assign/vec4/a/d v000001cf473af000, 0, 4;
    %ix/load 4, 7, 0;
    %flag_set/imm 4, 0;
    %load/vec4a v000001cf473aece0, 4;
    %pad/u 32;
    %load/vec4 v000001cf473aeec0_0;
    %pad/u 32;
    %mul;
    %ix/load 3, 7, 0;
    %flag_set/imm 4, 0;
    %ix/load 4, 0, 0; Constant delay
    %assign/vec4/a/d v000001cf473af000, 0, 4;
    %ix/load 4, 8, 0;
    %flag_set/imm 4, 0;
    %load/vec4a v000001cf473aece0, 4;
    %pad/u 32;
    %load/vec4 v000001cf473ae560_0;
    %pad/u 32;
    %mul;
    %ix/load 3, 8, 0;
    %flag_set/imm 4, 0;
    %ix/load 4, 0, 0; Constant delay
    %assign/vec4/a/d v000001cf473af000, 0, 4;
    %ix/load 4, 9, 0;
    %flag_set/imm 4, 0;
    %load/vec4a v000001cf473aece0, 4;
    %pad/u 32;
    %load/vec4 v000001cf473aed80_0;
    %pad/u 32;
    %mul;
    %ix/load 3, 9, 0;
    %flag_set/imm 4, 0;
    %ix/load 4, 0, 0; Constant delay
    %assign/vec4/a/d v000001cf473af000, 0, 4;
    %ix/load 4, 10, 0;
    %flag_set/imm 4, 0;
    %load/vec4a v000001cf473aece0, 4;
    %pad/u 32;
    %load/vec4 v000001cf47301c10_0;
    %pad/u 32;
    %mul;
    %ix/load 3, 10, 0;
    %flag_set/imm 4, 0;
    %ix/load 4, 0, 0; Constant delay
    %assign/vec4/a/d v000001cf473af000, 0, 4;
    %ix/load 4, 11, 0;
    %flag_set/imm 4, 0;
    %load/vec4a v000001cf473aece0, 4;
    %pad/u 32;
    %load/vec4 v000001cf47301cb0_0;
    %pad/u 32;
    %mul;
    %ix/load 3, 11, 0;
    %flag_set/imm 4, 0;
    %ix/load 4, 0, 0; Constant delay
    %assign/vec4/a/d v000001cf473af000, 0, 4;
    %ix/load 4, 12, 0;
    %flag_set/imm 4, 0;
    %load/vec4a v000001cf473aece0, 4;
    %pad/u 32;
    %load/vec4 v000001cf47301d50_0;
    %pad/u 32;
    %mul;
    %ix/load 3, 12, 0;
    %flag_set/imm 4, 0;
    %ix/load 4, 0, 0; Constant delay
    %assign/vec4/a/d v000001cf473af000, 0, 4;
    %ix/load 4, 13, 0;
    %flag_set/imm 4, 0;
    %load/vec4a v000001cf473aece0, 4;
    %pad/u 32;
    %load/vec4 v000001cf473ae010_0;
    %pad/u 32;
    %mul;
    %ix/load 3, 13, 0;
    %flag_set/imm 4, 0;
    %ix/load 4, 0, 0; Constant delay
    %assign/vec4/a/d v000001cf473af000, 0, 4;
    %ix/load 4, 14, 0;
    %flag_set/imm 4, 0;
    %load/vec4a v000001cf473aece0, 4;
    %pad/u 32;
    %load/vec4 v000001cf473ae0b0_0;
    %pad/u 32;
    %mul;
    %ix/load 3, 14, 0;
    %flag_set/imm 4, 0;
    %ix/load 4, 0, 0; Constant delay
    %assign/vec4/a/d v000001cf473af000, 0, 4;
    %ix/load 4, 15, 0;
    %flag_set/imm 4, 0;
    %load/vec4a v000001cf473aece0, 4;
    %pad/u 32;
    %load/vec4 v000001cf473ae150_0;
    %pad/u 32;
    %mul;
    %ix/load 3, 15, 0;
    %flag_set/imm 4, 0;
    %ix/load 4, 0, 0; Constant delay
    %assign/vec4/a/d v000001cf473af000, 0, 4;
    %ix/load 4, 16, 0;
    %flag_set/imm 4, 0;
    %load/vec4a v000001cf473aece0, 4;
    %pad/u 32;
    %load/vec4 v000001cf473ae1f0_0;
    %pad/u 32;
    %mul;
    %ix/load 3, 16, 0;
    %flag_set/imm 4, 0;
    %ix/load 4, 0, 0; Constant delay
    %assign/vec4/a/d v000001cf473af000, 0, 4;
    %ix/load 4, 17, 0;
    %flag_set/imm 4, 0;
    %load/vec4a v000001cf473aece0, 4;
    %pad/u 32;
    %load/vec4 v000001cf473ae290_0;
    %pad/u 32;
    %mul;
    %ix/load 3, 17, 0;
    %flag_set/imm 4, 0;
    %ix/load 4, 0, 0; Constant delay
    %assign/vec4/a/d v000001cf473af000, 0, 4;
    %ix/load 4, 18, 0;
    %flag_set/imm 4, 0;
    %load/vec4a v000001cf473aece0, 4;
    %pad/u 32;
    %load/vec4 v000001cf473ae330_0;
    %pad/u 32;
    %mul;
    %ix/load 3, 18, 0;
    %flag_set/imm 4, 0;
    %ix/load 4, 0, 0; Constant delay
    %assign/vec4/a/d v000001cf473af000, 0, 4;
    %ix/load 4, 19, 0;
    %flag_set/imm 4, 0;
    %load/vec4a v000001cf473aece0, 4;
    %pad/u 32;
    %load/vec4 v000001cf473ae740_0;
    %pad/u 32;
    %mul;
    %ix/load 3, 19, 0;
    %flag_set/imm 4, 0;
    %ix/load 4, 0, 0; Constant delay
    %assign/vec4/a/d v000001cf473af000, 0, 4;
    %ix/load 4, 20, 0;
    %flag_set/imm 4, 0;
    %load/vec4a v000001cf473aece0, 4;
    %pad/u 32;
    %load/vec4 v000001cf473aee20_0;
    %pad/u 32;
    %mul;
    %ix/load 3, 20, 0;
    %flag_set/imm 4, 0;
    %ix/load 4, 0, 0; Constant delay
    %assign/vec4/a/d v000001cf473af000, 0, 4;
    %ix/load 4, 21, 0;
    %flag_set/imm 4, 0;
    %load/vec4a v000001cf473aece0, 4;
    %pad/u 32;
    %load/vec4 v000001cf473aef60_0;
    %pad/u 32;
    %mul;
    %ix/load 3, 21, 0;
    %flag_set/imm 4, 0;
    %ix/load 4, 0, 0; Constant delay
    %assign/vec4/a/d v000001cf473af000, 0, 4;
    %ix/load 4, 3, 0;
    %flag_set/imm 4, 0;
    %load/vec4a v000001cf4734f270, 4;
    %ix/load 4, 0, 0;
    %flag_set/imm 4, 0;
    %load/vec4a v000001cf473af000, 4;
    %add;
    %ix/load 4, 1, 0;
    %flag_set/imm 4, 0;
    %load/vec4a v000001cf473af000, 4;
    %add;
    %ix/load 4, 2, 0;
    %flag_set/imm 4, 0;
    %load/vec4a v000001cf473af000, 4;
    %add;
    %ix/load 4, 3, 0;
    %flag_set/imm 4, 0;
    %load/vec4a v000001cf473af000, 4;
    %add;
    %ix/load 4, 4, 0;
    %flag_set/imm 4, 0;
    %load/vec4a v000001cf473af000, 4;
    %add;
    %ix/load 4, 5, 0;
    %flag_set/imm 4, 0;
    %load/vec4a v000001cf473af000, 4;
    %add;
    %ix/load 4, 6, 0;
    %flag_set/imm 4, 0;
    %load/vec4a v000001cf473af000, 4;
    %add;
    %ix/load 4, 7, 0;
    %flag_set/imm 4, 0;
    %load/vec4a v000001cf473af000, 4;
    %add;
    %ix/load 4, 8, 0;
    %flag_set/imm 4, 0;
    %load/vec4a v000001cf473af000, 4;
    %add;
    %ix/load 4, 9, 0;
    %flag_set/imm 4, 0;
    %load/vec4a v000001cf473af000, 4;
    %add;
    %ix/load 4, 10, 0;
    %flag_set/imm 4, 0;
    %load/vec4a v000001cf473af000, 4;
    %add;
    %ix/load 4, 11, 0;
    %flag_set/imm 4, 0;
    %load/vec4a v000001cf473af000, 4;
    %add;
    %ix/load 4, 12, 0;
    %flag_set/imm 4, 0;
    %load/vec4a v000001cf473af000, 4;
    %add;
    %ix/load 4, 13, 0;
    %flag_set/imm 4, 0;
    %load/vec4a v000001cf473af000, 4;
    %add;
    %ix/load 4, 14, 0;
    %flag_set/imm 4, 0;
    %load/vec4a v000001cf473af000, 4;
    %add;
    %ix/load 4, 15, 0;
    %flag_set/imm 4, 0;
    %load/vec4a v000001cf473af000, 4;
    %add;
    %ix/load 4, 16, 0;
    %flag_set/imm 4, 0;
    %load/vec4a v000001cf473af000, 4;
    %add;
    %ix/load 4, 17, 0;
    %flag_set/imm 4, 0;
    %load/vec4a v000001cf473af000, 4;
    %add;
    %ix/load 4, 18, 0;
    %flag_set/imm 4, 0;
    %load/vec4a v000001cf473af000, 4;
    %add;
    %ix/load 4, 19, 0;
    %flag_set/imm 4, 0;
    %load/vec4a v000001cf473af000, 4;
    %add;
    %ix/load 4, 20, 0;
    %flag_set/imm 4, 0;
    %load/vec4a v000001cf473af000, 4;
    %add;
    %ix/load 4, 21, 0;
    %flag_set/imm 4, 0;
    %load/vec4a v000001cf473af000, 4;
    %add;
    %store/vec4 v000001cf473aeb00_0, 0, 32;
    %jmp T_5;
    .thread T_5, $push;
# The file index is used to find the file name in the following table.
:file_names 3;
    "N/A";
    "<interactive>";
    "alu.v";
