#! /c/Source/iverilog-install/bin/vvp
:ivl_version "12.0 (devel)" "(s20150603-1110-g18392a46)";
:ivl_delay_selection "TYPICAL";
:vpi_time_precision - 12;
:vpi_module "C:\iverilog\lib\ivl\system.vpi";
:vpi_module "C:\iverilog\lib\ivl\vhdl_sys.vpi";
:vpi_module "C:\iverilog\lib\ivl\vhdl_textio.vpi";
:vpi_module "C:\iverilog\lib\ivl\v2005_math.vpi";
:vpi_module "C:\iverilog\lib\ivl\va_math.vpi";
S_000002b1509b38c0 .scope module, "alu_tb" "alu_tb" 2 6;
 .timescale -9 -12;
v000002b1509d8ec0_0 .var "in0", 15 0;
v000002b1509da220_0 .var "in1", 15 0;
v000002b1509d90a0_0 .var "in10", 15 0;
v000002b1509d9fa0_0 .var "in11", 15 0;
v000002b1509d9140_0 .var "in12", 15 0;
v000002b1509d9460_0 .var "in13", 15 0;
v000002b1509d9d20_0 .var "in14", 15 0;
v000002b1509d91e0_0 .var "in15", 15 0;
v000002b1509d8b00_0 .var "in16", 15 0;
v000002b1509da040_0 .var "in17", 15 0;
v000002b1509da680_0 .var "in18", 15 0;
v000002b1509da720_0 .var "in19", 15 0;
v000002b1509d8a60_0 .var "in2", 15 0;
v000002b1509d9500_0 .var "in20", 15 0;
v000002b1509d95a0_0 .var "in21", 15 0;
v000002b1509d9640_0 .var "in3", 15 0;
v000002b1509d9820_0 .var "in4", 15 0;
v000002b1509d9dc0_0 .var "in5", 15 0;
v000002b1509da180_0 .var "in6", 15 0;
v000002b1509d8880_0 .var "in7", 15 0;
v000002b1509d9e60_0 .var "in8", 15 0;
v000002b1509d9f00_0 .var "in9", 15 0;
v000002b1509d89c0_0 .net "out1", 31 0, v000002b1509d9000_0;  1 drivers
v000002b1509daed0_0 .net "out2", 31 0, v000002b1509d8e20_0;  1 drivers
v000002b1509dbc90_0 .net "out3", 31 0, v000002b1509da5e0_0;  1 drivers
v000002b1509dbdd0_0 .net "out4", 31 0, v000002b1509d9be0_0;  1 drivers
v000002b1509dbfb0_0 .net "out_s1", 31 0, v000002b1509b2d90_0;  1 drivers
v000002b1509da930_0 .net "out_s2", 31 0, v000002b1509d63e0_0;  1 drivers
v000002b1509dc0f0_0 .net "out_s3", 31 0, v000002b1509d4900_0;  1 drivers
v000002b1509db010_0 .net "out_s4", 31 0, v000002b1509d4d60_0;  1 drivers
S_000002b15095be20 .scope module, "S1" "sigmoid_32bit" 2 19, 3 3 0, S_000002b1509b38c0;
 .timescale -9 -12;
    .port_info 0 /INPUT 32 "x";
    .port_info 1 /OUTPUT 32 "out";
v000002b1509b26b0_0 .net/s "out", 31 0, v000002b1509b2d90_0;  alias, 1 drivers
v000002b1509b31f0_0 .net/s "sq", 63 0, v000002b1509b3010_0;  1 drivers
v000002b1509b3290_0 .net/s "sum", 31 0, v000002b1509b29d0_0;  1 drivers
v000002b1509b2c50_0 .net/s "x", 31 0, v000002b1509d9000_0;  alias, 1 drivers
S_000002b15095bfb0 .scope module, "mul" "multiplier_32bit" 3 12, 3 47 0, S_000002b15095be20;
 .timescale -9 -12;
    .port_info 0 /INPUT 32 "a";
    .port_info 1 /INPUT 32 "b";
    .port_info 2 /OUTPUT 64 "out";
v000002b1509b2cf0_0 .net/s "a", 31 0, v000002b1509b29d0_0;  alias, 1 drivers
v000002b1509b2610_0 .net/s "b", 31 0, v000002b1509b29d0_0;  alias, 1 drivers
v000002b1509b3010_0 .var/s "out", 63 0;
E_000002b150994b20 .event anyedge, v000002b1509b2cf0_0;
S_000002b15095c140 .scope module, "s1" "step1_32bit" 3 11, 3 17 0, S_000002b15095be20;
 .timescale -9 -12;
    .port_info 0 /INPUT 32 "x";
    .port_info 1 /OUTPUT 32 "out";
v000002b1509b29d0_0 .var/s "out", 31 0;
v000002b1509b2bb0_0 .net/s "x", 31 0, v000002b1509d9000_0;  alias, 1 drivers
v000002b1509b2750_0 .var/s "y", 31 0;
v000002b1509b2ed0_0 .var/s "z", 31 0;
E_000002b150994de0 .event anyedge, v000002b1509b2bb0_0;
S_000002b1509546e0 .scope module, "s2" "step2_32bit" 3 13, 3 58 0, S_000002b15095be20;
 .timescale -9 -12;
    .port_info 0 /INPUT 32 "x";
    .port_info 1 /INPUT 64 "a";
    .port_info 2 /OUTPUT 32 "out";
v000002b1509b24d0_0 .net/s "a", 63 0, v000002b1509b3010_0;  alias, 1 drivers
v000002b1509b2d90_0 .var/s "out", 31 0;
v000002b1509b2f70_0 .var/s "temp1", 63 0;
v000002b1509b30b0_0 .var/s "temp2", 63 0;
v000002b1509b3150_0 .net/s "x", 31 0, v000002b1509d9000_0;  alias, 1 drivers
E_000002b150994a60 .event anyedge, v000002b1509b3010_0;
S_000002b150a82b50 .scope module, "S2" "sigmoid_32bit" 2 20, 3 3 0, S_000002b1509b38c0;
 .timescale -9 -12;
    .port_info 0 /INPUT 32 "x";
    .port_info 1 /OUTPUT 32 "out";
v000002b1509d6200_0 .net/s "out", 31 0, v000002b1509d63e0_0;  alias, 1 drivers
v000002b1509d4f40_0 .net/s "sq", 63 0, v000002b1509b2430_0;  1 drivers
v000002b1509d6020_0 .net/s "sum", 31 0, v000002b1509b27f0_0;  1 drivers
v000002b1509d4fe0_0 .net/s "x", 31 0, v000002b1509d8e20_0;  alias, 1 drivers
S_000002b150a82060 .scope module, "mul" "multiplier_32bit" 3 12, 3 47 0, S_000002b150a82b50;
 .timescale -9 -12;
    .port_info 0 /INPUT 32 "a";
    .port_info 1 /INPUT 32 "b";
    .port_info 2 /OUTPUT 64 "out";
v000002b1509b2570_0 .net/s "a", 31 0, v000002b1509b27f0_0;  alias, 1 drivers
v000002b1509b2390_0 .net/s "b", 31 0, v000002b1509b27f0_0;  alias, 1 drivers
v000002b1509b2430_0 .var/s "out", 63 0;
E_000002b150994ae0 .event anyedge, v000002b1509b2570_0;
S_000002b150a82ce0 .scope module, "s1" "step1_32bit" 3 11, 3 17 0, S_000002b150a82b50;
 .timescale -9 -12;
    .port_info 0 /INPUT 32 "x";
    .port_info 1 /OUTPUT 32 "out";
v000002b1509b27f0_0 .var/s "out", 31 0;
v000002b1509b2890_0 .net/s "x", 31 0, v000002b1509d8e20_0;  alias, 1 drivers
v000002b1509b2a70_0 .var/s "y", 31 0;
v000002b1509b2b10_0 .var/s "z", 31 0;
E_000002b150994be0 .event anyedge, v000002b1509b2890_0;
S_000002b150a821f0 .scope module, "s2" "step2_32bit" 3 13, 3 58 0, S_000002b150a82b50;
 .timescale -9 -12;
    .port_info 0 /INPUT 32 "x";
    .port_info 1 /INPUT 64 "a";
    .port_info 2 /OUTPUT 32 "out";
v000002b1509d5f80_0 .net/s "a", 63 0, v000002b1509b2430_0;  alias, 1 drivers
v000002b1509d63e0_0 .var/s "out", 31 0;
v000002b1509d59e0_0 .var/s "temp1", 63 0;
v000002b1509d5ee0_0 .var/s "temp2", 63 0;
v000002b1509d6520_0 .net/s "x", 31 0, v000002b1509d8e20_0;  alias, 1 drivers
E_000002b150995e60 .event anyedge, v000002b1509b2430_0;
S_000002b150a82e70 .scope module, "S3" "sigmoid_32bit" 2 21, 3 3 0, S_000002b1509b38c0;
 .timescale -9 -12;
    .port_info 0 /INPUT 32 "x";
    .port_info 1 /OUTPUT 32 "out";
v000002b1509d65c0_0 .net/s "out", 31 0, v000002b1509d4900_0;  alias, 1 drivers
v000002b1509d54e0_0 .net/s "sq", 63 0, v000002b1509d4a40_0;  1 drivers
v000002b1509d58a0_0 .net/s "sum", 31 0, v000002b1509d60c0_0;  1 drivers
v000002b1509d62a0_0 .net/s "x", 31 0, v000002b1509da5e0_0;  alias, 1 drivers
S_000002b150a826a0 .scope module, "mul" "multiplier_32bit" 3 12, 3 47 0, S_000002b150a82e70;
 .timescale -9 -12;
    .port_info 0 /INPUT 32 "a";
    .port_info 1 /INPUT 32 "b";
    .port_info 2 /OUTPUT 64 "out";
v000002b1509d6480_0 .net/s "a", 31 0, v000002b1509d60c0_0;  alias, 1 drivers
v000002b1509d5300_0 .net/s "b", 31 0, v000002b1509d60c0_0;  alias, 1 drivers
v000002b1509d4a40_0 .var/s "out", 63 0;
E_000002b150995a60 .event anyedge, v000002b1509d6480_0;
S_000002b150a82830 .scope module, "s1" "step1_32bit" 3 11, 3 17 0, S_000002b150a82e70;
 .timescale -9 -12;
    .port_info 0 /INPUT 32 "x";
    .port_info 1 /OUTPUT 32 "out";
v000002b1509d60c0_0 .var/s "out", 31 0;
v000002b1509d5bc0_0 .net/s "x", 31 0, v000002b1509da5e0_0;  alias, 1 drivers
v000002b1509d5c60_0 .var/s "y", 31 0;
v000002b1509d49a0_0 .var/s "z", 31 0;
E_000002b150996060 .event anyedge, v000002b1509d5bc0_0;
S_000002b150a82380 .scope module, "s2" "step2_32bit" 3 13, 3 58 0, S_000002b150a82e70;
 .timescale -9 -12;
    .port_info 0 /INPUT 32 "x";
    .port_info 1 /INPUT 64 "a";
    .port_info 2 /OUTPUT 32 "out";
v000002b1509d5620_0 .net/s "a", 63 0, v000002b1509d4a40_0;  alias, 1 drivers
v000002b1509d4900_0 .var/s "out", 31 0;
v000002b1509d6340_0 .var/s "temp1", 63 0;
v000002b1509d6700_0 .var/s "temp2", 63 0;
v000002b1509d5120_0 .net/s "x", 31 0, v000002b1509da5e0_0;  alias, 1 drivers
E_000002b150996620 .event anyedge, v000002b1509d4a40_0;
S_000002b150a82510 .scope module, "S4" "sigmoid_32bit" 2 22, 3 3 0, S_000002b1509b38c0;
 .timescale -9 -12;
    .port_info 0 /INPUT 32 "x";
    .port_info 1 /OUTPUT 32 "out";
v000002b1509d5080_0 .net/s "out", 31 0, v000002b1509d4d60_0;  alias, 1 drivers
v000002b1509d51c0_0 .net/s "sq", 63 0, v000002b1509d4c20_0;  1 drivers
v000002b1509d5d00_0 .net/s "sum", 31 0, v000002b1509d4cc0_0;  1 drivers
v000002b1509d5260_0 .net/s "x", 31 0, v000002b1509d9be0_0;  alias, 1 drivers
S_000002b150a829c0 .scope module, "mul" "multiplier_32bit" 3 12, 3 47 0, S_000002b150a82510;
 .timescale -9 -12;
    .port_info 0 /INPUT 32 "a";
    .port_info 1 /INPUT 32 "b";
    .port_info 2 /OUTPUT 64 "out";
v000002b1509d4ae0_0 .net/s "a", 31 0, v000002b1509d4cc0_0;  alias, 1 drivers
v000002b1509d4b80_0 .net/s "b", 31 0, v000002b1509d4cc0_0;  alias, 1 drivers
v000002b1509d4c20_0 .var/s "out", 63 0;
E_000002b150995ce0 .event anyedge, v000002b1509d4ae0_0;
S_000002b1509d8300 .scope module, "s1" "step1_32bit" 3 11, 3 17 0, S_000002b150a82510;
 .timescale -9 -12;
    .port_info 0 /INPUT 32 "x";
    .port_info 1 /OUTPUT 32 "out";
v000002b1509d4cc0_0 .var/s "out", 31 0;
v000002b1509d6660_0 .net/s "x", 31 0, v000002b1509d9be0_0;  alias, 1 drivers
v000002b1509d4e00_0 .var/s "y", 31 0;
v000002b1509d4860_0 .var/s "z", 31 0;
E_000002b150996420 .event anyedge, v000002b1509d6660_0;
S_000002b1509d8490 .scope module, "s2" "step2_32bit" 3 13, 3 58 0, S_000002b150a82510;
 .timescale -9 -12;
    .port_info 0 /INPUT 32 "x";
    .port_info 1 /INPUT 64 "a";
    .port_info 2 /OUTPUT 32 "out";
v000002b1509d6160_0 .net/s "a", 63 0, v000002b1509d4c20_0;  alias, 1 drivers
v000002b1509d4d60_0 .var/s "out", 31 0;
v000002b1509d4ea0_0 .var/s "temp1", 63 0;
v000002b1509d53a0_0 .var/s "temp2", 63 0;
v000002b1509d5a80_0 .net/s "x", 31 0, v000002b1509d9be0_0;  alias, 1 drivers
E_000002b150995ae0 .event anyedge, v000002b1509d4c20_0;
S_000002b1509d74f0 .scope module, "a1" "alu" 2 17, 4 3 0, S_000002b1509b38c0;
 .timescale -9 -12;
    .port_info 0 /INPUT 16 "in0";
    .port_info 1 /INPUT 16 "in1";
    .port_info 2 /INPUT 16 "in2";
    .port_info 3 /INPUT 16 "in3";
    .port_info 4 /INPUT 16 "in4";
    .port_info 5 /INPUT 16 "in5";
    .port_info 6 /INPUT 16 "in6";
    .port_info 7 /INPUT 16 "in7";
    .port_info 8 /INPUT 16 "in8";
    .port_info 9 /INPUT 16 "in9";
    .port_info 10 /INPUT 16 "in10";
    .port_info 11 /INPUT 16 "in11";
    .port_info 12 /INPUT 16 "in12";
    .port_info 13 /INPUT 16 "in13";
    .port_info 14 /INPUT 16 "in14";
    .port_info 15 /INPUT 16 "in15";
    .port_info 16 /INPUT 16 "in16";
    .port_info 17 /INPUT 16 "in17";
    .port_info 18 /INPUT 16 "in18";
    .port_info 19 /INPUT 16 "in19";
    .port_info 20 /INPUT 16 "in20";
    .port_info 21 /INPUT 16 "in21";
    .port_info 22 /OUTPUT 32 "out1";
    .port_info 23 /OUTPUT 32 "out2";
    .port_info 24 /OUTPUT 32 "out3";
    .port_info 25 /OUTPUT 32 "out4";
v000002b1509d5440 .array "baise", 3 0, 31 0;
v000002b1509d5580_0 .var/i "i", 31 0;
v000002b1509d5b20_0 .net "in0", 15 0, v000002b1509d8ec0_0;  1 drivers
v000002b1509d56c0_0 .net "in1", 15 0, v000002b1509da220_0;  1 drivers
v000002b1509d5760_0 .net "in10", 15 0, v000002b1509d90a0_0;  1 drivers
v000002b1509d5800_0 .net "in11", 15 0, v000002b1509d9fa0_0;  1 drivers
v000002b1509d5e40_0 .net "in12", 15 0, v000002b1509d9140_0;  1 drivers
v000002b1509d5940_0 .net "in13", 15 0, v000002b1509d9460_0;  1 drivers
v000002b1509d5da0_0 .net "in14", 15 0, v000002b1509d9d20_0;  1 drivers
v000002b1509d9aa0_0 .net "in15", 15 0, v000002b1509d91e0_0;  1 drivers
v000002b1509da360_0 .net "in16", 15 0, v000002b1509d8b00_0;  1 drivers
v000002b1509d8c40_0 .net "in17", 15 0, v000002b1509da040_0;  1 drivers
v000002b1509d96e0_0 .net "in18", 15 0, v000002b1509da680_0;  1 drivers
v000002b1509d9b40_0 .net "in19", 15 0, v000002b1509da720_0;  1 drivers
v000002b1509da2c0_0 .net "in2", 15 0, v000002b1509d8a60_0;  1 drivers
v000002b1509d9320_0 .net "in20", 15 0, v000002b1509d9500_0;  1 drivers
v000002b1509d8ce0_0 .net "in21", 15 0, v000002b1509d95a0_0;  1 drivers
v000002b1509d8f60_0 .net "in3", 15 0, v000002b1509d9640_0;  1 drivers
v000002b1509da400_0 .net "in4", 15 0, v000002b1509d9820_0;  1 drivers
v000002b1509d9780_0 .net "in5", 15 0, v000002b1509d9dc0_0;  1 drivers
v000002b1509d9960_0 .net "in6", 15 0, v000002b1509da180_0;  1 drivers
v000002b1509d98c0_0 .net "in7", 15 0, v000002b1509d8880_0;  1 drivers
v000002b1509da540_0 .net "in8", 15 0, v000002b1509d9e60_0;  1 drivers
v000002b1509d8920_0 .net "in9", 15 0, v000002b1509d9f00_0;  1 drivers
v000002b1509da4a0 .array "mul1", 21 0, 31 0;
v000002b1509d8d80 .array "mul2", 21 0, 31 0;
v000002b1509d9280 .array "mul3", 21 0, 31 0;
v000002b1509d9a00 .array "mul4", 21 0, 31 0;
v000002b1509d9000_0 .var "out1", 31 0;
v000002b1509d8e20_0 .var "out2", 31 0;
v000002b1509da5e0_0 .var "out3", 31 0;
v000002b1509d9be0_0 .var "out4", 31 0;
v000002b1509d93c0 .array "weights1", 21 0, 15 0;
v000002b1509d8ba0 .array "weights2", 21 0, 15 0;
v000002b1509da0e0 .array "weights3", 21 0, 15 0;
v000002b1509d9c80 .array "weights4", 21 0, 15 0;
v000002b1509d9c80_0 .array/port v000002b1509d9c80, 0;
v000002b1509d9c80_1 .array/port v000002b1509d9c80, 1;
v000002b1509d9c80_2 .array/port v000002b1509d9c80, 2;
v000002b1509d9c80_3 .array/port v000002b1509d9c80, 3;
E_000002b150995d20/0 .event anyedge, v000002b1509d9c80_0, v000002b1509d9c80_1, v000002b1509d9c80_2, v000002b1509d9c80_3;
v000002b1509d9c80_4 .array/port v000002b1509d9c80, 4;
v000002b1509d9c80_5 .array/port v000002b1509d9c80, 5;
v000002b1509d9c80_6 .array/port v000002b1509d9c80, 6;
v000002b1509d9c80_7 .array/port v000002b1509d9c80, 7;
E_000002b150995d20/1 .event anyedge, v000002b1509d9c80_4, v000002b1509d9c80_5, v000002b1509d9c80_6, v000002b1509d9c80_7;
v000002b1509d9c80_8 .array/port v000002b1509d9c80, 8;
v000002b1509d9c80_9 .array/port v000002b1509d9c80, 9;
v000002b1509d9c80_10 .array/port v000002b1509d9c80, 10;
v000002b1509d9c80_11 .array/port v000002b1509d9c80, 11;
E_000002b150995d20/2 .event anyedge, v000002b1509d9c80_8, v000002b1509d9c80_9, v000002b1509d9c80_10, v000002b1509d9c80_11;
v000002b1509d9c80_12 .array/port v000002b1509d9c80, 12;
v000002b1509d9c80_13 .array/port v000002b1509d9c80, 13;
v000002b1509d9c80_14 .array/port v000002b1509d9c80, 14;
v000002b1509d9c80_15 .array/port v000002b1509d9c80, 15;
E_000002b150995d20/3 .event anyedge, v000002b1509d9c80_12, v000002b1509d9c80_13, v000002b1509d9c80_14, v000002b1509d9c80_15;
v000002b1509d9c80_16 .array/port v000002b1509d9c80, 16;
v000002b1509d9c80_17 .array/port v000002b1509d9c80, 17;
v000002b1509d9c80_18 .array/port v000002b1509d9c80, 18;
v000002b1509d9c80_19 .array/port v000002b1509d9c80, 19;
E_000002b150995d20/4 .event anyedge, v000002b1509d9c80_16, v000002b1509d9c80_17, v000002b1509d9c80_18, v000002b1509d9c80_19;
v000002b1509d9c80_20 .array/port v000002b1509d9c80, 20;
v000002b1509d9c80_21 .array/port v000002b1509d9c80, 21;
E_000002b150995d20/5 .event anyedge, v000002b1509d9c80_20, v000002b1509d9c80_21, v000002b1509d5b20_0, v000002b1509d56c0_0;
E_000002b150995d20/6 .event anyedge, v000002b1509da2c0_0, v000002b1509d8f60_0, v000002b1509da400_0, v000002b1509d9780_0;
E_000002b150995d20/7 .event anyedge, v000002b1509d9960_0, v000002b1509d98c0_0, v000002b1509da540_0, v000002b1509d8920_0;
E_000002b150995d20/8 .event anyedge, v000002b1509d5760_0, v000002b1509d5800_0, v000002b1509d5e40_0, v000002b1509d5940_0;
E_000002b150995d20/9 .event anyedge, v000002b1509d5da0_0, v000002b1509d9aa0_0, v000002b1509da360_0, v000002b1509d8c40_0;
E_000002b150995d20/10 .event anyedge, v000002b1509d96e0_0, v000002b1509d9b40_0, v000002b1509d9320_0, v000002b1509d8ce0_0;
v000002b1509d5440_0 .array/port v000002b1509d5440, 0;
v000002b1509d5440_1 .array/port v000002b1509d5440, 1;
v000002b1509d5440_2 .array/port v000002b1509d5440, 2;
v000002b1509d5440_3 .array/port v000002b1509d5440, 3;
E_000002b150995d20/11 .event anyedge, v000002b1509d5440_0, v000002b1509d5440_1, v000002b1509d5440_2, v000002b1509d5440_3;
v000002b1509d9a00_0 .array/port v000002b1509d9a00, 0;
v000002b1509d9a00_1 .array/port v000002b1509d9a00, 1;
v000002b1509d9a00_2 .array/port v000002b1509d9a00, 2;
v000002b1509d9a00_3 .array/port v000002b1509d9a00, 3;
E_000002b150995d20/12 .event anyedge, v000002b1509d9a00_0, v000002b1509d9a00_1, v000002b1509d9a00_2, v000002b1509d9a00_3;
v000002b1509d9a00_4 .array/port v000002b1509d9a00, 4;
v000002b1509d9a00_5 .array/port v000002b1509d9a00, 5;
v000002b1509d9a00_6 .array/port v000002b1509d9a00, 6;
v000002b1509d9a00_7 .array/port v000002b1509d9a00, 7;
E_000002b150995d20/13 .event anyedge, v000002b1509d9a00_4, v000002b1509d9a00_5, v000002b1509d9a00_6, v000002b1509d9a00_7;
v000002b1509d9a00_8 .array/port v000002b1509d9a00, 8;
v000002b1509d9a00_9 .array/port v000002b1509d9a00, 9;
v000002b1509d9a00_10 .array/port v000002b1509d9a00, 10;
v000002b1509d9a00_11 .array/port v000002b1509d9a00, 11;
E_000002b150995d20/14 .event anyedge, v000002b1509d9a00_8, v000002b1509d9a00_9, v000002b1509d9a00_10, v000002b1509d9a00_11;
v000002b1509d9a00_12 .array/port v000002b1509d9a00, 12;
v000002b1509d9a00_13 .array/port v000002b1509d9a00, 13;
v000002b1509d9a00_14 .array/port v000002b1509d9a00, 14;
v000002b1509d9a00_15 .array/port v000002b1509d9a00, 15;
E_000002b150995d20/15 .event anyedge, v000002b1509d9a00_12, v000002b1509d9a00_13, v000002b1509d9a00_14, v000002b1509d9a00_15;
v000002b1509d9a00_16 .array/port v000002b1509d9a00, 16;
v000002b1509d9a00_17 .array/port v000002b1509d9a00, 17;
v000002b1509d9a00_18 .array/port v000002b1509d9a00, 18;
v000002b1509d9a00_19 .array/port v000002b1509d9a00, 19;
E_000002b150995d20/16 .event anyedge, v000002b1509d9a00_16, v000002b1509d9a00_17, v000002b1509d9a00_18, v000002b1509d9a00_19;
v000002b1509d9a00_20 .array/port v000002b1509d9a00, 20;
v000002b1509d9a00_21 .array/port v000002b1509d9a00, 21;
E_000002b150995d20/17 .event anyedge, v000002b1509d9a00_20, v000002b1509d9a00_21;
E_000002b150995d20 .event/or E_000002b150995d20/0, E_000002b150995d20/1, E_000002b150995d20/2, E_000002b150995d20/3, E_000002b150995d20/4, E_000002b150995d20/5, E_000002b150995d20/6, E_000002b150995d20/7, E_000002b150995d20/8, E_000002b150995d20/9, E_000002b150995d20/10, E_000002b150995d20/11, E_000002b150995d20/12, E_000002b150995d20/13, E_000002b150995d20/14, E_000002b150995d20/15, E_000002b150995d20/16, E_000002b150995d20/17;
v000002b1509da0e0_0 .array/port v000002b1509da0e0, 0;
v000002b1509da0e0_1 .array/port v000002b1509da0e0, 1;
v000002b1509da0e0_2 .array/port v000002b1509da0e0, 2;
v000002b1509da0e0_3 .array/port v000002b1509da0e0, 3;
E_000002b1509963e0/0 .event anyedge, v000002b1509da0e0_0, v000002b1509da0e0_1, v000002b1509da0e0_2, v000002b1509da0e0_3;
v000002b1509da0e0_4 .array/port v000002b1509da0e0, 4;
v000002b1509da0e0_5 .array/port v000002b1509da0e0, 5;
v000002b1509da0e0_6 .array/port v000002b1509da0e0, 6;
v000002b1509da0e0_7 .array/port v000002b1509da0e0, 7;
E_000002b1509963e0/1 .event anyedge, v000002b1509da0e0_4, v000002b1509da0e0_5, v000002b1509da0e0_6, v000002b1509da0e0_7;
v000002b1509da0e0_8 .array/port v000002b1509da0e0, 8;
v000002b1509da0e0_9 .array/port v000002b1509da0e0, 9;
v000002b1509da0e0_10 .array/port v000002b1509da0e0, 10;
v000002b1509da0e0_11 .array/port v000002b1509da0e0, 11;
E_000002b1509963e0/2 .event anyedge, v000002b1509da0e0_8, v000002b1509da0e0_9, v000002b1509da0e0_10, v000002b1509da0e0_11;
v000002b1509da0e0_12 .array/port v000002b1509da0e0, 12;
v000002b1509da0e0_13 .array/port v000002b1509da0e0, 13;
v000002b1509da0e0_14 .array/port v000002b1509da0e0, 14;
v000002b1509da0e0_15 .array/port v000002b1509da0e0, 15;
E_000002b1509963e0/3 .event anyedge, v000002b1509da0e0_12, v000002b1509da0e0_13, v000002b1509da0e0_14, v000002b1509da0e0_15;
v000002b1509da0e0_16 .array/port v000002b1509da0e0, 16;
v000002b1509da0e0_17 .array/port v000002b1509da0e0, 17;
v000002b1509da0e0_18 .array/port v000002b1509da0e0, 18;
v000002b1509da0e0_19 .array/port v000002b1509da0e0, 19;
E_000002b1509963e0/4 .event anyedge, v000002b1509da0e0_16, v000002b1509da0e0_17, v000002b1509da0e0_18, v000002b1509da0e0_19;
v000002b1509da0e0_20 .array/port v000002b1509da0e0, 20;
v000002b1509da0e0_21 .array/port v000002b1509da0e0, 21;
E_000002b1509963e0/5 .event anyedge, v000002b1509da0e0_20, v000002b1509da0e0_21, v000002b1509d5b20_0, v000002b1509d56c0_0;
E_000002b1509963e0/6 .event anyedge, v000002b1509da2c0_0, v000002b1509d8f60_0, v000002b1509da400_0, v000002b1509d9780_0;
E_000002b1509963e0/7 .event anyedge, v000002b1509d9960_0, v000002b1509d98c0_0, v000002b1509da540_0, v000002b1509d8920_0;
E_000002b1509963e0/8 .event anyedge, v000002b1509d5760_0, v000002b1509d5800_0, v000002b1509d5e40_0, v000002b1509d5940_0;
E_000002b1509963e0/9 .event anyedge, v000002b1509d5da0_0, v000002b1509d9aa0_0, v000002b1509da360_0, v000002b1509d8c40_0;
E_000002b1509963e0/10 .event anyedge, v000002b1509d96e0_0, v000002b1509d9b40_0, v000002b1509d9320_0, v000002b1509d8ce0_0;
E_000002b1509963e0/11 .event anyedge, v000002b1509d5440_0, v000002b1509d5440_1, v000002b1509d5440_2, v000002b1509d5440_3;
v000002b1509d9280_0 .array/port v000002b1509d9280, 0;
v000002b1509d9280_1 .array/port v000002b1509d9280, 1;
v000002b1509d9280_2 .array/port v000002b1509d9280, 2;
v000002b1509d9280_3 .array/port v000002b1509d9280, 3;
E_000002b1509963e0/12 .event anyedge, v000002b1509d9280_0, v000002b1509d9280_1, v000002b1509d9280_2, v000002b1509d9280_3;
v000002b1509d9280_4 .array/port v000002b1509d9280, 4;
v000002b1509d9280_5 .array/port v000002b1509d9280, 5;
v000002b1509d9280_6 .array/port v000002b1509d9280, 6;
v000002b1509d9280_7 .array/port v000002b1509d9280, 7;
E_000002b1509963e0/13 .event anyedge, v000002b1509d9280_4, v000002b1509d9280_5, v000002b1509d9280_6, v000002b1509d9280_7;
v000002b1509d9280_8 .array/port v000002b1509d9280, 8;
v000002b1509d9280_9 .array/port v000002b1509d9280, 9;
v000002b1509d9280_10 .array/port v000002b1509d9280, 10;
v000002b1509d9280_11 .array/port v000002b1509d9280, 11;
E_000002b1509963e0/14 .event anyedge, v000002b1509d9280_8, v000002b1509d9280_9, v000002b1509d9280_10, v000002b1509d9280_11;
v000002b1509d9280_12 .array/port v000002b1509d9280, 12;
v000002b1509d9280_13 .array/port v000002b1509d9280, 13;
v000002b1509d9280_14 .array/port v000002b1509d9280, 14;
v000002b1509d9280_15 .array/port v000002b1509d9280, 15;
E_000002b1509963e0/15 .event anyedge, v000002b1509d9280_12, v000002b1509d9280_13, v000002b1509d9280_14, v000002b1509d9280_15;
v000002b1509d9280_16 .array/port v000002b1509d9280, 16;
v000002b1509d9280_17 .array/port v000002b1509d9280, 17;
v000002b1509d9280_18 .array/port v000002b1509d9280, 18;
v000002b1509d9280_19 .array/port v000002b1509d9280, 19;
E_000002b1509963e0/16 .event anyedge, v000002b1509d9280_16, v000002b1509d9280_17, v000002b1509d9280_18, v000002b1509d9280_19;
v000002b1509d9280_20 .array/port v000002b1509d9280, 20;
v000002b1509d9280_21 .array/port v000002b1509d9280, 21;
E_000002b1509963e0/17 .event anyedge, v000002b1509d9280_20, v000002b1509d9280_21;
E_000002b1509963e0 .event/or E_000002b1509963e0/0, E_000002b1509963e0/1, E_000002b1509963e0/2, E_000002b1509963e0/3, E_000002b1509963e0/4, E_000002b1509963e0/5, E_000002b1509963e0/6, E_000002b1509963e0/7, E_000002b1509963e0/8, E_000002b1509963e0/9, E_000002b1509963e0/10, E_000002b1509963e0/11, E_000002b1509963e0/12, E_000002b1509963e0/13, E_000002b1509963e0/14, E_000002b1509963e0/15, E_000002b1509963e0/16, E_000002b1509963e0/17;
v000002b1509d8ba0_0 .array/port v000002b1509d8ba0, 0;
v000002b1509d8ba0_1 .array/port v000002b1509d8ba0, 1;
v000002b1509d8ba0_2 .array/port v000002b1509d8ba0, 2;
v000002b1509d8ba0_3 .array/port v000002b1509d8ba0, 3;
E_000002b1509961a0/0 .event anyedge, v000002b1509d8ba0_0, v000002b1509d8ba0_1, v000002b1509d8ba0_2, v000002b1509d8ba0_3;
v000002b1509d8ba0_4 .array/port v000002b1509d8ba0, 4;
v000002b1509d8ba0_5 .array/port v000002b1509d8ba0, 5;
v000002b1509d8ba0_6 .array/port v000002b1509d8ba0, 6;
v000002b1509d8ba0_7 .array/port v000002b1509d8ba0, 7;
E_000002b1509961a0/1 .event anyedge, v000002b1509d8ba0_4, v000002b1509d8ba0_5, v000002b1509d8ba0_6, v000002b1509d8ba0_7;
v000002b1509d8ba0_8 .array/port v000002b1509d8ba0, 8;
v000002b1509d8ba0_9 .array/port v000002b1509d8ba0, 9;
v000002b1509d8ba0_10 .array/port v000002b1509d8ba0, 10;
v000002b1509d8ba0_11 .array/port v000002b1509d8ba0, 11;
E_000002b1509961a0/2 .event anyedge, v000002b1509d8ba0_8, v000002b1509d8ba0_9, v000002b1509d8ba0_10, v000002b1509d8ba0_11;
v000002b1509d8ba0_12 .array/port v000002b1509d8ba0, 12;
v000002b1509d8ba0_13 .array/port v000002b1509d8ba0, 13;
v000002b1509d8ba0_14 .array/port v000002b1509d8ba0, 14;
v000002b1509d8ba0_15 .array/port v000002b1509d8ba0, 15;
E_000002b1509961a0/3 .event anyedge, v000002b1509d8ba0_12, v000002b1509d8ba0_13, v000002b1509d8ba0_14, v000002b1509d8ba0_15;
v000002b1509d8ba0_16 .array/port v000002b1509d8ba0, 16;
v000002b1509d8ba0_17 .array/port v000002b1509d8ba0, 17;
v000002b1509d8ba0_18 .array/port v000002b1509d8ba0, 18;
v000002b1509d8ba0_19 .array/port v000002b1509d8ba0, 19;
E_000002b1509961a0/4 .event anyedge, v000002b1509d8ba0_16, v000002b1509d8ba0_17, v000002b1509d8ba0_18, v000002b1509d8ba0_19;
v000002b1509d8ba0_20 .array/port v000002b1509d8ba0, 20;
v000002b1509d8ba0_21 .array/port v000002b1509d8ba0, 21;
E_000002b1509961a0/5 .event anyedge, v000002b1509d8ba0_20, v000002b1509d8ba0_21, v000002b1509d5b20_0, v000002b1509d56c0_0;
E_000002b1509961a0/6 .event anyedge, v000002b1509da2c0_0, v000002b1509d8f60_0, v000002b1509da400_0, v000002b1509d9780_0;
E_000002b1509961a0/7 .event anyedge, v000002b1509d9960_0, v000002b1509d98c0_0, v000002b1509da540_0, v000002b1509d8920_0;
E_000002b1509961a0/8 .event anyedge, v000002b1509d5760_0, v000002b1509d5800_0, v000002b1509d5e40_0, v000002b1509d5940_0;
E_000002b1509961a0/9 .event anyedge, v000002b1509d5da0_0, v000002b1509d9aa0_0, v000002b1509da360_0, v000002b1509d8c40_0;
E_000002b1509961a0/10 .event anyedge, v000002b1509d96e0_0, v000002b1509d9b40_0, v000002b1509d9320_0, v000002b1509d8ce0_0;
E_000002b1509961a0/11 .event anyedge, v000002b1509d5440_0, v000002b1509d5440_1, v000002b1509d5440_2, v000002b1509d5440_3;
v000002b1509d8d80_0 .array/port v000002b1509d8d80, 0;
v000002b1509d8d80_1 .array/port v000002b1509d8d80, 1;
v000002b1509d8d80_2 .array/port v000002b1509d8d80, 2;
v000002b1509d8d80_3 .array/port v000002b1509d8d80, 3;
E_000002b1509961a0/12 .event anyedge, v000002b1509d8d80_0, v000002b1509d8d80_1, v000002b1509d8d80_2, v000002b1509d8d80_3;
v000002b1509d8d80_4 .array/port v000002b1509d8d80, 4;
v000002b1509d8d80_5 .array/port v000002b1509d8d80, 5;
v000002b1509d8d80_6 .array/port v000002b1509d8d80, 6;
v000002b1509d8d80_7 .array/port v000002b1509d8d80, 7;
E_000002b1509961a0/13 .event anyedge, v000002b1509d8d80_4, v000002b1509d8d80_5, v000002b1509d8d80_6, v000002b1509d8d80_7;
v000002b1509d8d80_8 .array/port v000002b1509d8d80, 8;
v000002b1509d8d80_9 .array/port v000002b1509d8d80, 9;
v000002b1509d8d80_10 .array/port v000002b1509d8d80, 10;
v000002b1509d8d80_11 .array/port v000002b1509d8d80, 11;
E_000002b1509961a0/14 .event anyedge, v000002b1509d8d80_8, v000002b1509d8d80_9, v000002b1509d8d80_10, v000002b1509d8d80_11;
v000002b1509d8d80_12 .array/port v000002b1509d8d80, 12;
v000002b1509d8d80_13 .array/port v000002b1509d8d80, 13;
v000002b1509d8d80_14 .array/port v000002b1509d8d80, 14;
v000002b1509d8d80_15 .array/port v000002b1509d8d80, 15;
E_000002b1509961a0/15 .event anyedge, v000002b1509d8d80_12, v000002b1509d8d80_13, v000002b1509d8d80_14, v000002b1509d8d80_15;
v000002b1509d8d80_16 .array/port v000002b1509d8d80, 16;
v000002b1509d8d80_17 .array/port v000002b1509d8d80, 17;
v000002b1509d8d80_18 .array/port v000002b1509d8d80, 18;
v000002b1509d8d80_19 .array/port v000002b1509d8d80, 19;
E_000002b1509961a0/16 .event anyedge, v000002b1509d8d80_16, v000002b1509d8d80_17, v000002b1509d8d80_18, v000002b1509d8d80_19;
v000002b1509d8d80_20 .array/port v000002b1509d8d80, 20;
v000002b1509d8d80_21 .array/port v000002b1509d8d80, 21;
E_000002b1509961a0/17 .event anyedge, v000002b1509d8d80_20, v000002b1509d8d80_21;
E_000002b1509961a0 .event/or E_000002b1509961a0/0, E_000002b1509961a0/1, E_000002b1509961a0/2, E_000002b1509961a0/3, E_000002b1509961a0/4, E_000002b1509961a0/5, E_000002b1509961a0/6, E_000002b1509961a0/7, E_000002b1509961a0/8, E_000002b1509961a0/9, E_000002b1509961a0/10, E_000002b1509961a0/11, E_000002b1509961a0/12, E_000002b1509961a0/13, E_000002b1509961a0/14, E_000002b1509961a0/15, E_000002b1509961a0/16, E_000002b1509961a0/17;
v000002b1509d93c0_0 .array/port v000002b1509d93c0, 0;
v000002b1509d93c0_1 .array/port v000002b1509d93c0, 1;
v000002b1509d93c0_2 .array/port v000002b1509d93c0, 2;
v000002b1509d93c0_3 .array/port v000002b1509d93c0, 3;
E_000002b150995be0/0 .event anyedge, v000002b1509d93c0_0, v000002b1509d93c0_1, v000002b1509d93c0_2, v000002b1509d93c0_3;
v000002b1509d93c0_4 .array/port v000002b1509d93c0, 4;
v000002b1509d93c0_5 .array/port v000002b1509d93c0, 5;
v000002b1509d93c0_6 .array/port v000002b1509d93c0, 6;
v000002b1509d93c0_7 .array/port v000002b1509d93c0, 7;
E_000002b150995be0/1 .event anyedge, v000002b1509d93c0_4, v000002b1509d93c0_5, v000002b1509d93c0_6, v000002b1509d93c0_7;
v000002b1509d93c0_8 .array/port v000002b1509d93c0, 8;
v000002b1509d93c0_9 .array/port v000002b1509d93c0, 9;
v000002b1509d93c0_10 .array/port v000002b1509d93c0, 10;
v000002b1509d93c0_11 .array/port v000002b1509d93c0, 11;
E_000002b150995be0/2 .event anyedge, v000002b1509d93c0_8, v000002b1509d93c0_9, v000002b1509d93c0_10, v000002b1509d93c0_11;
v000002b1509d93c0_12 .array/port v000002b1509d93c0, 12;
v000002b1509d93c0_13 .array/port v000002b1509d93c0, 13;
v000002b1509d93c0_14 .array/port v000002b1509d93c0, 14;
v000002b1509d93c0_15 .array/port v000002b1509d93c0, 15;
E_000002b150995be0/3 .event anyedge, v000002b1509d93c0_12, v000002b1509d93c0_13, v000002b1509d93c0_14, v000002b1509d93c0_15;
v000002b1509d93c0_16 .array/port v000002b1509d93c0, 16;
v000002b1509d93c0_17 .array/port v000002b1509d93c0, 17;
v000002b1509d93c0_18 .array/port v000002b1509d93c0, 18;
v000002b1509d93c0_19 .array/port v000002b1509d93c0, 19;
E_000002b150995be0/4 .event anyedge, v000002b1509d93c0_16, v000002b1509d93c0_17, v000002b1509d93c0_18, v000002b1509d93c0_19;
v000002b1509d93c0_20 .array/port v000002b1509d93c0, 20;
v000002b1509d93c0_21 .array/port v000002b1509d93c0, 21;
E_000002b150995be0/5 .event anyedge, v000002b1509d93c0_20, v000002b1509d93c0_21, v000002b1509d5b20_0, v000002b1509d56c0_0;
E_000002b150995be0/6 .event anyedge, v000002b1509da2c0_0, v000002b1509d8f60_0, v000002b1509da400_0, v000002b1509d9780_0;
E_000002b150995be0/7 .event anyedge, v000002b1509d9960_0, v000002b1509d98c0_0, v000002b1509da540_0, v000002b1509d8920_0;
E_000002b150995be0/8 .event anyedge, v000002b1509d5760_0, v000002b1509d5800_0, v000002b1509d5e40_0, v000002b1509d5940_0;
E_000002b150995be0/9 .event anyedge, v000002b1509d5da0_0, v000002b1509d9aa0_0, v000002b1509da360_0, v000002b1509d8c40_0;
E_000002b150995be0/10 .event anyedge, v000002b1509d96e0_0, v000002b1509d9b40_0, v000002b1509d9320_0, v000002b1509d8ce0_0;
E_000002b150995be0/11 .event anyedge, v000002b1509d5440_0, v000002b1509d5440_1, v000002b1509d5440_2, v000002b1509d5440_3;
v000002b1509da4a0_0 .array/port v000002b1509da4a0, 0;
v000002b1509da4a0_1 .array/port v000002b1509da4a0, 1;
v000002b1509da4a0_2 .array/port v000002b1509da4a0, 2;
v000002b1509da4a0_3 .array/port v000002b1509da4a0, 3;
E_000002b150995be0/12 .event anyedge, v000002b1509da4a0_0, v000002b1509da4a0_1, v000002b1509da4a0_2, v000002b1509da4a0_3;
v000002b1509da4a0_4 .array/port v000002b1509da4a0, 4;
v000002b1509da4a0_5 .array/port v000002b1509da4a0, 5;
v000002b1509da4a0_6 .array/port v000002b1509da4a0, 6;
v000002b1509da4a0_7 .array/port v000002b1509da4a0, 7;
E_000002b150995be0/13 .event anyedge, v000002b1509da4a0_4, v000002b1509da4a0_5, v000002b1509da4a0_6, v000002b1509da4a0_7;
v000002b1509da4a0_8 .array/port v000002b1509da4a0, 8;
v000002b1509da4a0_9 .array/port v000002b1509da4a0, 9;
v000002b1509da4a0_10 .array/port v000002b1509da4a0, 10;
v000002b1509da4a0_11 .array/port v000002b1509da4a0, 11;
E_000002b150995be0/14 .event anyedge, v000002b1509da4a0_8, v000002b1509da4a0_9, v000002b1509da4a0_10, v000002b1509da4a0_11;
v000002b1509da4a0_12 .array/port v000002b1509da4a0, 12;
v000002b1509da4a0_13 .array/port v000002b1509da4a0, 13;
v000002b1509da4a0_14 .array/port v000002b1509da4a0, 14;
v000002b1509da4a0_15 .array/port v000002b1509da4a0, 15;
E_000002b150995be0/15 .event anyedge, v000002b1509da4a0_12, v000002b1509da4a0_13, v000002b1509da4a0_14, v000002b1509da4a0_15;
v000002b1509da4a0_16 .array/port v000002b1509da4a0, 16;
v000002b1509da4a0_17 .array/port v000002b1509da4a0, 17;
v000002b1509da4a0_18 .array/port v000002b1509da4a0, 18;
v000002b1509da4a0_19 .array/port v000002b1509da4a0, 19;
E_000002b150995be0/16 .event anyedge, v000002b1509da4a0_16, v000002b1509da4a0_17, v000002b1509da4a0_18, v000002b1509da4a0_19;
v000002b1509da4a0_20 .array/port v000002b1509da4a0, 20;
v000002b1509da4a0_21 .array/port v000002b1509da4a0, 21;
E_000002b150995be0/17 .event anyedge, v000002b1509da4a0_20, v000002b1509da4a0_21;
E_000002b150995be0 .event/or E_000002b150995be0/0, E_000002b150995be0/1, E_000002b150995be0/2, E_000002b150995be0/3, E_000002b150995be0/4, E_000002b150995be0/5, E_000002b150995be0/6, E_000002b150995be0/7, E_000002b150995be0/8, E_000002b150995be0/9, E_000002b150995be0/10, E_000002b150995be0/11, E_000002b150995be0/12, E_000002b150995be0/13, E_000002b150995be0/14, E_000002b150995be0/15, E_000002b150995be0/16, E_000002b150995be0/17;
    .scope S_000002b1509d74f0;
T_0 ;
    %vpi_call 4 20 "$readmemb", "weights1.txt", v000002b1509d93c0 {0 0 0};
    %vpi_call 4 21 "$readmemb", "weights2.txt", v000002b1509d8ba0 {0 0 0};
    %vpi_call 4 22 "$readmemb", "weights3.txt", v000002b1509da0e0 {0 0 0};
    %vpi_call 4 23 "$readmemb", "weights4.txt", v000002b1509d9c80 {0 0 0};
    %vpi_call 4 24 "$readmemb", "baise.txt", v000002b1509d5440 {0 0 0};
    %end;
    .thread T_0;
    .scope S_000002b1509d74f0;
T_1 ;
    %pushi/vec4 0, 0, 32;
    %store/vec4 v000002b1509d5580_0, 0, 32;
T_1.0 ;
    %load/vec4 v000002b1509d5580_0;
    %cmpi/s 32, 0, 32;
    %jmp/0xz T_1.1, 5;
    %pushi/vec4 0, 0, 32;
    %ix/getv/s 4, v000002b1509d5580_0;
    %store/vec4a v000002b1509da4a0, 4, 0;
    %pushi/vec4 0, 0, 32;
    %ix/getv/s 4, v000002b1509d5580_0;
    %store/vec4a v000002b1509d8d80, 4, 0;
    %pushi/vec4 0, 0, 32;
    %ix/getv/s 4, v000002b1509d5580_0;
    %store/vec4a v000002b1509d9280, 4, 0;
    %pushi/vec4 0, 0, 32;
    %ix/getv/s 4, v000002b1509d5580_0;
    %store/vec4a v000002b1509d9a00, 4, 0;
    %load/vec4 v000002b1509d5580_0;
    %addi 1, 0, 32;
    %store/vec4 v000002b1509d5580_0, 0, 32;
    %jmp T_1.0;
T_1.1 ;
    %end;
    .thread T_1;
    .scope S_000002b1509d74f0;
T_2 ;
    %wait E_000002b150995be0;
    %ix/load 4, 0, 0;
    %flag_set/imm 4, 0;
    %load/vec4a v000002b1509d93c0, 4;
    %pad/u 32;
    %load/vec4 v000002b1509d5b20_0;
    %pad/u 32;
    %mul;
    %ix/load 3, 0, 0;
    %flag_set/imm 4, 0;
    %ix/load 4, 0, 0; Constant delay
    %assign/vec4/a/d v000002b1509da4a0, 0, 4;
    %ix/load 4, 1, 0;
    %flag_set/imm 4, 0;
    %load/vec4a v000002b1509d93c0, 4;
    %pad/u 32;
    %load/vec4 v000002b1509d56c0_0;
    %pad/u 32;
    %mul;
    %ix/load 3, 1, 0;
    %flag_set/imm 4, 0;
    %ix/load 4, 0, 0; Constant delay
    %assign/vec4/a/d v000002b1509da4a0, 0, 4;
    %ix/load 4, 2, 0;
    %flag_set/imm 4, 0;
    %load/vec4a v000002b1509d93c0, 4;
    %pad/u 32;
    %load/vec4 v000002b1509da2c0_0;
    %pad/u 32;
    %mul;
    %ix/load 3, 2, 0;
    %flag_set/imm 4, 0;
    %ix/load 4, 0, 0; Constant delay
    %assign/vec4/a/d v000002b1509da4a0, 0, 4;
    %ix/load 4, 3, 0;
    %flag_set/imm 4, 0;
    %load/vec4a v000002b1509d93c0, 4;
    %pad/u 32;
    %load/vec4 v000002b1509d8f60_0;
    %pad/u 32;
    %mul;
    %ix/load 3, 3, 0;
    %flag_set/imm 4, 0;
    %ix/load 4, 0, 0; Constant delay
    %assign/vec4/a/d v000002b1509da4a0, 0, 4;
    %ix/load 4, 4, 0;
    %flag_set/imm 4, 0;
    %load/vec4a v000002b1509d93c0, 4;
    %pad/u 32;
    %load/vec4 v000002b1509da400_0;
    %pad/u 32;
    %mul;
    %ix/load 3, 4, 0;
    %flag_set/imm 4, 0;
    %ix/load 4, 0, 0; Constant delay
    %assign/vec4/a/d v000002b1509da4a0, 0, 4;
    %ix/load 4, 5, 0;
    %flag_set/imm 4, 0;
    %load/vec4a v000002b1509d93c0, 4;
    %pad/u 32;
    %load/vec4 v000002b1509d9780_0;
    %pad/u 32;
    %mul;
    %ix/load 3, 5, 0;
    %flag_set/imm 4, 0;
    %ix/load 4, 0, 0; Constant delay
    %assign/vec4/a/d v000002b1509da4a0, 0, 4;
    %ix/load 4, 6, 0;
    %flag_set/imm 4, 0;
    %load/vec4a v000002b1509d93c0, 4;
    %pad/u 32;
    %load/vec4 v000002b1509d9960_0;
    %pad/u 32;
    %mul;
    %ix/load 3, 6, 0;
    %flag_set/imm 4, 0;
    %ix/load 4, 0, 0; Constant delay
    %assign/vec4/a/d v000002b1509da4a0, 0, 4;
    %ix/load 4, 7, 0;
    %flag_set/imm 4, 0;
    %load/vec4a v000002b1509d93c0, 4;
    %pad/u 32;
    %load/vec4 v000002b1509d98c0_0;
    %pad/u 32;
    %mul;
    %ix/load 3, 7, 0;
    %flag_set/imm 4, 0;
    %ix/load 4, 0, 0; Constant delay
    %assign/vec4/a/d v000002b1509da4a0, 0, 4;
    %ix/load 4, 8, 0;
    %flag_set/imm 4, 0;
    %load/vec4a v000002b1509d93c0, 4;
    %pad/u 32;
    %load/vec4 v000002b1509da540_0;
    %pad/u 32;
    %mul;
    %ix/load 3, 8, 0;
    %flag_set/imm 4, 0;
    %ix/load 4, 0, 0; Constant delay
    %assign/vec4/a/d v000002b1509da4a0, 0, 4;
    %ix/load 4, 9, 0;
    %flag_set/imm 4, 0;
    %load/vec4a v000002b1509d93c0, 4;
    %pad/u 32;
    %load/vec4 v000002b1509d8920_0;
    %pad/u 32;
    %mul;
    %ix/load 3, 9, 0;
    %flag_set/imm 4, 0;
    %ix/load 4, 0, 0; Constant delay
    %assign/vec4/a/d v000002b1509da4a0, 0, 4;
    %ix/load 4, 10, 0;
    %flag_set/imm 4, 0;
    %load/vec4a v000002b1509d93c0, 4;
    %pad/u 32;
    %load/vec4 v000002b1509d5760_0;
    %pad/u 32;
    %mul;
    %ix/load 3, 10, 0;
    %flag_set/imm 4, 0;
    %ix/load 4, 0, 0; Constant delay
    %assign/vec4/a/d v000002b1509da4a0, 0, 4;
    %ix/load 4, 11, 0;
    %flag_set/imm 4, 0;
    %load/vec4a v000002b1509d93c0, 4;
    %pad/u 32;
    %load/vec4 v000002b1509d5800_0;
    %pad/u 32;
    %mul;
    %ix/load 3, 11, 0;
    %flag_set/imm 4, 0;
    %ix/load 4, 0, 0; Constant delay
    %assign/vec4/a/d v000002b1509da4a0, 0, 4;
    %ix/load 4, 12, 0;
    %flag_set/imm 4, 0;
    %load/vec4a v000002b1509d93c0, 4;
    %pad/u 32;
    %load/vec4 v000002b1509d5e40_0;
    %pad/u 32;
    %mul;
    %ix/load 3, 12, 0;
    %flag_set/imm 4, 0;
    %ix/load 4, 0, 0; Constant delay
    %assign/vec4/a/d v000002b1509da4a0, 0, 4;
    %ix/load 4, 13, 0;
    %flag_set/imm 4, 0;
    %load/vec4a v000002b1509d93c0, 4;
    %pad/u 32;
    %load/vec4 v000002b1509d5940_0;
    %pad/u 32;
    %mul;
    %ix/load 3, 13, 0;
    %flag_set/imm 4, 0;
    %ix/load 4, 0, 0; Constant delay
    %assign/vec4/a/d v000002b1509da4a0, 0, 4;
    %ix/load 4, 14, 0;
    %flag_set/imm 4, 0;
    %load/vec4a v000002b1509d93c0, 4;
    %pad/u 32;
    %load/vec4 v000002b1509d5da0_0;
    %pad/u 32;
    %mul;
    %ix/load 3, 14, 0;
    %flag_set/imm 4, 0;
    %ix/load 4, 0, 0; Constant delay
    %assign/vec4/a/d v000002b1509da4a0, 0, 4;
    %ix/load 4, 15, 0;
    %flag_set/imm 4, 0;
    %load/vec4a v000002b1509d93c0, 4;
    %pad/u 32;
    %load/vec4 v000002b1509d9aa0_0;
    %pad/u 32;
    %mul;
    %ix/load 3, 15, 0;
    %flag_set/imm 4, 0;
    %ix/load 4, 0, 0; Constant delay
    %assign/vec4/a/d v000002b1509da4a0, 0, 4;
    %ix/load 4, 16, 0;
    %flag_set/imm 4, 0;
    %load/vec4a v000002b1509d93c0, 4;
    %pad/u 32;
    %load/vec4 v000002b1509da360_0;
    %pad/u 32;
    %mul;
    %ix/load 3, 16, 0;
    %flag_set/imm 4, 0;
    %ix/load 4, 0, 0; Constant delay
    %assign/vec4/a/d v000002b1509da4a0, 0, 4;
    %ix/load 4, 17, 0;
    %flag_set/imm 4, 0;
    %load/vec4a v000002b1509d93c0, 4;
    %pad/u 32;
    %load/vec4 v000002b1509d8c40_0;
    %pad/u 32;
    %mul;
    %ix/load 3, 17, 0;
    %flag_set/imm 4, 0;
    %ix/load 4, 0, 0; Constant delay
    %assign/vec4/a/d v000002b1509da4a0, 0, 4;
    %ix/load 4, 18, 0;
    %flag_set/imm 4, 0;
    %load/vec4a v000002b1509d93c0, 4;
    %pad/u 32;
    %load/vec4 v000002b1509d96e0_0;
    %pad/u 32;
    %mul;
    %ix/load 3, 18, 0;
    %flag_set/imm 4, 0;
    %ix/load 4, 0, 0; Constant delay
    %assign/vec4/a/d v000002b1509da4a0, 0, 4;
    %ix/load 4, 19, 0;
    %flag_set/imm 4, 0;
    %load/vec4a v000002b1509d93c0, 4;
    %pad/u 32;
    %load/vec4 v000002b1509d9b40_0;
    %pad/u 32;
    %mul;
    %ix/load 3, 19, 0;
    %flag_set/imm 4, 0;
    %ix/load 4, 0, 0; Constant delay
    %assign/vec4/a/d v000002b1509da4a0, 0, 4;
    %ix/load 4, 20, 0;
    %flag_set/imm 4, 0;
    %load/vec4a v000002b1509d93c0, 4;
    %pad/u 32;
    %load/vec4 v000002b1509d9320_0;
    %pad/u 32;
    %mul;
    %ix/load 3, 20, 0;
    %flag_set/imm 4, 0;
    %ix/load 4, 0, 0; Constant delay
    %assign/vec4/a/d v000002b1509da4a0, 0, 4;
    %ix/load 4, 21, 0;
    %flag_set/imm 4, 0;
    %load/vec4a v000002b1509d93c0, 4;
    %pad/u 32;
    %load/vec4 v000002b1509d8ce0_0;
    %pad/u 32;
    %mul;
    %ix/load 3, 21, 0;
    %flag_set/imm 4, 0;
    %ix/load 4, 0, 0; Constant delay
    %assign/vec4/a/d v000002b1509da4a0, 0, 4;
    %ix/load 4, 0, 0;
    %flag_set/imm 4, 0;
    %load/vec4a v000002b1509d5440, 4;
    %ix/load 4, 0, 0;
    %flag_set/imm 4, 0;
    %load/vec4a v000002b1509da4a0, 4;
    %add;
    %ix/load 4, 1, 0;
    %flag_set/imm 4, 0;
    %load/vec4a v000002b1509da4a0, 4;
    %add;
    %ix/load 4, 2, 0;
    %flag_set/imm 4, 0;
    %load/vec4a v000002b1509da4a0, 4;
    %add;
    %ix/load 4, 3, 0;
    %flag_set/imm 4, 0;
    %load/vec4a v000002b1509da4a0, 4;
    %add;
    %ix/load 4, 4, 0;
    %flag_set/imm 4, 0;
    %load/vec4a v000002b1509da4a0, 4;
    %add;
    %ix/load 4, 5, 0;
    %flag_set/imm 4, 0;
    %load/vec4a v000002b1509da4a0, 4;
    %add;
    %ix/load 4, 6, 0;
    %flag_set/imm 4, 0;
    %load/vec4a v000002b1509da4a0, 4;
    %add;
    %ix/load 4, 7, 0;
    %flag_set/imm 4, 0;
    %load/vec4a v000002b1509da4a0, 4;
    %add;
    %ix/load 4, 8, 0;
    %flag_set/imm 4, 0;
    %load/vec4a v000002b1509da4a0, 4;
    %add;
    %ix/load 4, 9, 0;
    %flag_set/imm 4, 0;
    %load/vec4a v000002b1509da4a0, 4;
    %add;
    %ix/load 4, 10, 0;
    %flag_set/imm 4, 0;
    %load/vec4a v000002b1509da4a0, 4;
    %add;
    %ix/load 4, 11, 0;
    %flag_set/imm 4, 0;
    %load/vec4a v000002b1509da4a0, 4;
    %add;
    %ix/load 4, 12, 0;
    %flag_set/imm 4, 0;
    %load/vec4a v000002b1509da4a0, 4;
    %add;
    %ix/load 4, 13, 0;
    %flag_set/imm 4, 0;
    %load/vec4a v000002b1509da4a0, 4;
    %add;
    %ix/load 4, 14, 0;
    %flag_set/imm 4, 0;
    %load/vec4a v000002b1509da4a0, 4;
    %add;
    %ix/load 4, 15, 0;
    %flag_set/imm 4, 0;
    %load/vec4a v000002b1509da4a0, 4;
    %add;
    %ix/load 4, 16, 0;
    %flag_set/imm 4, 0;
    %load/vec4a v000002b1509da4a0, 4;
    %add;
    %ix/load 4, 17, 0;
    %flag_set/imm 4, 0;
    %load/vec4a v000002b1509da4a0, 4;
    %add;
    %ix/load 4, 18, 0;
    %flag_set/imm 4, 0;
    %load/vec4a v000002b1509da4a0, 4;
    %add;
    %ix/load 4, 19, 0;
    %flag_set/imm 4, 0;
    %load/vec4a v000002b1509da4a0, 4;
    %add;
    %ix/load 4, 20, 0;
    %flag_set/imm 4, 0;
    %load/vec4a v000002b1509da4a0, 4;
    %add;
    %ix/load 4, 21, 0;
    %flag_set/imm 4, 0;
    %load/vec4a v000002b1509da4a0, 4;
    %add;
    %store/vec4 v000002b1509d9000_0, 0, 32;
    %jmp T_2;
    .thread T_2, $push;
    .scope S_000002b1509d74f0;
T_3 ;
    %wait E_000002b1509961a0;
    %ix/load 4, 0, 0;
    %flag_set/imm 4, 0;
    %load/vec4a v000002b1509d8ba0, 4;
    %pad/u 32;
    %load/vec4 v000002b1509d5b20_0;
    %pad/u 32;
    %mul;
    %ix/load 3, 0, 0;
    %flag_set/imm 4, 0;
    %ix/load 4, 0, 0; Constant delay
    %assign/vec4/a/d v000002b1509d8d80, 0, 4;
    %ix/load 4, 1, 0;
    %flag_set/imm 4, 0;
    %load/vec4a v000002b1509d8ba0, 4;
    %pad/u 32;
    %load/vec4 v000002b1509d56c0_0;
    %pad/u 32;
    %mul;
    %ix/load 3, 1, 0;
    %flag_set/imm 4, 0;
    %ix/load 4, 0, 0; Constant delay
    %assign/vec4/a/d v000002b1509d8d80, 0, 4;
    %ix/load 4, 2, 0;
    %flag_set/imm 4, 0;
    %load/vec4a v000002b1509d8ba0, 4;
    %pad/u 32;
    %load/vec4 v000002b1509da2c0_0;
    %pad/u 32;
    %mul;
    %ix/load 3, 2, 0;
    %flag_set/imm 4, 0;
    %ix/load 4, 0, 0; Constant delay
    %assign/vec4/a/d v000002b1509d8d80, 0, 4;
    %ix/load 4, 3, 0;
    %flag_set/imm 4, 0;
    %load/vec4a v000002b1509d8ba0, 4;
    %pad/u 32;
    %load/vec4 v000002b1509d8f60_0;
    %pad/u 32;
    %mul;
    %ix/load 3, 3, 0;
    %flag_set/imm 4, 0;
    %ix/load 4, 0, 0; Constant delay
    %assign/vec4/a/d v000002b1509d8d80, 0, 4;
    %ix/load 4, 4, 0;
    %flag_set/imm 4, 0;
    %load/vec4a v000002b1509d8ba0, 4;
    %pad/u 32;
    %load/vec4 v000002b1509da400_0;
    %pad/u 32;
    %mul;
    %ix/load 3, 4, 0;
    %flag_set/imm 4, 0;
    %ix/load 4, 0, 0; Constant delay
    %assign/vec4/a/d v000002b1509d8d80, 0, 4;
    %ix/load 4, 5, 0;
    %flag_set/imm 4, 0;
    %load/vec4a v000002b1509d8ba0, 4;
    %pad/u 32;
    %load/vec4 v000002b1509d9780_0;
    %pad/u 32;
    %mul;
    %ix/load 3, 5, 0;
    %flag_set/imm 4, 0;
    %ix/load 4, 0, 0; Constant delay
    %assign/vec4/a/d v000002b1509d8d80, 0, 4;
    %ix/load 4, 6, 0;
    %flag_set/imm 4, 0;
    %load/vec4a v000002b1509d8ba0, 4;
    %pad/u 32;
    %load/vec4 v000002b1509d9960_0;
    %pad/u 32;
    %mul;
    %ix/load 3, 6, 0;
    %flag_set/imm 4, 0;
    %ix/load 4, 0, 0; Constant delay
    %assign/vec4/a/d v000002b1509d8d80, 0, 4;
    %ix/load 4, 7, 0;
    %flag_set/imm 4, 0;
    %load/vec4a v000002b1509d8ba0, 4;
    %pad/u 32;
    %load/vec4 v000002b1509d98c0_0;
    %pad/u 32;
    %mul;
    %ix/load 3, 7, 0;
    %flag_set/imm 4, 0;
    %ix/load 4, 0, 0; Constant delay
    %assign/vec4/a/d v000002b1509d8d80, 0, 4;
    %ix/load 4, 8, 0;
    %flag_set/imm 4, 0;
    %load/vec4a v000002b1509d8ba0, 4;
    %pad/u 32;
    %load/vec4 v000002b1509da540_0;
    %pad/u 32;
    %mul;
    %ix/load 3, 8, 0;
    %flag_set/imm 4, 0;
    %ix/load 4, 0, 0; Constant delay
    %assign/vec4/a/d v000002b1509d8d80, 0, 4;
    %ix/load 4, 9, 0;
    %flag_set/imm 4, 0;
    %load/vec4a v000002b1509d8ba0, 4;
    %pad/u 32;
    %load/vec4 v000002b1509d8920_0;
    %pad/u 32;
    %mul;
    %ix/load 3, 9, 0;
    %flag_set/imm 4, 0;
    %ix/load 4, 0, 0; Constant delay
    %assign/vec4/a/d v000002b1509d8d80, 0, 4;
    %ix/load 4, 10, 0;
    %flag_set/imm 4, 0;
    %load/vec4a v000002b1509d8ba0, 4;
    %pad/u 32;
    %load/vec4 v000002b1509d5760_0;
    %pad/u 32;
    %mul;
    %ix/load 3, 10, 0;
    %flag_set/imm 4, 0;
    %ix/load 4, 0, 0; Constant delay
    %assign/vec4/a/d v000002b1509d8d80, 0, 4;
    %ix/load 4, 11, 0;
    %flag_set/imm 4, 0;
    %load/vec4a v000002b1509d8ba0, 4;
    %pad/u 32;
    %load/vec4 v000002b1509d5800_0;
    %pad/u 32;
    %mul;
    %ix/load 3, 11, 0;
    %flag_set/imm 4, 0;
    %ix/load 4, 0, 0; Constant delay
    %assign/vec4/a/d v000002b1509d8d80, 0, 4;
    %ix/load 4, 12, 0;
    %flag_set/imm 4, 0;
    %load/vec4a v000002b1509d8ba0, 4;
    %pad/u 32;
    %load/vec4 v000002b1509d5e40_0;
    %pad/u 32;
    %mul;
    %ix/load 3, 12, 0;
    %flag_set/imm 4, 0;
    %ix/load 4, 0, 0; Constant delay
    %assign/vec4/a/d v000002b1509d8d80, 0, 4;
    %ix/load 4, 13, 0;
    %flag_set/imm 4, 0;
    %load/vec4a v000002b1509d8ba0, 4;
    %pad/u 32;
    %load/vec4 v000002b1509d5940_0;
    %pad/u 32;
    %mul;
    %ix/load 3, 13, 0;
    %flag_set/imm 4, 0;
    %ix/load 4, 0, 0; Constant delay
    %assign/vec4/a/d v000002b1509d8d80, 0, 4;
    %ix/load 4, 14, 0;
    %flag_set/imm 4, 0;
    %load/vec4a v000002b1509d8ba0, 4;
    %pad/u 32;
    %load/vec4 v000002b1509d5da0_0;
    %pad/u 32;
    %mul;
    %ix/load 3, 14, 0;
    %flag_set/imm 4, 0;
    %ix/load 4, 0, 0; Constant delay
    %assign/vec4/a/d v000002b1509d8d80, 0, 4;
    %ix/load 4, 15, 0;
    %flag_set/imm 4, 0;
    %load/vec4a v000002b1509d8ba0, 4;
    %pad/u 32;
    %load/vec4 v000002b1509d9aa0_0;
    %pad/u 32;
    %mul;
    %ix/load 3, 15, 0;
    %flag_set/imm 4, 0;
    %ix/load 4, 0, 0; Constant delay
    %assign/vec4/a/d v000002b1509d8d80, 0, 4;
    %ix/load 4, 16, 0;
    %flag_set/imm 4, 0;
    %load/vec4a v000002b1509d8ba0, 4;
    %pad/u 32;
    %load/vec4 v000002b1509da360_0;
    %pad/u 32;
    %mul;
    %ix/load 3, 16, 0;
    %flag_set/imm 4, 0;
    %ix/load 4, 0, 0; Constant delay
    %assign/vec4/a/d v000002b1509d8d80, 0, 4;
    %ix/load 4, 17, 0;
    %flag_set/imm 4, 0;
    %load/vec4a v000002b1509d8ba0, 4;
    %pad/u 32;
    %load/vec4 v000002b1509d8c40_0;
    %pad/u 32;
    %mul;
    %ix/load 3, 17, 0;
    %flag_set/imm 4, 0;
    %ix/load 4, 0, 0; Constant delay
    %assign/vec4/a/d v000002b1509d8d80, 0, 4;
    %ix/load 4, 18, 0;
    %flag_set/imm 4, 0;
    %load/vec4a v000002b1509d8ba0, 4;
    %pad/u 32;
    %load/vec4 v000002b1509d96e0_0;
    %pad/u 32;
    %mul;
    %ix/load 3, 18, 0;
    %flag_set/imm 4, 0;
    %ix/load 4, 0, 0; Constant delay
    %assign/vec4/a/d v000002b1509d8d80, 0, 4;
    %ix/load 4, 19, 0;
    %flag_set/imm 4, 0;
    %load/vec4a v000002b1509d8ba0, 4;
    %pad/u 32;
    %load/vec4 v000002b1509d9b40_0;
    %pad/u 32;
    %mul;
    %ix/load 3, 19, 0;
    %flag_set/imm 4, 0;
    %ix/load 4, 0, 0; Constant delay
    %assign/vec4/a/d v000002b1509d8d80, 0, 4;
    %ix/load 4, 20, 0;
    %flag_set/imm 4, 0;
    %load/vec4a v000002b1509d8ba0, 4;
    %pad/u 32;
    %load/vec4 v000002b1509d9320_0;
    %pad/u 32;
    %mul;
    %ix/load 3, 20, 0;
    %flag_set/imm 4, 0;
    %ix/load 4, 0, 0; Constant delay
    %assign/vec4/a/d v000002b1509d8d80, 0, 4;
    %ix/load 4, 21, 0;
    %flag_set/imm 4, 0;
    %load/vec4a v000002b1509d8ba0, 4;
    %pad/u 32;
    %load/vec4 v000002b1509d8ce0_0;
    %pad/u 32;
    %mul;
    %ix/load 3, 21, 0;
    %flag_set/imm 4, 0;
    %ix/load 4, 0, 0; Constant delay
    %assign/vec4/a/d v000002b1509d8d80, 0, 4;
    %ix/load 4, 1, 0;
    %flag_set/imm 4, 0;
    %load/vec4a v000002b1509d5440, 4;
    %ix/load 4, 0, 0;
    %flag_set/imm 4, 0;
    %load/vec4a v000002b1509d8d80, 4;
    %add;
    %ix/load 4, 1, 0;
    %flag_set/imm 4, 0;
    %load/vec4a v000002b1509d8d80, 4;
    %add;
    %ix/load 4, 2, 0;
    %flag_set/imm 4, 0;
    %load/vec4a v000002b1509d8d80, 4;
    %add;
    %ix/load 4, 3, 0;
    %flag_set/imm 4, 0;
    %load/vec4a v000002b1509d8d80, 4;
    %add;
    %ix/load 4, 4, 0;
    %flag_set/imm 4, 0;
    %load/vec4a v000002b1509d8d80, 4;
    %add;
    %ix/load 4, 5, 0;
    %flag_set/imm 4, 0;
    %load/vec4a v000002b1509d8d80, 4;
    %add;
    %ix/load 4, 6, 0;
    %flag_set/imm 4, 0;
    %load/vec4a v000002b1509d8d80, 4;
    %add;
    %ix/load 4, 7, 0;
    %flag_set/imm 4, 0;
    %load/vec4a v000002b1509d8d80, 4;
    %add;
    %ix/load 4, 8, 0;
    %flag_set/imm 4, 0;
    %load/vec4a v000002b1509d8d80, 4;
    %add;
    %ix/load 4, 9, 0;
    %flag_set/imm 4, 0;
    %load/vec4a v000002b1509d8d80, 4;
    %add;
    %ix/load 4, 10, 0;
    %flag_set/imm 4, 0;
    %load/vec4a v000002b1509d8d80, 4;
    %add;
    %ix/load 4, 11, 0;
    %flag_set/imm 4, 0;
    %load/vec4a v000002b1509d8d80, 4;
    %add;
    %ix/load 4, 12, 0;
    %flag_set/imm 4, 0;
    %load/vec4a v000002b1509d8d80, 4;
    %add;
    %ix/load 4, 13, 0;
    %flag_set/imm 4, 0;
    %load/vec4a v000002b1509d8d80, 4;
    %add;
    %ix/load 4, 14, 0;
    %flag_set/imm 4, 0;
    %load/vec4a v000002b1509d8d80, 4;
    %add;
    %ix/load 4, 15, 0;
    %flag_set/imm 4, 0;
    %load/vec4a v000002b1509d8d80, 4;
    %add;
    %ix/load 4, 16, 0;
    %flag_set/imm 4, 0;
    %load/vec4a v000002b1509d8d80, 4;
    %add;
    %ix/load 4, 17, 0;
    %flag_set/imm 4, 0;
    %load/vec4a v000002b1509d8d80, 4;
    %add;
    %ix/load 4, 18, 0;
    %flag_set/imm 4, 0;
    %load/vec4a v000002b1509d8d80, 4;
    %add;
    %ix/load 4, 19, 0;
    %flag_set/imm 4, 0;
    %load/vec4a v000002b1509d8d80, 4;
    %add;
    %ix/load 4, 20, 0;
    %flag_set/imm 4, 0;
    %load/vec4a v000002b1509d8d80, 4;
    %add;
    %ix/load 4, 21, 0;
    %flag_set/imm 4, 0;
    %load/vec4a v000002b1509d8d80, 4;
    %add;
    %store/vec4 v000002b1509d8e20_0, 0, 32;
    %jmp T_3;
    .thread T_3, $push;
    .scope S_000002b1509d74f0;
T_4 ;
    %wait E_000002b1509963e0;
    %ix/load 4, 0, 0;
    %flag_set/imm 4, 0;
    %load/vec4a v000002b1509da0e0, 4;
    %pad/u 32;
    %load/vec4 v000002b1509d5b20_0;
    %pad/u 32;
    %mul;
    %ix/load 3, 0, 0;
    %flag_set/imm 4, 0;
    %ix/load 4, 0, 0; Constant delay
    %assign/vec4/a/d v000002b1509d9280, 0, 4;
    %ix/load 4, 1, 0;
    %flag_set/imm 4, 0;
    %load/vec4a v000002b1509da0e0, 4;
    %pad/u 32;
    %load/vec4 v000002b1509d56c0_0;
    %pad/u 32;
    %mul;
    %ix/load 3, 1, 0;
    %flag_set/imm 4, 0;
    %ix/load 4, 0, 0; Constant delay
    %assign/vec4/a/d v000002b1509d9280, 0, 4;
    %ix/load 4, 2, 0;
    %flag_set/imm 4, 0;
    %load/vec4a v000002b1509da0e0, 4;
    %pad/u 32;
    %load/vec4 v000002b1509da2c0_0;
    %pad/u 32;
    %mul;
    %ix/load 3, 2, 0;
    %flag_set/imm 4, 0;
    %ix/load 4, 0, 0; Constant delay
    %assign/vec4/a/d v000002b1509d9280, 0, 4;
    %ix/load 4, 3, 0;
    %flag_set/imm 4, 0;
    %load/vec4a v000002b1509da0e0, 4;
    %pad/u 32;
    %load/vec4 v000002b1509d8f60_0;
    %pad/u 32;
    %mul;
    %ix/load 3, 3, 0;
    %flag_set/imm 4, 0;
    %ix/load 4, 0, 0; Constant delay
    %assign/vec4/a/d v000002b1509d9280, 0, 4;
    %ix/load 4, 4, 0;
    %flag_set/imm 4, 0;
    %load/vec4a v000002b1509da0e0, 4;
    %pad/u 32;
    %load/vec4 v000002b1509da400_0;
    %pad/u 32;
    %mul;
    %ix/load 3, 4, 0;
    %flag_set/imm 4, 0;
    %ix/load 4, 0, 0; Constant delay
    %assign/vec4/a/d v000002b1509d9280, 0, 4;
    %ix/load 4, 5, 0;
    %flag_set/imm 4, 0;
    %load/vec4a v000002b1509da0e0, 4;
    %pad/u 32;
    %load/vec4 v000002b1509d9780_0;
    %pad/u 32;
    %mul;
    %ix/load 3, 5, 0;
    %flag_set/imm 4, 0;
    %ix/load 4, 0, 0; Constant delay
    %assign/vec4/a/d v000002b1509d9280, 0, 4;
    %ix/load 4, 6, 0;
    %flag_set/imm 4, 0;
    %load/vec4a v000002b1509da0e0, 4;
    %pad/u 32;
    %load/vec4 v000002b1509d9960_0;
    %pad/u 32;
    %mul;
    %ix/load 3, 6, 0;
    %flag_set/imm 4, 0;
    %ix/load 4, 0, 0; Constant delay
    %assign/vec4/a/d v000002b1509d9280, 0, 4;
    %ix/load 4, 7, 0;
    %flag_set/imm 4, 0;
    %load/vec4a v000002b1509da0e0, 4;
    %pad/u 32;
    %load/vec4 v000002b1509d98c0_0;
    %pad/u 32;
    %mul;
    %ix/load 3, 7, 0;
    %flag_set/imm 4, 0;
    %ix/load 4, 0, 0; Constant delay
    %assign/vec4/a/d v000002b1509d9280, 0, 4;
    %ix/load 4, 8, 0;
    %flag_set/imm 4, 0;
    %load/vec4a v000002b1509da0e0, 4;
    %pad/u 32;
    %load/vec4 v000002b1509da540_0;
    %pad/u 32;
    %mul;
    %ix/load 3, 8, 0;
    %flag_set/imm 4, 0;
    %ix/load 4, 0, 0; Constant delay
    %assign/vec4/a/d v000002b1509d9280, 0, 4;
    %ix/load 4, 9, 0;
    %flag_set/imm 4, 0;
    %load/vec4a v000002b1509da0e0, 4;
    %pad/u 32;
    %load/vec4 v000002b1509d8920_0;
    %pad/u 32;
    %mul;
    %ix/load 3, 9, 0;
    %flag_set/imm 4, 0;
    %ix/load 4, 0, 0; Constant delay
    %assign/vec4/a/d v000002b1509d9280, 0, 4;
    %ix/load 4, 10, 0;
    %flag_set/imm 4, 0;
    %load/vec4a v000002b1509da0e0, 4;
    %pad/u 32;
    %load/vec4 v000002b1509d5760_0;
    %pad/u 32;
    %mul;
    %ix/load 3, 10, 0;
    %flag_set/imm 4, 0;
    %ix/load 4, 0, 0; Constant delay
    %assign/vec4/a/d v000002b1509d9280, 0, 4;
    %ix/load 4, 11, 0;
    %flag_set/imm 4, 0;
    %load/vec4a v000002b1509da0e0, 4;
    %pad/u 32;
    %load/vec4 v000002b1509d5800_0;
    %pad/u 32;
    %mul;
    %ix/load 3, 11, 0;
    %flag_set/imm 4, 0;
    %ix/load 4, 0, 0; Constant delay
    %assign/vec4/a/d v000002b1509d9280, 0, 4;
    %ix/load 4, 12, 0;
    %flag_set/imm 4, 0;
    %load/vec4a v000002b1509da0e0, 4;
    %pad/u 32;
    %load/vec4 v000002b1509d5e40_0;
    %pad/u 32;
    %mul;
    %ix/load 3, 12, 0;
    %flag_set/imm 4, 0;
    %ix/load 4, 0, 0; Constant delay
    %assign/vec4/a/d v000002b1509d9280, 0, 4;
    %ix/load 4, 13, 0;
    %flag_set/imm 4, 0;
    %load/vec4a v000002b1509da0e0, 4;
    %pad/u 32;
    %load/vec4 v000002b1509d5940_0;
    %pad/u 32;
    %mul;
    %ix/load 3, 13, 0;
    %flag_set/imm 4, 0;
    %ix/load 4, 0, 0; Constant delay
    %assign/vec4/a/d v000002b1509d9280, 0, 4;
    %ix/load 4, 14, 0;
    %flag_set/imm 4, 0;
    %load/vec4a v000002b1509da0e0, 4;
    %pad/u 32;
    %load/vec4 v000002b1509d5da0_0;
    %pad/u 32;
    %mul;
    %ix/load 3, 14, 0;
    %flag_set/imm 4, 0;
    %ix/load 4, 0, 0; Constant delay
    %assign/vec4/a/d v000002b1509d9280, 0, 4;
    %ix/load 4, 15, 0;
    %flag_set/imm 4, 0;
    %load/vec4a v000002b1509da0e0, 4;
    %pad/u 32;
    %load/vec4 v000002b1509d9aa0_0;
    %pad/u 32;
    %mul;
    %ix/load 3, 15, 0;
    %flag_set/imm 4, 0;
    %ix/load 4, 0, 0; Constant delay
    %assign/vec4/a/d v000002b1509d9280, 0, 4;
    %ix/load 4, 16, 0;
    %flag_set/imm 4, 0;
    %load/vec4a v000002b1509da0e0, 4;
    %pad/u 32;
    %load/vec4 v000002b1509da360_0;
    %pad/u 32;
    %mul;
    %ix/load 3, 16, 0;
    %flag_set/imm 4, 0;
    %ix/load 4, 0, 0; Constant delay
    %assign/vec4/a/d v000002b1509d9280, 0, 4;
    %ix/load 4, 17, 0;
    %flag_set/imm 4, 0;
    %load/vec4a v000002b1509da0e0, 4;
    %pad/u 32;
    %load/vec4 v000002b1509d8c40_0;
    %pad/u 32;
    %mul;
    %ix/load 3, 17, 0;
    %flag_set/imm 4, 0;
    %ix/load 4, 0, 0; Constant delay
    %assign/vec4/a/d v000002b1509d9280, 0, 4;
    %ix/load 4, 18, 0;
    %flag_set/imm 4, 0;
    %load/vec4a v000002b1509da0e0, 4;
    %pad/u 32;
    %load/vec4 v000002b1509d96e0_0;
    %pad/u 32;
    %mul;
    %ix/load 3, 18, 0;
    %flag_set/imm 4, 0;
    %ix/load 4, 0, 0; Constant delay
    %assign/vec4/a/d v000002b1509d9280, 0, 4;
    %ix/load 4, 19, 0;
    %flag_set/imm 4, 0;
    %load/vec4a v000002b1509da0e0, 4;
    %pad/u 32;
    %load/vec4 v000002b1509d9b40_0;
    %pad/u 32;
    %mul;
    %ix/load 3, 19, 0;
    %flag_set/imm 4, 0;
    %ix/load 4, 0, 0; Constant delay
    %assign/vec4/a/d v000002b1509d9280, 0, 4;
    %ix/load 4, 20, 0;
    %flag_set/imm 4, 0;
    %load/vec4a v000002b1509da0e0, 4;
    %pad/u 32;
    %load/vec4 v000002b1509d9320_0;
    %pad/u 32;
    %mul;
    %ix/load 3, 20, 0;
    %flag_set/imm 4, 0;
    %ix/load 4, 0, 0; Constant delay
    %assign/vec4/a/d v000002b1509d9280, 0, 4;
    %ix/load 4, 21, 0;
    %flag_set/imm 4, 0;
    %load/vec4a v000002b1509da0e0, 4;
    %pad/u 32;
    %load/vec4 v000002b1509d8ce0_0;
    %pad/u 32;
    %mul;
    %ix/load 3, 21, 0;
    %flag_set/imm 4, 0;
    %ix/load 4, 0, 0; Constant delay
    %assign/vec4/a/d v000002b1509d9280, 0, 4;
    %ix/load 4, 2, 0;
    %flag_set/imm 4, 0;
    %load/vec4a v000002b1509d5440, 4;
    %ix/load 4, 0, 0;
    %flag_set/imm 4, 0;
    %load/vec4a v000002b1509d9280, 4;
    %add;
    %ix/load 4, 1, 0;
    %flag_set/imm 4, 0;
    %load/vec4a v000002b1509d9280, 4;
    %add;
    %ix/load 4, 2, 0;
    %flag_set/imm 4, 0;
    %load/vec4a v000002b1509d9280, 4;
    %add;
    %ix/load 4, 3, 0;
    %flag_set/imm 4, 0;
    %load/vec4a v000002b1509d9280, 4;
    %add;
    %ix/load 4, 4, 0;
    %flag_set/imm 4, 0;
    %load/vec4a v000002b1509d9280, 4;
    %add;
    %ix/load 4, 5, 0;
    %flag_set/imm 4, 0;
    %load/vec4a v000002b1509d9280, 4;
    %add;
    %ix/load 4, 6, 0;
    %flag_set/imm 4, 0;
    %load/vec4a v000002b1509d9280, 4;
    %add;
    %ix/load 4, 7, 0;
    %flag_set/imm 4, 0;
    %load/vec4a v000002b1509d9280, 4;
    %add;
    %ix/load 4, 8, 0;
    %flag_set/imm 4, 0;
    %load/vec4a v000002b1509d9280, 4;
    %add;
    %ix/load 4, 9, 0;
    %flag_set/imm 4, 0;
    %load/vec4a v000002b1509d9280, 4;
    %add;
    %ix/load 4, 10, 0;
    %flag_set/imm 4, 0;
    %load/vec4a v000002b1509d9280, 4;
    %add;
    %ix/load 4, 11, 0;
    %flag_set/imm 4, 0;
    %load/vec4a v000002b1509d9280, 4;
    %add;
    %ix/load 4, 12, 0;
    %flag_set/imm 4, 0;
    %load/vec4a v000002b1509d9280, 4;
    %add;
    %ix/load 4, 13, 0;
    %flag_set/imm 4, 0;
    %load/vec4a v000002b1509d9280, 4;
    %add;
    %ix/load 4, 14, 0;
    %flag_set/imm 4, 0;
    %load/vec4a v000002b1509d9280, 4;
    %add;
    %ix/load 4, 15, 0;
    %flag_set/imm 4, 0;
    %load/vec4a v000002b1509d9280, 4;
    %add;
    %ix/load 4, 16, 0;
    %flag_set/imm 4, 0;
    %load/vec4a v000002b1509d9280, 4;
    %add;
    %ix/load 4, 17, 0;
    %flag_set/imm 4, 0;
    %load/vec4a v000002b1509d9280, 4;
    %add;
    %ix/load 4, 18, 0;
    %flag_set/imm 4, 0;
    %load/vec4a v000002b1509d9280, 4;
    %add;
    %ix/load 4, 19, 0;
    %flag_set/imm 4, 0;
    %load/vec4a v000002b1509d9280, 4;
    %add;
    %ix/load 4, 20, 0;
    %flag_set/imm 4, 0;
    %load/vec4a v000002b1509d9280, 4;
    %add;
    %ix/load 4, 21, 0;
    %flag_set/imm 4, 0;
    %load/vec4a v000002b1509d9280, 4;
    %add;
    %store/vec4 v000002b1509da5e0_0, 0, 32;
    %jmp T_4;
    .thread T_4, $push;
    .scope S_000002b1509d74f0;
T_5 ;
    %wait E_000002b150995d20;
    %ix/load 4, 0, 0;
    %flag_set/imm 4, 0;
    %load/vec4a v000002b1509d9c80, 4;
    %pad/u 32;
    %load/vec4 v000002b1509d5b20_0;
    %pad/u 32;
    %mul;
    %ix/load 3, 0, 0;
    %flag_set/imm 4, 0;
    %ix/load 4, 0, 0; Constant delay
    %assign/vec4/a/d v000002b1509d9a00, 0, 4;
    %ix/load 4, 1, 0;
    %flag_set/imm 4, 0;
    %load/vec4a v000002b1509d9c80, 4;
    %pad/u 32;
    %load/vec4 v000002b1509d56c0_0;
    %pad/u 32;
    %mul;
    %ix/load 3, 1, 0;
    %flag_set/imm 4, 0;
    %ix/load 4, 0, 0; Constant delay
    %assign/vec4/a/d v000002b1509d9a00, 0, 4;
    %ix/load 4, 2, 0;
    %flag_set/imm 4, 0;
    %load/vec4a v000002b1509d9c80, 4;
    %pad/u 32;
    %load/vec4 v000002b1509da2c0_0;
    %pad/u 32;
    %mul;
    %ix/load 3, 2, 0;
    %flag_set/imm 4, 0;
    %ix/load 4, 0, 0; Constant delay
    %assign/vec4/a/d v000002b1509d9a00, 0, 4;
    %ix/load 4, 3, 0;
    %flag_set/imm 4, 0;
    %load/vec4a v000002b1509d9c80, 4;
    %pad/u 32;
    %load/vec4 v000002b1509d8f60_0;
    %pad/u 32;
    %mul;
    %ix/load 3, 3, 0;
    %flag_set/imm 4, 0;
    %ix/load 4, 0, 0; Constant delay
    %assign/vec4/a/d v000002b1509d9a00, 0, 4;
    %ix/load 4, 4, 0;
    %flag_set/imm 4, 0;
    %load/vec4a v000002b1509d9c80, 4;
    %pad/u 32;
    %load/vec4 v000002b1509da400_0;
    %pad/u 32;
    %mul;
    %ix/load 3, 4, 0;
    %flag_set/imm 4, 0;
    %ix/load 4, 0, 0; Constant delay
    %assign/vec4/a/d v000002b1509d9a00, 0, 4;
    %ix/load 4, 5, 0;
    %flag_set/imm 4, 0;
    %load/vec4a v000002b1509d9c80, 4;
    %pad/u 32;
    %load/vec4 v000002b1509d9780_0;
    %pad/u 32;
    %mul;
    %ix/load 3, 5, 0;
    %flag_set/imm 4, 0;
    %ix/load 4, 0, 0; Constant delay
    %assign/vec4/a/d v000002b1509d9a00, 0, 4;
    %ix/load 4, 6, 0;
    %flag_set/imm 4, 0;
    %load/vec4a v000002b1509d9c80, 4;
    %pad/u 32;
    %load/vec4 v000002b1509d9960_0;
    %pad/u 32;
    %mul;
    %ix/load 3, 6, 0;
    %flag_set/imm 4, 0;
    %ix/load 4, 0, 0; Constant delay
    %assign/vec4/a/d v000002b1509d9a00, 0, 4;
    %ix/load 4, 7, 0;
    %flag_set/imm 4, 0;
    %load/vec4a v000002b1509d9c80, 4;
    %pad/u 32;
    %load/vec4 v000002b1509d98c0_0;
    %pad/u 32;
    %mul;
    %ix/load 3, 7, 0;
    %flag_set/imm 4, 0;
    %ix/load 4, 0, 0; Constant delay
    %assign/vec4/a/d v000002b1509d9a00, 0, 4;
    %ix/load 4, 8, 0;
    %flag_set/imm 4, 0;
    %load/vec4a v000002b1509d9c80, 4;
    %pad/u 32;
    %load/vec4 v000002b1509da540_0;
    %pad/u 32;
    %mul;
    %ix/load 3, 8, 0;
    %flag_set/imm 4, 0;
    %ix/load 4, 0, 0; Constant delay
    %assign/vec4/a/d v000002b1509d9a00, 0, 4;
    %ix/load 4, 9, 0;
    %flag_set/imm 4, 0;
    %load/vec4a v000002b1509d9c80, 4;
    %pad/u 32;
    %load/vec4 v000002b1509d8920_0;
    %pad/u 32;
    %mul;
    %ix/load 3, 9, 0;
    %flag_set/imm 4, 0;
    %ix/load 4, 0, 0; Constant delay
    %assign/vec4/a/d v000002b1509d9a00, 0, 4;
    %ix/load 4, 10, 0;
    %flag_set/imm 4, 0;
    %load/vec4a v000002b1509d9c80, 4;
    %pad/u 32;
    %load/vec4 v000002b1509d5760_0;
    %pad/u 32;
    %mul;
    %ix/load 3, 10, 0;
    %flag_set/imm 4, 0;
    %ix/load 4, 0, 0; Constant delay
    %assign/vec4/a/d v000002b1509d9a00, 0, 4;
    %ix/load 4, 11, 0;
    %flag_set/imm 4, 0;
    %load/vec4a v000002b1509d9c80, 4;
    %pad/u 32;
    %load/vec4 v000002b1509d5800_0;
    %pad/u 32;
    %mul;
    %ix/load 3, 11, 0;
    %flag_set/imm 4, 0;
    %ix/load 4, 0, 0; Constant delay
    %assign/vec4/a/d v000002b1509d9a00, 0, 4;
    %ix/load 4, 12, 0;
    %flag_set/imm 4, 0;
    %load/vec4a v000002b1509d9c80, 4;
    %pad/u 32;
    %load/vec4 v000002b1509d5e40_0;
    %pad/u 32;
    %mul;
    %ix/load 3, 12, 0;
    %flag_set/imm 4, 0;
    %ix/load 4, 0, 0; Constant delay
    %assign/vec4/a/d v000002b1509d9a00, 0, 4;
    %ix/load 4, 13, 0;
    %flag_set/imm 4, 0;
    %load/vec4a v000002b1509d9c80, 4;
    %pad/u 32;
    %load/vec4 v000002b1509d5940_0;
    %pad/u 32;
    %mul;
    %ix/load 3, 13, 0;
    %flag_set/imm 4, 0;
    %ix/load 4, 0, 0; Constant delay
    %assign/vec4/a/d v000002b1509d9a00, 0, 4;
    %ix/load 4, 14, 0;
    %flag_set/imm 4, 0;
    %load/vec4a v000002b1509d9c80, 4;
    %pad/u 32;
    %load/vec4 v000002b1509d5da0_0;
    %pad/u 32;
    %mul;
    %ix/load 3, 14, 0;
    %flag_set/imm 4, 0;
    %ix/load 4, 0, 0; Constant delay
    %assign/vec4/a/d v000002b1509d9a00, 0, 4;
    %ix/load 4, 15, 0;
    %flag_set/imm 4, 0;
    %load/vec4a v000002b1509d9c80, 4;
    %pad/u 32;
    %load/vec4 v000002b1509d9aa0_0;
    %pad/u 32;
    %mul;
    %ix/load 3, 15, 0;
    %flag_set/imm 4, 0;
    %ix/load 4, 0, 0; Constant delay
    %assign/vec4/a/d v000002b1509d9a00, 0, 4;
    %ix/load 4, 16, 0;
    %flag_set/imm 4, 0;
    %load/vec4a v000002b1509d9c80, 4;
    %pad/u 32;
    %load/vec4 v000002b1509da360_0;
    %pad/u 32;
    %mul;
    %ix/load 3, 16, 0;
    %flag_set/imm 4, 0;
    %ix/load 4, 0, 0; Constant delay
    %assign/vec4/a/d v000002b1509d9a00, 0, 4;
    %ix/load 4, 17, 0;
    %flag_set/imm 4, 0;
    %load/vec4a v000002b1509d9c80, 4;
    %pad/u 32;
    %load/vec4 v000002b1509d8c40_0;
    %pad/u 32;
    %mul;
    %ix/load 3, 17, 0;
    %flag_set/imm 4, 0;
    %ix/load 4, 0, 0; Constant delay
    %assign/vec4/a/d v000002b1509d9a00, 0, 4;
    %ix/load 4, 18, 0;
    %flag_set/imm 4, 0;
    %load/vec4a v000002b1509d9c80, 4;
    %pad/u 32;
    %load/vec4 v000002b1509d96e0_0;
    %pad/u 32;
    %mul;
    %ix/load 3, 18, 0;
    %flag_set/imm 4, 0;
    %ix/load 4, 0, 0; Constant delay
    %assign/vec4/a/d v000002b1509d9a00, 0, 4;
    %ix/load 4, 19, 0;
    %flag_set/imm 4, 0;
    %load/vec4a v000002b1509d9c80, 4;
    %pad/u 32;
    %load/vec4 v000002b1509d9b40_0;
    %pad/u 32;
    %mul;
    %ix/load 3, 19, 0;
    %flag_set/imm 4, 0;
    %ix/load 4, 0, 0; Constant delay
    %assign/vec4/a/d v000002b1509d9a00, 0, 4;
    %ix/load 4, 20, 0;
    %flag_set/imm 4, 0;
    %load/vec4a v000002b1509d9c80, 4;
    %pad/u 32;
    %load/vec4 v000002b1509d9320_0;
    %pad/u 32;
    %mul;
    %ix/load 3, 20, 0;
    %flag_set/imm 4, 0;
    %ix/load 4, 0, 0; Constant delay
    %assign/vec4/a/d v000002b1509d9a00, 0, 4;
    %ix/load 4, 21, 0;
    %flag_set/imm 4, 0;
    %load/vec4a v000002b1509d9c80, 4;
    %pad/u 32;
    %load/vec4 v000002b1509d8ce0_0;
    %pad/u 32;
    %mul;
    %ix/load 3, 21, 0;
    %flag_set/imm 4, 0;
    %ix/load 4, 0, 0; Constant delay
    %assign/vec4/a/d v000002b1509d9a00, 0, 4;
    %ix/load 4, 3, 0;
    %flag_set/imm 4, 0;
    %load/vec4a v000002b1509d5440, 4;
    %ix/load 4, 0, 0;
    %flag_set/imm 4, 0;
    %load/vec4a v000002b1509d9a00, 4;
    %add;
    %ix/load 4, 1, 0;
    %flag_set/imm 4, 0;
    %load/vec4a v000002b1509d9a00, 4;
    %add;
    %ix/load 4, 2, 0;
    %flag_set/imm 4, 0;
    %load/vec4a v000002b1509d9a00, 4;
    %add;
    %ix/load 4, 3, 0;
    %flag_set/imm 4, 0;
    %load/vec4a v000002b1509d9a00, 4;
    %add;
    %ix/load 4, 4, 0;
    %flag_set/imm 4, 0;
    %load/vec4a v000002b1509d9a00, 4;
    %add;
    %ix/load 4, 5, 0;
    %flag_set/imm 4, 0;
    %load/vec4a v000002b1509d9a00, 4;
    %add;
    %ix/load 4, 6, 0;
    %flag_set/imm 4, 0;
    %load/vec4a v000002b1509d9a00, 4;
    %add;
    %ix/load 4, 7, 0;
    %flag_set/imm 4, 0;
    %load/vec4a v000002b1509d9a00, 4;
    %add;
    %ix/load 4, 8, 0;
    %flag_set/imm 4, 0;
    %load/vec4a v000002b1509d9a00, 4;
    %add;
    %ix/load 4, 9, 0;
    %flag_set/imm 4, 0;
    %load/vec4a v000002b1509d9a00, 4;
    %add;
    %ix/load 4, 10, 0;
    %flag_set/imm 4, 0;
    %load/vec4a v000002b1509d9a00, 4;
    %add;
    %ix/load 4, 11, 0;
    %flag_set/imm 4, 0;
    %load/vec4a v000002b1509d9a00, 4;
    %add;
    %ix/load 4, 12, 0;
    %flag_set/imm 4, 0;
    %load/vec4a v000002b1509d9a00, 4;
    %add;
    %ix/load 4, 13, 0;
    %flag_set/imm 4, 0;
    %load/vec4a v000002b1509d9a00, 4;
    %add;
    %ix/load 4, 14, 0;
    %flag_set/imm 4, 0;
    %load/vec4a v000002b1509d9a00, 4;
    %add;
    %ix/load 4, 15, 0;
    %flag_set/imm 4, 0;
    %load/vec4a v000002b1509d9a00, 4;
    %add;
    %ix/load 4, 16, 0;
    %flag_set/imm 4, 0;
    %load/vec4a v000002b1509d9a00, 4;
    %add;
    %ix/load 4, 17, 0;
    %flag_set/imm 4, 0;
    %load/vec4a v000002b1509d9a00, 4;
    %add;
    %ix/load 4, 18, 0;
    %flag_set/imm 4, 0;
    %load/vec4a v000002b1509d9a00, 4;
    %add;
    %ix/load 4, 19, 0;
    %flag_set/imm 4, 0;
    %load/vec4a v000002b1509d9a00, 4;
    %add;
    %ix/load 4, 20, 0;
    %flag_set/imm 4, 0;
    %load/vec4a v000002b1509d9a00, 4;
    %add;
    %ix/load 4, 21, 0;
    %flag_set/imm 4, 0;
    %load/vec4a v000002b1509d9a00, 4;
    %add;
    %store/vec4 v000002b1509d9be0_0, 0, 32;
    %jmp T_5;
    .thread T_5, $push;
    .scope S_000002b15095c140;
T_6 ;
    %wait E_000002b150994de0;
    %load/vec4 v000002b1509b2bb0_0;
    %parti/s 1, 31, 6;
    %cmpi/e 1, 0, 1;
    %jmp/0xz  T_6.0, 4;
    %load/vec4 v000002b1509b2bb0_0;
    %inv;
    %pushi/vec4 1, 0, 32;
    %add;
    %store/vec4 v000002b1509b2750_0, 0, 32;
    %jmp T_6.1;
T_6.0 ;
    %load/vec4 v000002b1509b2bb0_0;
    %store/vec4 v000002b1509b2750_0, 0, 32;
T_6.1 ;
    %load/vec4 v000002b1509b2750_0;
    %ix/load 4, 2, 0;
    %flag_set/imm 4, 0;
    %shiftr/s 4;
    %store/vec4 v000002b1509b2ed0_0, 0, 32;
    %load/vec4 v000002b1509b2bb0_0;
    %parti/s 1, 31, 6;
    %cmpi/e 1, 0, 1;
    %jmp/0xz  T_6.2, 4;
    %load/vec4 v000002b1509b2bb0_0;
    %cmpi/s 4294901760, 0, 32;
    %flag_or 5, 4; GT is !LE
    %flag_inv 5;
    %jmp/0xz  T_6.4, 5;
    %pushi/vec4 4294950912, 0, 32;
    %load/vec4 v000002b1509b2ed0_0;
    %add;
    %store/vec4 v000002b1509b29d0_0, 0, 32;
    %jmp T_6.5;
T_6.4 ;
    %pushi/vec4 0, 0, 32;
    %store/vec4 v000002b1509b29d0_0, 0, 32;
T_6.5 ;
    %jmp T_6.3;
T_6.2 ;
    %load/vec4 v000002b1509b2bb0_0;
    %cmpi/s 65535, 0, 32;
    %jmp/0xz  T_6.6, 5;
    %pushi/vec4 16384, 0, 32;
    %load/vec4 v000002b1509b2ed0_0;
    %sub;
    %store/vec4 v000002b1509b29d0_0, 0, 32;
    %jmp T_6.7;
T_6.6 ;
    %pushi/vec4 1, 0, 32;
    %store/vec4 v000002b1509b29d0_0, 0, 32;
T_6.7 ;
T_6.3 ;
    %jmp T_6;
    .thread T_6, $push;
    .scope S_000002b15095bfb0;
T_7 ;
    %wait E_000002b150994b20;
    %load/vec4 v000002b1509b2cf0_0;
    %pad/s 64;
    %load/vec4 v000002b1509b2610_0;
    %pad/s 64;
    %mul;
    %store/vec4 v000002b1509b3010_0, 0, 64;
    %jmp T_7;
    .thread T_7, $push;
    .scope S_000002b1509546e0;
T_8 ;
    %wait E_000002b150994a60;
    %load/vec4 v000002b1509b24d0_0;
    %ix/load 4, 1, 0;
    %flag_set/imm 4, 0;
    %shiftr/s 4;
    %store/vec4 v000002b1509b2f70_0, 0, 64;
    %load/vec4 v000002b1509b3150_0;
    %parti/s 1, 31, 6;
    %cmpi/e 1, 0, 1;
    %jmp/0xz  T_8.0, 4;
    %load/vec4 v000002b1509b2f70_0;
    %store/vec4 v000002b1509b30b0_0, 0, 64;
    %jmp T_8.1;
T_8.0 ;
    %pushi/vec4 268435456, 0, 64;
    %load/vec4 v000002b1509b2f70_0;
    %sub;
    %store/vec4 v000002b1509b30b0_0, 0, 64;
T_8.1 ;
    %load/vec4 v000002b1509b30b0_0;
    %parti/s 32, 0, 2;
    %store/vec4 v000002b1509b2d90_0, 0, 32;
    %vpi_call 3 76 "$display", "%b,%b", v000002b1509b3150_0, v000002b1509b2d90_0 {0 0 0};
    %jmp T_8;
    .thread T_8, $push;
    .scope S_000002b150a82ce0;
T_9 ;
    %wait E_000002b150994be0;
    %load/vec4 v000002b1509b2890_0;
    %parti/s 1, 31, 6;
    %cmpi/e 1, 0, 1;
    %jmp/0xz  T_9.0, 4;
    %load/vec4 v000002b1509b2890_0;
    %inv;
    %pushi/vec4 1, 0, 32;
    %add;
    %store/vec4 v000002b1509b2a70_0, 0, 32;
    %jmp T_9.1;
T_9.0 ;
    %load/vec4 v000002b1509b2890_0;
    %store/vec4 v000002b1509b2a70_0, 0, 32;
T_9.1 ;
    %load/vec4 v000002b1509b2a70_0;
    %ix/load 4, 2, 0;
    %flag_set/imm 4, 0;
    %shiftr/s 4;
    %store/vec4 v000002b1509b2b10_0, 0, 32;
    %load/vec4 v000002b1509b2890_0;
    %parti/s 1, 31, 6;
    %cmpi/e 1, 0, 1;
    %jmp/0xz  T_9.2, 4;
    %load/vec4 v000002b1509b2890_0;
    %cmpi/s 4294901760, 0, 32;
    %flag_or 5, 4; GT is !LE
    %flag_inv 5;
    %jmp/0xz  T_9.4, 5;
    %pushi/vec4 4294950912, 0, 32;
    %load/vec4 v000002b1509b2b10_0;
    %add;
    %store/vec4 v000002b1509b27f0_0, 0, 32;
    %jmp T_9.5;
T_9.4 ;
    %pushi/vec4 0, 0, 32;
    %store/vec4 v000002b1509b27f0_0, 0, 32;
T_9.5 ;
    %jmp T_9.3;
T_9.2 ;
    %load/vec4 v000002b1509b2890_0;
    %cmpi/s 65535, 0, 32;
    %jmp/0xz  T_9.6, 5;
    %pushi/vec4 16384, 0, 32;
    %load/vec4 v000002b1509b2b10_0;
    %sub;
    %store/vec4 v000002b1509b27f0_0, 0, 32;
    %jmp T_9.7;
T_9.6 ;
    %pushi/vec4 1, 0, 32;
    %store/vec4 v000002b1509b27f0_0, 0, 32;
T_9.7 ;
T_9.3 ;
    %jmp T_9;
    .thread T_9, $push;
    .scope S_000002b150a82060;
T_10 ;
    %wait E_000002b150994ae0;
    %load/vec4 v000002b1509b2570_0;
    %pad/s 64;
    %load/vec4 v000002b1509b2390_0;
    %pad/s 64;
    %mul;
    %store/vec4 v000002b1509b2430_0, 0, 64;
    %jmp T_10;
    .thread T_10, $push;
    .scope S_000002b150a821f0;
T_11 ;
    %wait E_000002b150995e60;
    %load/vec4 v000002b1509d5f80_0;
    %ix/load 4, 1, 0;
    %flag_set/imm 4, 0;
    %shiftr/s 4;
    %store/vec4 v000002b1509d59e0_0, 0, 64;
    %load/vec4 v000002b1509d6520_0;
    %parti/s 1, 31, 6;
    %cmpi/e 1, 0, 1;
    %jmp/0xz  T_11.0, 4;
    %load/vec4 v000002b1509d59e0_0;
    %store/vec4 v000002b1509d5ee0_0, 0, 64;
    %jmp T_11.1;
T_11.0 ;
    %pushi/vec4 268435456, 0, 64;
    %load/vec4 v000002b1509d59e0_0;
    %sub;
    %store/vec4 v000002b1509d5ee0_0, 0, 64;
T_11.1 ;
    %load/vec4 v000002b1509d5ee0_0;
    %parti/s 32, 0, 2;
    %store/vec4 v000002b1509d63e0_0, 0, 32;
    %vpi_call 3 76 "$display", "%b,%b", v000002b1509d6520_0, v000002b1509d63e0_0 {0 0 0};
    %jmp T_11;
    .thread T_11, $push;
    .scope S_000002b150a82830;
T_12 ;
    %wait E_000002b150996060;
    %load/vec4 v000002b1509d5bc0_0;
    %parti/s 1, 31, 6;
    %cmpi/e 1, 0, 1;
    %jmp/0xz  T_12.0, 4;
    %load/vec4 v000002b1509d5bc0_0;
    %inv;
    %pushi/vec4 1, 0, 32;
    %add;
    %store/vec4 v000002b1509d5c60_0, 0, 32;
    %jmp T_12.1;
T_12.0 ;
    %load/vec4 v000002b1509d5bc0_0;
    %store/vec4 v000002b1509d5c60_0, 0, 32;
T_12.1 ;
    %load/vec4 v000002b1509d5c60_0;
    %ix/load 4, 2, 0;
    %flag_set/imm 4, 0;
    %shiftr/s 4;
    %store/vec4 v000002b1509d49a0_0, 0, 32;
    %load/vec4 v000002b1509d5bc0_0;
    %parti/s 1, 31, 6;
    %cmpi/e 1, 0, 1;
    %jmp/0xz  T_12.2, 4;
    %load/vec4 v000002b1509d5bc0_0;
    %cmpi/s 4294901760, 0, 32;
    %flag_or 5, 4; GT is !LE
    %flag_inv 5;
    %jmp/0xz  T_12.4, 5;
    %pushi/vec4 4294950912, 0, 32;
    %load/vec4 v000002b1509d49a0_0;
    %add;
    %store/vec4 v000002b1509d60c0_0, 0, 32;
    %jmp T_12.5;
T_12.4 ;
    %pushi/vec4 0, 0, 32;
    %store/vec4 v000002b1509d60c0_0, 0, 32;
T_12.5 ;
    %jmp T_12.3;
T_12.2 ;
    %load/vec4 v000002b1509d5bc0_0;
    %cmpi/s 65535, 0, 32;
    %jmp/0xz  T_12.6, 5;
    %pushi/vec4 16384, 0, 32;
    %load/vec4 v000002b1509d49a0_0;
    %sub;
    %store/vec4 v000002b1509d60c0_0, 0, 32;
    %jmp T_12.7;
T_12.6 ;
    %pushi/vec4 1, 0, 32;
    %store/vec4 v000002b1509d60c0_0, 0, 32;
T_12.7 ;
T_12.3 ;
    %jmp T_12;
    .thread T_12, $push;
    .scope S_000002b150a826a0;
T_13 ;
    %wait E_000002b150995a60;
    %load/vec4 v000002b1509d6480_0;
    %pad/s 64;
    %load/vec4 v000002b1509d5300_0;
    %pad/s 64;
    %mul;
    %store/vec4 v000002b1509d4a40_0, 0, 64;
    %jmp T_13;
    .thread T_13, $push;
    .scope S_000002b150a82380;
T_14 ;
    %wait E_000002b150996620;
    %load/vec4 v000002b1509d5620_0;
    %ix/load 4, 1, 0;
    %flag_set/imm 4, 0;
    %shiftr/s 4;
    %store/vec4 v000002b1509d6340_0, 0, 64;
    %load/vec4 v000002b1509d5120_0;
    %parti/s 1, 31, 6;
    %cmpi/e 1, 0, 1;
    %jmp/0xz  T_14.0, 4;
    %load/vec4 v000002b1509d6340_0;
    %store/vec4 v000002b1509d6700_0, 0, 64;
    %jmp T_14.1;
T_14.0 ;
    %pushi/vec4 268435456, 0, 64;
    %load/vec4 v000002b1509d6340_0;
    %sub;
    %store/vec4 v000002b1509d6700_0, 0, 64;
T_14.1 ;
    %load/vec4 v000002b1509d6700_0;
    %parti/s 32, 0, 2;
    %store/vec4 v000002b1509d4900_0, 0, 32;
    %vpi_call 3 76 "$display", "%b,%b", v000002b1509d5120_0, v000002b1509d4900_0 {0 0 0};
    %jmp T_14;
    .thread T_14, $push;
    .scope S_000002b1509d8300;
T_15 ;
    %wait E_000002b150996420;
    %load/vec4 v000002b1509d6660_0;
    %parti/s 1, 31, 6;
    %cmpi/e 1, 0, 1;
    %jmp/0xz  T_15.0, 4;
    %load/vec4 v000002b1509d6660_0;
    %inv;
    %pushi/vec4 1, 0, 32;
    %add;
    %store/vec4 v000002b1509d4e00_0, 0, 32;
    %jmp T_15.1;
T_15.0 ;
    %load/vec4 v000002b1509d6660_0;
    %store/vec4 v000002b1509d4e00_0, 0, 32;
T_15.1 ;
    %load/vec4 v000002b1509d4e00_0;
    %ix/load 4, 2, 0;
    %flag_set/imm 4, 0;
    %shiftr/s 4;
    %store/vec4 v000002b1509d4860_0, 0, 32;
    %load/vec4 v000002b1509d6660_0;
    %parti/s 1, 31, 6;
    %cmpi/e 1, 0, 1;
    %jmp/0xz  T_15.2, 4;
    %load/vec4 v000002b1509d6660_0;
    %cmpi/s 4294901760, 0, 32;
    %flag_or 5, 4; GT is !LE
    %flag_inv 5;
    %jmp/0xz  T_15.4, 5;
    %pushi/vec4 4294950912, 0, 32;
    %load/vec4 v000002b1509d4860_0;
    %add;
    %store/vec4 v000002b1509d4cc0_0, 0, 32;
    %jmp T_15.5;
T_15.4 ;
    %pushi/vec4 0, 0, 32;
    %store/vec4 v000002b1509d4cc0_0, 0, 32;
T_15.5 ;
    %jmp T_15.3;
T_15.2 ;
    %load/vec4 v000002b1509d6660_0;
    %cmpi/s 65535, 0, 32;
    %jmp/0xz  T_15.6, 5;
    %pushi/vec4 16384, 0, 32;
    %load/vec4 v000002b1509d4860_0;
    %sub;
    %store/vec4 v000002b1509d4cc0_0, 0, 32;
    %jmp T_15.7;
T_15.6 ;
    %pushi/vec4 1, 0, 32;
    %store/vec4 v000002b1509d4cc0_0, 0, 32;
T_15.7 ;
T_15.3 ;
    %jmp T_15;
    .thread T_15, $push;
    .scope S_000002b150a829c0;
T_16 ;
    %wait E_000002b150995ce0;
    %load/vec4 v000002b1509d4ae0_0;
    %pad/s 64;
    %load/vec4 v000002b1509d4b80_0;
    %pad/s 64;
    %mul;
    %store/vec4 v000002b1509d4c20_0, 0, 64;
    %jmp T_16;
    .thread T_16, $push;
    .scope S_000002b1509d8490;
T_17 ;
    %wait E_000002b150995ae0;
    %load/vec4 v000002b1509d6160_0;
    %ix/load 4, 1, 0;
    %flag_set/imm 4, 0;
    %shiftr/s 4;
    %store/vec4 v000002b1509d4ea0_0, 0, 64;
    %load/vec4 v000002b1509d5a80_0;
    %parti/s 1, 31, 6;
    %cmpi/e 1, 0, 1;
    %jmp/0xz  T_17.0, 4;
    %load/vec4 v000002b1509d4ea0_0;
    %store/vec4 v000002b1509d53a0_0, 0, 64;
    %jmp T_17.1;
T_17.0 ;
    %pushi/vec4 268435456, 0, 64;
    %load/vec4 v000002b1509d4ea0_0;
    %sub;
    %store/vec4 v000002b1509d53a0_0, 0, 64;
T_17.1 ;
    %load/vec4 v000002b1509d53a0_0;
    %parti/s 32, 0, 2;
    %store/vec4 v000002b1509d4d60_0, 0, 32;
    %vpi_call 3 76 "$display", "%b,%b", v000002b1509d5a80_0, v000002b1509d4d60_0 {0 0 0};
    %jmp T_17;
    .thread T_17, $push;
    .scope S_000002b1509b38c0;
T_18 ;
    %vpi_call 2 13 "$dumpfile", "alu_tb.vcd" {0 0 0};
    %vpi_call 2 14 "$dumpvars", 32'sb00000000000000000000000000000000, S_000002b1509b38c0 {0 0 0};
    %end;
    .thread T_18;
    .scope S_000002b1509b38c0;
T_19 ;
    %pushi/vec4 2, 0, 16;
    %assign/vec4 v000002b1509d8ec0_0, 0;
    %pushi/vec4 2, 0, 16;
    %assign/vec4 v000002b1509da220_0, 0;
    %pushi/vec4 2, 0, 16;
    %assign/vec4 v000002b1509d8a60_0, 0;
    %pushi/vec4 2, 0, 16;
    %assign/vec4 v000002b1509d9640_0, 0;
    %pushi/vec4 2, 0, 16;
    %assign/vec4 v000002b1509d9820_0, 0;
    %pushi/vec4 2, 0, 16;
    %assign/vec4 v000002b1509d9dc0_0, 0;
    %pushi/vec4 2, 0, 16;
    %assign/vec4 v000002b1509da180_0, 0;
    %pushi/vec4 2, 0, 16;
    %assign/vec4 v000002b1509d8880_0, 0;
    %pushi/vec4 2, 0, 16;
    %assign/vec4 v000002b1509d9e60_0, 0;
    %pushi/vec4 2, 0, 16;
    %assign/vec4 v000002b1509d9f00_0, 0;
    %pushi/vec4 2, 0, 16;
    %assign/vec4 v000002b1509d90a0_0, 0;
    %pushi/vec4 2, 0, 16;
    %assign/vec4 v000002b1509d9fa0_0, 0;
    %pushi/vec4 2, 0, 16;
    %assign/vec4 v000002b1509d9140_0, 0;
    %pushi/vec4 2, 0, 16;
    %assign/vec4 v000002b1509d9460_0, 0;
    %pushi/vec4 2, 0, 16;
    %assign/vec4 v000002b1509d9d20_0, 0;
    %pushi/vec4 2, 0, 16;
    %assign/vec4 v000002b1509d91e0_0, 0;
    %pushi/vec4 2, 0, 16;
    %assign/vec4 v000002b1509d8b00_0, 0;
    %pushi/vec4 2, 0, 16;
    %assign/vec4 v000002b1509da040_0, 0;
    %pushi/vec4 2, 0, 16;
    %assign/vec4 v000002b1509da680_0, 0;
    %pushi/vec4 2, 0, 16;
    %assign/vec4 v000002b1509da720_0, 0;
    %pushi/vec4 2, 0, 16;
    %assign/vec4 v000002b1509d9500_0, 0;
    %pushi/vec4 2, 0, 16;
    %assign/vec4 v000002b1509d95a0_0, 0;
    %delay 1000, 0;
    %vpi_call 2 48 "$display", "-----Output1 is %h-----", v000002b1509dbfb0_0 {0 0 0};
    %vpi_call 2 49 "$display", "-----Output2 is %h-----", v000002b1509da930_0 {0 0 0};
    %vpi_call 2 50 "$display", "-----Output3 is %h-----", v000002b1509dc0f0_0 {0 0 0};
    %vpi_call 2 51 "$display", "-----Output4 is %h-----", v000002b1509db010_0 {0 0 0};
    %delay 5000, 0;
    %pushi/vec4 6, 0, 16;
    %assign/vec4 v000002b1509d8ec0_0, 0;
    %pushi/vec4 10, 0, 16;
    %assign/vec4 v000002b1509da220_0, 0;
    %pushi/vec4 10, 0, 16;
    %assign/vec4 v000002b1509d8a60_0, 0;
    %pushi/vec4 6, 0, 16;
    %assign/vec4 v000002b1509d9640_0, 0;
    %pushi/vec4 6, 0, 16;
    %assign/vec4 v000002b1509d9820_0, 0;
    %pushi/vec4 6, 0, 16;
    %assign/vec4 v000002b1509d9dc0_0, 0;
    %pushi/vec4 10, 0, 16;
    %assign/vec4 v000002b1509da180_0, 0;
    %pushi/vec4 10, 0, 16;
    %assign/vec4 v000002b1509d8880_0, 0;
    %pushi/vec4 14, 0, 16;
    %assign/vec4 v000002b1509d9e60_0, 0;
    %pushi/vec4 14, 0, 16;
    %assign/vec4 v000002b1509d9f00_0, 0;
    %pushi/vec4 10, 0, 16;
    %assign/vec4 v000002b1509d90a0_0, 0;
    %pushi/vec4 10, 0, 16;
    %assign/vec4 v000002b1509d9fa0_0, 0;
    %pushi/vec4 6, 0, 16;
    %assign/vec4 v000002b1509d9140_0, 0;
    %pushi/vec4 3, 0, 16;
    %assign/vec4 v000002b1509d9460_0, 0;
    %pushi/vec4 3, 0, 16;
    %assign/vec4 v000002b1509d9d20_0, 0;
    %pushi/vec4 7, 0, 16;
    %assign/vec4 v000002b1509d91e0_0, 0;
    %pushi/vec4 6, 0, 16;
    %assign/vec4 v000002b1509d8b00_0, 0;
    %pushi/vec4 2, 0, 16;
    %assign/vec4 v000002b1509da040_0, 0;
    %pushi/vec4 14, 0, 16;
    %assign/vec4 v000002b1509da680_0, 0;
    %pushi/vec4 10, 0, 16;
    %assign/vec4 v000002b1509da720_0, 0;
    %pushi/vec4 10, 0, 16;
    %assign/vec4 v000002b1509d9500_0, 0;
    %pushi/vec4 6, 0, 16;
    %assign/vec4 v000002b1509d95a0_0, 0;
    %delay 1000, 0;
    %vpi_call 2 77 "$display", "\012-----Output1 is %h-----", v000002b1509dbfb0_0 {0 0 0};
    %vpi_call 2 78 "$display", "-----Output2 is %h-----", v000002b1509da930_0 {0 0 0};
    %vpi_call 2 79 "$display", "-----Output3 is %h-----", v000002b1509dc0f0_0 {0 0 0};
    %vpi_call 2 80 "$display", "-----Output4 is %h-----", v000002b1509db010_0 {0 0 0};
    %delay 5000, 0;
    %pushi/vec4 22, 0, 16;
    %assign/vec4 v000002b1509d8ec0_0, 0;
    %pushi/vec4 74, 0, 16;
    %assign/vec4 v000002b1509da220_0, 0;
    %pushi/vec4 74, 0, 16;
    %assign/vec4 v000002b1509d8a60_0, 0;
    %pushi/vec4 38, 0, 16;
    %assign/vec4 v000002b1509d9640_0, 0;
    %pushi/vec4 198, 0, 16;
    %assign/vec4 v000002b1509d9820_0, 0;
    %pushi/vec4 38, 0, 16;
    %assign/vec4 v000002b1509d9dc0_0, 0;
    %pushi/vec4 42, 0, 16;
    %assign/vec4 v000002b1509da180_0, 0;
    %pushi/vec4 106, 0, 16;
    %assign/vec4 v000002b1509d8880_0, 0;
    %pushi/vec4 62, 0, 16;
    %assign/vec4 v000002b1509d9e60_0, 0;
    %pushi/vec4 30, 0, 16;
    %assign/vec4 v000002b1509d9f00_0, 0;
    %pushi/vec4 74, 0, 16;
    %assign/vec4 v000002b1509d90a0_0, 0;
    %pushi/vec4 138, 0, 16;
    %assign/vec4 v000002b1509d9fa0_0, 0;
    %pushi/vec4 70, 0, 16;
    %assign/vec4 v000002b1509d9140_0, 0;
    %pushi/vec4 67, 0, 16;
    %assign/vec4 v000002b1509d9460_0, 0;
    %pushi/vec4 195, 0, 16;
    %assign/vec4 v000002b1509d9d20_0, 0;
    %pushi/vec4 71, 0, 16;
    %assign/vec4 v000002b1509d91e0_0, 0;
    %pushi/vec4 38, 0, 16;
    %assign/vec4 v000002b1509d8b00_0, 0;
    %pushi/vec4 66, 0, 16;
    %assign/vec4 v000002b1509da040_0, 0;
    %pushi/vec4 46, 0, 16;
    %assign/vec4 v000002b1509da680_0, 0;
    %pushi/vec4 74, 0, 16;
    %assign/vec4 v000002b1509da720_0, 0;
    %pushi/vec4 42, 0, 16;
    %assign/vec4 v000002b1509d9500_0, 0;
    %pushi/vec4 198, 0, 16;
    %assign/vec4 v000002b1509d95a0_0, 0;
    %delay 1000, 0;
    %vpi_call 2 106 "$display", "\012-----Output1 is %h-----", v000002b1509dbfb0_0 {0 0 0};
    %vpi_call 2 107 "$display", "-----Output2 is %h-----", v000002b1509da930_0 {0 0 0};
    %vpi_call 2 108 "$display", "-----Output3 is %h-----", v000002b1509dc0f0_0 {0 0 0};
    %vpi_call 2 109 "$display", "-----Output4 is %h-----", v000002b1509db010_0 {0 0 0};
    %delay 10000, 0;
    %vpi_call 2 111 "$finish" {0 0 0};
    %end;
    .thread T_19;
# The file index is used to find the file name in the following table.
:file_names 5;
    "N/A";
    "<interactive>";
    "alu_tb.v";
    "./sigmoid_32bit.v";
    "./alu.v";
