#! /c/Source/iverilog-install/bin/vvp
:ivl_version "12.0 (devel)" "(s20150603-1110-g18392a46)";
:ivl_delay_selection "TYPICAL";
:vpi_time_precision - 12;
:vpi_module "C:\iverilog\lib\ivl\system.vpi";
:vpi_module "C:\iverilog\lib\ivl\vhdl_sys.vpi";
:vpi_module "C:\iverilog\lib\ivl\vhdl_textio.vpi";
:vpi_module "C:\iverilog\lib\ivl\v2005_math.vpi";
:vpi_module "C:\iverilog\lib\ivl\va_math.vpi";
S_000001cb0d838ef0 .scope module, "neural_network_tb" "neural_network_tb" 2 5;
 .timescale -9 -12;
v000001cb0d8acd40_0 .var "in0", 15 0;
v000001cb0d8ac8e0_0 .var "in1", 15 0;
v000001cb0d8ab940_0 .var "in10", 15 0;
v000001cb0d8abe40_0 .var "in11", 15 0;
v000001cb0d8acfc0_0 .var "in12", 15 0;
v000001cb0d8acc00_0 .var "in13", 15 0;
v000001cb0d8ac160_0 .var "in14", 15 0;
v000001cb0d8abbc0_0 .var "in15", 15 0;
v000001cb0d8ad560_0 .var "in16", 15 0;
v000001cb0d8ad420_0 .var "in17", 15 0;
v000001cb0d8abc60_0 .var "in18", 15 0;
v000001cb0d8abd00_0 .var "in19", 15 0;
v000001cb0d8ac980_0 .var "in2", 15 0;
v000001cb0d8ac660_0 .var "in20", 15 0;
v000001cb0d8ac340_0 .var "in21", 15 0;
v000001cb0d8aca20_0 .var "in3", 15 0;
v000001cb0d8ab9e0_0 .var "in4", 15 0;
v000001cb0d8abda0_0 .var "in5", 15 0;
v000001cb0d8ac520_0 .var "in6", 15 0;
v000001cb0d8ad6a0_0 .var "in7", 15 0;
v000001cb0d8aba80_0 .var "in8", 15 0;
v000001cb0d8ad380_0 .var "in9", 15 0;
v000001cb0d8acde0_0 .net "out1", 31 0, v000001cb0d8a61a0_0;  1 drivers
v000001cb0d8ad060_0 .net "out2", 31 0, v000001cb0d8a6ba0_0;  1 drivers
v000001cb0d8ad100_0 .net "out3", 31 0, v000001cb0d8aa8e0_0;  1 drivers
v000001cb0d8ac5c0_0 .net "out4", 31 0, v000001cb0d8a9ee0_0;  1 drivers
S_000001cb0d841460 .scope module, "N1" "neural_network" 2 15, 3 6 0, S_000001cb0d838ef0;
 .timescale -9 -12;
    .port_info 0 /INPUT 16 "in0";
    .port_info 1 /INPUT 16 "in1";
    .port_info 2 /INPUT 16 "in2";
    .port_info 3 /INPUT 16 "in3";
    .port_info 4 /INPUT 16 "in4";
    .port_info 5 /INPUT 16 "in5";
    .port_info 6 /INPUT 16 "in6";
    .port_info 7 /INPUT 16 "in7";
    .port_info 8 /INPUT 16 "in8";
    .port_info 9 /INPUT 16 "in9";
    .port_info 10 /INPUT 16 "in10";
    .port_info 11 /INPUT 16 "in11";
    .port_info 12 /INPUT 16 "in12";
    .port_info 13 /INPUT 16 "in13";
    .port_info 14 /INPUT 16 "in14";
    .port_info 15 /INPUT 16 "in15";
    .port_info 16 /INPUT 16 "in16";
    .port_info 17 /INPUT 16 "in17";
    .port_info 18 /INPUT 16 "in18";
    .port_info 19 /INPUT 16 "in19";
    .port_info 20 /INPUT 16 "in20";
    .port_info 21 /INPUT 16 "in21";
    .port_info 22 /OUTPUT 32 "outs1";
    .port_info 23 /OUTPUT 32 "outs2";
    .port_info 24 /OUTPUT 32 "outs3";
    .port_info 25 /OUTPUT 32 "outs4";
v000001cb0d8a9d00_0 .net "in0", 15 0, v000001cb0d8acd40_0;  1 drivers
v000001cb0d8aaca0_0 .net "in1", 15 0, v000001cb0d8ac8e0_0;  1 drivers
v000001cb0d8a9620_0 .net "in10", 15 0, v000001cb0d8ab940_0;  1 drivers
v000001cb0d8a9260_0 .net "in11", 15 0, v000001cb0d8abe40_0;  1 drivers
v000001cb0d8a96c0_0 .net "in12", 15 0, v000001cb0d8acfc0_0;  1 drivers
v000001cb0d8aade0_0 .net "in13", 15 0, v000001cb0d8acc00_0;  1 drivers
v000001cb0d8a9120_0 .net "in14", 15 0, v000001cb0d8ac160_0;  1 drivers
v000001cb0d8a9760_0 .net "in15", 15 0, v000001cb0d8abbc0_0;  1 drivers
v000001cb0d8a9f80_0 .net "in16", 15 0, v000001cb0d8ad560_0;  1 drivers
v000001cb0d8aa0c0_0 .net "in17", 15 0, v000001cb0d8ad420_0;  1 drivers
v000001cb0d8aa3e0_0 .net "in18", 15 0, v000001cb0d8abc60_0;  1 drivers
v000001cb0d8aa340_0 .net "in19", 15 0, v000001cb0d8abd00_0;  1 drivers
v000001cb0d8aa7a0_0 .net "in2", 15 0, v000001cb0d8ac980_0;  1 drivers
v000001cb0d8aa480_0 .net "in20", 15 0, v000001cb0d8ac660_0;  1 drivers
v000001cb0d8aa840_0 .net "in21", 15 0, v000001cb0d8ac340_0;  1 drivers
v000001cb0d8a9440_0 .net "in3", 15 0, v000001cb0d8aca20_0;  1 drivers
v000001cb0d8aab60_0 .net "in4", 15 0, v000001cb0d8ab9e0_0;  1 drivers
v000001cb0d8aad40_0 .net "in5", 15 0, v000001cb0d8abda0_0;  1 drivers
v000001cb0d8a93a0_0 .net "in6", 15 0, v000001cb0d8ac520_0;  1 drivers
v000001cb0d8a94e0_0 .net "in7", 15 0, v000001cb0d8ad6a0_0;  1 drivers
v000001cb0d8a9580_0 .net "in8", 15 0, v000001cb0d8aba80_0;  1 drivers
v000001cb0d8a9800_0 .net "in9", 15 0, v000001cb0d8ad380_0;  1 drivers
v000001cb0d8a98a0_0 .net "outs1", 31 0, v000001cb0d8a61a0_0;  alias, 1 drivers
v000001cb0d8ace80_0 .net "outs2", 31 0, v000001cb0d8a6ba0_0;  alias, 1 drivers
v000001cb0d8ac480_0 .net "outs3", 31 0, v000001cb0d8aa8e0_0;  alias, 1 drivers
v000001cb0d8ac2a0_0 .net "outs4", 31 0, v000001cb0d8a9ee0_0;  alias, 1 drivers
v000001cb0d8acf20_0 .net "temp1", 31 0, v000001cb0d8a6b00_0;  1 drivers
v000001cb0d8abb20_0 .net "temp2", 31 0, v000001cb0d8a7d20_0;  1 drivers
v000001cb0d8ac200_0 .net "temp3", 31 0, v000001cb0d8a6560_0;  1 drivers
v000001cb0d8ad1a0_0 .net "temp4", 31 0, v000001cb0d8a7a00_0;  1 drivers
S_000001cb0d7dbfd0 .scope module, "A1" "alu" 3 13, 4 3 0, S_000001cb0d841460;
 .timescale -9 -12;
    .port_info 0 /INPUT 16 "in0";
    .port_info 1 /INPUT 16 "in1";
    .port_info 2 /INPUT 16 "in2";
    .port_info 3 /INPUT 16 "in3";
    .port_info 4 /INPUT 16 "in4";
    .port_info 5 /INPUT 16 "in5";
    .port_info 6 /INPUT 16 "in6";
    .port_info 7 /INPUT 16 "in7";
    .port_info 8 /INPUT 16 "in8";
    .port_info 9 /INPUT 16 "in9";
    .port_info 10 /INPUT 16 "in10";
    .port_info 11 /INPUT 16 "in11";
    .port_info 12 /INPUT 16 "in12";
    .port_info 13 /INPUT 16 "in13";
    .port_info 14 /INPUT 16 "in14";
    .port_info 15 /INPUT 16 "in15";
    .port_info 16 /INPUT 16 "in16";
    .port_info 17 /INPUT 16 "in17";
    .port_info 18 /INPUT 16 "in18";
    .port_info 19 /INPUT 16 "in19";
    .port_info 20 /INPUT 16 "in20";
    .port_info 21 /INPUT 16 "in21";
    .port_info 22 /OUTPUT 32 "out1";
    .port_info 23 /OUTPUT 32 "out2";
    .port_info 24 /OUTPUT 32 "out3";
    .port_info 25 /OUTPUT 32 "out4";
v000001cb0d8381c0 .array "baise", 3 0, 31 0;
v000001cb0d837c20_0 .var/i "i", 31 0;
v000001cb0d838580_0 .net "in0", 15 0, v000001cb0d8acd40_0;  alias, 1 drivers
v000001cb0d837ea0_0 .net "in1", 15 0, v000001cb0d8ac8e0_0;  alias, 1 drivers
v000001cb0d8384e0_0 .net "in10", 15 0, v000001cb0d8ab940_0;  alias, 1 drivers
v000001cb0d8383a0_0 .net "in11", 15 0, v000001cb0d8abe40_0;  alias, 1 drivers
v000001cb0d838760_0 .net "in12", 15 0, v000001cb0d8acfc0_0;  alias, 1 drivers
v000001cb0d838b20_0 .net "in13", 15 0, v000001cb0d8acc00_0;  alias, 1 drivers
v000001cb0d838260_0 .net "in14", 15 0, v000001cb0d8ac160_0;  alias, 1 drivers
v000001cb0d838620_0 .net "in15", 15 0, v000001cb0d8abbc0_0;  alias, 1 drivers
v000001cb0d837f40_0 .net "in16", 15 0, v000001cb0d8ad560_0;  alias, 1 drivers
v000001cb0d837cc0_0 .net "in17", 15 0, v000001cb0d8ad420_0;  alias, 1 drivers
v000001cb0d838800_0 .net "in18", 15 0, v000001cb0d8abc60_0;  alias, 1 drivers
v000001cb0d837e00_0 .net "in19", 15 0, v000001cb0d8abd00_0;  alias, 1 drivers
v000001cb0d837fe0_0 .net "in2", 15 0, v000001cb0d8ac980_0;  alias, 1 drivers
v000001cb0d8388a0_0 .net "in20", 15 0, v000001cb0d8ac660_0;  alias, 1 drivers
v000001cb0d838300_0 .net "in21", 15 0, v000001cb0d8ac340_0;  alias, 1 drivers
v000001cb0d838440_0 .net "in3", 15 0, v000001cb0d8aca20_0;  alias, 1 drivers
v000001cb0d838940_0 .net "in4", 15 0, v000001cb0d8ab9e0_0;  alias, 1 drivers
v000001cb0d8389e0_0 .net "in5", 15 0, v000001cb0d8abda0_0;  alias, 1 drivers
v000001cb0d837d60_0 .net "in6", 15 0, v000001cb0d8ac520_0;  alias, 1 drivers
v000001cb0d838080_0 .net "in7", 15 0, v000001cb0d8ad6a0_0;  alias, 1 drivers
v000001cb0d838120_0 .net "in8", 15 0, v000001cb0d8aba80_0;  alias, 1 drivers
v000001cb0d8a6380_0 .net "in9", 15 0, v000001cb0d8ad380_0;  alias, 1 drivers
v000001cb0d8a64c0 .array "mul1", 21 0, 31 0;
v000001cb0d8a7dc0 .array "mul2", 21 0, 31 0;
v000001cb0d8a7140 .array "mul3", 21 0, 31 0;
v000001cb0d8a7960 .array "mul4", 21 0, 31 0;
v000001cb0d8a6b00_0 .var "out1", 31 0;
v000001cb0d8a7d20_0 .var "out2", 31 0;
v000001cb0d8a6560_0 .var "out3", 31 0;
v000001cb0d8a7a00_0 .var "out4", 31 0;
v000001cb0d8a6a60 .array "weights1", 21 0, 15 0;
v000001cb0d8a7be0 .array "weights2", 21 0, 15 0;
v000001cb0d8a6600 .array "weights3", 21 0, 15 0;
v000001cb0d8a66a0 .array "weights4", 21 0, 15 0;
v000001cb0d8a66a0_0 .array/port v000001cb0d8a66a0, 0;
v000001cb0d8a66a0_1 .array/port v000001cb0d8a66a0, 1;
v000001cb0d8a66a0_2 .array/port v000001cb0d8a66a0, 2;
v000001cb0d8a66a0_3 .array/port v000001cb0d8a66a0, 3;
E_000001cb0d83b320/0 .event anyedge, v000001cb0d8a66a0_0, v000001cb0d8a66a0_1, v000001cb0d8a66a0_2, v000001cb0d8a66a0_3;
v000001cb0d8a66a0_4 .array/port v000001cb0d8a66a0, 4;
v000001cb0d8a66a0_5 .array/port v000001cb0d8a66a0, 5;
v000001cb0d8a66a0_6 .array/port v000001cb0d8a66a0, 6;
v000001cb0d8a66a0_7 .array/port v000001cb0d8a66a0, 7;
E_000001cb0d83b320/1 .event anyedge, v000001cb0d8a66a0_4, v000001cb0d8a66a0_5, v000001cb0d8a66a0_6, v000001cb0d8a66a0_7;
v000001cb0d8a66a0_8 .array/port v000001cb0d8a66a0, 8;
v000001cb0d8a66a0_9 .array/port v000001cb0d8a66a0, 9;
v000001cb0d8a66a0_10 .array/port v000001cb0d8a66a0, 10;
v000001cb0d8a66a0_11 .array/port v000001cb0d8a66a0, 11;
E_000001cb0d83b320/2 .event anyedge, v000001cb0d8a66a0_8, v000001cb0d8a66a0_9, v000001cb0d8a66a0_10, v000001cb0d8a66a0_11;
v000001cb0d8a66a0_12 .array/port v000001cb0d8a66a0, 12;
v000001cb0d8a66a0_13 .array/port v000001cb0d8a66a0, 13;
v000001cb0d8a66a0_14 .array/port v000001cb0d8a66a0, 14;
v000001cb0d8a66a0_15 .array/port v000001cb0d8a66a0, 15;
E_000001cb0d83b320/3 .event anyedge, v000001cb0d8a66a0_12, v000001cb0d8a66a0_13, v000001cb0d8a66a0_14, v000001cb0d8a66a0_15;
v000001cb0d8a66a0_16 .array/port v000001cb0d8a66a0, 16;
v000001cb0d8a66a0_17 .array/port v000001cb0d8a66a0, 17;
v000001cb0d8a66a0_18 .array/port v000001cb0d8a66a0, 18;
v000001cb0d8a66a0_19 .array/port v000001cb0d8a66a0, 19;
E_000001cb0d83b320/4 .event anyedge, v000001cb0d8a66a0_16, v000001cb0d8a66a0_17, v000001cb0d8a66a0_18, v000001cb0d8a66a0_19;
v000001cb0d8a66a0_20 .array/port v000001cb0d8a66a0, 20;
v000001cb0d8a66a0_21 .array/port v000001cb0d8a66a0, 21;
E_000001cb0d83b320/5 .event anyedge, v000001cb0d8a66a0_20, v000001cb0d8a66a0_21, v000001cb0d838580_0, v000001cb0d837ea0_0;
E_000001cb0d83b320/6 .event anyedge, v000001cb0d837fe0_0, v000001cb0d838440_0, v000001cb0d838940_0, v000001cb0d8389e0_0;
E_000001cb0d83b320/7 .event anyedge, v000001cb0d837d60_0, v000001cb0d838080_0, v000001cb0d838120_0, v000001cb0d8a6380_0;
E_000001cb0d83b320/8 .event anyedge, v000001cb0d8384e0_0, v000001cb0d8383a0_0, v000001cb0d838760_0, v000001cb0d838b20_0;
E_000001cb0d83b320/9 .event anyedge, v000001cb0d838260_0, v000001cb0d838620_0, v000001cb0d837f40_0, v000001cb0d837cc0_0;
E_000001cb0d83b320/10 .event anyedge, v000001cb0d838800_0, v000001cb0d837e00_0, v000001cb0d8388a0_0, v000001cb0d838300_0;
v000001cb0d8381c0_0 .array/port v000001cb0d8381c0, 0;
v000001cb0d8381c0_1 .array/port v000001cb0d8381c0, 1;
v000001cb0d8381c0_2 .array/port v000001cb0d8381c0, 2;
v000001cb0d8381c0_3 .array/port v000001cb0d8381c0, 3;
E_000001cb0d83b320/11 .event anyedge, v000001cb0d8381c0_0, v000001cb0d8381c0_1, v000001cb0d8381c0_2, v000001cb0d8381c0_3;
v000001cb0d8a7960_0 .array/port v000001cb0d8a7960, 0;
v000001cb0d8a7960_1 .array/port v000001cb0d8a7960, 1;
v000001cb0d8a7960_2 .array/port v000001cb0d8a7960, 2;
v000001cb0d8a7960_3 .array/port v000001cb0d8a7960, 3;
E_000001cb0d83b320/12 .event anyedge, v000001cb0d8a7960_0, v000001cb0d8a7960_1, v000001cb0d8a7960_2, v000001cb0d8a7960_3;
v000001cb0d8a7960_4 .array/port v000001cb0d8a7960, 4;
v000001cb0d8a7960_5 .array/port v000001cb0d8a7960, 5;
v000001cb0d8a7960_6 .array/port v000001cb0d8a7960, 6;
v000001cb0d8a7960_7 .array/port v000001cb0d8a7960, 7;
E_000001cb0d83b320/13 .event anyedge, v000001cb0d8a7960_4, v000001cb0d8a7960_5, v000001cb0d8a7960_6, v000001cb0d8a7960_7;
v000001cb0d8a7960_8 .array/port v000001cb0d8a7960, 8;
v000001cb0d8a7960_9 .array/port v000001cb0d8a7960, 9;
v000001cb0d8a7960_10 .array/port v000001cb0d8a7960, 10;
v000001cb0d8a7960_11 .array/port v000001cb0d8a7960, 11;
E_000001cb0d83b320/14 .event anyedge, v000001cb0d8a7960_8, v000001cb0d8a7960_9, v000001cb0d8a7960_10, v000001cb0d8a7960_11;
v000001cb0d8a7960_12 .array/port v000001cb0d8a7960, 12;
v000001cb0d8a7960_13 .array/port v000001cb0d8a7960, 13;
v000001cb0d8a7960_14 .array/port v000001cb0d8a7960, 14;
v000001cb0d8a7960_15 .array/port v000001cb0d8a7960, 15;
E_000001cb0d83b320/15 .event anyedge, v000001cb0d8a7960_12, v000001cb0d8a7960_13, v000001cb0d8a7960_14, v000001cb0d8a7960_15;
v000001cb0d8a7960_16 .array/port v000001cb0d8a7960, 16;
v000001cb0d8a7960_17 .array/port v000001cb0d8a7960, 17;
v000001cb0d8a7960_18 .array/port v000001cb0d8a7960, 18;
v000001cb0d8a7960_19 .array/port v000001cb0d8a7960, 19;
E_000001cb0d83b320/16 .event anyedge, v000001cb0d8a7960_16, v000001cb0d8a7960_17, v000001cb0d8a7960_18, v000001cb0d8a7960_19;
v000001cb0d8a7960_20 .array/port v000001cb0d8a7960, 20;
v000001cb0d8a7960_21 .array/port v000001cb0d8a7960, 21;
E_000001cb0d83b320/17 .event anyedge, v000001cb0d8a7960_20, v000001cb0d8a7960_21;
E_000001cb0d83b320 .event/or E_000001cb0d83b320/0, E_000001cb0d83b320/1, E_000001cb0d83b320/2, E_000001cb0d83b320/3, E_000001cb0d83b320/4, E_000001cb0d83b320/5, E_000001cb0d83b320/6, E_000001cb0d83b320/7, E_000001cb0d83b320/8, E_000001cb0d83b320/9, E_000001cb0d83b320/10, E_000001cb0d83b320/11, E_000001cb0d83b320/12, E_000001cb0d83b320/13, E_000001cb0d83b320/14, E_000001cb0d83b320/15, E_000001cb0d83b320/16, E_000001cb0d83b320/17;
v000001cb0d8a6600_0 .array/port v000001cb0d8a6600, 0;
v000001cb0d8a6600_1 .array/port v000001cb0d8a6600, 1;
v000001cb0d8a6600_2 .array/port v000001cb0d8a6600, 2;
v000001cb0d8a6600_3 .array/port v000001cb0d8a6600, 3;
E_000001cb0d83b460/0 .event anyedge, v000001cb0d8a6600_0, v000001cb0d8a6600_1, v000001cb0d8a6600_2, v000001cb0d8a6600_3;
v000001cb0d8a6600_4 .array/port v000001cb0d8a6600, 4;
v000001cb0d8a6600_5 .array/port v000001cb0d8a6600, 5;
v000001cb0d8a6600_6 .array/port v000001cb0d8a6600, 6;
v000001cb0d8a6600_7 .array/port v000001cb0d8a6600, 7;
E_000001cb0d83b460/1 .event anyedge, v000001cb0d8a6600_4, v000001cb0d8a6600_5, v000001cb0d8a6600_6, v000001cb0d8a6600_7;
v000001cb0d8a6600_8 .array/port v000001cb0d8a6600, 8;
v000001cb0d8a6600_9 .array/port v000001cb0d8a6600, 9;
v000001cb0d8a6600_10 .array/port v000001cb0d8a6600, 10;
v000001cb0d8a6600_11 .array/port v000001cb0d8a6600, 11;
E_000001cb0d83b460/2 .event anyedge, v000001cb0d8a6600_8, v000001cb0d8a6600_9, v000001cb0d8a6600_10, v000001cb0d8a6600_11;
v000001cb0d8a6600_12 .array/port v000001cb0d8a6600, 12;
v000001cb0d8a6600_13 .array/port v000001cb0d8a6600, 13;
v000001cb0d8a6600_14 .array/port v000001cb0d8a6600, 14;
v000001cb0d8a6600_15 .array/port v000001cb0d8a6600, 15;
E_000001cb0d83b460/3 .event anyedge, v000001cb0d8a6600_12, v000001cb0d8a6600_13, v000001cb0d8a6600_14, v000001cb0d8a6600_15;
v000001cb0d8a6600_16 .array/port v000001cb0d8a6600, 16;
v000001cb0d8a6600_17 .array/port v000001cb0d8a6600, 17;
v000001cb0d8a6600_18 .array/port v000001cb0d8a6600, 18;
v000001cb0d8a6600_19 .array/port v000001cb0d8a6600, 19;
E_000001cb0d83b460/4 .event anyedge, v000001cb0d8a6600_16, v000001cb0d8a6600_17, v000001cb0d8a6600_18, v000001cb0d8a6600_19;
v000001cb0d8a6600_20 .array/port v000001cb0d8a6600, 20;
v000001cb0d8a6600_21 .array/port v000001cb0d8a6600, 21;
E_000001cb0d83b460/5 .event anyedge, v000001cb0d8a6600_20, v000001cb0d8a6600_21, v000001cb0d838580_0, v000001cb0d837ea0_0;
E_000001cb0d83b460/6 .event anyedge, v000001cb0d837fe0_0, v000001cb0d838440_0, v000001cb0d838940_0, v000001cb0d8389e0_0;
E_000001cb0d83b460/7 .event anyedge, v000001cb0d837d60_0, v000001cb0d838080_0, v000001cb0d838120_0, v000001cb0d8a6380_0;
E_000001cb0d83b460/8 .event anyedge, v000001cb0d8384e0_0, v000001cb0d8383a0_0, v000001cb0d838760_0, v000001cb0d838b20_0;
E_000001cb0d83b460/9 .event anyedge, v000001cb0d838260_0, v000001cb0d838620_0, v000001cb0d837f40_0, v000001cb0d837cc0_0;
E_000001cb0d83b460/10 .event anyedge, v000001cb0d838800_0, v000001cb0d837e00_0, v000001cb0d8388a0_0, v000001cb0d838300_0;
E_000001cb0d83b460/11 .event anyedge, v000001cb0d8381c0_0, v000001cb0d8381c0_1, v000001cb0d8381c0_2, v000001cb0d8381c0_3;
v000001cb0d8a7140_0 .array/port v000001cb0d8a7140, 0;
v000001cb0d8a7140_1 .array/port v000001cb0d8a7140, 1;
v000001cb0d8a7140_2 .array/port v000001cb0d8a7140, 2;
v000001cb0d8a7140_3 .array/port v000001cb0d8a7140, 3;
E_000001cb0d83b460/12 .event anyedge, v000001cb0d8a7140_0, v000001cb0d8a7140_1, v000001cb0d8a7140_2, v000001cb0d8a7140_3;
v000001cb0d8a7140_4 .array/port v000001cb0d8a7140, 4;
v000001cb0d8a7140_5 .array/port v000001cb0d8a7140, 5;
v000001cb0d8a7140_6 .array/port v000001cb0d8a7140, 6;
v000001cb0d8a7140_7 .array/port v000001cb0d8a7140, 7;
E_000001cb0d83b460/13 .event anyedge, v000001cb0d8a7140_4, v000001cb0d8a7140_5, v000001cb0d8a7140_6, v000001cb0d8a7140_7;
v000001cb0d8a7140_8 .array/port v000001cb0d8a7140, 8;
v000001cb0d8a7140_9 .array/port v000001cb0d8a7140, 9;
v000001cb0d8a7140_10 .array/port v000001cb0d8a7140, 10;
v000001cb0d8a7140_11 .array/port v000001cb0d8a7140, 11;
E_000001cb0d83b460/14 .event anyedge, v000001cb0d8a7140_8, v000001cb0d8a7140_9, v000001cb0d8a7140_10, v000001cb0d8a7140_11;
v000001cb0d8a7140_12 .array/port v000001cb0d8a7140, 12;
v000001cb0d8a7140_13 .array/port v000001cb0d8a7140, 13;
v000001cb0d8a7140_14 .array/port v000001cb0d8a7140, 14;
v000001cb0d8a7140_15 .array/port v000001cb0d8a7140, 15;
E_000001cb0d83b460/15 .event anyedge, v000001cb0d8a7140_12, v000001cb0d8a7140_13, v000001cb0d8a7140_14, v000001cb0d8a7140_15;
v000001cb0d8a7140_16 .array/port v000001cb0d8a7140, 16;
v000001cb0d8a7140_17 .array/port v000001cb0d8a7140, 17;
v000001cb0d8a7140_18 .array/port v000001cb0d8a7140, 18;
v000001cb0d8a7140_19 .array/port v000001cb0d8a7140, 19;
E_000001cb0d83b460/16 .event anyedge, v000001cb0d8a7140_16, v000001cb0d8a7140_17, v000001cb0d8a7140_18, v000001cb0d8a7140_19;
v000001cb0d8a7140_20 .array/port v000001cb0d8a7140, 20;
v000001cb0d8a7140_21 .array/port v000001cb0d8a7140, 21;
E_000001cb0d83b460/17 .event anyedge, v000001cb0d8a7140_20, v000001cb0d8a7140_21;
E_000001cb0d83b460 .event/or E_000001cb0d83b460/0, E_000001cb0d83b460/1, E_000001cb0d83b460/2, E_000001cb0d83b460/3, E_000001cb0d83b460/4, E_000001cb0d83b460/5, E_000001cb0d83b460/6, E_000001cb0d83b460/7, E_000001cb0d83b460/8, E_000001cb0d83b460/9, E_000001cb0d83b460/10, E_000001cb0d83b460/11, E_000001cb0d83b460/12, E_000001cb0d83b460/13, E_000001cb0d83b460/14, E_000001cb0d83b460/15, E_000001cb0d83b460/16, E_000001cb0d83b460/17;
v000001cb0d8a7be0_0 .array/port v000001cb0d8a7be0, 0;
v000001cb0d8a7be0_1 .array/port v000001cb0d8a7be0, 1;
v000001cb0d8a7be0_2 .array/port v000001cb0d8a7be0, 2;
v000001cb0d8a7be0_3 .array/port v000001cb0d8a7be0, 3;
E_000001cb0d83b2a0/0 .event anyedge, v000001cb0d8a7be0_0, v000001cb0d8a7be0_1, v000001cb0d8a7be0_2, v000001cb0d8a7be0_3;
v000001cb0d8a7be0_4 .array/port v000001cb0d8a7be0, 4;
v000001cb0d8a7be0_5 .array/port v000001cb0d8a7be0, 5;
v000001cb0d8a7be0_6 .array/port v000001cb0d8a7be0, 6;
v000001cb0d8a7be0_7 .array/port v000001cb0d8a7be0, 7;
E_000001cb0d83b2a0/1 .event anyedge, v000001cb0d8a7be0_4, v000001cb0d8a7be0_5, v000001cb0d8a7be0_6, v000001cb0d8a7be0_7;
v000001cb0d8a7be0_8 .array/port v000001cb0d8a7be0, 8;
v000001cb0d8a7be0_9 .array/port v000001cb0d8a7be0, 9;
v000001cb0d8a7be0_10 .array/port v000001cb0d8a7be0, 10;
v000001cb0d8a7be0_11 .array/port v000001cb0d8a7be0, 11;
E_000001cb0d83b2a0/2 .event anyedge, v000001cb0d8a7be0_8, v000001cb0d8a7be0_9, v000001cb0d8a7be0_10, v000001cb0d8a7be0_11;
v000001cb0d8a7be0_12 .array/port v000001cb0d8a7be0, 12;
v000001cb0d8a7be0_13 .array/port v000001cb0d8a7be0, 13;
v000001cb0d8a7be0_14 .array/port v000001cb0d8a7be0, 14;
v000001cb0d8a7be0_15 .array/port v000001cb0d8a7be0, 15;
E_000001cb0d83b2a0/3 .event anyedge, v000001cb0d8a7be0_12, v000001cb0d8a7be0_13, v000001cb0d8a7be0_14, v000001cb0d8a7be0_15;
v000001cb0d8a7be0_16 .array/port v000001cb0d8a7be0, 16;
v000001cb0d8a7be0_17 .array/port v000001cb0d8a7be0, 17;
v000001cb0d8a7be0_18 .array/port v000001cb0d8a7be0, 18;
v000001cb0d8a7be0_19 .array/port v000001cb0d8a7be0, 19;
E_000001cb0d83b2a0/4 .event anyedge, v000001cb0d8a7be0_16, v000001cb0d8a7be0_17, v000001cb0d8a7be0_18, v000001cb0d8a7be0_19;
v000001cb0d8a7be0_20 .array/port v000001cb0d8a7be0, 20;
v000001cb0d8a7be0_21 .array/port v000001cb0d8a7be0, 21;
E_000001cb0d83b2a0/5 .event anyedge, v000001cb0d8a7be0_20, v000001cb0d8a7be0_21, v000001cb0d838580_0, v000001cb0d837ea0_0;
E_000001cb0d83b2a0/6 .event anyedge, v000001cb0d837fe0_0, v000001cb0d838440_0, v000001cb0d838940_0, v000001cb0d8389e0_0;
E_000001cb0d83b2a0/7 .event anyedge, v000001cb0d837d60_0, v000001cb0d838080_0, v000001cb0d838120_0, v000001cb0d8a6380_0;
E_000001cb0d83b2a0/8 .event anyedge, v000001cb0d8384e0_0, v000001cb0d8383a0_0, v000001cb0d838760_0, v000001cb0d838b20_0;
E_000001cb0d83b2a0/9 .event anyedge, v000001cb0d838260_0, v000001cb0d838620_0, v000001cb0d837f40_0, v000001cb0d837cc0_0;
E_000001cb0d83b2a0/10 .event anyedge, v000001cb0d838800_0, v000001cb0d837e00_0, v000001cb0d8388a0_0, v000001cb0d838300_0;
E_000001cb0d83b2a0/11 .event anyedge, v000001cb0d8381c0_0, v000001cb0d8381c0_1, v000001cb0d8381c0_2, v000001cb0d8381c0_3;
v000001cb0d8a7dc0_0 .array/port v000001cb0d8a7dc0, 0;
v000001cb0d8a7dc0_1 .array/port v000001cb0d8a7dc0, 1;
v000001cb0d8a7dc0_2 .array/port v000001cb0d8a7dc0, 2;
v000001cb0d8a7dc0_3 .array/port v000001cb0d8a7dc0, 3;
E_000001cb0d83b2a0/12 .event anyedge, v000001cb0d8a7dc0_0, v000001cb0d8a7dc0_1, v000001cb0d8a7dc0_2, v000001cb0d8a7dc0_3;
v000001cb0d8a7dc0_4 .array/port v000001cb0d8a7dc0, 4;
v000001cb0d8a7dc0_5 .array/port v000001cb0d8a7dc0, 5;
v000001cb0d8a7dc0_6 .array/port v000001cb0d8a7dc0, 6;
v000001cb0d8a7dc0_7 .array/port v000001cb0d8a7dc0, 7;
E_000001cb0d83b2a0/13 .event anyedge, v000001cb0d8a7dc0_4, v000001cb0d8a7dc0_5, v000001cb0d8a7dc0_6, v000001cb0d8a7dc0_7;
v000001cb0d8a7dc0_8 .array/port v000001cb0d8a7dc0, 8;
v000001cb0d8a7dc0_9 .array/port v000001cb0d8a7dc0, 9;
v000001cb0d8a7dc0_10 .array/port v000001cb0d8a7dc0, 10;
v000001cb0d8a7dc0_11 .array/port v000001cb0d8a7dc0, 11;
E_000001cb0d83b2a0/14 .event anyedge, v000001cb0d8a7dc0_8, v000001cb0d8a7dc0_9, v000001cb0d8a7dc0_10, v000001cb0d8a7dc0_11;
v000001cb0d8a7dc0_12 .array/port v000001cb0d8a7dc0, 12;
v000001cb0d8a7dc0_13 .array/port v000001cb0d8a7dc0, 13;
v000001cb0d8a7dc0_14 .array/port v000001cb0d8a7dc0, 14;
v000001cb0d8a7dc0_15 .array/port v000001cb0d8a7dc0, 15;
E_000001cb0d83b2a0/15 .event anyedge, v000001cb0d8a7dc0_12, v000001cb0d8a7dc0_13, v000001cb0d8a7dc0_14, v000001cb0d8a7dc0_15;
v000001cb0d8a7dc0_16 .array/port v000001cb0d8a7dc0, 16;
v000001cb0d8a7dc0_17 .array/port v000001cb0d8a7dc0, 17;
v000001cb0d8a7dc0_18 .array/port v000001cb0d8a7dc0, 18;
v000001cb0d8a7dc0_19 .array/port v000001cb0d8a7dc0, 19;
E_000001cb0d83b2a0/16 .event anyedge, v000001cb0d8a7dc0_16, v000001cb0d8a7dc0_17, v000001cb0d8a7dc0_18, v000001cb0d8a7dc0_19;
v000001cb0d8a7dc0_20 .array/port v000001cb0d8a7dc0, 20;
v000001cb0d8a7dc0_21 .array/port v000001cb0d8a7dc0, 21;
E_000001cb0d83b2a0/17 .event anyedge, v000001cb0d8a7dc0_20, v000001cb0d8a7dc0_21;
E_000001cb0d83b2a0 .event/or E_000001cb0d83b2a0/0, E_000001cb0d83b2a0/1, E_000001cb0d83b2a0/2, E_000001cb0d83b2a0/3, E_000001cb0d83b2a0/4, E_000001cb0d83b2a0/5, E_000001cb0d83b2a0/6, E_000001cb0d83b2a0/7, E_000001cb0d83b2a0/8, E_000001cb0d83b2a0/9, E_000001cb0d83b2a0/10, E_000001cb0d83b2a0/11, E_000001cb0d83b2a0/12, E_000001cb0d83b2a0/13, E_000001cb0d83b2a0/14, E_000001cb0d83b2a0/15, E_000001cb0d83b2a0/16, E_000001cb0d83b2a0/17;
v000001cb0d8a6a60_0 .array/port v000001cb0d8a6a60, 0;
v000001cb0d8a6a60_1 .array/port v000001cb0d8a6a60, 1;
v000001cb0d8a6a60_2 .array/port v000001cb0d8a6a60, 2;
v000001cb0d8a6a60_3 .array/port v000001cb0d8a6a60, 3;
E_000001cb0d83aa60/0 .event anyedge, v000001cb0d8a6a60_0, v000001cb0d8a6a60_1, v000001cb0d8a6a60_2, v000001cb0d8a6a60_3;
v000001cb0d8a6a60_4 .array/port v000001cb0d8a6a60, 4;
v000001cb0d8a6a60_5 .array/port v000001cb0d8a6a60, 5;
v000001cb0d8a6a60_6 .array/port v000001cb0d8a6a60, 6;
v000001cb0d8a6a60_7 .array/port v000001cb0d8a6a60, 7;
E_000001cb0d83aa60/1 .event anyedge, v000001cb0d8a6a60_4, v000001cb0d8a6a60_5, v000001cb0d8a6a60_6, v000001cb0d8a6a60_7;
v000001cb0d8a6a60_8 .array/port v000001cb0d8a6a60, 8;
v000001cb0d8a6a60_9 .array/port v000001cb0d8a6a60, 9;
v000001cb0d8a6a60_10 .array/port v000001cb0d8a6a60, 10;
v000001cb0d8a6a60_11 .array/port v000001cb0d8a6a60, 11;
E_000001cb0d83aa60/2 .event anyedge, v000001cb0d8a6a60_8, v000001cb0d8a6a60_9, v000001cb0d8a6a60_10, v000001cb0d8a6a60_11;
v000001cb0d8a6a60_12 .array/port v000001cb0d8a6a60, 12;
v000001cb0d8a6a60_13 .array/port v000001cb0d8a6a60, 13;
v000001cb0d8a6a60_14 .array/port v000001cb0d8a6a60, 14;
v000001cb0d8a6a60_15 .array/port v000001cb0d8a6a60, 15;
E_000001cb0d83aa60/3 .event anyedge, v000001cb0d8a6a60_12, v000001cb0d8a6a60_13, v000001cb0d8a6a60_14, v000001cb0d8a6a60_15;
v000001cb0d8a6a60_16 .array/port v000001cb0d8a6a60, 16;
v000001cb0d8a6a60_17 .array/port v000001cb0d8a6a60, 17;
v000001cb0d8a6a60_18 .array/port v000001cb0d8a6a60, 18;
v000001cb0d8a6a60_19 .array/port v000001cb0d8a6a60, 19;
E_000001cb0d83aa60/4 .event anyedge, v000001cb0d8a6a60_16, v000001cb0d8a6a60_17, v000001cb0d8a6a60_18, v000001cb0d8a6a60_19;
v000001cb0d8a6a60_20 .array/port v000001cb0d8a6a60, 20;
v000001cb0d8a6a60_21 .array/port v000001cb0d8a6a60, 21;
E_000001cb0d83aa60/5 .event anyedge, v000001cb0d8a6a60_20, v000001cb0d8a6a60_21, v000001cb0d838580_0, v000001cb0d837ea0_0;
E_000001cb0d83aa60/6 .event anyedge, v000001cb0d837fe0_0, v000001cb0d838440_0, v000001cb0d838940_0, v000001cb0d8389e0_0;
E_000001cb0d83aa60/7 .event anyedge, v000001cb0d837d60_0, v000001cb0d838080_0, v000001cb0d838120_0, v000001cb0d8a6380_0;
E_000001cb0d83aa60/8 .event anyedge, v000001cb0d8384e0_0, v000001cb0d8383a0_0, v000001cb0d838760_0, v000001cb0d838b20_0;
E_000001cb0d83aa60/9 .event anyedge, v000001cb0d838260_0, v000001cb0d838620_0, v000001cb0d837f40_0, v000001cb0d837cc0_0;
E_000001cb0d83aa60/10 .event anyedge, v000001cb0d838800_0, v000001cb0d837e00_0, v000001cb0d8388a0_0, v000001cb0d838300_0;
E_000001cb0d83aa60/11 .event anyedge, v000001cb0d8381c0_0, v000001cb0d8381c0_1, v000001cb0d8381c0_2, v000001cb0d8381c0_3;
v000001cb0d8a64c0_0 .array/port v000001cb0d8a64c0, 0;
v000001cb0d8a64c0_1 .array/port v000001cb0d8a64c0, 1;
v000001cb0d8a64c0_2 .array/port v000001cb0d8a64c0, 2;
v000001cb0d8a64c0_3 .array/port v000001cb0d8a64c0, 3;
E_000001cb0d83aa60/12 .event anyedge, v000001cb0d8a64c0_0, v000001cb0d8a64c0_1, v000001cb0d8a64c0_2, v000001cb0d8a64c0_3;
v000001cb0d8a64c0_4 .array/port v000001cb0d8a64c0, 4;
v000001cb0d8a64c0_5 .array/port v000001cb0d8a64c0, 5;
v000001cb0d8a64c0_6 .array/port v000001cb0d8a64c0, 6;
v000001cb0d8a64c0_7 .array/port v000001cb0d8a64c0, 7;
E_000001cb0d83aa60/13 .event anyedge, v000001cb0d8a64c0_4, v000001cb0d8a64c0_5, v000001cb0d8a64c0_6, v000001cb0d8a64c0_7;
v000001cb0d8a64c0_8 .array/port v000001cb0d8a64c0, 8;
v000001cb0d8a64c0_9 .array/port v000001cb0d8a64c0, 9;
v000001cb0d8a64c0_10 .array/port v000001cb0d8a64c0, 10;
v000001cb0d8a64c0_11 .array/port v000001cb0d8a64c0, 11;
E_000001cb0d83aa60/14 .event anyedge, v000001cb0d8a64c0_8, v000001cb0d8a64c0_9, v000001cb0d8a64c0_10, v000001cb0d8a64c0_11;
v000001cb0d8a64c0_12 .array/port v000001cb0d8a64c0, 12;
v000001cb0d8a64c0_13 .array/port v000001cb0d8a64c0, 13;
v000001cb0d8a64c0_14 .array/port v000001cb0d8a64c0, 14;
v000001cb0d8a64c0_15 .array/port v000001cb0d8a64c0, 15;
E_000001cb0d83aa60/15 .event anyedge, v000001cb0d8a64c0_12, v000001cb0d8a64c0_13, v000001cb0d8a64c0_14, v000001cb0d8a64c0_15;
v000001cb0d8a64c0_16 .array/port v000001cb0d8a64c0, 16;
v000001cb0d8a64c0_17 .array/port v000001cb0d8a64c0, 17;
v000001cb0d8a64c0_18 .array/port v000001cb0d8a64c0, 18;
v000001cb0d8a64c0_19 .array/port v000001cb0d8a64c0, 19;
E_000001cb0d83aa60/16 .event anyedge, v000001cb0d8a64c0_16, v000001cb0d8a64c0_17, v000001cb0d8a64c0_18, v000001cb0d8a64c0_19;
v000001cb0d8a64c0_20 .array/port v000001cb0d8a64c0, 20;
v000001cb0d8a64c0_21 .array/port v000001cb0d8a64c0, 21;
E_000001cb0d83aa60/17 .event anyedge, v000001cb0d8a64c0_20, v000001cb0d8a64c0_21;
E_000001cb0d83aa60 .event/or E_000001cb0d83aa60/0, E_000001cb0d83aa60/1, E_000001cb0d83aa60/2, E_000001cb0d83aa60/3, E_000001cb0d83aa60/4, E_000001cb0d83aa60/5, E_000001cb0d83aa60/6, E_000001cb0d83aa60/7, E_000001cb0d83aa60/8, E_000001cb0d83aa60/9, E_000001cb0d83aa60/10, E_000001cb0d83aa60/11, E_000001cb0d83aa60/12, E_000001cb0d83aa60/13, E_000001cb0d83aa60/14, E_000001cb0d83aa60/15, E_000001cb0d83aa60/16, E_000001cb0d83aa60/17;
S_000001cb0d7db5b0 .scope module, "S1" "sigmoid_32bit" 3 15, 5 3 0, S_000001cb0d841460;
 .timescale -9 -12;
    .port_info 0 /INPUT 32 "x";
    .port_info 1 /OUTPUT 32 "out";
v000001cb0d8a6100_0 .net/s "out", 31 0, v000001cb0d8a61a0_0;  alias, 1 drivers
v000001cb0d8a7b40_0 .net/s "sq", 63 0, v000001cb0d8a69c0_0;  1 drivers
v000001cb0d8a7aa0_0 .net/s "sum", 31 0, v000001cb0d8a6740_0;  1 drivers
v000001cb0d8a6ce0_0 .net/s "x", 31 0, v000001cb0d8a6b00_0;  alias, 1 drivers
S_000001cb0d7db740 .scope module, "mul" "multiplier_32bit" 5 12, 5 47 0, S_000001cb0d7db5b0;
 .timescale -9 -12;
    .port_info 0 /INPUT 32 "a";
    .port_info 1 /INPUT 32 "b";
    .port_info 2 /OUTPUT 64 "out";
v000001cb0d8a6920_0 .net/s "a", 31 0, v000001cb0d8a6740_0;  alias, 1 drivers
v000001cb0d8a7e60_0 .net/s "b", 31 0, v000001cb0d8a6740_0;  alias, 1 drivers
v000001cb0d8a69c0_0 .var/s "out", 63 0;
E_000001cb0d83a720 .event anyedge, v000001cb0d8a6920_0;
S_000001cb0d7db8d0 .scope module, "s1" "step1_32bit" 5 11, 5 17 0, S_000001cb0d7db5b0;
 .timescale -9 -12;
    .port_info 0 /INPUT 32 "x";
    .port_info 1 /OUTPUT 32 "out";
v000001cb0d8a6740_0 .var/s "out", 31 0;
v000001cb0d8a71e0_0 .net/s "x", 31 0, v000001cb0d8a6b00_0;  alias, 1 drivers
v000001cb0d8a6e20_0 .var/s "y", 31 0;
v000001cb0d8a70a0_0 .var/s "z", 31 0;
E_000001cb0d83ade0 .event anyedge, v000001cb0d8a6b00_0;
S_000001cb0d7727c0 .scope module, "s2" "step2_32bit" 5 13, 5 58 0, S_000001cb0d7db5b0;
 .timescale -9 -12;
    .port_info 0 /INPUT 32 "x";
    .port_info 1 /INPUT 64 "a";
    .port_info 2 /OUTPUT 32 "out";
v000001cb0d8a6ec0_0 .net/s "a", 63 0, v000001cb0d8a69c0_0;  alias, 1 drivers
v000001cb0d8a61a0_0 .var/s "out", 31 0;
v000001cb0d8a6240_0 .var/s "temp1", 63 0;
v000001cb0d8a7500_0 .var/s "temp2", 63 0;
v000001cb0d8a6c40_0 .net/s "x", 31 0, v000001cb0d8a6b00_0;  alias, 1 drivers
E_000001cb0d83ac60 .event anyedge, v000001cb0d8a69c0_0;
S_000001cb0d772950 .scope module, "S2" "sigmoid_32bit" 3 16, 5 3 0, S_000001cb0d841460;
 .timescale -9 -12;
    .port_info 0 /INPUT 32 "x";
    .port_info 1 /OUTPUT 32 "out";
v000001cb0d8a7460_0 .net/s "out", 31 0, v000001cb0d8a6ba0_0;  alias, 1 drivers
v000001cb0d8a7000_0 .net/s "sq", 63 0, v000001cb0d8a7f00_0;  1 drivers
v000001cb0d8a73c0_0 .net/s "sum", 31 0, v000001cb0d8a6060_0;  1 drivers
v000001cb0d8a75a0_0 .net/s "x", 31 0, v000001cb0d8a7d20_0;  alias, 1 drivers
S_000001cb0d772ae0 .scope module, "mul" "multiplier_32bit" 5 12, 5 47 0, S_000001cb0d772950;
 .timescale -9 -12;
    .port_info 0 /INPUT 32 "a";
    .port_info 1 /INPUT 32 "b";
    .port_info 2 /OUTPUT 64 "out";
v000001cb0d8a7c80_0 .net/s "a", 31 0, v000001cb0d8a6060_0;  alias, 1 drivers
v000001cb0d8a67e0_0 .net/s "b", 31 0, v000001cb0d8a6060_0;  alias, 1 drivers
v000001cb0d8a7f00_0 .var/s "out", 63 0;
E_000001cb0d83abe0 .event anyedge, v000001cb0d8a7c80_0;
S_000001cb0d85e3a0 .scope module, "s1" "step1_32bit" 5 11, 5 17 0, S_000001cb0d772950;
 .timescale -9 -12;
    .port_info 0 /INPUT 32 "x";
    .port_info 1 /OUTPUT 32 "out";
v000001cb0d8a6060_0 .var/s "out", 31 0;
v000001cb0d8a6880_0 .net/s "x", 31 0, v000001cb0d8a7d20_0;  alias, 1 drivers
v000001cb0d8a6420_0 .var/s "y", 31 0;
v000001cb0d8a7280_0 .var/s "z", 31 0;
E_000001cb0d83b220 .event anyedge, v000001cb0d8a7d20_0;
S_000001cb0d85e530 .scope module, "s2" "step2_32bit" 5 13, 5 58 0, S_000001cb0d772950;
 .timescale -9 -12;
    .port_info 0 /INPUT 32 "x";
    .port_info 1 /INPUT 64 "a";
    .port_info 2 /OUTPUT 32 "out";
v000001cb0d8a62e0_0 .net/s "a", 63 0, v000001cb0d8a7f00_0;  alias, 1 drivers
v000001cb0d8a6ba0_0 .var/s "out", 31 0;
v000001cb0d8a6d80_0 .var/s "temp1", 63 0;
v000001cb0d8a7320_0 .var/s "temp2", 63 0;
v000001cb0d8a6f60_0 .net/s "x", 31 0, v000001cb0d8a7d20_0;  alias, 1 drivers
E_000001cb0d83aea0 .event anyedge, v000001cb0d8a7f00_0;
S_000001cb0d85e6c0 .scope module, "S3" "sigmoid_32bit" 3 17, 5 3 0, S_000001cb0d841460;
 .timescale -9 -12;
    .port_info 0 /INPUT 32 "x";
    .port_info 1 /OUTPUT 32 "out";
v000001cb0d8aa660_0 .net/s "out", 31 0, v000001cb0d8aa8e0_0;  alias, 1 drivers
v000001cb0d8aa200_0 .net/s "sq", 63 0, v000001cb0d8a76e0_0;  1 drivers
v000001cb0d8a9080_0 .net/s "sum", 31 0, v000001cb0d8a78c0_0;  1 drivers
v000001cb0d8a9da0_0 .net/s "x", 31 0, v000001cb0d8a6560_0;  alias, 1 drivers
S_000001cb0d85e850 .scope module, "mul" "multiplier_32bit" 5 12, 5 47 0, S_000001cb0d85e6c0;
 .timescale -9 -12;
    .port_info 0 /INPUT 32 "a";
    .port_info 1 /INPUT 32 "b";
    .port_info 2 /OUTPUT 64 "out";
v000001cb0d8a7780_0 .net/s "a", 31 0, v000001cb0d8a78c0_0;  alias, 1 drivers
v000001cb0d8a7640_0 .net/s "b", 31 0, v000001cb0d8a78c0_0;  alias, 1 drivers
v000001cb0d8a76e0_0 .var/s "out", 63 0;
E_000001cb0d83a7e0 .event anyedge, v000001cb0d8a7780_0;
S_000001cb0d8a8390 .scope module, "s1" "step1_32bit" 5 11, 5 17 0, S_000001cb0d85e6c0;
 .timescale -9 -12;
    .port_info 0 /INPUT 32 "x";
    .port_info 1 /OUTPUT 32 "out";
v000001cb0d8a78c0_0 .var/s "out", 31 0;
v000001cb0d8a7820_0 .net/s "x", 31 0, v000001cb0d8a6560_0;  alias, 1 drivers
v000001cb0d8a9940_0 .var/s "y", 31 0;
v000001cb0d8aa980_0 .var/s "z", 31 0;
E_000001cb0d83a820 .event anyedge, v000001cb0d8a6560_0;
S_000001cb0d8a8cf0 .scope module, "s2" "step2_32bit" 5 13, 5 58 0, S_000001cb0d85e6c0;
 .timescale -9 -12;
    .port_info 0 /INPUT 32 "x";
    .port_info 1 /INPUT 64 "a";
    .port_info 2 /OUTPUT 32 "out";
v000001cb0d8aaa20_0 .net/s "a", 63 0, v000001cb0d8a76e0_0;  alias, 1 drivers
v000001cb0d8aa8e0_0 .var/s "out", 31 0;
v000001cb0d8a9b20_0 .var/s "temp1", 63 0;
v000001cb0d8aac00_0 .var/s "temp2", 63 0;
v000001cb0d8a9e40_0 .net/s "x", 31 0, v000001cb0d8a6560_0;  alias, 1 drivers
E_000001cb0d83a8e0 .event anyedge, v000001cb0d8a76e0_0;
S_000001cb0d8a8200 .scope module, "S4" "sigmoid_32bit" 3 18, 5 3 0, S_000001cb0d841460;
 .timescale -9 -12;
    .port_info 0 /INPUT 32 "x";
    .port_info 1 /OUTPUT 32 "out";
v000001cb0d8aaf20_0 .net/s "out", 31 0, v000001cb0d8a9ee0_0;  alias, 1 drivers
v000001cb0d8aa020_0 .net/s "sq", 63 0, v000001cb0d8aa520_0;  1 drivers
v000001cb0d8aa2a0_0 .net/s "sum", 31 0, v000001cb0d8a99e0_0;  1 drivers
v000001cb0d8aa700_0 .net/s "x", 31 0, v000001cb0d8a7a00_0;  alias, 1 drivers
S_000001cb0d8a86b0 .scope module, "mul" "multiplier_32bit" 5 12, 5 47 0, S_000001cb0d8a8200;
 .timescale -9 -12;
    .port_info 0 /INPUT 32 "a";
    .port_info 1 /INPUT 32 "b";
    .port_info 2 /OUTPUT 64 "out";
v000001cb0d8a9300_0 .net/s "a", 31 0, v000001cb0d8a99e0_0;  alias, 1 drivers
v000001cb0d8a9bc0_0 .net/s "b", 31 0, v000001cb0d8a99e0_0;  alias, 1 drivers
v000001cb0d8aa520_0 .var/s "out", 63 0;
E_000001cb0d83b360 .event anyedge, v000001cb0d8a9300_0;
S_000001cb0d8a8e80 .scope module, "s1" "step1_32bit" 5 11, 5 17 0, S_000001cb0d8a8200;
 .timescale -9 -12;
    .port_info 0 /INPUT 32 "x";
    .port_info 1 /OUTPUT 32 "out";
v000001cb0d8a99e0_0 .var/s "out", 31 0;
v000001cb0d8aae80_0 .net/s "x", 31 0, v000001cb0d8a7a00_0;  alias, 1 drivers
v000001cb0d8a9a80_0 .var/s "y", 31 0;
v000001cb0d8aaac0_0 .var/s "z", 31 0;
E_000001cb0d83a760 .event anyedge, v000001cb0d8a7a00_0;
S_000001cb0d8a8070 .scope module, "s2" "step2_32bit" 5 13, 5 58 0, S_000001cb0d8a8200;
 .timescale -9 -12;
    .port_info 0 /INPUT 32 "x";
    .port_info 1 /INPUT 64 "a";
    .port_info 2 /OUTPUT 32 "out";
v000001cb0d8a9c60_0 .net/s "a", 63 0, v000001cb0d8aa520_0;  alias, 1 drivers
v000001cb0d8a9ee0_0 .var/s "out", 31 0;
v000001cb0d8aa5c0_0 .var/s "temp1", 63 0;
v000001cb0d8aa160_0 .var/s "temp2", 63 0;
v000001cb0d8a91c0_0 .net/s "x", 31 0, v000001cb0d8a7a00_0;  alias, 1 drivers
E_000001cb0d83a860 .event anyedge, v000001cb0d8aa520_0;
    .scope S_000001cb0d7dbfd0;
T_0 ;
    %vpi_call 4 20 "$readmemb", "weights1.txt", v000001cb0d8a6a60 {0 0 0};
    %vpi_call 4 21 "$readmemb", "weights2.txt", v000001cb0d8a7be0 {0 0 0};
    %vpi_call 4 22 "$readmemb", "weights3.txt", v000001cb0d8a6600 {0 0 0};
    %vpi_call 4 23 "$readmemb", "weights4.txt", v000001cb0d8a66a0 {0 0 0};
    %vpi_call 4 24 "$readmemb", "baise.txt", v000001cb0d8381c0 {0 0 0};
    %end;
    .thread T_0;
    .scope S_000001cb0d7dbfd0;
T_1 ;
    %pushi/vec4 0, 0, 32;
    %store/vec4 v000001cb0d837c20_0, 0, 32;
T_1.0 ;
    %load/vec4 v000001cb0d837c20_0;
    %cmpi/s 32, 0, 32;
    %jmp/0xz T_1.1, 5;
    %pushi/vec4 0, 0, 32;
    %ix/getv/s 4, v000001cb0d837c20_0;
    %store/vec4a v000001cb0d8a64c0, 4, 0;
    %pushi/vec4 0, 0, 32;
    %ix/getv/s 4, v000001cb0d837c20_0;
    %store/vec4a v000001cb0d8a7dc0, 4, 0;
    %pushi/vec4 0, 0, 32;
    %ix/getv/s 4, v000001cb0d837c20_0;
    %store/vec4a v000001cb0d8a7140, 4, 0;
    %pushi/vec4 0, 0, 32;
    %ix/getv/s 4, v000001cb0d837c20_0;
    %store/vec4a v000001cb0d8a7960, 4, 0;
    %load/vec4 v000001cb0d837c20_0;
    %addi 1, 0, 32;
    %store/vec4 v000001cb0d837c20_0, 0, 32;
    %jmp T_1.0;
T_1.1 ;
    %end;
    .thread T_1;
    .scope S_000001cb0d7dbfd0;
T_2 ;
    %wait E_000001cb0d83aa60;
    %ix/load 4, 0, 0;
    %flag_set/imm 4, 0;
    %load/vec4a v000001cb0d8a6a60, 4;
    %pad/u 32;
    %load/vec4 v000001cb0d838580_0;
    %pad/u 32;
    %mul;
    %ix/load 3, 0, 0;
    %flag_set/imm 4, 0;
    %ix/load 4, 0, 0; Constant delay
    %assign/vec4/a/d v000001cb0d8a64c0, 0, 4;
    %ix/load 4, 1, 0;
    %flag_set/imm 4, 0;
    %load/vec4a v000001cb0d8a6a60, 4;
    %pad/u 32;
    %load/vec4 v000001cb0d837ea0_0;
    %pad/u 32;
    %mul;
    %ix/load 3, 1, 0;
    %flag_set/imm 4, 0;
    %ix/load 4, 0, 0; Constant delay
    %assign/vec4/a/d v000001cb0d8a64c0, 0, 4;
    %ix/load 4, 2, 0;
    %flag_set/imm 4, 0;
    %load/vec4a v000001cb0d8a6a60, 4;
    %pad/u 32;
    %load/vec4 v000001cb0d837fe0_0;
    %pad/u 32;
    %mul;
    %ix/load 3, 2, 0;
    %flag_set/imm 4, 0;
    %ix/load 4, 0, 0; Constant delay
    %assign/vec4/a/d v000001cb0d8a64c0, 0, 4;
    %ix/load 4, 3, 0;
    %flag_set/imm 4, 0;
    %load/vec4a v000001cb0d8a6a60, 4;
    %pad/u 32;
    %load/vec4 v000001cb0d838440_0;
    %pad/u 32;
    %mul;
    %ix/load 3, 3, 0;
    %flag_set/imm 4, 0;
    %ix/load 4, 0, 0; Constant delay
    %assign/vec4/a/d v000001cb0d8a64c0, 0, 4;
    %ix/load 4, 4, 0;
    %flag_set/imm 4, 0;
    %load/vec4a v000001cb0d8a6a60, 4;
    %pad/u 32;
    %load/vec4 v000001cb0d838940_0;
    %pad/u 32;
    %mul;
    %ix/load 3, 4, 0;
    %flag_set/imm 4, 0;
    %ix/load 4, 0, 0; Constant delay
    %assign/vec4/a/d v000001cb0d8a64c0, 0, 4;
    %ix/load 4, 5, 0;
    %flag_set/imm 4, 0;
    %load/vec4a v000001cb0d8a6a60, 4;
    %pad/u 32;
    %load/vec4 v000001cb0d8389e0_0;
    %pad/u 32;
    %mul;
    %ix/load 3, 5, 0;
    %flag_set/imm 4, 0;
    %ix/load 4, 0, 0; Constant delay
    %assign/vec4/a/d v000001cb0d8a64c0, 0, 4;
    %ix/load 4, 6, 0;
    %flag_set/imm 4, 0;
    %load/vec4a v000001cb0d8a6a60, 4;
    %pad/u 32;
    %load/vec4 v000001cb0d837d60_0;
    %pad/u 32;
    %mul;
    %ix/load 3, 6, 0;
    %flag_set/imm 4, 0;
    %ix/load 4, 0, 0; Constant delay
    %assign/vec4/a/d v000001cb0d8a64c0, 0, 4;
    %ix/load 4, 7, 0;
    %flag_set/imm 4, 0;
    %load/vec4a v000001cb0d8a6a60, 4;
    %pad/u 32;
    %load/vec4 v000001cb0d838080_0;
    %pad/u 32;
    %mul;
    %ix/load 3, 7, 0;
    %flag_set/imm 4, 0;
    %ix/load 4, 0, 0; Constant delay
    %assign/vec4/a/d v000001cb0d8a64c0, 0, 4;
    %ix/load 4, 8, 0;
    %flag_set/imm 4, 0;
    %load/vec4a v000001cb0d8a6a60, 4;
    %pad/u 32;
    %load/vec4 v000001cb0d838120_0;
    %pad/u 32;
    %mul;
    %ix/load 3, 8, 0;
    %flag_set/imm 4, 0;
    %ix/load 4, 0, 0; Constant delay
    %assign/vec4/a/d v000001cb0d8a64c0, 0, 4;
    %ix/load 4, 9, 0;
    %flag_set/imm 4, 0;
    %load/vec4a v000001cb0d8a6a60, 4;
    %pad/u 32;
    %load/vec4 v000001cb0d8a6380_0;
    %pad/u 32;
    %mul;
    %ix/load 3, 9, 0;
    %flag_set/imm 4, 0;
    %ix/load 4, 0, 0; Constant delay
    %assign/vec4/a/d v000001cb0d8a64c0, 0, 4;
    %ix/load 4, 10, 0;
    %flag_set/imm 4, 0;
    %load/vec4a v000001cb0d8a6a60, 4;
    %pad/u 32;
    %load/vec4 v000001cb0d8384e0_0;
    %pad/u 32;
    %mul;
    %ix/load 3, 10, 0;
    %flag_set/imm 4, 0;
    %ix/load 4, 0, 0; Constant delay
    %assign/vec4/a/d v000001cb0d8a64c0, 0, 4;
    %ix/load 4, 11, 0;
    %flag_set/imm 4, 0;
    %load/vec4a v000001cb0d8a6a60, 4;
    %pad/u 32;
    %load/vec4 v000001cb0d8383a0_0;
    %pad/u 32;
    %mul;
    %ix/load 3, 11, 0;
    %flag_set/imm 4, 0;
    %ix/load 4, 0, 0; Constant delay
    %assign/vec4/a/d v000001cb0d8a64c0, 0, 4;
    %ix/load 4, 12, 0;
    %flag_set/imm 4, 0;
    %load/vec4a v000001cb0d8a6a60, 4;
    %pad/u 32;
    %load/vec4 v000001cb0d838760_0;
    %pad/u 32;
    %mul;
    %ix/load 3, 12, 0;
    %flag_set/imm 4, 0;
    %ix/load 4, 0, 0; Constant delay
    %assign/vec4/a/d v000001cb0d8a64c0, 0, 4;
    %ix/load 4, 13, 0;
    %flag_set/imm 4, 0;
    %load/vec4a v000001cb0d8a6a60, 4;
    %pad/u 32;
    %load/vec4 v000001cb0d838b20_0;
    %pad/u 32;
    %mul;
    %ix/load 3, 13, 0;
    %flag_set/imm 4, 0;
    %ix/load 4, 0, 0; Constant delay
    %assign/vec4/a/d v000001cb0d8a64c0, 0, 4;
    %ix/load 4, 14, 0;
    %flag_set/imm 4, 0;
    %load/vec4a v000001cb0d8a6a60, 4;
    %pad/u 32;
    %load/vec4 v000001cb0d838260_0;
    %pad/u 32;
    %mul;
    %ix/load 3, 14, 0;
    %flag_set/imm 4, 0;
    %ix/load 4, 0, 0; Constant delay
    %assign/vec4/a/d v000001cb0d8a64c0, 0, 4;
    %ix/load 4, 15, 0;
    %flag_set/imm 4, 0;
    %load/vec4a v000001cb0d8a6a60, 4;
    %pad/u 32;
    %load/vec4 v000001cb0d838620_0;
    %pad/u 32;
    %mul;
    %ix/load 3, 15, 0;
    %flag_set/imm 4, 0;
    %ix/load 4, 0, 0; Constant delay
    %assign/vec4/a/d v000001cb0d8a64c0, 0, 4;
    %ix/load 4, 16, 0;
    %flag_set/imm 4, 0;
    %load/vec4a v000001cb0d8a6a60, 4;
    %pad/u 32;
    %load/vec4 v000001cb0d837f40_0;
    %pad/u 32;
    %mul;
    %ix/load 3, 16, 0;
    %flag_set/imm 4, 0;
    %ix/load 4, 0, 0; Constant delay
    %assign/vec4/a/d v000001cb0d8a64c0, 0, 4;
    %ix/load 4, 17, 0;
    %flag_set/imm 4, 0;
    %load/vec4a v000001cb0d8a6a60, 4;
    %pad/u 32;
    %load/vec4 v000001cb0d837cc0_0;
    %pad/u 32;
    %mul;
    %ix/load 3, 17, 0;
    %flag_set/imm 4, 0;
    %ix/load 4, 0, 0; Constant delay
    %assign/vec4/a/d v000001cb0d8a64c0, 0, 4;
    %ix/load 4, 18, 0;
    %flag_set/imm 4, 0;
    %load/vec4a v000001cb0d8a6a60, 4;
    %pad/u 32;
    %load/vec4 v000001cb0d838800_0;
    %pad/u 32;
    %mul;
    %ix/load 3, 18, 0;
    %flag_set/imm 4, 0;
    %ix/load 4, 0, 0; Constant delay
    %assign/vec4/a/d v000001cb0d8a64c0, 0, 4;
    %ix/load 4, 19, 0;
    %flag_set/imm 4, 0;
    %load/vec4a v000001cb0d8a6a60, 4;
    %pad/u 32;
    %load/vec4 v000001cb0d837e00_0;
    %pad/u 32;
    %mul;
    %ix/load 3, 19, 0;
    %flag_set/imm 4, 0;
    %ix/load 4, 0, 0; Constant delay
    %assign/vec4/a/d v000001cb0d8a64c0, 0, 4;
    %ix/load 4, 20, 0;
    %flag_set/imm 4, 0;
    %load/vec4a v000001cb0d8a6a60, 4;
    %pad/u 32;
    %load/vec4 v000001cb0d8388a0_0;
    %pad/u 32;
    %mul;
    %ix/load 3, 20, 0;
    %flag_set/imm 4, 0;
    %ix/load 4, 0, 0; Constant delay
    %assign/vec4/a/d v000001cb0d8a64c0, 0, 4;
    %ix/load 4, 21, 0;
    %flag_set/imm 4, 0;
    %load/vec4a v000001cb0d8a6a60, 4;
    %pad/u 32;
    %load/vec4 v000001cb0d838300_0;
    %pad/u 32;
    %mul;
    %ix/load 3, 21, 0;
    %flag_set/imm 4, 0;
    %ix/load 4, 0, 0; Constant delay
    %assign/vec4/a/d v000001cb0d8a64c0, 0, 4;
    %ix/load 4, 0, 0;
    %flag_set/imm 4, 0;
    %load/vec4a v000001cb0d8381c0, 4;
    %ix/load 4, 0, 0;
    %flag_set/imm 4, 0;
    %load/vec4a v000001cb0d8a64c0, 4;
    %add;
    %ix/load 4, 1, 0;
    %flag_set/imm 4, 0;
    %load/vec4a v000001cb0d8a64c0, 4;
    %add;
    %ix/load 4, 2, 0;
    %flag_set/imm 4, 0;
    %load/vec4a v000001cb0d8a64c0, 4;
    %add;
    %ix/load 4, 3, 0;
    %flag_set/imm 4, 0;
    %load/vec4a v000001cb0d8a64c0, 4;
    %add;
    %ix/load 4, 4, 0;
    %flag_set/imm 4, 0;
    %load/vec4a v000001cb0d8a64c0, 4;
    %add;
    %ix/load 4, 5, 0;
    %flag_set/imm 4, 0;
    %load/vec4a v000001cb0d8a64c0, 4;
    %add;
    %ix/load 4, 6, 0;
    %flag_set/imm 4, 0;
    %load/vec4a v000001cb0d8a64c0, 4;
    %add;
    %ix/load 4, 7, 0;
    %flag_set/imm 4, 0;
    %load/vec4a v000001cb0d8a64c0, 4;
    %add;
    %ix/load 4, 8, 0;
    %flag_set/imm 4, 0;
    %load/vec4a v000001cb0d8a64c0, 4;
    %add;
    %ix/load 4, 9, 0;
    %flag_set/imm 4, 0;
    %load/vec4a v000001cb0d8a64c0, 4;
    %add;
    %ix/load 4, 10, 0;
    %flag_set/imm 4, 0;
    %load/vec4a v000001cb0d8a64c0, 4;
    %add;
    %ix/load 4, 11, 0;
    %flag_set/imm 4, 0;
    %load/vec4a v000001cb0d8a64c0, 4;
    %add;
    %ix/load 4, 12, 0;
    %flag_set/imm 4, 0;
    %load/vec4a v000001cb0d8a64c0, 4;
    %add;
    %ix/load 4, 13, 0;
    %flag_set/imm 4, 0;
    %load/vec4a v000001cb0d8a64c0, 4;
    %add;
    %ix/load 4, 14, 0;
    %flag_set/imm 4, 0;
    %load/vec4a v000001cb0d8a64c0, 4;
    %add;
    %ix/load 4, 15, 0;
    %flag_set/imm 4, 0;
    %load/vec4a v000001cb0d8a64c0, 4;
    %add;
    %ix/load 4, 16, 0;
    %flag_set/imm 4, 0;
    %load/vec4a v000001cb0d8a64c0, 4;
    %add;
    %ix/load 4, 17, 0;
    %flag_set/imm 4, 0;
    %load/vec4a v000001cb0d8a64c0, 4;
    %add;
    %ix/load 4, 18, 0;
    %flag_set/imm 4, 0;
    %load/vec4a v000001cb0d8a64c0, 4;
    %add;
    %ix/load 4, 19, 0;
    %flag_set/imm 4, 0;
    %load/vec4a v000001cb0d8a64c0, 4;
    %add;
    %ix/load 4, 20, 0;
    %flag_set/imm 4, 0;
    %load/vec4a v000001cb0d8a64c0, 4;
    %add;
    %ix/load 4, 21, 0;
    %flag_set/imm 4, 0;
    %load/vec4a v000001cb0d8a64c0, 4;
    %add;
    %store/vec4 v000001cb0d8a6b00_0, 0, 32;
    %jmp T_2;
    .thread T_2, $push;
    .scope S_000001cb0d7dbfd0;
T_3 ;
    %wait E_000001cb0d83b2a0;
    %ix/load 4, 0, 0;
    %flag_set/imm 4, 0;
    %load/vec4a v000001cb0d8a7be0, 4;
    %pad/u 32;
    %load/vec4 v000001cb0d838580_0;
    %pad/u 32;
    %mul;
    %ix/load 3, 0, 0;
    %flag_set/imm 4, 0;
    %ix/load 4, 0, 0; Constant delay
    %assign/vec4/a/d v000001cb0d8a7dc0, 0, 4;
    %ix/load 4, 1, 0;
    %flag_set/imm 4, 0;
    %load/vec4a v000001cb0d8a7be0, 4;
    %pad/u 32;
    %load/vec4 v000001cb0d837ea0_0;
    %pad/u 32;
    %mul;
    %ix/load 3, 1, 0;
    %flag_set/imm 4, 0;
    %ix/load 4, 0, 0; Constant delay
    %assign/vec4/a/d v000001cb0d8a7dc0, 0, 4;
    %ix/load 4, 2, 0;
    %flag_set/imm 4, 0;
    %load/vec4a v000001cb0d8a7be0, 4;
    %pad/u 32;
    %load/vec4 v000001cb0d837fe0_0;
    %pad/u 32;
    %mul;
    %ix/load 3, 2, 0;
    %flag_set/imm 4, 0;
    %ix/load 4, 0, 0; Constant delay
    %assign/vec4/a/d v000001cb0d8a7dc0, 0, 4;
    %ix/load 4, 3, 0;
    %flag_set/imm 4, 0;
    %load/vec4a v000001cb0d8a7be0, 4;
    %pad/u 32;
    %load/vec4 v000001cb0d838440_0;
    %pad/u 32;
    %mul;
    %ix/load 3, 3, 0;
    %flag_set/imm 4, 0;
    %ix/load 4, 0, 0; Constant delay
    %assign/vec4/a/d v000001cb0d8a7dc0, 0, 4;
    %ix/load 4, 4, 0;
    %flag_set/imm 4, 0;
    %load/vec4a v000001cb0d8a7be0, 4;
    %pad/u 32;
    %load/vec4 v000001cb0d838940_0;
    %pad/u 32;
    %mul;
    %ix/load 3, 4, 0;
    %flag_set/imm 4, 0;
    %ix/load 4, 0, 0; Constant delay
    %assign/vec4/a/d v000001cb0d8a7dc0, 0, 4;
    %ix/load 4, 5, 0;
    %flag_set/imm 4, 0;
    %load/vec4a v000001cb0d8a7be0, 4;
    %pad/u 32;
    %load/vec4 v000001cb0d8389e0_0;
    %pad/u 32;
    %mul;
    %ix/load 3, 5, 0;
    %flag_set/imm 4, 0;
    %ix/load 4, 0, 0; Constant delay
    %assign/vec4/a/d v000001cb0d8a7dc0, 0, 4;
    %ix/load 4, 6, 0;
    %flag_set/imm 4, 0;
    %load/vec4a v000001cb0d8a7be0, 4;
    %pad/u 32;
    %load/vec4 v000001cb0d837d60_0;
    %pad/u 32;
    %mul;
    %ix/load 3, 6, 0;
    %flag_set/imm 4, 0;
    %ix/load 4, 0, 0; Constant delay
    %assign/vec4/a/d v000001cb0d8a7dc0, 0, 4;
    %ix/load 4, 7, 0;
    %flag_set/imm 4, 0;
    %load/vec4a v000001cb0d8a7be0, 4;
    %pad/u 32;
    %load/vec4 v000001cb0d838080_0;
    %pad/u 32;
    %mul;
    %ix/load 3, 7, 0;
    %flag_set/imm 4, 0;
    %ix/load 4, 0, 0; Constant delay
    %assign/vec4/a/d v000001cb0d8a7dc0, 0, 4;
    %ix/load 4, 8, 0;
    %flag_set/imm 4, 0;
    %load/vec4a v000001cb0d8a7be0, 4;
    %pad/u 32;
    %load/vec4 v000001cb0d838120_0;
    %pad/u 32;
    %mul;
    %ix/load 3, 8, 0;
    %flag_set/imm 4, 0;
    %ix/load 4, 0, 0; Constant delay
    %assign/vec4/a/d v000001cb0d8a7dc0, 0, 4;
    %ix/load 4, 9, 0;
    %flag_set/imm 4, 0;
    %load/vec4a v000001cb0d8a7be0, 4;
    %pad/u 32;
    %load/vec4 v000001cb0d8a6380_0;
    %pad/u 32;
    %mul;
    %ix/load 3, 9, 0;
    %flag_set/imm 4, 0;
    %ix/load 4, 0, 0; Constant delay
    %assign/vec4/a/d v000001cb0d8a7dc0, 0, 4;
    %ix/load 4, 10, 0;
    %flag_set/imm 4, 0;
    %load/vec4a v000001cb0d8a7be0, 4;
    %pad/u 32;
    %load/vec4 v000001cb0d8384e0_0;
    %pad/u 32;
    %mul;
    %ix/load 3, 10, 0;
    %flag_set/imm 4, 0;
    %ix/load 4, 0, 0; Constant delay
    %assign/vec4/a/d v000001cb0d8a7dc0, 0, 4;
    %ix/load 4, 11, 0;
    %flag_set/imm 4, 0;
    %load/vec4a v000001cb0d8a7be0, 4;
    %pad/u 32;
    %load/vec4 v000001cb0d8383a0_0;
    %pad/u 32;
    %mul;
    %ix/load 3, 11, 0;
    %flag_set/imm 4, 0;
    %ix/load 4, 0, 0; Constant delay
    %assign/vec4/a/d v000001cb0d8a7dc0, 0, 4;
    %ix/load 4, 12, 0;
    %flag_set/imm 4, 0;
    %load/vec4a v000001cb0d8a7be0, 4;
    %pad/u 32;
    %load/vec4 v000001cb0d838760_0;
    %pad/u 32;
    %mul;
    %ix/load 3, 12, 0;
    %flag_set/imm 4, 0;
    %ix/load 4, 0, 0; Constant delay
    %assign/vec4/a/d v000001cb0d8a7dc0, 0, 4;
    %ix/load 4, 13, 0;
    %flag_set/imm 4, 0;
    %load/vec4a v000001cb0d8a7be0, 4;
    %pad/u 32;
    %load/vec4 v000001cb0d838b20_0;
    %pad/u 32;
    %mul;
    %ix/load 3, 13, 0;
    %flag_set/imm 4, 0;
    %ix/load 4, 0, 0; Constant delay
    %assign/vec4/a/d v000001cb0d8a7dc0, 0, 4;
    %ix/load 4, 14, 0;
    %flag_set/imm 4, 0;
    %load/vec4a v000001cb0d8a7be0, 4;
    %pad/u 32;
    %load/vec4 v000001cb0d838260_0;
    %pad/u 32;
    %mul;
    %ix/load 3, 14, 0;
    %flag_set/imm 4, 0;
    %ix/load 4, 0, 0; Constant delay
    %assign/vec4/a/d v000001cb0d8a7dc0, 0, 4;
    %ix/load 4, 15, 0;
    %flag_set/imm 4, 0;
    %load/vec4a v000001cb0d8a7be0, 4;
    %pad/u 32;
    %load/vec4 v000001cb0d838620_0;
    %pad/u 32;
    %mul;
    %ix/load 3, 15, 0;
    %flag_set/imm 4, 0;
    %ix/load 4, 0, 0; Constant delay
    %assign/vec4/a/d v000001cb0d8a7dc0, 0, 4;
    %ix/load 4, 16, 0;
    %flag_set/imm 4, 0;
    %load/vec4a v000001cb0d8a7be0, 4;
    %pad/u 32;
    %load/vec4 v000001cb0d837f40_0;
    %pad/u 32;
    %mul;
    %ix/load 3, 16, 0;
    %flag_set/imm 4, 0;
    %ix/load 4, 0, 0; Constant delay
    %assign/vec4/a/d v000001cb0d8a7dc0, 0, 4;
    %ix/load 4, 17, 0;
    %flag_set/imm 4, 0;
    %load/vec4a v000001cb0d8a7be0, 4;
    %pad/u 32;
    %load/vec4 v000001cb0d837cc0_0;
    %pad/u 32;
    %mul;
    %ix/load 3, 17, 0;
    %flag_set/imm 4, 0;
    %ix/load 4, 0, 0; Constant delay
    %assign/vec4/a/d v000001cb0d8a7dc0, 0, 4;
    %ix/load 4, 18, 0;
    %flag_set/imm 4, 0;
    %load/vec4a v000001cb0d8a7be0, 4;
    %pad/u 32;
    %load/vec4 v000001cb0d838800_0;
    %pad/u 32;
    %mul;
    %ix/load 3, 18, 0;
    %flag_set/imm 4, 0;
    %ix/load 4, 0, 0; Constant delay
    %assign/vec4/a/d v000001cb0d8a7dc0, 0, 4;
    %ix/load 4, 19, 0;
    %flag_set/imm 4, 0;
    %load/vec4a v000001cb0d8a7be0, 4;
    %pad/u 32;
    %load/vec4 v000001cb0d837e00_0;
    %pad/u 32;
    %mul;
    %ix/load 3, 19, 0;
    %flag_set/imm 4, 0;
    %ix/load 4, 0, 0; Constant delay
    %assign/vec4/a/d v000001cb0d8a7dc0, 0, 4;
    %ix/load 4, 20, 0;
    %flag_set/imm 4, 0;
    %load/vec4a v000001cb0d8a7be0, 4;
    %pad/u 32;
    %load/vec4 v000001cb0d8388a0_0;
    %pad/u 32;
    %mul;
    %ix/load 3, 20, 0;
    %flag_set/imm 4, 0;
    %ix/load 4, 0, 0; Constant delay
    %assign/vec4/a/d v000001cb0d8a7dc0, 0, 4;
    %ix/load 4, 21, 0;
    %flag_set/imm 4, 0;
    %load/vec4a v000001cb0d8a7be0, 4;
    %pad/u 32;
    %load/vec4 v000001cb0d838300_0;
    %pad/u 32;
    %mul;
    %ix/load 3, 21, 0;
    %flag_set/imm 4, 0;
    %ix/load 4, 0, 0; Constant delay
    %assign/vec4/a/d v000001cb0d8a7dc0, 0, 4;
    %ix/load 4, 1, 0;
    %flag_set/imm 4, 0;
    %load/vec4a v000001cb0d8381c0, 4;
    %ix/load 4, 0, 0;
    %flag_set/imm 4, 0;
    %load/vec4a v000001cb0d8a7dc0, 4;
    %add;
    %ix/load 4, 1, 0;
    %flag_set/imm 4, 0;
    %load/vec4a v000001cb0d8a7dc0, 4;
    %add;
    %ix/load 4, 2, 0;
    %flag_set/imm 4, 0;
    %load/vec4a v000001cb0d8a7dc0, 4;
    %add;
    %ix/load 4, 3, 0;
    %flag_set/imm 4, 0;
    %load/vec4a v000001cb0d8a7dc0, 4;
    %add;
    %ix/load 4, 4, 0;
    %flag_set/imm 4, 0;
    %load/vec4a v000001cb0d8a7dc0, 4;
    %add;
    %ix/load 4, 5, 0;
    %flag_set/imm 4, 0;
    %load/vec4a v000001cb0d8a7dc0, 4;
    %add;
    %ix/load 4, 6, 0;
    %flag_set/imm 4, 0;
    %load/vec4a v000001cb0d8a7dc0, 4;
    %add;
    %ix/load 4, 7, 0;
    %flag_set/imm 4, 0;
    %load/vec4a v000001cb0d8a7dc0, 4;
    %add;
    %ix/load 4, 8, 0;
    %flag_set/imm 4, 0;
    %load/vec4a v000001cb0d8a7dc0, 4;
    %add;
    %ix/load 4, 9, 0;
    %flag_set/imm 4, 0;
    %load/vec4a v000001cb0d8a7dc0, 4;
    %add;
    %ix/load 4, 10, 0;
    %flag_set/imm 4, 0;
    %load/vec4a v000001cb0d8a7dc0, 4;
    %add;
    %ix/load 4, 11, 0;
    %flag_set/imm 4, 0;
    %load/vec4a v000001cb0d8a7dc0, 4;
    %add;
    %ix/load 4, 12, 0;
    %flag_set/imm 4, 0;
    %load/vec4a v000001cb0d8a7dc0, 4;
    %add;
    %ix/load 4, 13, 0;
    %flag_set/imm 4, 0;
    %load/vec4a v000001cb0d8a7dc0, 4;
    %add;
    %ix/load 4, 14, 0;
    %flag_set/imm 4, 0;
    %load/vec4a v000001cb0d8a7dc0, 4;
    %add;
    %ix/load 4, 15, 0;
    %flag_set/imm 4, 0;
    %load/vec4a v000001cb0d8a7dc0, 4;
    %add;
    %ix/load 4, 16, 0;
    %flag_set/imm 4, 0;
    %load/vec4a v000001cb0d8a7dc0, 4;
    %add;
    %ix/load 4, 17, 0;
    %flag_set/imm 4, 0;
    %load/vec4a v000001cb0d8a7dc0, 4;
    %add;
    %ix/load 4, 18, 0;
    %flag_set/imm 4, 0;
    %load/vec4a v000001cb0d8a7dc0, 4;
    %add;
    %ix/load 4, 19, 0;
    %flag_set/imm 4, 0;
    %load/vec4a v000001cb0d8a7dc0, 4;
    %add;
    %ix/load 4, 20, 0;
    %flag_set/imm 4, 0;
    %load/vec4a v000001cb0d8a7dc0, 4;
    %add;
    %ix/load 4, 21, 0;
    %flag_set/imm 4, 0;
    %load/vec4a v000001cb0d8a7dc0, 4;
    %add;
    %store/vec4 v000001cb0d8a7d20_0, 0, 32;
    %jmp T_3;
    .thread T_3, $push;
    .scope S_000001cb0d7dbfd0;
T_4 ;
    %wait E_000001cb0d83b460;
    %ix/load 4, 0, 0;
    %flag_set/imm 4, 0;
    %load/vec4a v000001cb0d8a6600, 4;
    %pad/u 32;
    %load/vec4 v000001cb0d838580_0;
    %pad/u 32;
    %mul;
    %ix/load 3, 0, 0;
    %flag_set/imm 4, 0;
    %ix/load 4, 0, 0; Constant delay
    %assign/vec4/a/d v000001cb0d8a7140, 0, 4;
    %ix/load 4, 1, 0;
    %flag_set/imm 4, 0;
    %load/vec4a v000001cb0d8a6600, 4;
    %pad/u 32;
    %load/vec4 v000001cb0d837ea0_0;
    %pad/u 32;
    %mul;
    %ix/load 3, 1, 0;
    %flag_set/imm 4, 0;
    %ix/load 4, 0, 0; Constant delay
    %assign/vec4/a/d v000001cb0d8a7140, 0, 4;
    %ix/load 4, 2, 0;
    %flag_set/imm 4, 0;
    %load/vec4a v000001cb0d8a6600, 4;
    %pad/u 32;
    %load/vec4 v000001cb0d837fe0_0;
    %pad/u 32;
    %mul;
    %ix/load 3, 2, 0;
    %flag_set/imm 4, 0;
    %ix/load 4, 0, 0; Constant delay
    %assign/vec4/a/d v000001cb0d8a7140, 0, 4;
    %ix/load 4, 3, 0;
    %flag_set/imm 4, 0;
    %load/vec4a v000001cb0d8a6600, 4;
    %pad/u 32;
    %load/vec4 v000001cb0d838440_0;
    %pad/u 32;
    %mul;
    %ix/load 3, 3, 0;
    %flag_set/imm 4, 0;
    %ix/load 4, 0, 0; Constant delay
    %assign/vec4/a/d v000001cb0d8a7140, 0, 4;
    %ix/load 4, 4, 0;
    %flag_set/imm 4, 0;
    %load/vec4a v000001cb0d8a6600, 4;
    %pad/u 32;
    %load/vec4 v000001cb0d838940_0;
    %pad/u 32;
    %mul;
    %ix/load 3, 4, 0;
    %flag_set/imm 4, 0;
    %ix/load 4, 0, 0; Constant delay
    %assign/vec4/a/d v000001cb0d8a7140, 0, 4;
    %ix/load 4, 5, 0;
    %flag_set/imm 4, 0;
    %load/vec4a v000001cb0d8a6600, 4;
    %pad/u 32;
    %load/vec4 v000001cb0d8389e0_0;
    %pad/u 32;
    %mul;
    %ix/load 3, 5, 0;
    %flag_set/imm 4, 0;
    %ix/load 4, 0, 0; Constant delay
    %assign/vec4/a/d v000001cb0d8a7140, 0, 4;
    %ix/load 4, 6, 0;
    %flag_set/imm 4, 0;
    %load/vec4a v000001cb0d8a6600, 4;
    %pad/u 32;
    %load/vec4 v000001cb0d837d60_0;
    %pad/u 32;
    %mul;
    %ix/load 3, 6, 0;
    %flag_set/imm 4, 0;
    %ix/load 4, 0, 0; Constant delay
    %assign/vec4/a/d v000001cb0d8a7140, 0, 4;
    %ix/load 4, 7, 0;
    %flag_set/imm 4, 0;
    %load/vec4a v000001cb0d8a6600, 4;
    %pad/u 32;
    %load/vec4 v000001cb0d838080_0;
    %pad/u 32;
    %mul;
    %ix/load 3, 7, 0;
    %flag_set/imm 4, 0;
    %ix/load 4, 0, 0; Constant delay
    %assign/vec4/a/d v000001cb0d8a7140, 0, 4;
    %ix/load 4, 8, 0;
    %flag_set/imm 4, 0;
    %load/vec4a v000001cb0d8a6600, 4;
    %pad/u 32;
    %load/vec4 v000001cb0d838120_0;
    %pad/u 32;
    %mul;
    %ix/load 3, 8, 0;
    %flag_set/imm 4, 0;
    %ix/load 4, 0, 0; Constant delay
    %assign/vec4/a/d v000001cb0d8a7140, 0, 4;
    %ix/load 4, 9, 0;
    %flag_set/imm 4, 0;
    %load/vec4a v000001cb0d8a6600, 4;
    %pad/u 32;
    %load/vec4 v000001cb0d8a6380_0;
    %pad/u 32;
    %mul;
    %ix/load 3, 9, 0;
    %flag_set/imm 4, 0;
    %ix/load 4, 0, 0; Constant delay
    %assign/vec4/a/d v000001cb0d8a7140, 0, 4;
    %ix/load 4, 10, 0;
    %flag_set/imm 4, 0;
    %load/vec4a v000001cb0d8a6600, 4;
    %pad/u 32;
    %load/vec4 v000001cb0d8384e0_0;
    %pad/u 32;
    %mul;
    %ix/load 3, 10, 0;
    %flag_set/imm 4, 0;
    %ix/load 4, 0, 0; Constant delay
    %assign/vec4/a/d v000001cb0d8a7140, 0, 4;
    %ix/load 4, 11, 0;
    %flag_set/imm 4, 0;
    %load/vec4a v000001cb0d8a6600, 4;
    %pad/u 32;
    %load/vec4 v000001cb0d8383a0_0;
    %pad/u 32;
    %mul;
    %ix/load 3, 11, 0;
    %flag_set/imm 4, 0;
    %ix/load 4, 0, 0; Constant delay
    %assign/vec4/a/d v000001cb0d8a7140, 0, 4;
    %ix/load 4, 12, 0;
    %flag_set/imm 4, 0;
    %load/vec4a v000001cb0d8a6600, 4;
    %pad/u 32;
    %load/vec4 v000001cb0d838760_0;
    %pad/u 32;
    %mul;
    %ix/load 3, 12, 0;
    %flag_set/imm 4, 0;
    %ix/load 4, 0, 0; Constant delay
    %assign/vec4/a/d v000001cb0d8a7140, 0, 4;
    %ix/load 4, 13, 0;
    %flag_set/imm 4, 0;
    %load/vec4a v000001cb0d8a6600, 4;
    %pad/u 32;
    %load/vec4 v000001cb0d838b20_0;
    %pad/u 32;
    %mul;
    %ix/load 3, 13, 0;
    %flag_set/imm 4, 0;
    %ix/load 4, 0, 0; Constant delay
    %assign/vec4/a/d v000001cb0d8a7140, 0, 4;
    %ix/load 4, 14, 0;
    %flag_set/imm 4, 0;
    %load/vec4a v000001cb0d8a6600, 4;
    %pad/u 32;
    %load/vec4 v000001cb0d838260_0;
    %pad/u 32;
    %mul;
    %ix/load 3, 14, 0;
    %flag_set/imm 4, 0;
    %ix/load 4, 0, 0; Constant delay
    %assign/vec4/a/d v000001cb0d8a7140, 0, 4;
    %ix/load 4, 15, 0;
    %flag_set/imm 4, 0;
    %load/vec4a v000001cb0d8a6600, 4;
    %pad/u 32;
    %load/vec4 v000001cb0d838620_0;
    %pad/u 32;
    %mul;
    %ix/load 3, 15, 0;
    %flag_set/imm 4, 0;
    %ix/load 4, 0, 0; Constant delay
    %assign/vec4/a/d v000001cb0d8a7140, 0, 4;
    %ix/load 4, 16, 0;
    %flag_set/imm 4, 0;
    %load/vec4a v000001cb0d8a6600, 4;
    %pad/u 32;
    %load/vec4 v000001cb0d837f40_0;
    %pad/u 32;
    %mul;
    %ix/load 3, 16, 0;
    %flag_set/imm 4, 0;
    %ix/load 4, 0, 0; Constant delay
    %assign/vec4/a/d v000001cb0d8a7140, 0, 4;
    %ix/load 4, 17, 0;
    %flag_set/imm 4, 0;
    %load/vec4a v000001cb0d8a6600, 4;
    %pad/u 32;
    %load/vec4 v000001cb0d837cc0_0;
    %pad/u 32;
    %mul;
    %ix/load 3, 17, 0;
    %flag_set/imm 4, 0;
    %ix/load 4, 0, 0; Constant delay
    %assign/vec4/a/d v000001cb0d8a7140, 0, 4;
    %ix/load 4, 18, 0;
    %flag_set/imm 4, 0;
    %load/vec4a v000001cb0d8a6600, 4;
    %pad/u 32;
    %load/vec4 v000001cb0d838800_0;
    %pad/u 32;
    %mul;
    %ix/load 3, 18, 0;
    %flag_set/imm 4, 0;
    %ix/load 4, 0, 0; Constant delay
    %assign/vec4/a/d v000001cb0d8a7140, 0, 4;
    %ix/load 4, 19, 0;
    %flag_set/imm 4, 0;
    %load/vec4a v000001cb0d8a6600, 4;
    %pad/u 32;
    %load/vec4 v000001cb0d837e00_0;
    %pad/u 32;
    %mul;
    %ix/load 3, 19, 0;
    %flag_set/imm 4, 0;
    %ix/load 4, 0, 0; Constant delay
    %assign/vec4/a/d v000001cb0d8a7140, 0, 4;
    %ix/load 4, 20, 0;
    %flag_set/imm 4, 0;
    %load/vec4a v000001cb0d8a6600, 4;
    %pad/u 32;
    %load/vec4 v000001cb0d8388a0_0;
    %pad/u 32;
    %mul;
    %ix/load 3, 20, 0;
    %flag_set/imm 4, 0;
    %ix/load 4, 0, 0; Constant delay
    %assign/vec4/a/d v000001cb0d8a7140, 0, 4;
    %ix/load 4, 21, 0;
    %flag_set/imm 4, 0;
    %load/vec4a v000001cb0d8a6600, 4;
    %pad/u 32;
    %load/vec4 v000001cb0d838300_0;
    %pad/u 32;
    %mul;
    %ix/load 3, 21, 0;
    %flag_set/imm 4, 0;
    %ix/load 4, 0, 0; Constant delay
    %assign/vec4/a/d v000001cb0d8a7140, 0, 4;
    %ix/load 4, 2, 0;
    %flag_set/imm 4, 0;
    %load/vec4a v000001cb0d8381c0, 4;
    %ix/load 4, 0, 0;
    %flag_set/imm 4, 0;
    %load/vec4a v000001cb0d8a7140, 4;
    %add;
    %ix/load 4, 1, 0;
    %flag_set/imm 4, 0;
    %load/vec4a v000001cb0d8a7140, 4;
    %add;
    %ix/load 4, 2, 0;
    %flag_set/imm 4, 0;
    %load/vec4a v000001cb0d8a7140, 4;
    %add;
    %ix/load 4, 3, 0;
    %flag_set/imm 4, 0;
    %load/vec4a v000001cb0d8a7140, 4;
    %add;
    %ix/load 4, 4, 0;
    %flag_set/imm 4, 0;
    %load/vec4a v000001cb0d8a7140, 4;
    %add;
    %ix/load 4, 5, 0;
    %flag_set/imm 4, 0;
    %load/vec4a v000001cb0d8a7140, 4;
    %add;
    %ix/load 4, 6, 0;
    %flag_set/imm 4, 0;
    %load/vec4a v000001cb0d8a7140, 4;
    %add;
    %ix/load 4, 7, 0;
    %flag_set/imm 4, 0;
    %load/vec4a v000001cb0d8a7140, 4;
    %add;
    %ix/load 4, 8, 0;
    %flag_set/imm 4, 0;
    %load/vec4a v000001cb0d8a7140, 4;
    %add;
    %ix/load 4, 9, 0;
    %flag_set/imm 4, 0;
    %load/vec4a v000001cb0d8a7140, 4;
    %add;
    %ix/load 4, 10, 0;
    %flag_set/imm 4, 0;
    %load/vec4a v000001cb0d8a7140, 4;
    %add;
    %ix/load 4, 11, 0;
    %flag_set/imm 4, 0;
    %load/vec4a v000001cb0d8a7140, 4;
    %add;
    %ix/load 4, 12, 0;
    %flag_set/imm 4, 0;
    %load/vec4a v000001cb0d8a7140, 4;
    %add;
    %ix/load 4, 13, 0;
    %flag_set/imm 4, 0;
    %load/vec4a v000001cb0d8a7140, 4;
    %add;
    %ix/load 4, 14, 0;
    %flag_set/imm 4, 0;
    %load/vec4a v000001cb0d8a7140, 4;
    %add;
    %ix/load 4, 15, 0;
    %flag_set/imm 4, 0;
    %load/vec4a v000001cb0d8a7140, 4;
    %add;
    %ix/load 4, 16, 0;
    %flag_set/imm 4, 0;
    %load/vec4a v000001cb0d8a7140, 4;
    %add;
    %ix/load 4, 17, 0;
    %flag_set/imm 4, 0;
    %load/vec4a v000001cb0d8a7140, 4;
    %add;
    %ix/load 4, 18, 0;
    %flag_set/imm 4, 0;
    %load/vec4a v000001cb0d8a7140, 4;
    %add;
    %ix/load 4, 19, 0;
    %flag_set/imm 4, 0;
    %load/vec4a v000001cb0d8a7140, 4;
    %add;
    %ix/load 4, 20, 0;
    %flag_set/imm 4, 0;
    %load/vec4a v000001cb0d8a7140, 4;
    %add;
    %ix/load 4, 21, 0;
    %flag_set/imm 4, 0;
    %load/vec4a v000001cb0d8a7140, 4;
    %add;
    %store/vec4 v000001cb0d8a6560_0, 0, 32;
    %jmp T_4;
    .thread T_4, $push;
    .scope S_000001cb0d7dbfd0;
T_5 ;
    %wait E_000001cb0d83b320;
    %ix/load 4, 0, 0;
    %flag_set/imm 4, 0;
    %load/vec4a v000001cb0d8a66a0, 4;
    %pad/u 32;
    %load/vec4 v000001cb0d838580_0;
    %pad/u 32;
    %mul;
    %ix/load 3, 0, 0;
    %flag_set/imm 4, 0;
    %ix/load 4, 0, 0; Constant delay
    %assign/vec4/a/d v000001cb0d8a7960, 0, 4;
    %ix/load 4, 1, 0;
    %flag_set/imm 4, 0;
    %load/vec4a v000001cb0d8a66a0, 4;
    %pad/u 32;
    %load/vec4 v000001cb0d837ea0_0;
    %pad/u 32;
    %mul;
    %ix/load 3, 1, 0;
    %flag_set/imm 4, 0;
    %ix/load 4, 0, 0; Constant delay
    %assign/vec4/a/d v000001cb0d8a7960, 0, 4;
    %ix/load 4, 2, 0;
    %flag_set/imm 4, 0;
    %load/vec4a v000001cb0d8a66a0, 4;
    %pad/u 32;
    %load/vec4 v000001cb0d837fe0_0;
    %pad/u 32;
    %mul;
    %ix/load 3, 2, 0;
    %flag_set/imm 4, 0;
    %ix/load 4, 0, 0; Constant delay
    %assign/vec4/a/d v000001cb0d8a7960, 0, 4;
    %ix/load 4, 3, 0;
    %flag_set/imm 4, 0;
    %load/vec4a v000001cb0d8a66a0, 4;
    %pad/u 32;
    %load/vec4 v000001cb0d838440_0;
    %pad/u 32;
    %mul;
    %ix/load 3, 3, 0;
    %flag_set/imm 4, 0;
    %ix/load 4, 0, 0; Constant delay
    %assign/vec4/a/d v000001cb0d8a7960, 0, 4;
    %ix/load 4, 4, 0;
    %flag_set/imm 4, 0;
    %load/vec4a v000001cb0d8a66a0, 4;
    %pad/u 32;
    %load/vec4 v000001cb0d838940_0;
    %pad/u 32;
    %mul;
    %ix/load 3, 4, 0;
    %flag_set/imm 4, 0;
    %ix/load 4, 0, 0; Constant delay
    %assign/vec4/a/d v000001cb0d8a7960, 0, 4;
    %ix/load 4, 5, 0;
    %flag_set/imm 4, 0;
    %load/vec4a v000001cb0d8a66a0, 4;
    %pad/u 32;
    %load/vec4 v000001cb0d8389e0_0;
    %pad/u 32;
    %mul;
    %ix/load 3, 5, 0;
    %flag_set/imm 4, 0;
    %ix/load 4, 0, 0; Constant delay
    %assign/vec4/a/d v000001cb0d8a7960, 0, 4;
    %ix/load 4, 6, 0;
    %flag_set/imm 4, 0;
    %load/vec4a v000001cb0d8a66a0, 4;
    %pad/u 32;
    %load/vec4 v000001cb0d837d60_0;
    %pad/u 32;
    %mul;
    %ix/load 3, 6, 0;
    %flag_set/imm 4, 0;
    %ix/load 4, 0, 0; Constant delay
    %assign/vec4/a/d v000001cb0d8a7960, 0, 4;
    %ix/load 4, 7, 0;
    %flag_set/imm 4, 0;
    %load/vec4a v000001cb0d8a66a0, 4;
    %pad/u 32;
    %load/vec4 v000001cb0d838080_0;
    %pad/u 32;
    %mul;
    %ix/load 3, 7, 0;
    %flag_set/imm 4, 0;
    %ix/load 4, 0, 0; Constant delay
    %assign/vec4/a/d v000001cb0d8a7960, 0, 4;
    %ix/load 4, 8, 0;
    %flag_set/imm 4, 0;
    %load/vec4a v000001cb0d8a66a0, 4;
    %pad/u 32;
    %load/vec4 v000001cb0d838120_0;
    %pad/u 32;
    %mul;
    %ix/load 3, 8, 0;
    %flag_set/imm 4, 0;
    %ix/load 4, 0, 0; Constant delay
    %assign/vec4/a/d v000001cb0d8a7960, 0, 4;
    %ix/load 4, 9, 0;
    %flag_set/imm 4, 0;
    %load/vec4a v000001cb0d8a66a0, 4;
    %pad/u 32;
    %load/vec4 v000001cb0d8a6380_0;
    %pad/u 32;
    %mul;
    %ix/load 3, 9, 0;
    %flag_set/imm 4, 0;
    %ix/load 4, 0, 0; Constant delay
    %assign/vec4/a/d v000001cb0d8a7960, 0, 4;
    %ix/load 4, 10, 0;
    %flag_set/imm 4, 0;
    %load/vec4a v000001cb0d8a66a0, 4;
    %pad/u 32;
    %load/vec4 v000001cb0d8384e0_0;
    %pad/u 32;
    %mul;
    %ix/load 3, 10, 0;
    %flag_set/imm 4, 0;
    %ix/load 4, 0, 0; Constant delay
    %assign/vec4/a/d v000001cb0d8a7960, 0, 4;
    %ix/load 4, 11, 0;
    %flag_set/imm 4, 0;
    %load/vec4a v000001cb0d8a66a0, 4;
    %pad/u 32;
    %load/vec4 v000001cb0d8383a0_0;
    %pad/u 32;
    %mul;
    %ix/load 3, 11, 0;
    %flag_set/imm 4, 0;
    %ix/load 4, 0, 0; Constant delay
    %assign/vec4/a/d v000001cb0d8a7960, 0, 4;
    %ix/load 4, 12, 0;
    %flag_set/imm 4, 0;
    %load/vec4a v000001cb0d8a66a0, 4;
    %pad/u 32;
    %load/vec4 v000001cb0d838760_0;
    %pad/u 32;
    %mul;
    %ix/load 3, 12, 0;
    %flag_set/imm 4, 0;
    %ix/load 4, 0, 0; Constant delay
    %assign/vec4/a/d v000001cb0d8a7960, 0, 4;
    %ix/load 4, 13, 0;
    %flag_set/imm 4, 0;
    %load/vec4a v000001cb0d8a66a0, 4;
    %pad/u 32;
    %load/vec4 v000001cb0d838b20_0;
    %pad/u 32;
    %mul;
    %ix/load 3, 13, 0;
    %flag_set/imm 4, 0;
    %ix/load 4, 0, 0; Constant delay
    %assign/vec4/a/d v000001cb0d8a7960, 0, 4;
    %ix/load 4, 14, 0;
    %flag_set/imm 4, 0;
    %load/vec4a v000001cb0d8a66a0, 4;
    %pad/u 32;
    %load/vec4 v000001cb0d838260_0;
    %pad/u 32;
    %mul;
    %ix/load 3, 14, 0;
    %flag_set/imm 4, 0;
    %ix/load 4, 0, 0; Constant delay
    %assign/vec4/a/d v000001cb0d8a7960, 0, 4;
    %ix/load 4, 15, 0;
    %flag_set/imm 4, 0;
    %load/vec4a v000001cb0d8a66a0, 4;
    %pad/u 32;
    %load/vec4 v000001cb0d838620_0;
    %pad/u 32;
    %mul;
    %ix/load 3, 15, 0;
    %flag_set/imm 4, 0;
    %ix/load 4, 0, 0; Constant delay
    %assign/vec4/a/d v000001cb0d8a7960, 0, 4;
    %ix/load 4, 16, 0;
    %flag_set/imm 4, 0;
    %load/vec4a v000001cb0d8a66a0, 4;
    %pad/u 32;
    %load/vec4 v000001cb0d837f40_0;
    %pad/u 32;
    %mul;
    %ix/load 3, 16, 0;
    %flag_set/imm 4, 0;
    %ix/load 4, 0, 0; Constant delay
    %assign/vec4/a/d v000001cb0d8a7960, 0, 4;
    %ix/load 4, 17, 0;
    %flag_set/imm 4, 0;
    %load/vec4a v000001cb0d8a66a0, 4;
    %pad/u 32;
    %load/vec4 v000001cb0d837cc0_0;
    %pad/u 32;
    %mul;
    %ix/load 3, 17, 0;
    %flag_set/imm 4, 0;
    %ix/load 4, 0, 0; Constant delay
    %assign/vec4/a/d v000001cb0d8a7960, 0, 4;
    %ix/load 4, 18, 0;
    %flag_set/imm 4, 0;
    %load/vec4a v000001cb0d8a66a0, 4;
    %pad/u 32;
    %load/vec4 v000001cb0d838800_0;
    %pad/u 32;
    %mul;
    %ix/load 3, 18, 0;
    %flag_set/imm 4, 0;
    %ix/load 4, 0, 0; Constant delay
    %assign/vec4/a/d v000001cb0d8a7960, 0, 4;
    %ix/load 4, 19, 0;
    %flag_set/imm 4, 0;
    %load/vec4a v000001cb0d8a66a0, 4;
    %pad/u 32;
    %load/vec4 v000001cb0d837e00_0;
    %pad/u 32;
    %mul;
    %ix/load 3, 19, 0;
    %flag_set/imm 4, 0;
    %ix/load 4, 0, 0; Constant delay
    %assign/vec4/a/d v000001cb0d8a7960, 0, 4;
    %ix/load 4, 20, 0;
    %flag_set/imm 4, 0;
    %load/vec4a v000001cb0d8a66a0, 4;
    %pad/u 32;
    %load/vec4 v000001cb0d8388a0_0;
    %pad/u 32;
    %mul;
    %ix/load 3, 20, 0;
    %flag_set/imm 4, 0;
    %ix/load 4, 0, 0; Constant delay
    %assign/vec4/a/d v000001cb0d8a7960, 0, 4;
    %ix/load 4, 21, 0;
    %flag_set/imm 4, 0;
    %load/vec4a v000001cb0d8a66a0, 4;
    %pad/u 32;
    %load/vec4 v000001cb0d838300_0;
    %pad/u 32;
    %mul;
    %ix/load 3, 21, 0;
    %flag_set/imm 4, 0;
    %ix/load 4, 0, 0; Constant delay
    %assign/vec4/a/d v000001cb0d8a7960, 0, 4;
    %ix/load 4, 3, 0;
    %flag_set/imm 4, 0;
    %load/vec4a v000001cb0d8381c0, 4;
    %ix/load 4, 0, 0;
    %flag_set/imm 4, 0;
    %load/vec4a v000001cb0d8a7960, 4;
    %add;
    %ix/load 4, 1, 0;
    %flag_set/imm 4, 0;
    %load/vec4a v000001cb0d8a7960, 4;
    %add;
    %ix/load 4, 2, 0;
    %flag_set/imm 4, 0;
    %load/vec4a v000001cb0d8a7960, 4;
    %add;
    %ix/load 4, 3, 0;
    %flag_set/imm 4, 0;
    %load/vec4a v000001cb0d8a7960, 4;
    %add;
    %ix/load 4, 4, 0;
    %flag_set/imm 4, 0;
    %load/vec4a v000001cb0d8a7960, 4;
    %add;
    %ix/load 4, 5, 0;
    %flag_set/imm 4, 0;
    %load/vec4a v000001cb0d8a7960, 4;
    %add;
    %ix/load 4, 6, 0;
    %flag_set/imm 4, 0;
    %load/vec4a v000001cb0d8a7960, 4;
    %add;
    %ix/load 4, 7, 0;
    %flag_set/imm 4, 0;
    %load/vec4a v000001cb0d8a7960, 4;
    %add;
    %ix/load 4, 8, 0;
    %flag_set/imm 4, 0;
    %load/vec4a v000001cb0d8a7960, 4;
    %add;
    %ix/load 4, 9, 0;
    %flag_set/imm 4, 0;
    %load/vec4a v000001cb0d8a7960, 4;
    %add;
    %ix/load 4, 10, 0;
    %flag_set/imm 4, 0;
    %load/vec4a v000001cb0d8a7960, 4;
    %add;
    %ix/load 4, 11, 0;
    %flag_set/imm 4, 0;
    %load/vec4a v000001cb0d8a7960, 4;
    %add;
    %ix/load 4, 12, 0;
    %flag_set/imm 4, 0;
    %load/vec4a v000001cb0d8a7960, 4;
    %add;
    %ix/load 4, 13, 0;
    %flag_set/imm 4, 0;
    %load/vec4a v000001cb0d8a7960, 4;
    %add;
    %ix/load 4, 14, 0;
    %flag_set/imm 4, 0;
    %load/vec4a v000001cb0d8a7960, 4;
    %add;
    %ix/load 4, 15, 0;
    %flag_set/imm 4, 0;
    %load/vec4a v000001cb0d8a7960, 4;
    %add;
    %ix/load 4, 16, 0;
    %flag_set/imm 4, 0;
    %load/vec4a v000001cb0d8a7960, 4;
    %add;
    %ix/load 4, 17, 0;
    %flag_set/imm 4, 0;
    %load/vec4a v000001cb0d8a7960, 4;
    %add;
    %ix/load 4, 18, 0;
    %flag_set/imm 4, 0;
    %load/vec4a v000001cb0d8a7960, 4;
    %add;
    %ix/load 4, 19, 0;
    %flag_set/imm 4, 0;
    %load/vec4a v000001cb0d8a7960, 4;
    %add;
    %ix/load 4, 20, 0;
    %flag_set/imm 4, 0;
    %load/vec4a v000001cb0d8a7960, 4;
    %add;
    %ix/load 4, 21, 0;
    %flag_set/imm 4, 0;
    %load/vec4a v000001cb0d8a7960, 4;
    %add;
    %store/vec4 v000001cb0d8a7a00_0, 0, 32;
    %jmp T_5;
    .thread T_5, $push;
    .scope S_000001cb0d7db8d0;
T_6 ;
    %wait E_000001cb0d83ade0;
    %load/vec4 v000001cb0d8a71e0_0;
    %parti/s 1, 31, 6;
    %cmpi/e 1, 0, 1;
    %jmp/0xz  T_6.0, 4;
    %load/vec4 v000001cb0d8a71e0_0;
    %inv;
    %pushi/vec4 1, 0, 32;
    %add;
    %store/vec4 v000001cb0d8a6e20_0, 0, 32;
    %jmp T_6.1;
T_6.0 ;
    %load/vec4 v000001cb0d8a71e0_0;
    %store/vec4 v000001cb0d8a6e20_0, 0, 32;
T_6.1 ;
    %load/vec4 v000001cb0d8a6e20_0;
    %ix/load 4, 2, 0;
    %flag_set/imm 4, 0;
    %shiftr/s 4;
    %store/vec4 v000001cb0d8a70a0_0, 0, 32;
    %load/vec4 v000001cb0d8a71e0_0;
    %parti/s 1, 31, 6;
    %cmpi/e 1, 0, 1;
    %jmp/0xz  T_6.2, 4;
    %load/vec4 v000001cb0d8a71e0_0;
    %cmpi/s 4294901760, 0, 32;
    %flag_or 5, 4; GT is !LE
    %flag_inv 5;
    %jmp/0xz  T_6.4, 5;
    %pushi/vec4 4294950912, 0, 32;
    %load/vec4 v000001cb0d8a70a0_0;
    %add;
    %store/vec4 v000001cb0d8a6740_0, 0, 32;
    %jmp T_6.5;
T_6.4 ;
    %pushi/vec4 0, 0, 32;
    %store/vec4 v000001cb0d8a6740_0, 0, 32;
T_6.5 ;
    %jmp T_6.3;
T_6.2 ;
    %load/vec4 v000001cb0d8a71e0_0;
    %cmpi/s 65535, 0, 32;
    %jmp/0xz  T_6.6, 5;
    %pushi/vec4 16384, 0, 32;
    %load/vec4 v000001cb0d8a70a0_0;
    %sub;
    %store/vec4 v000001cb0d8a6740_0, 0, 32;
    %jmp T_6.7;
T_6.6 ;
    %pushi/vec4 1, 0, 32;
    %store/vec4 v000001cb0d8a6740_0, 0, 32;
T_6.7 ;
T_6.3 ;
    %jmp T_6;
    .thread T_6, $push;
    .scope S_000001cb0d7db740;
T_7 ;
    %wait E_000001cb0d83a720;
    %load/vec4 v000001cb0d8a6920_0;
    %pad/s 64;
    %load/vec4 v000001cb0d8a7e60_0;
    %pad/s 64;
    %mul;
    %store/vec4 v000001cb0d8a69c0_0, 0, 64;
    %jmp T_7;
    .thread T_7, $push;
    .scope S_000001cb0d7727c0;
T_8 ;
    %wait E_000001cb0d83ac60;
    %load/vec4 v000001cb0d8a6ec0_0;
    %ix/load 4, 1, 0;
    %flag_set/imm 4, 0;
    %shiftr/s 4;
    %store/vec4 v000001cb0d8a6240_0, 0, 64;
    %load/vec4 v000001cb0d8a6c40_0;
    %parti/s 1, 31, 6;
    %cmpi/e 1, 0, 1;
    %jmp/0xz  T_8.0, 4;
    %load/vec4 v000001cb0d8a6240_0;
    %store/vec4 v000001cb0d8a7500_0, 0, 64;
    %jmp T_8.1;
T_8.0 ;
    %pushi/vec4 268435456, 0, 64;
    %load/vec4 v000001cb0d8a6240_0;
    %sub;
    %store/vec4 v000001cb0d8a7500_0, 0, 64;
T_8.1 ;
    %load/vec4 v000001cb0d8a7500_0;
    %parti/s 32, 0, 2;
    %store/vec4 v000001cb0d8a61a0_0, 0, 32;
    %vpi_call 5 76 "$display", "%b,%b", v000001cb0d8a6c40_0, v000001cb0d8a61a0_0 {0 0 0};
    %jmp T_8;
    .thread T_8, $push;
    .scope S_000001cb0d85e3a0;
T_9 ;
    %wait E_000001cb0d83b220;
    %load/vec4 v000001cb0d8a6880_0;
    %parti/s 1, 31, 6;
    %cmpi/e 1, 0, 1;
    %jmp/0xz  T_9.0, 4;
    %load/vec4 v000001cb0d8a6880_0;
    %inv;
    %pushi/vec4 1, 0, 32;
    %add;
    %store/vec4 v000001cb0d8a6420_0, 0, 32;
    %jmp T_9.1;
T_9.0 ;
    %load/vec4 v000001cb0d8a6880_0;
    %store/vec4 v000001cb0d8a6420_0, 0, 32;
T_9.1 ;
    %load/vec4 v000001cb0d8a6420_0;
    %ix/load 4, 2, 0;
    %flag_set/imm 4, 0;
    %shiftr/s 4;
    %store/vec4 v000001cb0d8a7280_0, 0, 32;
    %load/vec4 v000001cb0d8a6880_0;
    %parti/s 1, 31, 6;
    %cmpi/e 1, 0, 1;
    %jmp/0xz  T_9.2, 4;
    %load/vec4 v000001cb0d8a6880_0;
    %cmpi/s 4294901760, 0, 32;
    %flag_or 5, 4; GT is !LE
    %flag_inv 5;
    %jmp/0xz  T_9.4, 5;
    %pushi/vec4 4294950912, 0, 32;
    %load/vec4 v000001cb0d8a7280_0;
    %add;
    %store/vec4 v000001cb0d8a6060_0, 0, 32;
    %jmp T_9.5;
T_9.4 ;
    %pushi/vec4 0, 0, 32;
    %store/vec4 v000001cb0d8a6060_0, 0, 32;
T_9.5 ;
    %jmp T_9.3;
T_9.2 ;
    %load/vec4 v000001cb0d8a6880_0;
    %cmpi/s 65535, 0, 32;
    %jmp/0xz  T_9.6, 5;
    %pushi/vec4 16384, 0, 32;
    %load/vec4 v000001cb0d8a7280_0;
    %sub;
    %store/vec4 v000001cb0d8a6060_0, 0, 32;
    %jmp T_9.7;
T_9.6 ;
    %pushi/vec4 1, 0, 32;
    %store/vec4 v000001cb0d8a6060_0, 0, 32;
T_9.7 ;
T_9.3 ;
    %jmp T_9;
    .thread T_9, $push;
    .scope S_000001cb0d772ae0;
T_10 ;
    %wait E_000001cb0d83abe0;
    %load/vec4 v000001cb0d8a7c80_0;
    %pad/s 64;
    %load/vec4 v000001cb0d8a67e0_0;
    %pad/s 64;
    %mul;
    %store/vec4 v000001cb0d8a7f00_0, 0, 64;
    %jmp T_10;
    .thread T_10, $push;
    .scope S_000001cb0d85e530;
T_11 ;
    %wait E_000001cb0d83aea0;
    %load/vec4 v000001cb0d8a62e0_0;
    %ix/load 4, 1, 0;
    %flag_set/imm 4, 0;
    %shiftr/s 4;
    %store/vec4 v000001cb0d8a6d80_0, 0, 64;
    %load/vec4 v000001cb0d8a6f60_0;
    %parti/s 1, 31, 6;
    %cmpi/e 1, 0, 1;
    %jmp/0xz  T_11.0, 4;
    %load/vec4 v000001cb0d8a6d80_0;
    %store/vec4 v000001cb0d8a7320_0, 0, 64;
    %jmp T_11.1;
T_11.0 ;
    %pushi/vec4 268435456, 0, 64;
    %load/vec4 v000001cb0d8a6d80_0;
    %sub;
    %store/vec4 v000001cb0d8a7320_0, 0, 64;
T_11.1 ;
    %load/vec4 v000001cb0d8a7320_0;
    %parti/s 32, 0, 2;
    %store/vec4 v000001cb0d8a6ba0_0, 0, 32;
    %vpi_call 5 76 "$display", "%b,%b", v000001cb0d8a6f60_0, v000001cb0d8a6ba0_0 {0 0 0};
    %jmp T_11;
    .thread T_11, $push;
    .scope S_000001cb0d8a8390;
T_12 ;
    %wait E_000001cb0d83a820;
    %load/vec4 v000001cb0d8a7820_0;
    %parti/s 1, 31, 6;
    %cmpi/e 1, 0, 1;
    %jmp/0xz  T_12.0, 4;
    %load/vec4 v000001cb0d8a7820_0;
    %inv;
    %pushi/vec4 1, 0, 32;
    %add;
    %store/vec4 v000001cb0d8a9940_0, 0, 32;
    %jmp T_12.1;
T_12.0 ;
    %load/vec4 v000001cb0d8a7820_0;
    %store/vec4 v000001cb0d8a9940_0, 0, 32;
T_12.1 ;
    %load/vec4 v000001cb0d8a9940_0;
    %ix/load 4, 2, 0;
    %flag_set/imm 4, 0;
    %shiftr/s 4;
    %store/vec4 v000001cb0d8aa980_0, 0, 32;
    %load/vec4 v000001cb0d8a7820_0;
    %parti/s 1, 31, 6;
    %cmpi/e 1, 0, 1;
    %jmp/0xz  T_12.2, 4;
    %load/vec4 v000001cb0d8a7820_0;
    %cmpi/s 4294901760, 0, 32;
    %flag_or 5, 4; GT is !LE
    %flag_inv 5;
    %jmp/0xz  T_12.4, 5;
    %pushi/vec4 4294950912, 0, 32;
    %load/vec4 v000001cb0d8aa980_0;
    %add;
    %store/vec4 v000001cb0d8a78c0_0, 0, 32;
    %jmp T_12.5;
T_12.4 ;
    %pushi/vec4 0, 0, 32;
    %store/vec4 v000001cb0d8a78c0_0, 0, 32;
T_12.5 ;
    %jmp T_12.3;
T_12.2 ;
    %load/vec4 v000001cb0d8a7820_0;
    %cmpi/s 65535, 0, 32;
    %jmp/0xz  T_12.6, 5;
    %pushi/vec4 16384, 0, 32;
    %load/vec4 v000001cb0d8aa980_0;
    %sub;
    %store/vec4 v000001cb0d8a78c0_0, 0, 32;
    %jmp T_12.7;
T_12.6 ;
    %pushi/vec4 1, 0, 32;
    %store/vec4 v000001cb0d8a78c0_0, 0, 32;
T_12.7 ;
T_12.3 ;
    %jmp T_12;
    .thread T_12, $push;
    .scope S_000001cb0d85e850;
T_13 ;
    %wait E_000001cb0d83a7e0;
    %load/vec4 v000001cb0d8a7780_0;
    %pad/s 64;
    %load/vec4 v000001cb0d8a7640_0;
    %pad/s 64;
    %mul;
    %store/vec4 v000001cb0d8a76e0_0, 0, 64;
    %jmp T_13;
    .thread T_13, $push;
    .scope S_000001cb0d8a8cf0;
T_14 ;
    %wait E_000001cb0d83a8e0;
    %load/vec4 v000001cb0d8aaa20_0;
    %ix/load 4, 1, 0;
    %flag_set/imm 4, 0;
    %shiftr/s 4;
    %store/vec4 v000001cb0d8a9b20_0, 0, 64;
    %load/vec4 v000001cb0d8a9e40_0;
    %parti/s 1, 31, 6;
    %cmpi/e 1, 0, 1;
    %jmp/0xz  T_14.0, 4;
    %load/vec4 v000001cb0d8a9b20_0;
    %store/vec4 v000001cb0d8aac00_0, 0, 64;
    %jmp T_14.1;
T_14.0 ;
    %pushi/vec4 268435456, 0, 64;
    %load/vec4 v000001cb0d8a9b20_0;
    %sub;
    %store/vec4 v000001cb0d8aac00_0, 0, 64;
T_14.1 ;
    %load/vec4 v000001cb0d8aac00_0;
    %parti/s 32, 0, 2;
    %store/vec4 v000001cb0d8aa8e0_0, 0, 32;
    %vpi_call 5 76 "$display", "%b,%b", v000001cb0d8a9e40_0, v000001cb0d8aa8e0_0 {0 0 0};
    %jmp T_14;
    .thread T_14, $push;
    .scope S_000001cb0d8a8e80;
T_15 ;
    %wait E_000001cb0d83a760;
    %load/vec4 v000001cb0d8aae80_0;
    %parti/s 1, 31, 6;
    %cmpi/e 1, 0, 1;
    %jmp/0xz  T_15.0, 4;
    %load/vec4 v000001cb0d8aae80_0;
    %inv;
    %pushi/vec4 1, 0, 32;
    %add;
    %store/vec4 v000001cb0d8a9a80_0, 0, 32;
    %jmp T_15.1;
T_15.0 ;
    %load/vec4 v000001cb0d8aae80_0;
    %store/vec4 v000001cb0d8a9a80_0, 0, 32;
T_15.1 ;
    %load/vec4 v000001cb0d8a9a80_0;
    %ix/load 4, 2, 0;
    %flag_set/imm 4, 0;
    %shiftr/s 4;
    %store/vec4 v000001cb0d8aaac0_0, 0, 32;
    %load/vec4 v000001cb0d8aae80_0;
    %parti/s 1, 31, 6;
    %cmpi/e 1, 0, 1;
    %jmp/0xz  T_15.2, 4;
    %load/vec4 v000001cb0d8aae80_0;
    %cmpi/s 4294901760, 0, 32;
    %flag_or 5, 4; GT is !LE
    %flag_inv 5;
    %jmp/0xz  T_15.4, 5;
    %pushi/vec4 4294950912, 0, 32;
    %load/vec4 v000001cb0d8aaac0_0;
    %add;
    %store/vec4 v000001cb0d8a99e0_0, 0, 32;
    %jmp T_15.5;
T_15.4 ;
    %pushi/vec4 0, 0, 32;
    %store/vec4 v000001cb0d8a99e0_0, 0, 32;
T_15.5 ;
    %jmp T_15.3;
T_15.2 ;
    %load/vec4 v000001cb0d8aae80_0;
    %cmpi/s 65535, 0, 32;
    %jmp/0xz  T_15.6, 5;
    %pushi/vec4 16384, 0, 32;
    %load/vec4 v000001cb0d8aaac0_0;
    %sub;
    %store/vec4 v000001cb0d8a99e0_0, 0, 32;
    %jmp T_15.7;
T_15.6 ;
    %pushi/vec4 1, 0, 32;
    %store/vec4 v000001cb0d8a99e0_0, 0, 32;
T_15.7 ;
T_15.3 ;
    %jmp T_15;
    .thread T_15, $push;
    .scope S_000001cb0d8a86b0;
T_16 ;
    %wait E_000001cb0d83b360;
    %load/vec4 v000001cb0d8a9300_0;
    %pad/s 64;
    %load/vec4 v000001cb0d8a9bc0_0;
    %pad/s 64;
    %mul;
    %store/vec4 v000001cb0d8aa520_0, 0, 64;
    %jmp T_16;
    .thread T_16, $push;
    .scope S_000001cb0d8a8070;
T_17 ;
    %wait E_000001cb0d83a860;
    %load/vec4 v000001cb0d8a9c60_0;
    %ix/load 4, 1, 0;
    %flag_set/imm 4, 0;
    %shiftr/s 4;
    %store/vec4 v000001cb0d8aa5c0_0, 0, 64;
    %load/vec4 v000001cb0d8a91c0_0;
    %parti/s 1, 31, 6;
    %cmpi/e 1, 0, 1;
    %jmp/0xz  T_17.0, 4;
    %load/vec4 v000001cb0d8aa5c0_0;
    %store/vec4 v000001cb0d8aa160_0, 0, 64;
    %jmp T_17.1;
T_17.0 ;
    %pushi/vec4 268435456, 0, 64;
    %load/vec4 v000001cb0d8aa5c0_0;
    %sub;
    %store/vec4 v000001cb0d8aa160_0, 0, 64;
T_17.1 ;
    %load/vec4 v000001cb0d8aa160_0;
    %parti/s 32, 0, 2;
    %store/vec4 v000001cb0d8a9ee0_0, 0, 32;
    %vpi_call 5 76 "$display", "%b,%b", v000001cb0d8a91c0_0, v000001cb0d8a9ee0_0 {0 0 0};
    %jmp T_17;
    .thread T_17, $push;
    .scope S_000001cb0d838ef0;
T_18 ;
    %vpi_call 2 11 "$dumpfile", "neural_network_tb.vcd" {0 0 0};
    %vpi_call 2 12 "$dumpvars", 32'sb00000000000000000000000000000000, S_000001cb0d838ef0 {0 0 0};
    %end;
    .thread T_18;
    .scope S_000001cb0d838ef0;
T_19 ;
    %pushi/vec4 2, 0, 16;
    %assign/vec4 v000001cb0d8acd40_0, 0;
    %pushi/vec4 2, 0, 16;
    %assign/vec4 v000001cb0d8ac8e0_0, 0;
    %pushi/vec4 2, 0, 16;
    %assign/vec4 v000001cb0d8ac980_0, 0;
    %pushi/vec4 2, 0, 16;
    %assign/vec4 v000001cb0d8aca20_0, 0;
    %pushi/vec4 2, 0, 16;
    %assign/vec4 v000001cb0d8ab9e0_0, 0;
    %pushi/vec4 2, 0, 16;
    %assign/vec4 v000001cb0d8abda0_0, 0;
    %pushi/vec4 2, 0, 16;
    %assign/vec4 v000001cb0d8ac520_0, 0;
    %pushi/vec4 2, 0, 16;
    %assign/vec4 v000001cb0d8ad6a0_0, 0;
    %pushi/vec4 2, 0, 16;
    %assign/vec4 v000001cb0d8aba80_0, 0;
    %pushi/vec4 2, 0, 16;
    %assign/vec4 v000001cb0d8ad380_0, 0;
    %pushi/vec4 2, 0, 16;
    %assign/vec4 v000001cb0d8ab940_0, 0;
    %pushi/vec4 2, 0, 16;
    %assign/vec4 v000001cb0d8abe40_0, 0;
    %pushi/vec4 2, 0, 16;
    %assign/vec4 v000001cb0d8acfc0_0, 0;
    %pushi/vec4 2, 0, 16;
    %assign/vec4 v000001cb0d8acc00_0, 0;
    %pushi/vec4 2, 0, 16;
    %assign/vec4 v000001cb0d8ac160_0, 0;
    %pushi/vec4 2, 0, 16;
    %assign/vec4 v000001cb0d8abbc0_0, 0;
    %pushi/vec4 2, 0, 16;
    %assign/vec4 v000001cb0d8ad560_0, 0;
    %pushi/vec4 2, 0, 16;
    %assign/vec4 v000001cb0d8ad420_0, 0;
    %pushi/vec4 2, 0, 16;
    %assign/vec4 v000001cb0d8abc60_0, 0;
    %pushi/vec4 2, 0, 16;
    %assign/vec4 v000001cb0d8abd00_0, 0;
    %pushi/vec4 2, 0, 16;
    %assign/vec4 v000001cb0d8ac660_0, 0;
    %pushi/vec4 2, 0, 16;
    %assign/vec4 v000001cb0d8ac340_0, 0;
    %delay 1000, 0;
    %vpi_call 2 41 "$display", "-----Output1 is %d-----", v000001cb0d8acde0_0 {0 0 0};
    %vpi_call 2 42 "$display", "-----Output2 is %d-----", v000001cb0d8ad060_0 {0 0 0};
    %vpi_call 2 43 "$display", "-----Output3 is %d-----", v000001cb0d8ad100_0 {0 0 0};
    %vpi_call 2 44 "$display", "-----Output4 is %d-----", v000001cb0d8ac5c0_0 {0 0 0};
    %delay 5000, 0;
    %pushi/vec4 6, 0, 16;
    %assign/vec4 v000001cb0d8acd40_0, 0;
    %pushi/vec4 10, 0, 16;
    %assign/vec4 v000001cb0d8ac8e0_0, 0;
    %pushi/vec4 10, 0, 16;
    %assign/vec4 v000001cb0d8ac980_0, 0;
    %pushi/vec4 6, 0, 16;
    %assign/vec4 v000001cb0d8aca20_0, 0;
    %pushi/vec4 6, 0, 16;
    %assign/vec4 v000001cb0d8ab9e0_0, 0;
    %pushi/vec4 6, 0, 16;
    %assign/vec4 v000001cb0d8abda0_0, 0;
    %pushi/vec4 10, 0, 16;
    %assign/vec4 v000001cb0d8ac520_0, 0;
    %pushi/vec4 10, 0, 16;
    %assign/vec4 v000001cb0d8ad6a0_0, 0;
    %pushi/vec4 14, 0, 16;
    %assign/vec4 v000001cb0d8aba80_0, 0;
    %pushi/vec4 14, 0, 16;
    %assign/vec4 v000001cb0d8ad380_0, 0;
    %pushi/vec4 10, 0, 16;
    %assign/vec4 v000001cb0d8ab940_0, 0;
    %pushi/vec4 10, 0, 16;
    %assign/vec4 v000001cb0d8abe40_0, 0;
    %pushi/vec4 6, 0, 16;
    %assign/vec4 v000001cb0d8acfc0_0, 0;
    %pushi/vec4 3, 0, 16;
    %assign/vec4 v000001cb0d8acc00_0, 0;
    %pushi/vec4 3, 0, 16;
    %assign/vec4 v000001cb0d8ac160_0, 0;
    %pushi/vec4 7, 0, 16;
    %assign/vec4 v000001cb0d8abbc0_0, 0;
    %pushi/vec4 6, 0, 16;
    %assign/vec4 v000001cb0d8ad560_0, 0;
    %pushi/vec4 2, 0, 16;
    %assign/vec4 v000001cb0d8ad420_0, 0;
    %pushi/vec4 14, 0, 16;
    %assign/vec4 v000001cb0d8abc60_0, 0;
    %pushi/vec4 10, 0, 16;
    %assign/vec4 v000001cb0d8abd00_0, 0;
    %pushi/vec4 10, 0, 16;
    %assign/vec4 v000001cb0d8ac660_0, 0;
    %pushi/vec4 6, 0, 16;
    %assign/vec4 v000001cb0d8ac340_0, 0;
    %delay 1000, 0;
    %vpi_call 2 70 "$display", "\012-----Output1 is %d-----", v000001cb0d8acde0_0 {0 0 0};
    %vpi_call 2 71 "$display", "-----Output2 is %d-----", v000001cb0d8ad060_0 {0 0 0};
    %vpi_call 2 72 "$display", "-----Output3 is %d-----", v000001cb0d8ad100_0 {0 0 0};
    %vpi_call 2 73 "$display", "-----Output4 is %d-----", v000001cb0d8ac5c0_0 {0 0 0};
    %delay 5000, 0;
    %pushi/vec4 22, 0, 16;
    %assign/vec4 v000001cb0d8acd40_0, 0;
    %pushi/vec4 10, 0, 16;
    %assign/vec4 v000001cb0d8ac8e0_0, 0;
    %pushi/vec4 10, 0, 16;
    %assign/vec4 v000001cb0d8ac980_0, 0;
    %pushi/vec4 6, 0, 16;
    %assign/vec4 v000001cb0d8aca20_0, 0;
    %pushi/vec4 6, 0, 16;
    %assign/vec4 v000001cb0d8ab9e0_0, 0;
    %pushi/vec4 6, 0, 16;
    %assign/vec4 v000001cb0d8abda0_0, 0;
    %pushi/vec4 10, 0, 16;
    %assign/vec4 v000001cb0d8ac520_0, 0;
    %pushi/vec4 10, 0, 16;
    %assign/vec4 v000001cb0d8ad6a0_0, 0;
    %pushi/vec4 14, 0, 16;
    %assign/vec4 v000001cb0d8aba80_0, 0;
    %pushi/vec4 14, 0, 16;
    %assign/vec4 v000001cb0d8ad380_0, 0;
    %pushi/vec4 10, 0, 16;
    %assign/vec4 v000001cb0d8ab940_0, 0;
    %pushi/vec4 10, 0, 16;
    %assign/vec4 v000001cb0d8abe40_0, 0;
    %pushi/vec4 6, 0, 16;
    %assign/vec4 v000001cb0d8acfc0_0, 0;
    %pushi/vec4 3, 0, 16;
    %assign/vec4 v000001cb0d8acc00_0, 0;
    %pushi/vec4 3, 0, 16;
    %assign/vec4 v000001cb0d8ac160_0, 0;
    %pushi/vec4 7, 0, 16;
    %assign/vec4 v000001cb0d8abbc0_0, 0;
    %pushi/vec4 6, 0, 16;
    %assign/vec4 v000001cb0d8ad560_0, 0;
    %pushi/vec4 2, 0, 16;
    %assign/vec4 v000001cb0d8ad420_0, 0;
    %pushi/vec4 14, 0, 16;
    %assign/vec4 v000001cb0d8abc60_0, 0;
    %pushi/vec4 10, 0, 16;
    %assign/vec4 v000001cb0d8abd00_0, 0;
    %pushi/vec4 10, 0, 16;
    %assign/vec4 v000001cb0d8ac660_0, 0;
    %pushi/vec4 6, 0, 16;
    %assign/vec4 v000001cb0d8ac340_0, 0;
    %delay 1000, 0;
    %vpi_call 2 99 "$display", "\012-----Output1 is %d-----", v000001cb0d8acde0_0 {0 0 0};
    %vpi_call 2 100 "$display", "-----Output2 is %d-----", v000001cb0d8ad060_0 {0 0 0};
    %vpi_call 2 101 "$display", "-----Output3 is %d-----", v000001cb0d8ad100_0 {0 0 0};
    %vpi_call 2 102 "$display", "-----Output4 is %d-----", v000001cb0d8ac5c0_0 {0 0 0};
    %delay 1000, 0;
    %vpi_call 2 104 "$finish" {0 0 0};
    %end;
    .thread T_19;
# The file index is used to find the file name in the following table.
:file_names 6;
    "N/A";
    "<interactive>";
    "neural_network_tb.v";
    "./neural_network.v";
    "./alu.v";
    "./sigmoid_32bit.v";
