#! /c/Source/iverilog-install/bin/vvp
:ivl_version "12.0 (devel)" "(s20150603-1110-g18392a46)";
:ivl_delay_selection "TYPICAL";
:vpi_time_precision - 12;
:vpi_module "C:\iverilog\lib\ivl\system.vpi";
:vpi_module "C:\iverilog\lib\ivl\vhdl_sys.vpi";
:vpi_module "C:\iverilog\lib\ivl\vhdl_textio.vpi";
:vpi_module "C:\iverilog\lib\ivl\v2005_math.vpi";
:vpi_module "C:\iverilog\lib\ivl\va_math.vpi";
S_000002853c67a5d0 .scope module, "neural_network" "neural_network" 2 6;
 .timescale -9 -12;
    .port_info 0 /INPUT 16 "in0";
    .port_info 1 /INPUT 16 "in1";
    .port_info 2 /INPUT 16 "in2";
    .port_info 3 /INPUT 16 "in3";
    .port_info 4 /INPUT 16 "in4";
    .port_info 5 /INPUT 16 "in5";
    .port_info 6 /INPUT 16 "in6";
    .port_info 7 /INPUT 16 "in7";
    .port_info 8 /INPUT 16 "in8";
    .port_info 9 /INPUT 16 "in9";
    .port_info 10 /INPUT 16 "in10";
    .port_info 11 /INPUT 16 "in11";
    .port_info 12 /INPUT 16 "in12";
    .port_info 13 /INPUT 16 "in13";
    .port_info 14 /INPUT 16 "in14";
    .port_info 15 /INPUT 16 "in15";
    .port_info 16 /INPUT 16 "in16";
    .port_info 17 /INPUT 16 "in17";
    .port_info 18 /INPUT 16 "in18";
    .port_info 19 /INPUT 16 "in19";
    .port_info 20 /INPUT 16 "in20";
    .port_info 21 /INPUT 16 "in21";
    .port_info 22 /OUTPUT 32 "out1";
    .port_info 23 /OUTPUT 32 "out2";
    .port_info 24 /OUTPUT 32 "out3";
    .port_info 25 /OUTPUT 32 "out4";
o000002853c700088 .functor BUFZ 16, C4<zzzzzzzzzzzzzzzz>; HiZ drive
v000002853c6fdaa0_0 .net "in0", 15 0, o000002853c700088;  0 drivers
o000002853c7000b8 .functor BUFZ 16, C4<zzzzzzzzzzzzzzzz>; HiZ drive
v000002853c6fdfa0_0 .net "in1", 15 0, o000002853c7000b8;  0 drivers
o000002853c7000e8 .functor BUFZ 16, C4<zzzzzzzzzzzzzzzz>; HiZ drive
v000002853c6fd320_0 .net "in10", 15 0, o000002853c7000e8;  0 drivers
o000002853c700118 .functor BUFZ 16, C4<zzzzzzzzzzzzzzzz>; HiZ drive
v000002853c6fdf00_0 .net "in11", 15 0, o000002853c700118;  0 drivers
o000002853c700148 .functor BUFZ 16, C4<zzzzzzzzzzzzzzzz>; HiZ drive
v000002853c6fcd80_0 .net "in12", 15 0, o000002853c700148;  0 drivers
o000002853c700178 .functor BUFZ 16, C4<zzzzzzzzzzzzzzzz>; HiZ drive
v000002853c6fd3c0_0 .net "in13", 15 0, o000002853c700178;  0 drivers
o000002853c7001a8 .functor BUFZ 16, C4<zzzzzzzzzzzzzzzz>; HiZ drive
v000002853c6fe0e0_0 .net "in14", 15 0, o000002853c7001a8;  0 drivers
o000002853c7001d8 .functor BUFZ 16, C4<zzzzzzzzzzzzzzzz>; HiZ drive
v000002853c6fd640_0 .net "in15", 15 0, o000002853c7001d8;  0 drivers
o000002853c700208 .functor BUFZ 16, C4<zzzzzzzzzzzzzzzz>; HiZ drive
v000002853c6fe220_0 .net "in16", 15 0, o000002853c700208;  0 drivers
o000002853c700238 .functor BUFZ 16, C4<zzzzzzzzzzzzzzzz>; HiZ drive
v000002853c6fd460_0 .net "in17", 15 0, o000002853c700238;  0 drivers
o000002853c700268 .functor BUFZ 16, C4<zzzzzzzzzzzzzzzz>; HiZ drive
v000002853c6fd500_0 .net "in18", 15 0, o000002853c700268;  0 drivers
o000002853c700298 .functor BUFZ 16, C4<zzzzzzzzzzzzzzzz>; HiZ drive
v000002853c6fd5a0_0 .net "in19", 15 0, o000002853c700298;  0 drivers
o000002853c7002c8 .functor BUFZ 16, C4<zzzzzzzzzzzzzzzz>; HiZ drive
v000002853c6fd8c0_0 .net "in2", 15 0, o000002853c7002c8;  0 drivers
o000002853c7002f8 .functor BUFZ 16, C4<zzzzzzzzzzzzzzzz>; HiZ drive
v000002853c6fe2c0_0 .net "in20", 15 0, o000002853c7002f8;  0 drivers
o000002853c700328 .functor BUFZ 16, C4<zzzzzzzzzzzzzzzz>; HiZ drive
v000002853c6fe360_0 .net "in21", 15 0, o000002853c700328;  0 drivers
o000002853c700358 .functor BUFZ 16, C4<zzzzzzzzzzzzzzzz>; HiZ drive
v000002853c6fce20_0 .net "in3", 15 0, o000002853c700358;  0 drivers
o000002853c700388 .functor BUFZ 16, C4<zzzzzzzzzzzzzzzz>; HiZ drive
v000002853c6fe400_0 .net "in4", 15 0, o000002853c700388;  0 drivers
o000002853c7003b8 .functor BUFZ 16, C4<zzzzzzzzzzzzzzzz>; HiZ drive
v000002853c6fe5e0_0 .net "in5", 15 0, o000002853c7003b8;  0 drivers
o000002853c7003e8 .functor BUFZ 16, C4<zzzzzzzzzzzzzzzz>; HiZ drive
v000002853c6fe720_0 .net "in6", 15 0, o000002853c7003e8;  0 drivers
o000002853c700418 .functor BUFZ 16, C4<zzzzzzzzzzzzzzzz>; HiZ drive
v000002853c6fe7c0_0 .net "in7", 15 0, o000002853c700418;  0 drivers
o000002853c700448 .functor BUFZ 16, C4<zzzzzzzzzzzzzzzz>; HiZ drive
v000002853c6fe860_0 .net "in8", 15 0, o000002853c700448;  0 drivers
o000002853c700478 .functor BUFZ 16, C4<zzzzzzzzzzzzzzzz>; HiZ drive
v000002853c6fe900_0 .net "in9", 15 0, o000002853c700478;  0 drivers
v000002853c6fe9a0_0 .net "out1", 31 0, v000002853c743630_0;  1 drivers
v000002853c6fea40_0 .net "out2", 31 0, v000002853c743810_0;  1 drivers
v000002853c6feae0_0 .net "out3", 31 0, v000002853c6fe540_0;  1 drivers
v000002853c74bcb0_0 .net "out4", 31 0, v000002853c6fe680_0;  1 drivers
v000002853c74ae50_0 .net "temp1", 31 0, v000002853c7433b0_0;  1 drivers
v000002853c74bb70_0 .net "temp2", 31 0, v000002853c7434f0_0;  1 drivers
v000002853c74aa90_0 .net "temp3", 31 0, v000002853c743d10_0;  1 drivers
v000002853c74b8f0_0 .net "temp4", 31 0, v000002853c743130_0;  1 drivers
S_000002853c67a910 .scope module, "A1" "alu" 2 13, 3 3 0, S_000002853c67a5d0;
 .timescale -9 -12;
    .port_info 0 /INPUT 16 "in0";
    .port_info 1 /INPUT 16 "in1";
    .port_info 2 /INPUT 16 "in2";
    .port_info 3 /INPUT 16 "in3";
    .port_info 4 /INPUT 16 "in4";
    .port_info 5 /INPUT 16 "in5";
    .port_info 6 /INPUT 16 "in6";
    .port_info 7 /INPUT 16 "in7";
    .port_info 8 /INPUT 16 "in8";
    .port_info 9 /INPUT 16 "in9";
    .port_info 10 /INPUT 16 "in10";
    .port_info 11 /INPUT 16 "in11";
    .port_info 12 /INPUT 16 "in12";
    .port_info 13 /INPUT 16 "in13";
    .port_info 14 /INPUT 16 "in14";
    .port_info 15 /INPUT 16 "in15";
    .port_info 16 /INPUT 16 "in16";
    .port_info 17 /INPUT 16 "in17";
    .port_info 18 /INPUT 16 "in18";
    .port_info 19 /INPUT 16 "in19";
    .port_info 20 /INPUT 16 "in20";
    .port_info 21 /INPUT 16 "in21";
    .port_info 22 /OUTPUT 32 "out1";
    .port_info 23 /OUTPUT 32 "out2";
    .port_info 24 /OUTPUT 32 "out3";
    .port_info 25 /OUTPUT 32 "out4";
v000002853c6e1400_0 .net "in0", 15 0, o000002853c700088;  alias, 0 drivers
v000002853c6e0d20_0 .net "in1", 15 0, o000002853c7000b8;  alias, 0 drivers
v000002853c6e1180_0 .net "in10", 15 0, o000002853c7000e8;  alias, 0 drivers
v000002853c6e0c80_0 .net "in11", 15 0, o000002853c700118;  alias, 0 drivers
v000002853c6e12c0_0 .net "in12", 15 0, o000002853c700148;  alias, 0 drivers
v000002853c6e1360_0 .net "in13", 15 0, o000002853c700178;  alias, 0 drivers
v000002853c6e1220_0 .net "in14", 15 0, o000002853c7001a8;  alias, 0 drivers
v000002853c6e0e60_0 .net "in15", 15 0, o000002853c7001d8;  alias, 0 drivers
v000002853c6e0b40_0 .net "in16", 15 0, o000002853c700208;  alias, 0 drivers
v000002853c6e14a0_0 .net "in17", 15 0, o000002853c700238;  alias, 0 drivers
v000002853c6e17c0_0 .net "in18", 15 0, o000002853c700268;  alias, 0 drivers
v000002853c6e0fa0_0 .net "in19", 15 0, o000002853c700298;  alias, 0 drivers
v000002853c6e15e0_0 .net "in2", 15 0, o000002853c7002c8;  alias, 0 drivers
v000002853c6e0960_0 .net "in20", 15 0, o000002853c7002f8;  alias, 0 drivers
v000002853c6e0be0_0 .net "in21", 15 0, o000002853c700328;  alias, 0 drivers
v000002853c6e1040_0 .net "in3", 15 0, o000002853c700358;  alias, 0 drivers
v000002853c6e1860_0 .net "in4", 15 0, o000002853c700388;  alias, 0 drivers
v000002853c6e10e0_0 .net "in5", 15 0, o000002853c7003b8;  alias, 0 drivers
v000002853c6e0aa0_0 .net "in6", 15 0, o000002853c7003e8;  alias, 0 drivers
v000002853c6e1680_0 .net "in7", 15 0, o000002853c700418;  alias, 0 drivers
v000002853c6e0a00_0 .net "in8", 15 0, o000002853c700448;  alias, 0 drivers
v000002853c6e1540_0 .net "in9", 15 0, o000002853c700478;  alias, 0 drivers
v000002853c6e1720 .array "mul1", 21 0, 31 0;
v000002853c742a50 .array "mul2", 21 0, 31 0;
v000002853c742af0 .array "mul3", 21 0, 31 0;
v000002853c743450 .array "mul4", 21 0, 31 0;
v000002853c7433b0_0 .var "out1", 31 0;
v000002853c7434f0_0 .var "out2", 31 0;
v000002853c743d10_0 .var "out3", 31 0;
v000002853c743130_0 .var "out4", 31 0;
v000002853c7431d0 .array "weights1", 21 0, 15 0;
v000002853c743090 .array "weights2", 21 0, 15 0;
v000002853c7440d0 .array "weights3", 21 0, 15 0;
v000002853c744210 .array "weights4", 21 0, 15 0;
v000002853c744210_0 .array/port v000002853c744210, 0;
v000002853c744210_1 .array/port v000002853c744210, 1;
v000002853c744210_2 .array/port v000002853c744210, 2;
v000002853c744210_3 .array/port v000002853c744210, 3;
E_000002853c6b2f60/0 .event anyedge, v000002853c744210_0, v000002853c744210_1, v000002853c744210_2, v000002853c744210_3;
v000002853c744210_4 .array/port v000002853c744210, 4;
v000002853c744210_5 .array/port v000002853c744210, 5;
v000002853c744210_6 .array/port v000002853c744210, 6;
v000002853c744210_7 .array/port v000002853c744210, 7;
E_000002853c6b2f60/1 .event anyedge, v000002853c744210_4, v000002853c744210_5, v000002853c744210_6, v000002853c744210_7;
v000002853c744210_8 .array/port v000002853c744210, 8;
v000002853c744210_9 .array/port v000002853c744210, 9;
v000002853c744210_10 .array/port v000002853c744210, 10;
v000002853c744210_11 .array/port v000002853c744210, 11;
E_000002853c6b2f60/2 .event anyedge, v000002853c744210_8, v000002853c744210_9, v000002853c744210_10, v000002853c744210_11;
v000002853c744210_12 .array/port v000002853c744210, 12;
v000002853c744210_13 .array/port v000002853c744210, 13;
v000002853c744210_14 .array/port v000002853c744210, 14;
v000002853c744210_15 .array/port v000002853c744210, 15;
E_000002853c6b2f60/3 .event anyedge, v000002853c744210_12, v000002853c744210_13, v000002853c744210_14, v000002853c744210_15;
v000002853c744210_16 .array/port v000002853c744210, 16;
v000002853c744210_17 .array/port v000002853c744210, 17;
v000002853c744210_18 .array/port v000002853c744210, 18;
v000002853c744210_19 .array/port v000002853c744210, 19;
E_000002853c6b2f60/4 .event anyedge, v000002853c744210_16, v000002853c744210_17, v000002853c744210_18, v000002853c744210_19;
v000002853c744210_20 .array/port v000002853c744210, 20;
v000002853c744210_21 .array/port v000002853c744210, 21;
E_000002853c6b2f60/5 .event anyedge, v000002853c744210_20, v000002853c744210_21, v000002853c6e1400_0, v000002853c6e0d20_0;
E_000002853c6b2f60/6 .event anyedge, v000002853c6e15e0_0, v000002853c6e1040_0, v000002853c6e1860_0, v000002853c6e10e0_0;
E_000002853c6b2f60/7 .event anyedge, v000002853c6e0aa0_0, v000002853c6e1680_0, v000002853c6e0a00_0, v000002853c6e1540_0;
E_000002853c6b2f60/8 .event anyedge, v000002853c6e1180_0, v000002853c6e0c80_0, v000002853c6e12c0_0, v000002853c6e1360_0;
E_000002853c6b2f60/9 .event anyedge, v000002853c6e1220_0, v000002853c6e0e60_0, v000002853c6e0b40_0, v000002853c6e14a0_0;
E_000002853c6b2f60/10 .event anyedge, v000002853c6e17c0_0, v000002853c6e0fa0_0, v000002853c6e0960_0, v000002853c6e0be0_0;
v000002853c743450_0 .array/port v000002853c743450, 0;
v000002853c743450_1 .array/port v000002853c743450, 1;
v000002853c743450_2 .array/port v000002853c743450, 2;
v000002853c743450_3 .array/port v000002853c743450, 3;
E_000002853c6b2f60/11 .event anyedge, v000002853c743450_0, v000002853c743450_1, v000002853c743450_2, v000002853c743450_3;
v000002853c743450_4 .array/port v000002853c743450, 4;
v000002853c743450_5 .array/port v000002853c743450, 5;
v000002853c743450_6 .array/port v000002853c743450, 6;
v000002853c743450_7 .array/port v000002853c743450, 7;
E_000002853c6b2f60/12 .event anyedge, v000002853c743450_4, v000002853c743450_5, v000002853c743450_6, v000002853c743450_7;
v000002853c743450_8 .array/port v000002853c743450, 8;
v000002853c743450_9 .array/port v000002853c743450, 9;
v000002853c743450_10 .array/port v000002853c743450, 10;
v000002853c743450_11 .array/port v000002853c743450, 11;
E_000002853c6b2f60/13 .event anyedge, v000002853c743450_8, v000002853c743450_9, v000002853c743450_10, v000002853c743450_11;
v000002853c743450_12 .array/port v000002853c743450, 12;
v000002853c743450_13 .array/port v000002853c743450, 13;
v000002853c743450_14 .array/port v000002853c743450, 14;
v000002853c743450_15 .array/port v000002853c743450, 15;
E_000002853c6b2f60/14 .event anyedge, v000002853c743450_12, v000002853c743450_13, v000002853c743450_14, v000002853c743450_15;
v000002853c743450_16 .array/port v000002853c743450, 16;
v000002853c743450_17 .array/port v000002853c743450, 17;
v000002853c743450_18 .array/port v000002853c743450, 18;
v000002853c743450_19 .array/port v000002853c743450, 19;
E_000002853c6b2f60/15 .event anyedge, v000002853c743450_16, v000002853c743450_17, v000002853c743450_18, v000002853c743450_19;
v000002853c743450_20 .array/port v000002853c743450, 20;
v000002853c743450_21 .array/port v000002853c743450, 21;
E_000002853c6b2f60/16 .event anyedge, v000002853c743450_20, v000002853c743450_21;
E_000002853c6b2f60 .event/or E_000002853c6b2f60/0, E_000002853c6b2f60/1, E_000002853c6b2f60/2, E_000002853c6b2f60/3, E_000002853c6b2f60/4, E_000002853c6b2f60/5, E_000002853c6b2f60/6, E_000002853c6b2f60/7, E_000002853c6b2f60/8, E_000002853c6b2f60/9, E_000002853c6b2f60/10, E_000002853c6b2f60/11, E_000002853c6b2f60/12, E_000002853c6b2f60/13, E_000002853c6b2f60/14, E_000002853c6b2f60/15, E_000002853c6b2f60/16;
v000002853c7440d0_0 .array/port v000002853c7440d0, 0;
v000002853c7440d0_1 .array/port v000002853c7440d0, 1;
v000002853c7440d0_2 .array/port v000002853c7440d0, 2;
v000002853c7440d0_3 .array/port v000002853c7440d0, 3;
E_000002853c6b2920/0 .event anyedge, v000002853c7440d0_0, v000002853c7440d0_1, v000002853c7440d0_2, v000002853c7440d0_3;
v000002853c7440d0_4 .array/port v000002853c7440d0, 4;
v000002853c7440d0_5 .array/port v000002853c7440d0, 5;
v000002853c7440d0_6 .array/port v000002853c7440d0, 6;
v000002853c7440d0_7 .array/port v000002853c7440d0, 7;
E_000002853c6b2920/1 .event anyedge, v000002853c7440d0_4, v000002853c7440d0_5, v000002853c7440d0_6, v000002853c7440d0_7;
v000002853c7440d0_8 .array/port v000002853c7440d0, 8;
v000002853c7440d0_9 .array/port v000002853c7440d0, 9;
v000002853c7440d0_10 .array/port v000002853c7440d0, 10;
v000002853c7440d0_11 .array/port v000002853c7440d0, 11;
E_000002853c6b2920/2 .event anyedge, v000002853c7440d0_8, v000002853c7440d0_9, v000002853c7440d0_10, v000002853c7440d0_11;
v000002853c7440d0_12 .array/port v000002853c7440d0, 12;
v000002853c7440d0_13 .array/port v000002853c7440d0, 13;
v000002853c7440d0_14 .array/port v000002853c7440d0, 14;
v000002853c7440d0_15 .array/port v000002853c7440d0, 15;
E_000002853c6b2920/3 .event anyedge, v000002853c7440d0_12, v000002853c7440d0_13, v000002853c7440d0_14, v000002853c7440d0_15;
v000002853c7440d0_16 .array/port v000002853c7440d0, 16;
v000002853c7440d0_17 .array/port v000002853c7440d0, 17;
v000002853c7440d0_18 .array/port v000002853c7440d0, 18;
v000002853c7440d0_19 .array/port v000002853c7440d0, 19;
E_000002853c6b2920/4 .event anyedge, v000002853c7440d0_16, v000002853c7440d0_17, v000002853c7440d0_18, v000002853c7440d0_19;
v000002853c7440d0_20 .array/port v000002853c7440d0, 20;
v000002853c7440d0_21 .array/port v000002853c7440d0, 21;
E_000002853c6b2920/5 .event anyedge, v000002853c7440d0_20, v000002853c7440d0_21, v000002853c6e1400_0, v000002853c6e0d20_0;
E_000002853c6b2920/6 .event anyedge, v000002853c6e15e0_0, v000002853c6e1040_0, v000002853c6e1860_0, v000002853c6e10e0_0;
E_000002853c6b2920/7 .event anyedge, v000002853c6e0aa0_0, v000002853c6e1680_0, v000002853c6e0a00_0, v000002853c6e1540_0;
E_000002853c6b2920/8 .event anyedge, v000002853c6e1180_0, v000002853c6e0c80_0, v000002853c6e12c0_0, v000002853c6e1360_0;
E_000002853c6b2920/9 .event anyedge, v000002853c6e1220_0, v000002853c6e0e60_0, v000002853c6e0b40_0, v000002853c6e14a0_0;
E_000002853c6b2920/10 .event anyedge, v000002853c6e17c0_0, v000002853c6e0fa0_0, v000002853c6e0960_0, v000002853c6e0be0_0;
v000002853c742af0_0 .array/port v000002853c742af0, 0;
v000002853c742af0_1 .array/port v000002853c742af0, 1;
v000002853c742af0_2 .array/port v000002853c742af0, 2;
v000002853c742af0_3 .array/port v000002853c742af0, 3;
E_000002853c6b2920/11 .event anyedge, v000002853c742af0_0, v000002853c742af0_1, v000002853c742af0_2, v000002853c742af0_3;
v000002853c742af0_4 .array/port v000002853c742af0, 4;
v000002853c742af0_5 .array/port v000002853c742af0, 5;
v000002853c742af0_6 .array/port v000002853c742af0, 6;
v000002853c742af0_7 .array/port v000002853c742af0, 7;
E_000002853c6b2920/12 .event anyedge, v000002853c742af0_4, v000002853c742af0_5, v000002853c742af0_6, v000002853c742af0_7;
v000002853c742af0_8 .array/port v000002853c742af0, 8;
v000002853c742af0_9 .array/port v000002853c742af0, 9;
v000002853c742af0_10 .array/port v000002853c742af0, 10;
v000002853c742af0_11 .array/port v000002853c742af0, 11;
E_000002853c6b2920/13 .event anyedge, v000002853c742af0_8, v000002853c742af0_9, v000002853c742af0_10, v000002853c742af0_11;
v000002853c742af0_12 .array/port v000002853c742af0, 12;
v000002853c742af0_13 .array/port v000002853c742af0, 13;
v000002853c742af0_14 .array/port v000002853c742af0, 14;
v000002853c742af0_15 .array/port v000002853c742af0, 15;
E_000002853c6b2920/14 .event anyedge, v000002853c742af0_12, v000002853c742af0_13, v000002853c742af0_14, v000002853c742af0_15;
v000002853c742af0_16 .array/port v000002853c742af0, 16;
v000002853c742af0_17 .array/port v000002853c742af0, 17;
v000002853c742af0_18 .array/port v000002853c742af0, 18;
v000002853c742af0_19 .array/port v000002853c742af0, 19;
E_000002853c6b2920/15 .event anyedge, v000002853c742af0_16, v000002853c742af0_17, v000002853c742af0_18, v000002853c742af0_19;
v000002853c742af0_20 .array/port v000002853c742af0, 20;
v000002853c742af0_21 .array/port v000002853c742af0, 21;
E_000002853c6b2920/16 .event anyedge, v000002853c742af0_20, v000002853c742af0_21;
E_000002853c6b2920 .event/or E_000002853c6b2920/0, E_000002853c6b2920/1, E_000002853c6b2920/2, E_000002853c6b2920/3, E_000002853c6b2920/4, E_000002853c6b2920/5, E_000002853c6b2920/6, E_000002853c6b2920/7, E_000002853c6b2920/8, E_000002853c6b2920/9, E_000002853c6b2920/10, E_000002853c6b2920/11, E_000002853c6b2920/12, E_000002853c6b2920/13, E_000002853c6b2920/14, E_000002853c6b2920/15, E_000002853c6b2920/16;
v000002853c743090_0 .array/port v000002853c743090, 0;
v000002853c743090_1 .array/port v000002853c743090, 1;
v000002853c743090_2 .array/port v000002853c743090, 2;
v000002853c743090_3 .array/port v000002853c743090, 3;
E_000002853c6b2720/0 .event anyedge, v000002853c743090_0, v000002853c743090_1, v000002853c743090_2, v000002853c743090_3;
v000002853c743090_4 .array/port v000002853c743090, 4;
v000002853c743090_5 .array/port v000002853c743090, 5;
v000002853c743090_6 .array/port v000002853c743090, 6;
v000002853c743090_7 .array/port v000002853c743090, 7;
E_000002853c6b2720/1 .event anyedge, v000002853c743090_4, v000002853c743090_5, v000002853c743090_6, v000002853c743090_7;
v000002853c743090_8 .array/port v000002853c743090, 8;
v000002853c743090_9 .array/port v000002853c743090, 9;
v000002853c743090_10 .array/port v000002853c743090, 10;
v000002853c743090_11 .array/port v000002853c743090, 11;
E_000002853c6b2720/2 .event anyedge, v000002853c743090_8, v000002853c743090_9, v000002853c743090_10, v000002853c743090_11;
v000002853c743090_12 .array/port v000002853c743090, 12;
v000002853c743090_13 .array/port v000002853c743090, 13;
v000002853c743090_14 .array/port v000002853c743090, 14;
v000002853c743090_15 .array/port v000002853c743090, 15;
E_000002853c6b2720/3 .event anyedge, v000002853c743090_12, v000002853c743090_13, v000002853c743090_14, v000002853c743090_15;
v000002853c743090_16 .array/port v000002853c743090, 16;
v000002853c743090_17 .array/port v000002853c743090, 17;
v000002853c743090_18 .array/port v000002853c743090, 18;
v000002853c743090_19 .array/port v000002853c743090, 19;
E_000002853c6b2720/4 .event anyedge, v000002853c743090_16, v000002853c743090_17, v000002853c743090_18, v000002853c743090_19;
v000002853c743090_20 .array/port v000002853c743090, 20;
v000002853c743090_21 .array/port v000002853c743090, 21;
E_000002853c6b2720/5 .event anyedge, v000002853c743090_20, v000002853c743090_21, v000002853c6e1400_0, v000002853c6e0d20_0;
E_000002853c6b2720/6 .event anyedge, v000002853c6e15e0_0, v000002853c6e1040_0, v000002853c6e1860_0, v000002853c6e10e0_0;
E_000002853c6b2720/7 .event anyedge, v000002853c6e0aa0_0, v000002853c6e1680_0, v000002853c6e0a00_0, v000002853c6e1540_0;
E_000002853c6b2720/8 .event anyedge, v000002853c6e1180_0, v000002853c6e0c80_0, v000002853c6e12c0_0, v000002853c6e1360_0;
E_000002853c6b2720/9 .event anyedge, v000002853c6e1220_0, v000002853c6e0e60_0, v000002853c6e0b40_0, v000002853c6e14a0_0;
E_000002853c6b2720/10 .event anyedge, v000002853c6e17c0_0, v000002853c6e0fa0_0, v000002853c6e0960_0, v000002853c6e0be0_0;
v000002853c742a50_0 .array/port v000002853c742a50, 0;
v000002853c742a50_1 .array/port v000002853c742a50, 1;
v000002853c742a50_2 .array/port v000002853c742a50, 2;
v000002853c742a50_3 .array/port v000002853c742a50, 3;
E_000002853c6b2720/11 .event anyedge, v000002853c742a50_0, v000002853c742a50_1, v000002853c742a50_2, v000002853c742a50_3;
v000002853c742a50_4 .array/port v000002853c742a50, 4;
v000002853c742a50_5 .array/port v000002853c742a50, 5;
v000002853c742a50_6 .array/port v000002853c742a50, 6;
v000002853c742a50_7 .array/port v000002853c742a50, 7;
E_000002853c6b2720/12 .event anyedge, v000002853c742a50_4, v000002853c742a50_5, v000002853c742a50_6, v000002853c742a50_7;
v000002853c742a50_8 .array/port v000002853c742a50, 8;
v000002853c742a50_9 .array/port v000002853c742a50, 9;
v000002853c742a50_10 .array/port v000002853c742a50, 10;
v000002853c742a50_11 .array/port v000002853c742a50, 11;
E_000002853c6b2720/13 .event anyedge, v000002853c742a50_8, v000002853c742a50_9, v000002853c742a50_10, v000002853c742a50_11;
v000002853c742a50_12 .array/port v000002853c742a50, 12;
v000002853c742a50_13 .array/port v000002853c742a50, 13;
v000002853c742a50_14 .array/port v000002853c742a50, 14;
v000002853c742a50_15 .array/port v000002853c742a50, 15;
E_000002853c6b2720/14 .event anyedge, v000002853c742a50_12, v000002853c742a50_13, v000002853c742a50_14, v000002853c742a50_15;
v000002853c742a50_16 .array/port v000002853c742a50, 16;
v000002853c742a50_17 .array/port v000002853c742a50, 17;
v000002853c742a50_18 .array/port v000002853c742a50, 18;
v000002853c742a50_19 .array/port v000002853c742a50, 19;
E_000002853c6b2720/15 .event anyedge, v000002853c742a50_16, v000002853c742a50_17, v000002853c742a50_18, v000002853c742a50_19;
v000002853c742a50_20 .array/port v000002853c742a50, 20;
v000002853c742a50_21 .array/port v000002853c742a50, 21;
E_000002853c6b2720/16 .event anyedge, v000002853c742a50_20, v000002853c742a50_21;
E_000002853c6b2720 .event/or E_000002853c6b2720/0, E_000002853c6b2720/1, E_000002853c6b2720/2, E_000002853c6b2720/3, E_000002853c6b2720/4, E_000002853c6b2720/5, E_000002853c6b2720/6, E_000002853c6b2720/7, E_000002853c6b2720/8, E_000002853c6b2720/9, E_000002853c6b2720/10, E_000002853c6b2720/11, E_000002853c6b2720/12, E_000002853c6b2720/13, E_000002853c6b2720/14, E_000002853c6b2720/15, E_000002853c6b2720/16;
v000002853c7431d0_0 .array/port v000002853c7431d0, 0;
v000002853c7431d0_1 .array/port v000002853c7431d0, 1;
v000002853c7431d0_2 .array/port v000002853c7431d0, 2;
v000002853c7431d0_3 .array/port v000002853c7431d0, 3;
E_000002853c6b2820/0 .event anyedge, v000002853c7431d0_0, v000002853c7431d0_1, v000002853c7431d0_2, v000002853c7431d0_3;
v000002853c7431d0_4 .array/port v000002853c7431d0, 4;
v000002853c7431d0_5 .array/port v000002853c7431d0, 5;
v000002853c7431d0_6 .array/port v000002853c7431d0, 6;
v000002853c7431d0_7 .array/port v000002853c7431d0, 7;
E_000002853c6b2820/1 .event anyedge, v000002853c7431d0_4, v000002853c7431d0_5, v000002853c7431d0_6, v000002853c7431d0_7;
v000002853c7431d0_8 .array/port v000002853c7431d0, 8;
v000002853c7431d0_9 .array/port v000002853c7431d0, 9;
v000002853c7431d0_10 .array/port v000002853c7431d0, 10;
v000002853c7431d0_11 .array/port v000002853c7431d0, 11;
E_000002853c6b2820/2 .event anyedge, v000002853c7431d0_8, v000002853c7431d0_9, v000002853c7431d0_10, v000002853c7431d0_11;
v000002853c7431d0_12 .array/port v000002853c7431d0, 12;
v000002853c7431d0_13 .array/port v000002853c7431d0, 13;
v000002853c7431d0_14 .array/port v000002853c7431d0, 14;
v000002853c7431d0_15 .array/port v000002853c7431d0, 15;
E_000002853c6b2820/3 .event anyedge, v000002853c7431d0_12, v000002853c7431d0_13, v000002853c7431d0_14, v000002853c7431d0_15;
v000002853c7431d0_16 .array/port v000002853c7431d0, 16;
v000002853c7431d0_17 .array/port v000002853c7431d0, 17;
v000002853c7431d0_18 .array/port v000002853c7431d0, 18;
v000002853c7431d0_19 .array/port v000002853c7431d0, 19;
E_000002853c6b2820/4 .event anyedge, v000002853c7431d0_16, v000002853c7431d0_17, v000002853c7431d0_18, v000002853c7431d0_19;
v000002853c7431d0_20 .array/port v000002853c7431d0, 20;
v000002853c7431d0_21 .array/port v000002853c7431d0, 21;
E_000002853c6b2820/5 .event anyedge, v000002853c7431d0_20, v000002853c7431d0_21, v000002853c6e1400_0, v000002853c6e0d20_0;
E_000002853c6b2820/6 .event anyedge, v000002853c6e15e0_0, v000002853c6e1040_0, v000002853c6e1860_0, v000002853c6e10e0_0;
E_000002853c6b2820/7 .event anyedge, v000002853c6e0aa0_0, v000002853c6e1680_0, v000002853c6e0a00_0, v000002853c6e1540_0;
E_000002853c6b2820/8 .event anyedge, v000002853c6e1180_0, v000002853c6e0c80_0, v000002853c6e12c0_0, v000002853c6e1360_0;
E_000002853c6b2820/9 .event anyedge, v000002853c6e1220_0, v000002853c6e0e60_0, v000002853c6e0b40_0, v000002853c6e14a0_0;
E_000002853c6b2820/10 .event anyedge, v000002853c6e17c0_0, v000002853c6e0fa0_0, v000002853c6e0960_0, v000002853c6e0be0_0;
v000002853c6e1720_0 .array/port v000002853c6e1720, 0;
v000002853c6e1720_1 .array/port v000002853c6e1720, 1;
v000002853c6e1720_2 .array/port v000002853c6e1720, 2;
v000002853c6e1720_3 .array/port v000002853c6e1720, 3;
E_000002853c6b2820/11 .event anyedge, v000002853c6e1720_0, v000002853c6e1720_1, v000002853c6e1720_2, v000002853c6e1720_3;
v000002853c6e1720_4 .array/port v000002853c6e1720, 4;
v000002853c6e1720_5 .array/port v000002853c6e1720, 5;
v000002853c6e1720_6 .array/port v000002853c6e1720, 6;
v000002853c6e1720_7 .array/port v000002853c6e1720, 7;
E_000002853c6b2820/12 .event anyedge, v000002853c6e1720_4, v000002853c6e1720_5, v000002853c6e1720_6, v000002853c6e1720_7;
v000002853c6e1720_8 .array/port v000002853c6e1720, 8;
v000002853c6e1720_9 .array/port v000002853c6e1720, 9;
v000002853c6e1720_10 .array/port v000002853c6e1720, 10;
v000002853c6e1720_11 .array/port v000002853c6e1720, 11;
E_000002853c6b2820/13 .event anyedge, v000002853c6e1720_8, v000002853c6e1720_9, v000002853c6e1720_10, v000002853c6e1720_11;
v000002853c6e1720_12 .array/port v000002853c6e1720, 12;
v000002853c6e1720_13 .array/port v000002853c6e1720, 13;
v000002853c6e1720_14 .array/port v000002853c6e1720, 14;
v000002853c6e1720_15 .array/port v000002853c6e1720, 15;
E_000002853c6b2820/14 .event anyedge, v000002853c6e1720_12, v000002853c6e1720_13, v000002853c6e1720_14, v000002853c6e1720_15;
v000002853c6e1720_16 .array/port v000002853c6e1720, 16;
v000002853c6e1720_17 .array/port v000002853c6e1720, 17;
v000002853c6e1720_18 .array/port v000002853c6e1720, 18;
v000002853c6e1720_19 .array/port v000002853c6e1720, 19;
E_000002853c6b2820/15 .event anyedge, v000002853c6e1720_16, v000002853c6e1720_17, v000002853c6e1720_18, v000002853c6e1720_19;
v000002853c6e1720_20 .array/port v000002853c6e1720, 20;
v000002853c6e1720_21 .array/port v000002853c6e1720, 21;
E_000002853c6b2820/16 .event anyedge, v000002853c6e1720_20, v000002853c6e1720_21;
E_000002853c6b2820 .event/or E_000002853c6b2820/0, E_000002853c6b2820/1, E_000002853c6b2820/2, E_000002853c6b2820/3, E_000002853c6b2820/4, E_000002853c6b2820/5, E_000002853c6b2820/6, E_000002853c6b2820/7, E_000002853c6b2820/8, E_000002853c6b2820/9, E_000002853c6b2820/10, E_000002853c6b2820/11, E_000002853c6b2820/12, E_000002853c6b2820/13, E_000002853c6b2820/14, E_000002853c6b2820/15, E_000002853c6b2820/16;
S_000002853c744830 .scope module, "S1" "sigmoid_32bit" 2 14, 4 3 0, S_000002853c67a5d0;
 .timescale -9 -12;
    .port_info 0 /INPUT 32 "x";
    .port_info 1 /OUTPUT 32 "out";
v000002853c7436d0_0 .net/s "out", 31 0, v000002853c743630_0;  alias, 1 drivers
v000002853c743f90_0 .net/s "sq", 63 0, v000002853c743270_0;  1 drivers
v000002853c743950_0 .net/s "sum", 31 0, v000002853c744490_0;  1 drivers
v000002853c743e50_0 .net/s "x", 31 0, v000002853c7433b0_0;  alias, 1 drivers
S_000002853c7449c0 .scope module, "mul" "multiplier_32bit" 4 12, 4 47 0, S_000002853c744830;
 .timescale -9 -12;
    .port_info 0 /INPUT 32 "a";
    .port_info 1 /INPUT 32 "b";
    .port_info 2 /OUTPUT 64 "out";
v000002853c743b30_0 .net/s "a", 31 0, v000002853c744490_0;  alias, 1 drivers
v000002853c742f50_0 .net/s "b", 31 0, v000002853c744490_0;  alias, 1 drivers
v000002853c743270_0 .var/s "out", 63 0;
E_000002853c6b29e0 .event anyedge, v000002853c743b30_0;
S_000002853c744b50 .scope module, "s1" "step1_32bit" 4 11, 4 17 0, S_000002853c744830;
 .timescale -9 -12;
    .port_info 0 /INPUT 32 "x";
    .port_info 1 /OUTPUT 32 "out";
v000002853c744490_0 .var/s "out", 31 0;
v000002853c742eb0_0 .net/s "x", 31 0, v000002853c7433b0_0;  alias, 1 drivers
v000002853c742870_0 .var/s "y", 31 0;
v000002853c743310_0 .var/s "z", 31 0;
E_000002853c6b2a20 .event anyedge, v000002853c7433b0_0;
S_000002853c744ce0 .scope module, "s2" "step2_32bit" 4 13, 4 58 0, S_000002853c744830;
 .timescale -9 -12;
    .port_info 0 /INPUT 32 "x";
    .port_info 1 /INPUT 64 "a";
    .port_info 2 /OUTPUT 32 "out";
v000002853c743590_0 .net/s "a", 63 0, v000002853c743270_0;  alias, 1 drivers
v000002853c743630_0 .var/s "out", 31 0;
v000002853c744530_0 .var/s "temp1", 63 0;
v000002853c7429b0_0 .var/s "temp2", 63 0;
v000002853c742ff0_0 .net/s "x", 31 0, v000002853c7433b0_0;  alias, 1 drivers
E_000002853c6b29a0 .event anyedge, v000002853c743270_0;
S_000002853c748e80 .scope module, "S2" "sigmoid_32bit" 2 15, 4 3 0, S_000002853c67a5d0;
 .timescale -9 -12;
    .port_info 0 /INPUT 32 "x";
    .port_info 1 /OUTPUT 32 "out";
v000002853c743a90_0 .net/s "out", 31 0, v000002853c743810_0;  alias, 1 drivers
v000002853c743bd0_0 .net/s "sq", 63 0, v000002853c742cd0_0;  1 drivers
v000002853c742910_0 .net/s "sum", 31 0, v000002853c744670_0;  1 drivers
v000002853c743c70_0 .net/s "x", 31 0, v000002853c7434f0_0;  alias, 1 drivers
S_000002853c749010 .scope module, "mul" "multiplier_32bit" 4 12, 4 47 0, S_000002853c748e80;
 .timescale -9 -12;
    .port_info 0 /INPUT 32 "a";
    .port_info 1 /INPUT 32 "b";
    .port_info 2 /OUTPUT 64 "out";
v000002853c743770_0 .net/s "a", 31 0, v000002853c744670_0;  alias, 1 drivers
v000002853c742e10_0 .net/s "b", 31 0, v000002853c744670_0;  alias, 1 drivers
v000002853c742cd0_0 .var/s "out", 63 0;
E_000002853c6b2e20 .event anyedge, v000002853c743770_0;
S_000002853c7491a0 .scope module, "s1" "step1_32bit" 4 11, 4 17 0, S_000002853c748e80;
 .timescale -9 -12;
    .port_info 0 /INPUT 32 "x";
    .port_info 1 /OUTPUT 32 "out";
v000002853c744670_0 .var/s "out", 31 0;
v000002853c743ef0_0 .net/s "x", 31 0, v000002853c7434f0_0;  alias, 1 drivers
v000002853c743db0_0 .var/s "y", 31 0;
v000002853c742d70_0 .var/s "z", 31 0;
E_000002853c6b2e60 .event anyedge, v000002853c7434f0_0;
S_000002853c749330 .scope module, "s2" "step2_32bit" 4 13, 4 58 0, S_000002853c748e80;
 .timescale -9 -12;
    .port_info 0 /INPUT 32 "x";
    .port_info 1 /INPUT 64 "a";
    .port_info 2 /OUTPUT 32 "out";
v000002853c744030_0 .net/s "a", 63 0, v000002853c742cd0_0;  alias, 1 drivers
v000002853c743810_0 .var/s "out", 31 0;
v000002853c7438b0_0 .var/s "temp1", 63 0;
v000002853c7439f0_0 .var/s "temp2", 63 0;
v000002853c742b90_0 .net/s "x", 31 0, v000002853c7434f0_0;  alias, 1 drivers
E_000002853c6b3360 .event anyedge, v000002853c742cd0_0;
S_000002853c7494c0 .scope module, "S3" "sigmoid_32bit" 2 16, 4 3 0, S_000002853c67a5d0;
 .timescale -9 -12;
    .port_info 0 /INPUT 32 "x";
    .port_info 1 /OUTPUT 32 "out";
v000002853c6fcec0_0 .net/s "out", 31 0, v000002853c6fe540_0;  alias, 1 drivers
v000002853c6fd000_0 .net/s "sq", 63 0, v000002853c744350_0;  1 drivers
v000002853c6fdd20_0 .net/s "sum", 31 0, v000002853c7443f0_0;  1 drivers
v000002853c6fd0a0_0 .net/s "x", 31 0, v000002853c743d10_0;  alias, 1 drivers
S_000002853c749650 .scope module, "mul" "multiplier_32bit" 4 12, 4 47 0, S_000002853c7494c0;
 .timescale -9 -12;
    .port_info 0 /INPUT 32 "a";
    .port_info 1 /INPUT 32 "b";
    .port_info 2 /OUTPUT 64 "out";
v000002853c744170_0 .net/s "a", 31 0, v000002853c7443f0_0;  alias, 1 drivers
v000002853c7442b0_0 .net/s "b", 31 0, v000002853c7443f0_0;  alias, 1 drivers
v000002853c744350_0 .var/s "out", 63 0;
E_000002853c6b2d20 .event anyedge, v000002853c744170_0;
S_000002853c7497e0 .scope module, "s1" "step1_32bit" 4 11, 4 17 0, S_000002853c7494c0;
 .timescale -9 -12;
    .port_info 0 /INPUT 32 "x";
    .port_info 1 /OUTPUT 32 "out";
v000002853c7443f0_0 .var/s "out", 31 0;
v000002853c7445d0_0 .net/s "x", 31 0, v000002853c743d10_0;  alias, 1 drivers
v000002853c742c30_0 .var/s "y", 31 0;
v000002853c744710_0 .var/s "z", 31 0;
E_000002853c6b2ca0 .event anyedge, v000002853c743d10_0;
S_000002853c6fc180 .scope module, "s2" "step2_32bit" 4 13, 4 58 0, S_000002853c7494c0;
 .timescale -9 -12;
    .port_info 0 /INPUT 32 "x";
    .port_info 1 /INPUT 64 "a";
    .port_info 2 /OUTPUT 32 "out";
v000002853c6fdc80_0 .net/s "a", 63 0, v000002853c744350_0;  alias, 1 drivers
v000002853c6fe540_0 .var/s "out", 31 0;
v000002853c6fdb40_0 .var/s "temp1", 63 0;
v000002853c6fcf60_0 .var/s "temp2", 63 0;
v000002853c6fd6e0_0 .net/s "x", 31 0, v000002853c743d10_0;  alias, 1 drivers
E_000002853c6b3320 .event anyedge, v000002853c744350_0;
S_000002853c6fcae0 .scope module, "S4" "sigmoid_32bit" 2 17, 4 3 0, S_000002853c67a5d0;
 .timescale -9 -12;
    .port_info 0 /INPUT 32 "x";
    .port_info 1 /OUTPUT 32 "out";
v000002853c6feb80_0 .net/s "out", 31 0, v000002853c6fe680_0;  alias, 1 drivers
v000002853c6fd820_0 .net/s "sq", 63 0, v000002853c6fd1e0_0;  1 drivers
v000002853c6fd280_0 .net/s "sum", 31 0, v000002853c6fe180_0;  1 drivers
v000002853c6fe4a0_0 .net/s "x", 31 0, v000002853c743130_0;  alias, 1 drivers
S_000002853c6fc310 .scope module, "mul" "multiplier_32bit" 4 12, 4 47 0, S_000002853c6fcae0;
 .timescale -9 -12;
    .port_info 0 /INPUT 32 "a";
    .port_info 1 /INPUT 32 "b";
    .port_info 2 /OUTPUT 64 "out";
v000002853c6fda00_0 .net/s "a", 31 0, v000002853c6fe180_0;  alias, 1 drivers
v000002853c6fdbe0_0 .net/s "b", 31 0, v000002853c6fe180_0;  alias, 1 drivers
v000002853c6fd1e0_0 .var/s "out", 63 0;
E_000002853c6b3260 .event anyedge, v000002853c6fda00_0;
S_000002853c6fbcd0 .scope module, "s1" "step1_32bit" 4 11, 4 17 0, S_000002853c6fcae0;
 .timescale -9 -12;
    .port_info 0 /INPUT 32 "x";
    .port_info 1 /OUTPUT 32 "out";
v000002853c6fe180_0 .var/s "out", 31 0;
v000002853c6fddc0_0 .net/s "x", 31 0, v000002853c743130_0;  alias, 1 drivers
v000002853c6fde60_0 .var/s "y", 31 0;
v000002853c6fcce0_0 .var/s "z", 31 0;
E_000002853c6b30a0 .event anyedge, v000002853c743130_0;
S_000002853c6fbff0 .scope module, "s2" "step2_32bit" 4 13, 4 58 0, S_000002853c6fcae0;
 .timescale -9 -12;
    .port_info 0 /INPUT 32 "x";
    .port_info 1 /INPUT 64 "a";
    .port_info 2 /OUTPUT 32 "out";
v000002853c6fd960_0 .net/s "a", 63 0, v000002853c6fd1e0_0;  alias, 1 drivers
v000002853c6fe680_0 .var/s "out", 31 0;
v000002853c6fd140_0 .var/s "temp1", 63 0;
v000002853c6fe040_0 .var/s "temp2", 63 0;
v000002853c6fd780_0 .net/s "x", 31 0, v000002853c743130_0;  alias, 1 drivers
E_000002853c6b2ea0 .event anyedge, v000002853c6fd1e0_0;
    .scope S_000002853c67a910;
T_0 ;
    %vpi_call 3 18 "$readmemb", "weights1.txt", v000002853c7431d0 {0 0 0};
    %vpi_call 3 19 "$readmemb", "weights2.txt", v000002853c743090 {0 0 0};
    %vpi_call 3 20 "$readmemb", "weights3.txt", v000002853c7440d0 {0 0 0};
    %vpi_call 3 21 "$readmemb", "weights4.txt", v000002853c744210 {0 0 0};
    %end;
    .thread T_0;
    .scope S_000002853c67a910;
T_1 ;
    %wait E_000002853c6b2820;
    %ix/load 4, 0, 0;
    %flag_set/imm 4, 0;
    %load/vec4a v000002853c7431d0, 4;
    %pad/u 32;
    %load/vec4 v000002853c6e1400_0;
    %pad/u 32;
    %mul;
    %ix/load 3, 0, 0;
    %flag_set/imm 4, 0;
    %ix/load 4, 0, 0; Constant delay
    %assign/vec4/a/d v000002853c6e1720, 0, 4;
    %ix/load 4, 1, 0;
    %flag_set/imm 4, 0;
    %load/vec4a v000002853c7431d0, 4;
    %pad/u 32;
    %load/vec4 v000002853c6e0d20_0;
    %pad/u 32;
    %mul;
    %ix/load 3, 1, 0;
    %flag_set/imm 4, 0;
    %ix/load 4, 0, 0; Constant delay
    %assign/vec4/a/d v000002853c6e1720, 0, 4;
    %ix/load 4, 2, 0;
    %flag_set/imm 4, 0;
    %load/vec4a v000002853c7431d0, 4;
    %pad/u 32;
    %load/vec4 v000002853c6e15e0_0;
    %pad/u 32;
    %mul;
    %ix/load 3, 2, 0;
    %flag_set/imm 4, 0;
    %ix/load 4, 0, 0; Constant delay
    %assign/vec4/a/d v000002853c6e1720, 0, 4;
    %ix/load 4, 3, 0;
    %flag_set/imm 4, 0;
    %load/vec4a v000002853c7431d0, 4;
    %pad/u 32;
    %load/vec4 v000002853c6e1040_0;
    %pad/u 32;
    %mul;
    %ix/load 3, 3, 0;
    %flag_set/imm 4, 0;
    %ix/load 4, 0, 0; Constant delay
    %assign/vec4/a/d v000002853c6e1720, 0, 4;
    %ix/load 4, 4, 0;
    %flag_set/imm 4, 0;
    %load/vec4a v000002853c7431d0, 4;
    %pad/u 32;
    %load/vec4 v000002853c6e1860_0;
    %pad/u 32;
    %mul;
    %ix/load 3, 4, 0;
    %flag_set/imm 4, 0;
    %ix/load 4, 0, 0; Constant delay
    %assign/vec4/a/d v000002853c6e1720, 0, 4;
    %ix/load 4, 5, 0;
    %flag_set/imm 4, 0;
    %load/vec4a v000002853c7431d0, 4;
    %pad/u 32;
    %load/vec4 v000002853c6e10e0_0;
    %pad/u 32;
    %mul;
    %ix/load 3, 5, 0;
    %flag_set/imm 4, 0;
    %ix/load 4, 0, 0; Constant delay
    %assign/vec4/a/d v000002853c6e1720, 0, 4;
    %ix/load 4, 6, 0;
    %flag_set/imm 4, 0;
    %load/vec4a v000002853c7431d0, 4;
    %pad/u 32;
    %load/vec4 v000002853c6e0aa0_0;
    %pad/u 32;
    %mul;
    %ix/load 3, 6, 0;
    %flag_set/imm 4, 0;
    %ix/load 4, 0, 0; Constant delay
    %assign/vec4/a/d v000002853c6e1720, 0, 4;
    %ix/load 4, 7, 0;
    %flag_set/imm 4, 0;
    %load/vec4a v000002853c7431d0, 4;
    %pad/u 32;
    %load/vec4 v000002853c6e1680_0;
    %pad/u 32;
    %mul;
    %ix/load 3, 7, 0;
    %flag_set/imm 4, 0;
    %ix/load 4, 0, 0; Constant delay
    %assign/vec4/a/d v000002853c6e1720, 0, 4;
    %ix/load 4, 8, 0;
    %flag_set/imm 4, 0;
    %load/vec4a v000002853c7431d0, 4;
    %pad/u 32;
    %load/vec4 v000002853c6e0a00_0;
    %pad/u 32;
    %mul;
    %ix/load 3, 8, 0;
    %flag_set/imm 4, 0;
    %ix/load 4, 0, 0; Constant delay
    %assign/vec4/a/d v000002853c6e1720, 0, 4;
    %ix/load 4, 9, 0;
    %flag_set/imm 4, 0;
    %load/vec4a v000002853c7431d0, 4;
    %pad/u 32;
    %load/vec4 v000002853c6e1540_0;
    %pad/u 32;
    %mul;
    %ix/load 3, 9, 0;
    %flag_set/imm 4, 0;
    %ix/load 4, 0, 0; Constant delay
    %assign/vec4/a/d v000002853c6e1720, 0, 4;
    %ix/load 4, 10, 0;
    %flag_set/imm 4, 0;
    %load/vec4a v000002853c7431d0, 4;
    %pad/u 32;
    %load/vec4 v000002853c6e1180_0;
    %pad/u 32;
    %mul;
    %ix/load 3, 10, 0;
    %flag_set/imm 4, 0;
    %ix/load 4, 0, 0; Constant delay
    %assign/vec4/a/d v000002853c6e1720, 0, 4;
    %ix/load 4, 11, 0;
    %flag_set/imm 4, 0;
    %load/vec4a v000002853c7431d0, 4;
    %pad/u 32;
    %load/vec4 v000002853c6e0c80_0;
    %pad/u 32;
    %mul;
    %ix/load 3, 11, 0;
    %flag_set/imm 4, 0;
    %ix/load 4, 0, 0; Constant delay
    %assign/vec4/a/d v000002853c6e1720, 0, 4;
    %ix/load 4, 12, 0;
    %flag_set/imm 4, 0;
    %load/vec4a v000002853c7431d0, 4;
    %pad/u 32;
    %load/vec4 v000002853c6e12c0_0;
    %pad/u 32;
    %mul;
    %ix/load 3, 12, 0;
    %flag_set/imm 4, 0;
    %ix/load 4, 0, 0; Constant delay
    %assign/vec4/a/d v000002853c6e1720, 0, 4;
    %ix/load 4, 13, 0;
    %flag_set/imm 4, 0;
    %load/vec4a v000002853c7431d0, 4;
    %pad/u 32;
    %load/vec4 v000002853c6e1360_0;
    %pad/u 32;
    %mul;
    %ix/load 3, 13, 0;
    %flag_set/imm 4, 0;
    %ix/load 4, 0, 0; Constant delay
    %assign/vec4/a/d v000002853c6e1720, 0, 4;
    %ix/load 4, 14, 0;
    %flag_set/imm 4, 0;
    %load/vec4a v000002853c7431d0, 4;
    %pad/u 32;
    %load/vec4 v000002853c6e1220_0;
    %pad/u 32;
    %mul;
    %ix/load 3, 14, 0;
    %flag_set/imm 4, 0;
    %ix/load 4, 0, 0; Constant delay
    %assign/vec4/a/d v000002853c6e1720, 0, 4;
    %ix/load 4, 15, 0;
    %flag_set/imm 4, 0;
    %load/vec4a v000002853c7431d0, 4;
    %pad/u 32;
    %load/vec4 v000002853c6e0e60_0;
    %pad/u 32;
    %mul;
    %ix/load 3, 15, 0;
    %flag_set/imm 4, 0;
    %ix/load 4, 0, 0; Constant delay
    %assign/vec4/a/d v000002853c6e1720, 0, 4;
    %ix/load 4, 16, 0;
    %flag_set/imm 4, 0;
    %load/vec4a v000002853c7431d0, 4;
    %pad/u 32;
    %load/vec4 v000002853c6e0b40_0;
    %pad/u 32;
    %mul;
    %ix/load 3, 16, 0;
    %flag_set/imm 4, 0;
    %ix/load 4, 0, 0; Constant delay
    %assign/vec4/a/d v000002853c6e1720, 0, 4;
    %ix/load 4, 17, 0;
    %flag_set/imm 4, 0;
    %load/vec4a v000002853c7431d0, 4;
    %pad/u 32;
    %load/vec4 v000002853c6e14a0_0;
    %pad/u 32;
    %mul;
    %ix/load 3, 17, 0;
    %flag_set/imm 4, 0;
    %ix/load 4, 0, 0; Constant delay
    %assign/vec4/a/d v000002853c6e1720, 0, 4;
    %ix/load 4, 18, 0;
    %flag_set/imm 4, 0;
    %load/vec4a v000002853c7431d0, 4;
    %pad/u 32;
    %load/vec4 v000002853c6e17c0_0;
    %pad/u 32;
    %mul;
    %ix/load 3, 18, 0;
    %flag_set/imm 4, 0;
    %ix/load 4, 0, 0; Constant delay
    %assign/vec4/a/d v000002853c6e1720, 0, 4;
    %ix/load 4, 19, 0;
    %flag_set/imm 4, 0;
    %load/vec4a v000002853c7431d0, 4;
    %pad/u 32;
    %load/vec4 v000002853c6e0fa0_0;
    %pad/u 32;
    %mul;
    %ix/load 3, 19, 0;
    %flag_set/imm 4, 0;
    %ix/load 4, 0, 0; Constant delay
    %assign/vec4/a/d v000002853c6e1720, 0, 4;
    %ix/load 4, 20, 0;
    %flag_set/imm 4, 0;
    %load/vec4a v000002853c7431d0, 4;
    %pad/u 32;
    %load/vec4 v000002853c6e0960_0;
    %pad/u 32;
    %mul;
    %ix/load 3, 20, 0;
    %flag_set/imm 4, 0;
    %ix/load 4, 0, 0; Constant delay
    %assign/vec4/a/d v000002853c6e1720, 0, 4;
    %ix/load 4, 21, 0;
    %flag_set/imm 4, 0;
    %load/vec4a v000002853c7431d0, 4;
    %pad/u 32;
    %load/vec4 v000002853c6e0be0_0;
    %pad/u 32;
    %mul;
    %ix/load 3, 21, 0;
    %flag_set/imm 4, 0;
    %ix/load 4, 0, 0; Constant delay
    %assign/vec4/a/d v000002853c6e1720, 0, 4;
    %ix/load 4, 0, 0;
    %flag_set/imm 4, 0;
    %load/vec4a v000002853c6e1720, 4;
    %ix/load 4, 1, 0;
    %flag_set/imm 4, 0;
    %load/vec4a v000002853c6e1720, 4;
    %add;
    %ix/load 4, 2, 0;
    %flag_set/imm 4, 0;
    %load/vec4a v000002853c6e1720, 4;
    %add;
    %ix/load 4, 3, 0;
    %flag_set/imm 4, 0;
    %load/vec4a v000002853c6e1720, 4;
    %add;
    %ix/load 4, 4, 0;
    %flag_set/imm 4, 0;
    %load/vec4a v000002853c6e1720, 4;
    %add;
    %ix/load 4, 5, 0;
    %flag_set/imm 4, 0;
    %load/vec4a v000002853c6e1720, 4;
    %add;
    %ix/load 4, 6, 0;
    %flag_set/imm 4, 0;
    %load/vec4a v000002853c6e1720, 4;
    %add;
    %ix/load 4, 7, 0;
    %flag_set/imm 4, 0;
    %load/vec4a v000002853c6e1720, 4;
    %add;
    %ix/load 4, 8, 0;
    %flag_set/imm 4, 0;
    %load/vec4a v000002853c6e1720, 4;
    %add;
    %ix/load 4, 9, 0;
    %flag_set/imm 4, 0;
    %load/vec4a v000002853c6e1720, 4;
    %add;
    %ix/load 4, 10, 0;
    %flag_set/imm 4, 0;
    %load/vec4a v000002853c6e1720, 4;
    %add;
    %ix/load 4, 11, 0;
    %flag_set/imm 4, 0;
    %load/vec4a v000002853c6e1720, 4;
    %add;
    %ix/load 4, 12, 0;
    %flag_set/imm 4, 0;
    %load/vec4a v000002853c6e1720, 4;
    %add;
    %ix/load 4, 13, 0;
    %flag_set/imm 4, 0;
    %load/vec4a v000002853c6e1720, 4;
    %add;
    %ix/load 4, 14, 0;
    %flag_set/imm 4, 0;
    %load/vec4a v000002853c6e1720, 4;
    %add;
    %ix/load 4, 15, 0;
    %flag_set/imm 4, 0;
    %load/vec4a v000002853c6e1720, 4;
    %add;
    %ix/load 4, 16, 0;
    %flag_set/imm 4, 0;
    %load/vec4a v000002853c6e1720, 4;
    %add;
    %ix/load 4, 17, 0;
    %flag_set/imm 4, 0;
    %load/vec4a v000002853c6e1720, 4;
    %add;
    %ix/load 4, 18, 0;
    %flag_set/imm 4, 0;
    %load/vec4a v000002853c6e1720, 4;
    %add;
    %ix/load 4, 19, 0;
    %flag_set/imm 4, 0;
    %load/vec4a v000002853c6e1720, 4;
    %add;
    %ix/load 4, 20, 0;
    %flag_set/imm 4, 0;
    %load/vec4a v000002853c6e1720, 4;
    %add;
    %ix/load 4, 21, 0;
    %flag_set/imm 4, 0;
    %load/vec4a v000002853c6e1720, 4;
    %add;
    %store/vec4 v000002853c7433b0_0, 0, 32;
    %jmp T_1;
    .thread T_1, $push;
    .scope S_000002853c67a910;
T_2 ;
    %wait E_000002853c6b2720;
    %ix/load 4, 0, 0;
    %flag_set/imm 4, 0;
    %load/vec4a v000002853c743090, 4;
    %pad/u 32;
    %load/vec4 v000002853c6e1400_0;
    %pad/u 32;
    %mul;
    %ix/load 3, 0, 0;
    %flag_set/imm 4, 0;
    %ix/load 4, 0, 0; Constant delay
    %assign/vec4/a/d v000002853c742a50, 0, 4;
    %ix/load 4, 1, 0;
    %flag_set/imm 4, 0;
    %load/vec4a v000002853c743090, 4;
    %pad/u 32;
    %load/vec4 v000002853c6e0d20_0;
    %pad/u 32;
    %mul;
    %ix/load 3, 1, 0;
    %flag_set/imm 4, 0;
    %ix/load 4, 0, 0; Constant delay
    %assign/vec4/a/d v000002853c742a50, 0, 4;
    %ix/load 4, 2, 0;
    %flag_set/imm 4, 0;
    %load/vec4a v000002853c743090, 4;
    %pad/u 32;
    %load/vec4 v000002853c6e15e0_0;
    %pad/u 32;
    %mul;
    %ix/load 3, 2, 0;
    %flag_set/imm 4, 0;
    %ix/load 4, 0, 0; Constant delay
    %assign/vec4/a/d v000002853c742a50, 0, 4;
    %ix/load 4, 3, 0;
    %flag_set/imm 4, 0;
    %load/vec4a v000002853c743090, 4;
    %pad/u 32;
    %load/vec4 v000002853c6e1040_0;
    %pad/u 32;
    %mul;
    %ix/load 3, 3, 0;
    %flag_set/imm 4, 0;
    %ix/load 4, 0, 0; Constant delay
    %assign/vec4/a/d v000002853c742a50, 0, 4;
    %ix/load 4, 4, 0;
    %flag_set/imm 4, 0;
    %load/vec4a v000002853c743090, 4;
    %pad/u 32;
    %load/vec4 v000002853c6e1860_0;
    %pad/u 32;
    %mul;
    %ix/load 3, 4, 0;
    %flag_set/imm 4, 0;
    %ix/load 4, 0, 0; Constant delay
    %assign/vec4/a/d v000002853c742a50, 0, 4;
    %ix/load 4, 5, 0;
    %flag_set/imm 4, 0;
    %load/vec4a v000002853c743090, 4;
    %pad/u 32;
    %load/vec4 v000002853c6e10e0_0;
    %pad/u 32;
    %mul;
    %ix/load 3, 5, 0;
    %flag_set/imm 4, 0;
    %ix/load 4, 0, 0; Constant delay
    %assign/vec4/a/d v000002853c742a50, 0, 4;
    %ix/load 4, 6, 0;
    %flag_set/imm 4, 0;
    %load/vec4a v000002853c743090, 4;
    %pad/u 32;
    %load/vec4 v000002853c6e0aa0_0;
    %pad/u 32;
    %mul;
    %ix/load 3, 6, 0;
    %flag_set/imm 4, 0;
    %ix/load 4, 0, 0; Constant delay
    %assign/vec4/a/d v000002853c742a50, 0, 4;
    %ix/load 4, 7, 0;
    %flag_set/imm 4, 0;
    %load/vec4a v000002853c743090, 4;
    %pad/u 32;
    %load/vec4 v000002853c6e1680_0;
    %pad/u 32;
    %mul;
    %ix/load 3, 7, 0;
    %flag_set/imm 4, 0;
    %ix/load 4, 0, 0; Constant delay
    %assign/vec4/a/d v000002853c742a50, 0, 4;
    %ix/load 4, 8, 0;
    %flag_set/imm 4, 0;
    %load/vec4a v000002853c743090, 4;
    %pad/u 32;
    %load/vec4 v000002853c6e0a00_0;
    %pad/u 32;
    %mul;
    %ix/load 3, 8, 0;
    %flag_set/imm 4, 0;
    %ix/load 4, 0, 0; Constant delay
    %assign/vec4/a/d v000002853c742a50, 0, 4;
    %ix/load 4, 9, 0;
    %flag_set/imm 4, 0;
    %load/vec4a v000002853c743090, 4;
    %pad/u 32;
    %load/vec4 v000002853c6e1540_0;
    %pad/u 32;
    %mul;
    %ix/load 3, 9, 0;
    %flag_set/imm 4, 0;
    %ix/load 4, 0, 0; Constant delay
    %assign/vec4/a/d v000002853c742a50, 0, 4;
    %ix/load 4, 10, 0;
    %flag_set/imm 4, 0;
    %load/vec4a v000002853c743090, 4;
    %pad/u 32;
    %load/vec4 v000002853c6e1180_0;
    %pad/u 32;
    %mul;
    %ix/load 3, 10, 0;
    %flag_set/imm 4, 0;
    %ix/load 4, 0, 0; Constant delay
    %assign/vec4/a/d v000002853c742a50, 0, 4;
    %ix/load 4, 11, 0;
    %flag_set/imm 4, 0;
    %load/vec4a v000002853c743090, 4;
    %pad/u 32;
    %load/vec4 v000002853c6e0c80_0;
    %pad/u 32;
    %mul;
    %ix/load 3, 11, 0;
    %flag_set/imm 4, 0;
    %ix/load 4, 0, 0; Constant delay
    %assign/vec4/a/d v000002853c742a50, 0, 4;
    %ix/load 4, 12, 0;
    %flag_set/imm 4, 0;
    %load/vec4a v000002853c743090, 4;
    %pad/u 32;
    %load/vec4 v000002853c6e12c0_0;
    %pad/u 32;
    %mul;
    %ix/load 3, 12, 0;
    %flag_set/imm 4, 0;
    %ix/load 4, 0, 0; Constant delay
    %assign/vec4/a/d v000002853c742a50, 0, 4;
    %ix/load 4, 13, 0;
    %flag_set/imm 4, 0;
    %load/vec4a v000002853c743090, 4;
    %pad/u 32;
    %load/vec4 v000002853c6e1360_0;
    %pad/u 32;
    %mul;
    %ix/load 3, 13, 0;
    %flag_set/imm 4, 0;
    %ix/load 4, 0, 0; Constant delay
    %assign/vec4/a/d v000002853c742a50, 0, 4;
    %ix/load 4, 14, 0;
    %flag_set/imm 4, 0;
    %load/vec4a v000002853c743090, 4;
    %pad/u 32;
    %load/vec4 v000002853c6e1220_0;
    %pad/u 32;
    %mul;
    %ix/load 3, 14, 0;
    %flag_set/imm 4, 0;
    %ix/load 4, 0, 0; Constant delay
    %assign/vec4/a/d v000002853c742a50, 0, 4;
    %ix/load 4, 15, 0;
    %flag_set/imm 4, 0;
    %load/vec4a v000002853c743090, 4;
    %pad/u 32;
    %load/vec4 v000002853c6e0e60_0;
    %pad/u 32;
    %mul;
    %ix/load 3, 15, 0;
    %flag_set/imm 4, 0;
    %ix/load 4, 0, 0; Constant delay
    %assign/vec4/a/d v000002853c742a50, 0, 4;
    %ix/load 4, 16, 0;
    %flag_set/imm 4, 0;
    %load/vec4a v000002853c743090, 4;
    %pad/u 32;
    %load/vec4 v000002853c6e0b40_0;
    %pad/u 32;
    %mul;
    %ix/load 3, 16, 0;
    %flag_set/imm 4, 0;
    %ix/load 4, 0, 0; Constant delay
    %assign/vec4/a/d v000002853c742a50, 0, 4;
    %ix/load 4, 17, 0;
    %flag_set/imm 4, 0;
    %load/vec4a v000002853c743090, 4;
    %pad/u 32;
    %load/vec4 v000002853c6e14a0_0;
    %pad/u 32;
    %mul;
    %ix/load 3, 17, 0;
    %flag_set/imm 4, 0;
    %ix/load 4, 0, 0; Constant delay
    %assign/vec4/a/d v000002853c742a50, 0, 4;
    %ix/load 4, 18, 0;
    %flag_set/imm 4, 0;
    %load/vec4a v000002853c743090, 4;
    %pad/u 32;
    %load/vec4 v000002853c6e17c0_0;
    %pad/u 32;
    %mul;
    %ix/load 3, 18, 0;
    %flag_set/imm 4, 0;
    %ix/load 4, 0, 0; Constant delay
    %assign/vec4/a/d v000002853c742a50, 0, 4;
    %ix/load 4, 19, 0;
    %flag_set/imm 4, 0;
    %load/vec4a v000002853c743090, 4;
    %pad/u 32;
    %load/vec4 v000002853c6e0fa0_0;
    %pad/u 32;
    %mul;
    %ix/load 3, 19, 0;
    %flag_set/imm 4, 0;
    %ix/load 4, 0, 0; Constant delay
    %assign/vec4/a/d v000002853c742a50, 0, 4;
    %ix/load 4, 20, 0;
    %flag_set/imm 4, 0;
    %load/vec4a v000002853c743090, 4;
    %pad/u 32;
    %load/vec4 v000002853c6e0960_0;
    %pad/u 32;
    %mul;
    %ix/load 3, 20, 0;
    %flag_set/imm 4, 0;
    %ix/load 4, 0, 0; Constant delay
    %assign/vec4/a/d v000002853c742a50, 0, 4;
    %ix/load 4, 21, 0;
    %flag_set/imm 4, 0;
    %load/vec4a v000002853c743090, 4;
    %pad/u 32;
    %load/vec4 v000002853c6e0be0_0;
    %pad/u 32;
    %mul;
    %ix/load 3, 21, 0;
    %flag_set/imm 4, 0;
    %ix/load 4, 0, 0; Constant delay
    %assign/vec4/a/d v000002853c742a50, 0, 4;
    %ix/load 4, 0, 0;
    %flag_set/imm 4, 0;
    %load/vec4a v000002853c742a50, 4;
    %ix/load 4, 1, 0;
    %flag_set/imm 4, 0;
    %load/vec4a v000002853c742a50, 4;
    %add;
    %ix/load 4, 2, 0;
    %flag_set/imm 4, 0;
    %load/vec4a v000002853c742a50, 4;
    %add;
    %ix/load 4, 3, 0;
    %flag_set/imm 4, 0;
    %load/vec4a v000002853c742a50, 4;
    %add;
    %ix/load 4, 4, 0;
    %flag_set/imm 4, 0;
    %load/vec4a v000002853c742a50, 4;
    %add;
    %ix/load 4, 5, 0;
    %flag_set/imm 4, 0;
    %load/vec4a v000002853c742a50, 4;
    %add;
    %ix/load 4, 6, 0;
    %flag_set/imm 4, 0;
    %load/vec4a v000002853c742a50, 4;
    %add;
    %ix/load 4, 7, 0;
    %flag_set/imm 4, 0;
    %load/vec4a v000002853c742a50, 4;
    %add;
    %ix/load 4, 8, 0;
    %flag_set/imm 4, 0;
    %load/vec4a v000002853c742a50, 4;
    %add;
    %ix/load 4, 9, 0;
    %flag_set/imm 4, 0;
    %load/vec4a v000002853c742a50, 4;
    %add;
    %ix/load 4, 10, 0;
    %flag_set/imm 4, 0;
    %load/vec4a v000002853c742a50, 4;
    %add;
    %ix/load 4, 11, 0;
    %flag_set/imm 4, 0;
    %load/vec4a v000002853c742a50, 4;
    %add;
    %ix/load 4, 12, 0;
    %flag_set/imm 4, 0;
    %load/vec4a v000002853c742a50, 4;
    %add;
    %ix/load 4, 13, 0;
    %flag_set/imm 4, 0;
    %load/vec4a v000002853c742a50, 4;
    %add;
    %ix/load 4, 14, 0;
    %flag_set/imm 4, 0;
    %load/vec4a v000002853c742a50, 4;
    %add;
    %ix/load 4, 15, 0;
    %flag_set/imm 4, 0;
    %load/vec4a v000002853c742a50, 4;
    %add;
    %ix/load 4, 16, 0;
    %flag_set/imm 4, 0;
    %load/vec4a v000002853c742a50, 4;
    %add;
    %ix/load 4, 17, 0;
    %flag_set/imm 4, 0;
    %load/vec4a v000002853c742a50, 4;
    %add;
    %ix/load 4, 18, 0;
    %flag_set/imm 4, 0;
    %load/vec4a v000002853c742a50, 4;
    %add;
    %ix/load 4, 19, 0;
    %flag_set/imm 4, 0;
    %load/vec4a v000002853c742a50, 4;
    %add;
    %ix/load 4, 20, 0;
    %flag_set/imm 4, 0;
    %load/vec4a v000002853c742a50, 4;
    %add;
    %ix/load 4, 21, 0;
    %flag_set/imm 4, 0;
    %load/vec4a v000002853c742a50, 4;
    %add;
    %store/vec4 v000002853c7434f0_0, 0, 32;
    %jmp T_2;
    .thread T_2, $push;
    .scope S_000002853c67a910;
T_3 ;
    %wait E_000002853c6b2920;
    %ix/load 4, 0, 0;
    %flag_set/imm 4, 0;
    %load/vec4a v000002853c7440d0, 4;
    %pad/u 32;
    %load/vec4 v000002853c6e1400_0;
    %pad/u 32;
    %mul;
    %ix/load 3, 0, 0;
    %flag_set/imm 4, 0;
    %ix/load 4, 0, 0; Constant delay
    %assign/vec4/a/d v000002853c742af0, 0, 4;
    %ix/load 4, 1, 0;
    %flag_set/imm 4, 0;
    %load/vec4a v000002853c7440d0, 4;
    %pad/u 32;
    %load/vec4 v000002853c6e0d20_0;
    %pad/u 32;
    %mul;
    %ix/load 3, 1, 0;
    %flag_set/imm 4, 0;
    %ix/load 4, 0, 0; Constant delay
    %assign/vec4/a/d v000002853c742af0, 0, 4;
    %ix/load 4, 2, 0;
    %flag_set/imm 4, 0;
    %load/vec4a v000002853c7440d0, 4;
    %pad/u 32;
    %load/vec4 v000002853c6e15e0_0;
    %pad/u 32;
    %mul;
    %ix/load 3, 2, 0;
    %flag_set/imm 4, 0;
    %ix/load 4, 0, 0; Constant delay
    %assign/vec4/a/d v000002853c742af0, 0, 4;
    %ix/load 4, 3, 0;
    %flag_set/imm 4, 0;
    %load/vec4a v000002853c7440d0, 4;
    %pad/u 32;
    %load/vec4 v000002853c6e1040_0;
    %pad/u 32;
    %mul;
    %ix/load 3, 3, 0;
    %flag_set/imm 4, 0;
    %ix/load 4, 0, 0; Constant delay
    %assign/vec4/a/d v000002853c742af0, 0, 4;
    %ix/load 4, 4, 0;
    %flag_set/imm 4, 0;
    %load/vec4a v000002853c7440d0, 4;
    %pad/u 32;
    %load/vec4 v000002853c6e1860_0;
    %pad/u 32;
    %mul;
    %ix/load 3, 4, 0;
    %flag_set/imm 4, 0;
    %ix/load 4, 0, 0; Constant delay
    %assign/vec4/a/d v000002853c742af0, 0, 4;
    %ix/load 4, 5, 0;
    %flag_set/imm 4, 0;
    %load/vec4a v000002853c7440d0, 4;
    %pad/u 32;
    %load/vec4 v000002853c6e10e0_0;
    %pad/u 32;
    %mul;
    %ix/load 3, 5, 0;
    %flag_set/imm 4, 0;
    %ix/load 4, 0, 0; Constant delay
    %assign/vec4/a/d v000002853c742af0, 0, 4;
    %ix/load 4, 6, 0;
    %flag_set/imm 4, 0;
    %load/vec4a v000002853c7440d0, 4;
    %pad/u 32;
    %load/vec4 v000002853c6e0aa0_0;
    %pad/u 32;
    %mul;
    %ix/load 3, 6, 0;
    %flag_set/imm 4, 0;
    %ix/load 4, 0, 0; Constant delay
    %assign/vec4/a/d v000002853c742af0, 0, 4;
    %ix/load 4, 7, 0;
    %flag_set/imm 4, 0;
    %load/vec4a v000002853c7440d0, 4;
    %pad/u 32;
    %load/vec4 v000002853c6e1680_0;
    %pad/u 32;
    %mul;
    %ix/load 3, 7, 0;
    %flag_set/imm 4, 0;
    %ix/load 4, 0, 0; Constant delay
    %assign/vec4/a/d v000002853c742af0, 0, 4;
    %ix/load 4, 8, 0;
    %flag_set/imm 4, 0;
    %load/vec4a v000002853c7440d0, 4;
    %pad/u 32;
    %load/vec4 v000002853c6e0a00_0;
    %pad/u 32;
    %mul;
    %ix/load 3, 8, 0;
    %flag_set/imm 4, 0;
    %ix/load 4, 0, 0; Constant delay
    %assign/vec4/a/d v000002853c742af0, 0, 4;
    %ix/load 4, 9, 0;
    %flag_set/imm 4, 0;
    %load/vec4a v000002853c7440d0, 4;
    %pad/u 32;
    %load/vec4 v000002853c6e1540_0;
    %pad/u 32;
    %mul;
    %ix/load 3, 9, 0;
    %flag_set/imm 4, 0;
    %ix/load 4, 0, 0; Constant delay
    %assign/vec4/a/d v000002853c742af0, 0, 4;
    %ix/load 4, 10, 0;
    %flag_set/imm 4, 0;
    %load/vec4a v000002853c7440d0, 4;
    %pad/u 32;
    %load/vec4 v000002853c6e1180_0;
    %pad/u 32;
    %mul;
    %ix/load 3, 10, 0;
    %flag_set/imm 4, 0;
    %ix/load 4, 0, 0; Constant delay
    %assign/vec4/a/d v000002853c742af0, 0, 4;
    %ix/load 4, 11, 0;
    %flag_set/imm 4, 0;
    %load/vec4a v000002853c7440d0, 4;
    %pad/u 32;
    %load/vec4 v000002853c6e0c80_0;
    %pad/u 32;
    %mul;
    %ix/load 3, 11, 0;
    %flag_set/imm 4, 0;
    %ix/load 4, 0, 0; Constant delay
    %assign/vec4/a/d v000002853c742af0, 0, 4;
    %ix/load 4, 12, 0;
    %flag_set/imm 4, 0;
    %load/vec4a v000002853c7440d0, 4;
    %pad/u 32;
    %load/vec4 v000002853c6e12c0_0;
    %pad/u 32;
    %mul;
    %ix/load 3, 12, 0;
    %flag_set/imm 4, 0;
    %ix/load 4, 0, 0; Constant delay
    %assign/vec4/a/d v000002853c742af0, 0, 4;
    %ix/load 4, 13, 0;
    %flag_set/imm 4, 0;
    %load/vec4a v000002853c7440d0, 4;
    %pad/u 32;
    %load/vec4 v000002853c6e1360_0;
    %pad/u 32;
    %mul;
    %ix/load 3, 13, 0;
    %flag_set/imm 4, 0;
    %ix/load 4, 0, 0; Constant delay
    %assign/vec4/a/d v000002853c742af0, 0, 4;
    %ix/load 4, 14, 0;
    %flag_set/imm 4, 0;
    %load/vec4a v000002853c7440d0, 4;
    %pad/u 32;
    %load/vec4 v000002853c6e1220_0;
    %pad/u 32;
    %mul;
    %ix/load 3, 14, 0;
    %flag_set/imm 4, 0;
    %ix/load 4, 0, 0; Constant delay
    %assign/vec4/a/d v000002853c742af0, 0, 4;
    %ix/load 4, 15, 0;
    %flag_set/imm 4, 0;
    %load/vec4a v000002853c7440d0, 4;
    %pad/u 32;
    %load/vec4 v000002853c6e0e60_0;
    %pad/u 32;
    %mul;
    %ix/load 3, 15, 0;
    %flag_set/imm 4, 0;
    %ix/load 4, 0, 0; Constant delay
    %assign/vec4/a/d v000002853c742af0, 0, 4;
    %ix/load 4, 16, 0;
    %flag_set/imm 4, 0;
    %load/vec4a v000002853c7440d0, 4;
    %pad/u 32;
    %load/vec4 v000002853c6e0b40_0;
    %pad/u 32;
    %mul;
    %ix/load 3, 16, 0;
    %flag_set/imm 4, 0;
    %ix/load 4, 0, 0; Constant delay
    %assign/vec4/a/d v000002853c742af0, 0, 4;
    %ix/load 4, 17, 0;
    %flag_set/imm 4, 0;
    %load/vec4a v000002853c7440d0, 4;
    %pad/u 32;
    %load/vec4 v000002853c6e14a0_0;
    %pad/u 32;
    %mul;
    %ix/load 3, 17, 0;
    %flag_set/imm 4, 0;
    %ix/load 4, 0, 0; Constant delay
    %assign/vec4/a/d v000002853c742af0, 0, 4;
    %ix/load 4, 18, 0;
    %flag_set/imm 4, 0;
    %load/vec4a v000002853c7440d0, 4;
    %pad/u 32;
    %load/vec4 v000002853c6e17c0_0;
    %pad/u 32;
    %mul;
    %ix/load 3, 18, 0;
    %flag_set/imm 4, 0;
    %ix/load 4, 0, 0; Constant delay
    %assign/vec4/a/d v000002853c742af0, 0, 4;
    %ix/load 4, 19, 0;
    %flag_set/imm 4, 0;
    %load/vec4a v000002853c7440d0, 4;
    %pad/u 32;
    %load/vec4 v000002853c6e0fa0_0;
    %pad/u 32;
    %mul;
    %ix/load 3, 19, 0;
    %flag_set/imm 4, 0;
    %ix/load 4, 0, 0; Constant delay
    %assign/vec4/a/d v000002853c742af0, 0, 4;
    %ix/load 4, 20, 0;
    %flag_set/imm 4, 0;
    %load/vec4a v000002853c7440d0, 4;
    %pad/u 32;
    %load/vec4 v000002853c6e0960_0;
    %pad/u 32;
    %mul;
    %ix/load 3, 20, 0;
    %flag_set/imm 4, 0;
    %ix/load 4, 0, 0; Constant delay
    %assign/vec4/a/d v000002853c742af0, 0, 4;
    %ix/load 4, 21, 0;
    %flag_set/imm 4, 0;
    %load/vec4a v000002853c7440d0, 4;
    %pad/u 32;
    %load/vec4 v000002853c6e0be0_0;
    %pad/u 32;
    %mul;
    %ix/load 3, 21, 0;
    %flag_set/imm 4, 0;
    %ix/load 4, 0, 0; Constant delay
    %assign/vec4/a/d v000002853c742af0, 0, 4;
    %ix/load 4, 0, 0;
    %flag_set/imm 4, 0;
    %load/vec4a v000002853c742af0, 4;
    %ix/load 4, 1, 0;
    %flag_set/imm 4, 0;
    %load/vec4a v000002853c742af0, 4;
    %add;
    %ix/load 4, 2, 0;
    %flag_set/imm 4, 0;
    %load/vec4a v000002853c742af0, 4;
    %add;
    %ix/load 4, 3, 0;
    %flag_set/imm 4, 0;
    %load/vec4a v000002853c742af0, 4;
    %add;
    %ix/load 4, 4, 0;
    %flag_set/imm 4, 0;
    %load/vec4a v000002853c742af0, 4;
    %add;
    %ix/load 4, 5, 0;
    %flag_set/imm 4, 0;
    %load/vec4a v000002853c742af0, 4;
    %add;
    %ix/load 4, 6, 0;
    %flag_set/imm 4, 0;
    %load/vec4a v000002853c742af0, 4;
    %add;
    %ix/load 4, 7, 0;
    %flag_set/imm 4, 0;
    %load/vec4a v000002853c742af0, 4;
    %add;
    %ix/load 4, 8, 0;
    %flag_set/imm 4, 0;
    %load/vec4a v000002853c742af0, 4;
    %add;
    %ix/load 4, 9, 0;
    %flag_set/imm 4, 0;
    %load/vec4a v000002853c742af0, 4;
    %add;
    %ix/load 4, 10, 0;
    %flag_set/imm 4, 0;
    %load/vec4a v000002853c742af0, 4;
    %add;
    %ix/load 4, 11, 0;
    %flag_set/imm 4, 0;
    %load/vec4a v000002853c742af0, 4;
    %add;
    %ix/load 4, 12, 0;
    %flag_set/imm 4, 0;
    %load/vec4a v000002853c742af0, 4;
    %add;
    %ix/load 4, 13, 0;
    %flag_set/imm 4, 0;
    %load/vec4a v000002853c742af0, 4;
    %add;
    %ix/load 4, 14, 0;
    %flag_set/imm 4, 0;
    %load/vec4a v000002853c742af0, 4;
    %add;
    %ix/load 4, 15, 0;
    %flag_set/imm 4, 0;
    %load/vec4a v000002853c742af0, 4;
    %add;
    %ix/load 4, 16, 0;
    %flag_set/imm 4, 0;
    %load/vec4a v000002853c742af0, 4;
    %add;
    %ix/load 4, 17, 0;
    %flag_set/imm 4, 0;
    %load/vec4a v000002853c742af0, 4;
    %add;
    %ix/load 4, 18, 0;
    %flag_set/imm 4, 0;
    %load/vec4a v000002853c742af0, 4;
    %add;
    %ix/load 4, 19, 0;
    %flag_set/imm 4, 0;
    %load/vec4a v000002853c742af0, 4;
    %add;
    %ix/load 4, 20, 0;
    %flag_set/imm 4, 0;
    %load/vec4a v000002853c742af0, 4;
    %add;
    %ix/load 4, 21, 0;
    %flag_set/imm 4, 0;
    %load/vec4a v000002853c742af0, 4;
    %add;
    %store/vec4 v000002853c743d10_0, 0, 32;
    %jmp T_3;
    .thread T_3, $push;
    .scope S_000002853c67a910;
T_4 ;
    %wait E_000002853c6b2f60;
    %ix/load 4, 0, 0;
    %flag_set/imm 4, 0;
    %load/vec4a v000002853c744210, 4;
    %pad/u 32;
    %load/vec4 v000002853c6e1400_0;
    %pad/u 32;
    %mul;
    %ix/load 3, 0, 0;
    %flag_set/imm 4, 0;
    %ix/load 4, 0, 0; Constant delay
    %assign/vec4/a/d v000002853c743450, 0, 4;
    %ix/load 4, 1, 0;
    %flag_set/imm 4, 0;
    %load/vec4a v000002853c744210, 4;
    %pad/u 32;
    %load/vec4 v000002853c6e0d20_0;
    %pad/u 32;
    %mul;
    %ix/load 3, 1, 0;
    %flag_set/imm 4, 0;
    %ix/load 4, 0, 0; Constant delay
    %assign/vec4/a/d v000002853c743450, 0, 4;
    %ix/load 4, 2, 0;
    %flag_set/imm 4, 0;
    %load/vec4a v000002853c744210, 4;
    %pad/u 32;
    %load/vec4 v000002853c6e15e0_0;
    %pad/u 32;
    %mul;
    %ix/load 3, 2, 0;
    %flag_set/imm 4, 0;
    %ix/load 4, 0, 0; Constant delay
    %assign/vec4/a/d v000002853c743450, 0, 4;
    %ix/load 4, 3, 0;
    %flag_set/imm 4, 0;
    %load/vec4a v000002853c744210, 4;
    %pad/u 32;
    %load/vec4 v000002853c6e1040_0;
    %pad/u 32;
    %mul;
    %ix/load 3, 3, 0;
    %flag_set/imm 4, 0;
    %ix/load 4, 0, 0; Constant delay
    %assign/vec4/a/d v000002853c743450, 0, 4;
    %ix/load 4, 4, 0;
    %flag_set/imm 4, 0;
    %load/vec4a v000002853c744210, 4;
    %pad/u 32;
    %load/vec4 v000002853c6e1860_0;
    %pad/u 32;
    %mul;
    %ix/load 3, 4, 0;
    %flag_set/imm 4, 0;
    %ix/load 4, 0, 0; Constant delay
    %assign/vec4/a/d v000002853c743450, 0, 4;
    %ix/load 4, 5, 0;
    %flag_set/imm 4, 0;
    %load/vec4a v000002853c744210, 4;
    %pad/u 32;
    %load/vec4 v000002853c6e10e0_0;
    %pad/u 32;
    %mul;
    %ix/load 3, 5, 0;
    %flag_set/imm 4, 0;
    %ix/load 4, 0, 0; Constant delay
    %assign/vec4/a/d v000002853c743450, 0, 4;
    %ix/load 4, 6, 0;
    %flag_set/imm 4, 0;
    %load/vec4a v000002853c744210, 4;
    %pad/u 32;
    %load/vec4 v000002853c6e0aa0_0;
    %pad/u 32;
    %mul;
    %ix/load 3, 6, 0;
    %flag_set/imm 4, 0;
    %ix/load 4, 0, 0; Constant delay
    %assign/vec4/a/d v000002853c743450, 0, 4;
    %ix/load 4, 7, 0;
    %flag_set/imm 4, 0;
    %load/vec4a v000002853c744210, 4;
    %pad/u 32;
    %load/vec4 v000002853c6e1680_0;
    %pad/u 32;
    %mul;
    %ix/load 3, 7, 0;
    %flag_set/imm 4, 0;
    %ix/load 4, 0, 0; Constant delay
    %assign/vec4/a/d v000002853c743450, 0, 4;
    %ix/load 4, 8, 0;
    %flag_set/imm 4, 0;
    %load/vec4a v000002853c744210, 4;
    %pad/u 32;
    %load/vec4 v000002853c6e0a00_0;
    %pad/u 32;
    %mul;
    %ix/load 3, 8, 0;
    %flag_set/imm 4, 0;
    %ix/load 4, 0, 0; Constant delay
    %assign/vec4/a/d v000002853c743450, 0, 4;
    %ix/load 4, 9, 0;
    %flag_set/imm 4, 0;
    %load/vec4a v000002853c744210, 4;
    %pad/u 32;
    %load/vec4 v000002853c6e1540_0;
    %pad/u 32;
    %mul;
    %ix/load 3, 9, 0;
    %flag_set/imm 4, 0;
    %ix/load 4, 0, 0; Constant delay
    %assign/vec4/a/d v000002853c743450, 0, 4;
    %ix/load 4, 10, 0;
    %flag_set/imm 4, 0;
    %load/vec4a v000002853c744210, 4;
    %pad/u 32;
    %load/vec4 v000002853c6e1180_0;
    %pad/u 32;
    %mul;
    %ix/load 3, 10, 0;
    %flag_set/imm 4, 0;
    %ix/load 4, 0, 0; Constant delay
    %assign/vec4/a/d v000002853c743450, 0, 4;
    %ix/load 4, 11, 0;
    %flag_set/imm 4, 0;
    %load/vec4a v000002853c744210, 4;
    %pad/u 32;
    %load/vec4 v000002853c6e0c80_0;
    %pad/u 32;
    %mul;
    %ix/load 3, 11, 0;
    %flag_set/imm 4, 0;
    %ix/load 4, 0, 0; Constant delay
    %assign/vec4/a/d v000002853c743450, 0, 4;
    %ix/load 4, 12, 0;
    %flag_set/imm 4, 0;
    %load/vec4a v000002853c744210, 4;
    %pad/u 32;
    %load/vec4 v000002853c6e12c0_0;
    %pad/u 32;
    %mul;
    %ix/load 3, 12, 0;
    %flag_set/imm 4, 0;
    %ix/load 4, 0, 0; Constant delay
    %assign/vec4/a/d v000002853c743450, 0, 4;
    %ix/load 4, 13, 0;
    %flag_set/imm 4, 0;
    %load/vec4a v000002853c744210, 4;
    %pad/u 32;
    %load/vec4 v000002853c6e1360_0;
    %pad/u 32;
    %mul;
    %ix/load 3, 13, 0;
    %flag_set/imm 4, 0;
    %ix/load 4, 0, 0; Constant delay
    %assign/vec4/a/d v000002853c743450, 0, 4;
    %ix/load 4, 14, 0;
    %flag_set/imm 4, 0;
    %load/vec4a v000002853c744210, 4;
    %pad/u 32;
    %load/vec4 v000002853c6e1220_0;
    %pad/u 32;
    %mul;
    %ix/load 3, 14, 0;
    %flag_set/imm 4, 0;
    %ix/load 4, 0, 0; Constant delay
    %assign/vec4/a/d v000002853c743450, 0, 4;
    %ix/load 4, 15, 0;
    %flag_set/imm 4, 0;
    %load/vec4a v000002853c744210, 4;
    %pad/u 32;
    %load/vec4 v000002853c6e0e60_0;
    %pad/u 32;
    %mul;
    %ix/load 3, 15, 0;
    %flag_set/imm 4, 0;
    %ix/load 4, 0, 0; Constant delay
    %assign/vec4/a/d v000002853c743450, 0, 4;
    %ix/load 4, 16, 0;
    %flag_set/imm 4, 0;
    %load/vec4a v000002853c744210, 4;
    %pad/u 32;
    %load/vec4 v000002853c6e0b40_0;
    %pad/u 32;
    %mul;
    %ix/load 3, 16, 0;
    %flag_set/imm 4, 0;
    %ix/load 4, 0, 0; Constant delay
    %assign/vec4/a/d v000002853c743450, 0, 4;
    %ix/load 4, 17, 0;
    %flag_set/imm 4, 0;
    %load/vec4a v000002853c744210, 4;
    %pad/u 32;
    %load/vec4 v000002853c6e14a0_0;
    %pad/u 32;
    %mul;
    %ix/load 3, 17, 0;
    %flag_set/imm 4, 0;
    %ix/load 4, 0, 0; Constant delay
    %assign/vec4/a/d v000002853c743450, 0, 4;
    %ix/load 4, 18, 0;
    %flag_set/imm 4, 0;
    %load/vec4a v000002853c744210, 4;
    %pad/u 32;
    %load/vec4 v000002853c6e17c0_0;
    %pad/u 32;
    %mul;
    %ix/load 3, 18, 0;
    %flag_set/imm 4, 0;
    %ix/load 4, 0, 0; Constant delay
    %assign/vec4/a/d v000002853c743450, 0, 4;
    %ix/load 4, 19, 0;
    %flag_set/imm 4, 0;
    %load/vec4a v000002853c744210, 4;
    %pad/u 32;
    %load/vec4 v000002853c6e0fa0_0;
    %pad/u 32;
    %mul;
    %ix/load 3, 19, 0;
    %flag_set/imm 4, 0;
    %ix/load 4, 0, 0; Constant delay
    %assign/vec4/a/d v000002853c743450, 0, 4;
    %ix/load 4, 20, 0;
    %flag_set/imm 4, 0;
    %load/vec4a v000002853c744210, 4;
    %pad/u 32;
    %load/vec4 v000002853c6e0960_0;
    %pad/u 32;
    %mul;
    %ix/load 3, 20, 0;
    %flag_set/imm 4, 0;
    %ix/load 4, 0, 0; Constant delay
    %assign/vec4/a/d v000002853c743450, 0, 4;
    %ix/load 4, 21, 0;
    %flag_set/imm 4, 0;
    %load/vec4a v000002853c744210, 4;
    %pad/u 32;
    %load/vec4 v000002853c6e0be0_0;
    %pad/u 32;
    %mul;
    %ix/load 3, 21, 0;
    %flag_set/imm 4, 0;
    %ix/load 4, 0, 0; Constant delay
    %assign/vec4/a/d v000002853c743450, 0, 4;
    %ix/load 4, 0, 0;
    %flag_set/imm 4, 0;
    %load/vec4a v000002853c743450, 4;
    %ix/load 4, 1, 0;
    %flag_set/imm 4, 0;
    %load/vec4a v000002853c743450, 4;
    %add;
    %ix/load 4, 2, 0;
    %flag_set/imm 4, 0;
    %load/vec4a v000002853c743450, 4;
    %add;
    %ix/load 4, 3, 0;
    %flag_set/imm 4, 0;
    %load/vec4a v000002853c743450, 4;
    %add;
    %ix/load 4, 4, 0;
    %flag_set/imm 4, 0;
    %load/vec4a v000002853c743450, 4;
    %add;
    %ix/load 4, 5, 0;
    %flag_set/imm 4, 0;
    %load/vec4a v000002853c743450, 4;
    %add;
    %ix/load 4, 6, 0;
    %flag_set/imm 4, 0;
    %load/vec4a v000002853c743450, 4;
    %add;
    %ix/load 4, 7, 0;
    %flag_set/imm 4, 0;
    %load/vec4a v000002853c743450, 4;
    %add;
    %ix/load 4, 8, 0;
    %flag_set/imm 4, 0;
    %load/vec4a v000002853c743450, 4;
    %add;
    %ix/load 4, 9, 0;
    %flag_set/imm 4, 0;
    %load/vec4a v000002853c743450, 4;
    %add;
    %ix/load 4, 10, 0;
    %flag_set/imm 4, 0;
    %load/vec4a v000002853c743450, 4;
    %add;
    %ix/load 4, 11, 0;
    %flag_set/imm 4, 0;
    %load/vec4a v000002853c743450, 4;
    %add;
    %ix/load 4, 12, 0;
    %flag_set/imm 4, 0;
    %load/vec4a v000002853c743450, 4;
    %add;
    %ix/load 4, 13, 0;
    %flag_set/imm 4, 0;
    %load/vec4a v000002853c743450, 4;
    %add;
    %ix/load 4, 14, 0;
    %flag_set/imm 4, 0;
    %load/vec4a v000002853c743450, 4;
    %add;
    %ix/load 4, 15, 0;
    %flag_set/imm 4, 0;
    %load/vec4a v000002853c743450, 4;
    %add;
    %ix/load 4, 16, 0;
    %flag_set/imm 4, 0;
    %load/vec4a v000002853c743450, 4;
    %add;
    %ix/load 4, 17, 0;
    %flag_set/imm 4, 0;
    %load/vec4a v000002853c743450, 4;
    %add;
    %ix/load 4, 18, 0;
    %flag_set/imm 4, 0;
    %load/vec4a v000002853c743450, 4;
    %add;
    %ix/load 4, 19, 0;
    %flag_set/imm 4, 0;
    %load/vec4a v000002853c743450, 4;
    %add;
    %ix/load 4, 20, 0;
    %flag_set/imm 4, 0;
    %load/vec4a v000002853c743450, 4;
    %add;
    %ix/load 4, 21, 0;
    %flag_set/imm 4, 0;
    %load/vec4a v000002853c743450, 4;
    %add;
    %store/vec4 v000002853c743130_0, 0, 32;
    %jmp T_4;
    .thread T_4, $push;
    .scope S_000002853c744b50;
T_5 ;
    %wait E_000002853c6b2a20;
    %load/vec4 v000002853c742eb0_0;
    %parti/s 1, 31, 6;
    %cmpi/e 1, 0, 1;
    %jmp/0xz  T_5.0, 4;
    %load/vec4 v000002853c742eb0_0;
    %inv;
    %pushi/vec4 1, 0, 32;
    %add;
    %store/vec4 v000002853c742870_0, 0, 32;
    %jmp T_5.1;
T_5.0 ;
    %load/vec4 v000002853c742eb0_0;
    %store/vec4 v000002853c742870_0, 0, 32;
T_5.1 ;
    %load/vec4 v000002853c742870_0;
    %ix/load 4, 2, 0;
    %flag_set/imm 4, 0;
    %shiftr/s 4;
    %store/vec4 v000002853c743310_0, 0, 32;
    %load/vec4 v000002853c742eb0_0;
    %parti/s 1, 31, 6;
    %cmpi/e 1, 0, 1;
    %jmp/0xz  T_5.2, 4;
    %load/vec4 v000002853c742eb0_0;
    %cmpi/s 4294901760, 0, 32;
    %flag_or 5, 4; GT is !LE
    %flag_inv 5;
    %jmp/0xz  T_5.4, 5;
    %pushi/vec4 4294950912, 0, 32;
    %load/vec4 v000002853c743310_0;
    %add;
    %store/vec4 v000002853c744490_0, 0, 32;
    %jmp T_5.5;
T_5.4 ;
    %pushi/vec4 0, 0, 32;
    %store/vec4 v000002853c744490_0, 0, 32;
T_5.5 ;
    %jmp T_5.3;
T_5.2 ;
    %load/vec4 v000002853c742eb0_0;
    %cmpi/s 65535, 0, 32;
    %jmp/0xz  T_5.6, 5;
    %pushi/vec4 16384, 0, 32;
    %load/vec4 v000002853c743310_0;
    %sub;
    %store/vec4 v000002853c744490_0, 0, 32;
    %jmp T_5.7;
T_5.6 ;
    %pushi/vec4 1, 0, 32;
    %store/vec4 v000002853c744490_0, 0, 32;
T_5.7 ;
T_5.3 ;
    %jmp T_5;
    .thread T_5, $push;
    .scope S_000002853c7449c0;
T_6 ;
    %wait E_000002853c6b29e0;
    %load/vec4 v000002853c743b30_0;
    %pad/s 64;
    %load/vec4 v000002853c742f50_0;
    %pad/s 64;
    %mul;
    %store/vec4 v000002853c743270_0, 0, 64;
    %jmp T_6;
    .thread T_6, $push;
    .scope S_000002853c744ce0;
T_7 ;
    %wait E_000002853c6b29a0;
    %load/vec4 v000002853c743590_0;
    %ix/load 4, 1, 0;
    %flag_set/imm 4, 0;
    %shiftr/s 4;
    %store/vec4 v000002853c744530_0, 0, 64;
    %load/vec4 v000002853c742ff0_0;
    %parti/s 1, 31, 6;
    %cmpi/e 1, 0, 1;
    %jmp/0xz  T_7.0, 4;
    %load/vec4 v000002853c744530_0;
    %store/vec4 v000002853c7429b0_0, 0, 64;
    %jmp T_7.1;
T_7.0 ;
    %pushi/vec4 268435456, 0, 64;
    %load/vec4 v000002853c744530_0;
    %sub;
    %store/vec4 v000002853c7429b0_0, 0, 64;
T_7.1 ;
    %load/vec4 v000002853c7429b0_0;
    %parti/s 32, 0, 2;
    %store/vec4 v000002853c743630_0, 0, 32;
    %vpi_call 4 76 "$display", "%b,%b", v000002853c742ff0_0, v000002853c743630_0 {0 0 0};
    %jmp T_7;
    .thread T_7, $push;
    .scope S_000002853c7491a0;
T_8 ;
    %wait E_000002853c6b2e60;
    %load/vec4 v000002853c743ef0_0;
    %parti/s 1, 31, 6;
    %cmpi/e 1, 0, 1;
    %jmp/0xz  T_8.0, 4;
    %load/vec4 v000002853c743ef0_0;
    %inv;
    %pushi/vec4 1, 0, 32;
    %add;
    %store/vec4 v000002853c743db0_0, 0, 32;
    %jmp T_8.1;
T_8.0 ;
    %load/vec4 v000002853c743ef0_0;
    %store/vec4 v000002853c743db0_0, 0, 32;
T_8.1 ;
    %load/vec4 v000002853c743db0_0;
    %ix/load 4, 2, 0;
    %flag_set/imm 4, 0;
    %shiftr/s 4;
    %store/vec4 v000002853c742d70_0, 0, 32;
    %load/vec4 v000002853c743ef0_0;
    %parti/s 1, 31, 6;
    %cmpi/e 1, 0, 1;
    %jmp/0xz  T_8.2, 4;
    %load/vec4 v000002853c743ef0_0;
    %cmpi/s 4294901760, 0, 32;
    %flag_or 5, 4; GT is !LE
    %flag_inv 5;
    %jmp/0xz  T_8.4, 5;
    %pushi/vec4 4294950912, 0, 32;
    %load/vec4 v000002853c742d70_0;
    %add;
    %store/vec4 v000002853c744670_0, 0, 32;
    %jmp T_8.5;
T_8.4 ;
    %pushi/vec4 0, 0, 32;
    %store/vec4 v000002853c744670_0, 0, 32;
T_8.5 ;
    %jmp T_8.3;
T_8.2 ;
    %load/vec4 v000002853c743ef0_0;
    %cmpi/s 65535, 0, 32;
    %jmp/0xz  T_8.6, 5;
    %pushi/vec4 16384, 0, 32;
    %load/vec4 v000002853c742d70_0;
    %sub;
    %store/vec4 v000002853c744670_0, 0, 32;
    %jmp T_8.7;
T_8.6 ;
    %pushi/vec4 1, 0, 32;
    %store/vec4 v000002853c744670_0, 0, 32;
T_8.7 ;
T_8.3 ;
    %jmp T_8;
    .thread T_8, $push;
    .scope S_000002853c749010;
T_9 ;
    %wait E_000002853c6b2e20;
    %load/vec4 v000002853c743770_0;
    %pad/s 64;
    %load/vec4 v000002853c742e10_0;
    %pad/s 64;
    %mul;
    %store/vec4 v000002853c742cd0_0, 0, 64;
    %jmp T_9;
    .thread T_9, $push;
    .scope S_000002853c749330;
T_10 ;
    %wait E_000002853c6b3360;
    %load/vec4 v000002853c744030_0;
    %ix/load 4, 1, 0;
    %flag_set/imm 4, 0;
    %shiftr/s 4;
    %store/vec4 v000002853c7438b0_0, 0, 64;
    %load/vec4 v000002853c742b90_0;
    %parti/s 1, 31, 6;
    %cmpi/e 1, 0, 1;
    %jmp/0xz  T_10.0, 4;
    %load/vec4 v000002853c7438b0_0;
    %store/vec4 v000002853c7439f0_0, 0, 64;
    %jmp T_10.1;
T_10.0 ;
    %pushi/vec4 268435456, 0, 64;
    %load/vec4 v000002853c7438b0_0;
    %sub;
    %store/vec4 v000002853c7439f0_0, 0, 64;
T_10.1 ;
    %load/vec4 v000002853c7439f0_0;
    %parti/s 32, 0, 2;
    %store/vec4 v000002853c743810_0, 0, 32;
    %vpi_call 4 76 "$display", "%b,%b", v000002853c742b90_0, v000002853c743810_0 {0 0 0};
    %jmp T_10;
    .thread T_10, $push;
    .scope S_000002853c7497e0;
T_11 ;
    %wait E_000002853c6b2ca0;
    %load/vec4 v000002853c7445d0_0;
    %parti/s 1, 31, 6;
    %cmpi/e 1, 0, 1;
    %jmp/0xz  T_11.0, 4;
    %load/vec4 v000002853c7445d0_0;
    %inv;
    %pushi/vec4 1, 0, 32;
    %add;
    %store/vec4 v000002853c742c30_0, 0, 32;
    %jmp T_11.1;
T_11.0 ;
    %load/vec4 v000002853c7445d0_0;
    %store/vec4 v000002853c742c30_0, 0, 32;
T_11.1 ;
    %load/vec4 v000002853c742c30_0;
    %ix/load 4, 2, 0;
    %flag_set/imm 4, 0;
    %shiftr/s 4;
    %store/vec4 v000002853c744710_0, 0, 32;
    %load/vec4 v000002853c7445d0_0;
    %parti/s 1, 31, 6;
    %cmpi/e 1, 0, 1;
    %jmp/0xz  T_11.2, 4;
    %load/vec4 v000002853c7445d0_0;
    %cmpi/s 4294901760, 0, 32;
    %flag_or 5, 4; GT is !LE
    %flag_inv 5;
    %jmp/0xz  T_11.4, 5;
    %pushi/vec4 4294950912, 0, 32;
    %load/vec4 v000002853c744710_0;
    %add;
    %store/vec4 v000002853c7443f0_0, 0, 32;
    %jmp T_11.5;
T_11.4 ;
    %pushi/vec4 0, 0, 32;
    %store/vec4 v000002853c7443f0_0, 0, 32;
T_11.5 ;
    %jmp T_11.3;
T_11.2 ;
    %load/vec4 v000002853c7445d0_0;
    %cmpi/s 65535, 0, 32;
    %jmp/0xz  T_11.6, 5;
    %pushi/vec4 16384, 0, 32;
    %load/vec4 v000002853c744710_0;
    %sub;
    %store/vec4 v000002853c7443f0_0, 0, 32;
    %jmp T_11.7;
T_11.6 ;
    %pushi/vec4 1, 0, 32;
    %store/vec4 v000002853c7443f0_0, 0, 32;
T_11.7 ;
T_11.3 ;
    %jmp T_11;
    .thread T_11, $push;
    .scope S_000002853c749650;
T_12 ;
    %wait E_000002853c6b2d20;
    %load/vec4 v000002853c744170_0;
    %pad/s 64;
    %load/vec4 v000002853c7442b0_0;
    %pad/s 64;
    %mul;
    %store/vec4 v000002853c744350_0, 0, 64;
    %jmp T_12;
    .thread T_12, $push;
    .scope S_000002853c6fc180;
T_13 ;
    %wait E_000002853c6b3320;
    %load/vec4 v000002853c6fdc80_0;
    %ix/load 4, 1, 0;
    %flag_set/imm 4, 0;
    %shiftr/s 4;
    %store/vec4 v000002853c6fdb40_0, 0, 64;
    %load/vec4 v000002853c6fd6e0_0;
    %parti/s 1, 31, 6;
    %cmpi/e 1, 0, 1;
    %jmp/0xz  T_13.0, 4;
    %load/vec4 v000002853c6fdb40_0;
    %store/vec4 v000002853c6fcf60_0, 0, 64;
    %jmp T_13.1;
T_13.0 ;
    %pushi/vec4 268435456, 0, 64;
    %load/vec4 v000002853c6fdb40_0;
    %sub;
    %store/vec4 v000002853c6fcf60_0, 0, 64;
T_13.1 ;
    %load/vec4 v000002853c6fcf60_0;
    %parti/s 32, 0, 2;
    %store/vec4 v000002853c6fe540_0, 0, 32;
    %vpi_call 4 76 "$display", "%b,%b", v000002853c6fd6e0_0, v000002853c6fe540_0 {0 0 0};
    %jmp T_13;
    .thread T_13, $push;
    .scope S_000002853c6fbcd0;
T_14 ;
    %wait E_000002853c6b30a0;
    %load/vec4 v000002853c6fddc0_0;
    %parti/s 1, 31, 6;
    %cmpi/e 1, 0, 1;
    %jmp/0xz  T_14.0, 4;
    %load/vec4 v000002853c6fddc0_0;
    %inv;
    %pushi/vec4 1, 0, 32;
    %add;
    %store/vec4 v000002853c6fde60_0, 0, 32;
    %jmp T_14.1;
T_14.0 ;
    %load/vec4 v000002853c6fddc0_0;
    %store/vec4 v000002853c6fde60_0, 0, 32;
T_14.1 ;
    %load/vec4 v000002853c6fde60_0;
    %ix/load 4, 2, 0;
    %flag_set/imm 4, 0;
    %shiftr/s 4;
    %store/vec4 v000002853c6fcce0_0, 0, 32;
    %load/vec4 v000002853c6fddc0_0;
    %parti/s 1, 31, 6;
    %cmpi/e 1, 0, 1;
    %jmp/0xz  T_14.2, 4;
    %load/vec4 v000002853c6fddc0_0;
    %cmpi/s 4294901760, 0, 32;
    %flag_or 5, 4; GT is !LE
    %flag_inv 5;
    %jmp/0xz  T_14.4, 5;
    %pushi/vec4 4294950912, 0, 32;
    %load/vec4 v000002853c6fcce0_0;
    %add;
    %store/vec4 v000002853c6fe180_0, 0, 32;
    %jmp T_14.5;
T_14.4 ;
    %pushi/vec4 0, 0, 32;
    %store/vec4 v000002853c6fe180_0, 0, 32;
T_14.5 ;
    %jmp T_14.3;
T_14.2 ;
    %load/vec4 v000002853c6fddc0_0;
    %cmpi/s 65535, 0, 32;
    %jmp/0xz  T_14.6, 5;
    %pushi/vec4 16384, 0, 32;
    %load/vec4 v000002853c6fcce0_0;
    %sub;
    %store/vec4 v000002853c6fe180_0, 0, 32;
    %jmp T_14.7;
T_14.6 ;
    %pushi/vec4 1, 0, 32;
    %store/vec4 v000002853c6fe180_0, 0, 32;
T_14.7 ;
T_14.3 ;
    %jmp T_14;
    .thread T_14, $push;
    .scope S_000002853c6fc310;
T_15 ;
    %wait E_000002853c6b3260;
    %load/vec4 v000002853c6fda00_0;
    %pad/s 64;
    %load/vec4 v000002853c6fdbe0_0;
    %pad/s 64;
    %mul;
    %store/vec4 v000002853c6fd1e0_0, 0, 64;
    %jmp T_15;
    .thread T_15, $push;
    .scope S_000002853c6fbff0;
T_16 ;
    %wait E_000002853c6b2ea0;
    %load/vec4 v000002853c6fd960_0;
    %ix/load 4, 1, 0;
    %flag_set/imm 4, 0;
    %shiftr/s 4;
    %store/vec4 v000002853c6fd140_0, 0, 64;
    %load/vec4 v000002853c6fd780_0;
    %parti/s 1, 31, 6;
    %cmpi/e 1, 0, 1;
    %jmp/0xz  T_16.0, 4;
    %load/vec4 v000002853c6fd140_0;
    %store/vec4 v000002853c6fe040_0, 0, 64;
    %jmp T_16.1;
T_16.0 ;
    %pushi/vec4 268435456, 0, 64;
    %load/vec4 v000002853c6fd140_0;
    %sub;
    %store/vec4 v000002853c6fe040_0, 0, 64;
T_16.1 ;
    %load/vec4 v000002853c6fe040_0;
    %parti/s 32, 0, 2;
    %store/vec4 v000002853c6fe680_0, 0, 32;
    %vpi_call 4 76 "$display", "%b,%b", v000002853c6fd780_0, v000002853c6fe680_0 {0 0 0};
    %jmp T_16;
    .thread T_16, $push;
# The file index is used to find the file name in the following table.
:file_names 5;
    "N/A";
    "<interactive>";
    "neuron.v";
    "./alu.v";
    "./sigmoid_32bit.v";
