#! /c/Source/iverilog-install/bin/vvp
:ivl_version "12.0 (devel)" "(s20150603-1110-g18392a46)";
:ivl_delay_selection "TYPICAL";
:vpi_time_precision - 12;
:vpi_module "C:\iverilog\lib\ivl\system.vpi";
:vpi_module "C:\iverilog\lib\ivl\vhdl_sys.vpi";
:vpi_module "C:\iverilog\lib\ivl\vhdl_textio.vpi";
:vpi_module "C:\iverilog\lib\ivl\v2005_math.vpi";
:vpi_module "C:\iverilog\lib\ivl\va_math.vpi";
S_000001ff1964be20 .scope module, "neural_network" "neural_network" 2 6;
 .timescale -9 -12;
    .port_info 0 /INPUT 16 "in0";
    .port_info 1 /INPUT 16 "in1";
    .port_info 2 /INPUT 16 "in2";
    .port_info 3 /INPUT 16 "in3";
    .port_info 4 /INPUT 16 "in4";
    .port_info 5 /INPUT 16 "in5";
    .port_info 6 /INPUT 16 "in6";
    .port_info 7 /INPUT 16 "in7";
    .port_info 8 /INPUT 16 "in8";
    .port_info 9 /INPUT 16 "in9";
    .port_info 10 /INPUT 16 "in10";
    .port_info 11 /INPUT 16 "in11";
    .port_info 12 /INPUT 16 "in12";
    .port_info 13 /INPUT 16 "in13";
    .port_info 14 /INPUT 16 "in14";
    .port_info 15 /INPUT 16 "in15";
    .port_info 16 /INPUT 16 "in16";
    .port_info 17 /INPUT 16 "in17";
    .port_info 18 /INPUT 16 "in18";
    .port_info 19 /INPUT 16 "in19";
    .port_info 20 /INPUT 16 "in20";
    .port_info 21 /INPUT 16 "in21";
    .port_info 22 /OUTPUT 32 "outs1";
    .port_info 23 /OUTPUT 32 "outs2";
    .port_info 24 /OUTPUT 32 "outs3";
    .port_info 25 /OUTPUT 32 "outs4";
o000001ff196d0178 .functor BUFZ 16, C4<zzzzzzzzzzzzzzzz>; HiZ drive
v000001ff196c3040_0 .net "in0", 15 0, o000001ff196d0178;  0 drivers
o000001ff196d01a8 .functor BUFZ 16, C4<zzzzzzzzzzzzzzzz>; HiZ drive
v000001ff196c23c0_0 .net "in1", 15 0, o000001ff196d01a8;  0 drivers
o000001ff196d01d8 .functor BUFZ 16, C4<zzzzzzzzzzzzzzzz>; HiZ drive
v000001ff196c2be0_0 .net "in10", 15 0, o000001ff196d01d8;  0 drivers
o000001ff196d0208 .functor BUFZ 16, C4<zzzzzzzzzzzzzzzz>; HiZ drive
v000001ff196c3680_0 .net "in11", 15 0, o000001ff196d0208;  0 drivers
o000001ff196d0238 .functor BUFZ 16, C4<zzzzzzzzzzzzzzzz>; HiZ drive
v000001ff196c3d60_0 .net "in12", 15 0, o000001ff196d0238;  0 drivers
o000001ff196d0268 .functor BUFZ 16, C4<zzzzzzzzzzzzzzzz>; HiZ drive
v000001ff196c2aa0_0 .net "in13", 15 0, o000001ff196d0268;  0 drivers
o000001ff196d0298 .functor BUFZ 16, C4<zzzzzzzzzzzzzzzz>; HiZ drive
v000001ff196c34a0_0 .net "in14", 15 0, o000001ff196d0298;  0 drivers
o000001ff196d02c8 .functor BUFZ 16, C4<zzzzzzzzzzzzzzzz>; HiZ drive
v000001ff196c2460_0 .net "in15", 15 0, o000001ff196d02c8;  0 drivers
o000001ff196d02f8 .functor BUFZ 16, C4<zzzzzzzzzzzzzzzz>; HiZ drive
v000001ff196c25a0_0 .net "in16", 15 0, o000001ff196d02f8;  0 drivers
o000001ff196d0328 .functor BUFZ 16, C4<zzzzzzzzzzzzzzzz>; HiZ drive
v000001ff196c2780_0 .net "in17", 15 0, o000001ff196d0328;  0 drivers
o000001ff196d0358 .functor BUFZ 16, C4<zzzzzzzzzzzzzzzz>; HiZ drive
v000001ff196c32c0_0 .net "in18", 15 0, o000001ff196d0358;  0 drivers
o000001ff196d0388 .functor BUFZ 16, C4<zzzzzzzzzzzzzzzz>; HiZ drive
v000001ff196c2640_0 .net "in19", 15 0, o000001ff196d0388;  0 drivers
o000001ff196d03b8 .functor BUFZ 16, C4<zzzzzzzzzzzzzzzz>; HiZ drive
v000001ff196c3720_0 .net "in2", 15 0, o000001ff196d03b8;  0 drivers
o000001ff196d03e8 .functor BUFZ 16, C4<zzzzzzzzzzzzzzzz>; HiZ drive
v000001ff196c3180_0 .net "in20", 15 0, o000001ff196d03e8;  0 drivers
o000001ff196d0418 .functor BUFZ 16, C4<zzzzzzzzzzzzzzzz>; HiZ drive
v000001ff196c2820_0 .net "in21", 15 0, o000001ff196d0418;  0 drivers
o000001ff196d0448 .functor BUFZ 16, C4<zzzzzzzzzzzzzzzz>; HiZ drive
v000001ff196c3860_0 .net "in3", 15 0, o000001ff196d0448;  0 drivers
o000001ff196d0478 .functor BUFZ 16, C4<zzzzzzzzzzzzzzzz>; HiZ drive
v000001ff196c2dc0_0 .net "in4", 15 0, o000001ff196d0478;  0 drivers
o000001ff196d04a8 .functor BUFZ 16, C4<zzzzzzzzzzzzzzzz>; HiZ drive
v000001ff196c2c80_0 .net "in5", 15 0, o000001ff196d04a8;  0 drivers
o000001ff196d04d8 .functor BUFZ 16, C4<zzzzzzzzzzzzzzzz>; HiZ drive
v000001ff196c3a40_0 .net "in6", 15 0, o000001ff196d04d8;  0 drivers
o000001ff196d0508 .functor BUFZ 16, C4<zzzzzzzzzzzzzzzz>; HiZ drive
v000001ff196c2960_0 .net "in7", 15 0, o000001ff196d0508;  0 drivers
o000001ff196d0538 .functor BUFZ 16, C4<zzzzzzzzzzzzzzzz>; HiZ drive
v000001ff196c2d20_0 .net "in8", 15 0, o000001ff196d0538;  0 drivers
o000001ff196d0568 .functor BUFZ 16, C4<zzzzzzzzzzzzzzzz>; HiZ drive
v000001ff196c3b80_0 .net "in9", 15 0, o000001ff196d0568;  0 drivers
v000001ff196c3c20_0 .net "outs1", 31 0, v000001ff196c1a30_0;  1 drivers
v000001ff196c54a0_0 .net "outs2", 31 0, v000001ff196c09f0_0;  1 drivers
v000001ff196c5ea0_0 .net "outs3", 31 0, v000001ff196c2e60_0;  1 drivers
v000001ff196c5900_0 .net "outs4", 31 0, v000001ff196c2a00_0;  1 drivers
v000001ff196c57c0_0 .net "temp1", 31 0, v000001ff196c18f0_0;  1 drivers
v000001ff196c5e00_0 .net "temp2", 31 0, v000001ff196c1fd0_0;  1 drivers
v000001ff196c5180_0 .net "temp3", 31 0, v000001ff196c0d10_0;  1 drivers
v000001ff196c5c20_0 .net "temp4", 31 0, v000001ff196c2110_0;  1 drivers
S_000001ff1964c160 .scope module, "A1" "alu" 2 13, 3 3 0, S_000001ff1964be20;
 .timescale -9 -12;
    .port_info 0 /INPUT 16 "in0";
    .port_info 1 /INPUT 16 "in1";
    .port_info 2 /INPUT 16 "in2";
    .port_info 3 /INPUT 16 "in3";
    .port_info 4 /INPUT 16 "in4";
    .port_info 5 /INPUT 16 "in5";
    .port_info 6 /INPUT 16 "in6";
    .port_info 7 /INPUT 16 "in7";
    .port_info 8 /INPUT 16 "in8";
    .port_info 9 /INPUT 16 "in9";
    .port_info 10 /INPUT 16 "in10";
    .port_info 11 /INPUT 16 "in11";
    .port_info 12 /INPUT 16 "in12";
    .port_info 13 /INPUT 16 "in13";
    .port_info 14 /INPUT 16 "in14";
    .port_info 15 /INPUT 16 "in15";
    .port_info 16 /INPUT 16 "in16";
    .port_info 17 /INPUT 16 "in17";
    .port_info 18 /INPUT 16 "in18";
    .port_info 19 /INPUT 16 "in19";
    .port_info 20 /INPUT 16 "in20";
    .port_info 21 /INPUT 16 "in21";
    .port_info 22 /OUTPUT 32 "out1";
    .port_info 23 /OUTPUT 32 "out2";
    .port_info 24 /OUTPUT 32 "out3";
    .port_info 25 /OUTPUT 32 "out4";
v000001ff196955c0 .array "baise", 3 0, 31 0;
v000001ff19694f80_0 .var/i "i", 31 0;
v000001ff19694940_0 .net "in0", 15 0, o000001ff196d0178;  alias, 0 drivers
v000001ff19694a80_0 .net "in1", 15 0, o000001ff196d01a8;  alias, 0 drivers
v000001ff19695160_0 .net "in10", 15 0, o000001ff196d01d8;  alias, 0 drivers
v000001ff196950c0_0 .net "in11", 15 0, o000001ff196d0208;  alias, 0 drivers
v000001ff19694b20_0 .net "in12", 15 0, o000001ff196d0238;  alias, 0 drivers
v000001ff19694800_0 .net "in13", 15 0, o000001ff196d0268;  alias, 0 drivers
v000001ff196948a0_0 .net "in14", 15 0, o000001ff196d0298;  alias, 0 drivers
v000001ff19695200_0 .net "in15", 15 0, o000001ff196d02c8;  alias, 0 drivers
v000001ff19695700_0 .net "in16", 15 0, o000001ff196d02f8;  alias, 0 drivers
v000001ff19694ee0_0 .net "in17", 15 0, o000001ff196d0328;  alias, 0 drivers
v000001ff19694d00_0 .net "in18", 15 0, o000001ff196d0358;  alias, 0 drivers
v000001ff196952a0_0 .net "in19", 15 0, o000001ff196d0388;  alias, 0 drivers
v000001ff19694bc0_0 .net "in2", 15 0, o000001ff196d03b8;  alias, 0 drivers
v000001ff19695340_0 .net "in20", 15 0, o000001ff196d03e8;  alias, 0 drivers
v000001ff19694da0_0 .net "in21", 15 0, o000001ff196d0418;  alias, 0 drivers
v000001ff19694e40_0 .net "in3", 15 0, o000001ff196d0448;  alias, 0 drivers
v000001ff19695020_0 .net "in4", 15 0, o000001ff196d0478;  alias, 0 drivers
v000001ff196953e0_0 .net "in5", 15 0, o000001ff196d04a8;  alias, 0 drivers
v000001ff19695480_0 .net "in6", 15 0, o000001ff196d04d8;  alias, 0 drivers
v000001ff19694c60_0 .net "in7", 15 0, o000001ff196d0508;  alias, 0 drivers
v000001ff196949e0_0 .net "in8", 15 0, o000001ff196d0538;  alias, 0 drivers
v000001ff196c0bd0_0 .net "in9", 15 0, o000001ff196d0568;  alias, 0 drivers
v000001ff196c1670 .array "mul1", 21 0, 31 0;
v000001ff196c0e50 .array "mul2", 21 0, 31 0;
v000001ff196c0c70 .array "mul3", 21 0, 31 0;
v000001ff196c21b0 .array "mul4", 21 0, 31 0;
v000001ff196c18f0_0 .var "out1", 31 0;
v000001ff196c1fd0_0 .var "out2", 31 0;
v000001ff196c0d10_0 .var "out3", 31 0;
v000001ff196c2110_0 .var "out4", 31 0;
v000001ff196c0a90 .array "weights1", 21 0, 15 0;
v000001ff196c0db0 .array "weights2", 21 0, 15 0;
v000001ff196c0450 .array "weights3", 21 0, 15 0;
v000001ff196c2250 .array "weights4", 21 0, 15 0;
v000001ff196c2250_0 .array/port v000001ff196c2250, 0;
v000001ff196c2250_1 .array/port v000001ff196c2250, 1;
v000001ff196c2250_2 .array/port v000001ff196c2250, 2;
v000001ff196c2250_3 .array/port v000001ff196c2250, 3;
E_000001ff196822b0/0 .event anyedge, v000001ff196c2250_0, v000001ff196c2250_1, v000001ff196c2250_2, v000001ff196c2250_3;
v000001ff196c2250_4 .array/port v000001ff196c2250, 4;
v000001ff196c2250_5 .array/port v000001ff196c2250, 5;
v000001ff196c2250_6 .array/port v000001ff196c2250, 6;
v000001ff196c2250_7 .array/port v000001ff196c2250, 7;
E_000001ff196822b0/1 .event anyedge, v000001ff196c2250_4, v000001ff196c2250_5, v000001ff196c2250_6, v000001ff196c2250_7;
v000001ff196c2250_8 .array/port v000001ff196c2250, 8;
v000001ff196c2250_9 .array/port v000001ff196c2250, 9;
v000001ff196c2250_10 .array/port v000001ff196c2250, 10;
v000001ff196c2250_11 .array/port v000001ff196c2250, 11;
E_000001ff196822b0/2 .event anyedge, v000001ff196c2250_8, v000001ff196c2250_9, v000001ff196c2250_10, v000001ff196c2250_11;
v000001ff196c2250_12 .array/port v000001ff196c2250, 12;
v000001ff196c2250_13 .array/port v000001ff196c2250, 13;
v000001ff196c2250_14 .array/port v000001ff196c2250, 14;
v000001ff196c2250_15 .array/port v000001ff196c2250, 15;
E_000001ff196822b0/3 .event anyedge, v000001ff196c2250_12, v000001ff196c2250_13, v000001ff196c2250_14, v000001ff196c2250_15;
v000001ff196c2250_16 .array/port v000001ff196c2250, 16;
v000001ff196c2250_17 .array/port v000001ff196c2250, 17;
v000001ff196c2250_18 .array/port v000001ff196c2250, 18;
v000001ff196c2250_19 .array/port v000001ff196c2250, 19;
E_000001ff196822b0/4 .event anyedge, v000001ff196c2250_16, v000001ff196c2250_17, v000001ff196c2250_18, v000001ff196c2250_19;
v000001ff196c2250_20 .array/port v000001ff196c2250, 20;
v000001ff196c2250_21 .array/port v000001ff196c2250, 21;
E_000001ff196822b0/5 .event anyedge, v000001ff196c2250_20, v000001ff196c2250_21, v000001ff19694940_0, v000001ff19694a80_0;
E_000001ff196822b0/6 .event anyedge, v000001ff19694bc0_0, v000001ff19694e40_0, v000001ff19695020_0, v000001ff196953e0_0;
E_000001ff196822b0/7 .event anyedge, v000001ff19695480_0, v000001ff19694c60_0, v000001ff196949e0_0, v000001ff196c0bd0_0;
E_000001ff196822b0/8 .event anyedge, v000001ff19695160_0, v000001ff196950c0_0, v000001ff19694b20_0, v000001ff19694800_0;
E_000001ff196822b0/9 .event anyedge, v000001ff196948a0_0, v000001ff19695200_0, v000001ff19695700_0, v000001ff19694ee0_0;
E_000001ff196822b0/10 .event anyedge, v000001ff19694d00_0, v000001ff196952a0_0, v000001ff19695340_0, v000001ff19694da0_0;
v000001ff196955c0_0 .array/port v000001ff196955c0, 0;
v000001ff196955c0_1 .array/port v000001ff196955c0, 1;
v000001ff196955c0_2 .array/port v000001ff196955c0, 2;
v000001ff196955c0_3 .array/port v000001ff196955c0, 3;
E_000001ff196822b0/11 .event anyedge, v000001ff196955c0_0, v000001ff196955c0_1, v000001ff196955c0_2, v000001ff196955c0_3;
v000001ff196c21b0_0 .array/port v000001ff196c21b0, 0;
v000001ff196c21b0_1 .array/port v000001ff196c21b0, 1;
v000001ff196c21b0_2 .array/port v000001ff196c21b0, 2;
v000001ff196c21b0_3 .array/port v000001ff196c21b0, 3;
E_000001ff196822b0/12 .event anyedge, v000001ff196c21b0_0, v000001ff196c21b0_1, v000001ff196c21b0_2, v000001ff196c21b0_3;
v000001ff196c21b0_4 .array/port v000001ff196c21b0, 4;
v000001ff196c21b0_5 .array/port v000001ff196c21b0, 5;
v000001ff196c21b0_6 .array/port v000001ff196c21b0, 6;
v000001ff196c21b0_7 .array/port v000001ff196c21b0, 7;
E_000001ff196822b0/13 .event anyedge, v000001ff196c21b0_4, v000001ff196c21b0_5, v000001ff196c21b0_6, v000001ff196c21b0_7;
v000001ff196c21b0_8 .array/port v000001ff196c21b0, 8;
v000001ff196c21b0_9 .array/port v000001ff196c21b0, 9;
v000001ff196c21b0_10 .array/port v000001ff196c21b0, 10;
v000001ff196c21b0_11 .array/port v000001ff196c21b0, 11;
E_000001ff196822b0/14 .event anyedge, v000001ff196c21b0_8, v000001ff196c21b0_9, v000001ff196c21b0_10, v000001ff196c21b0_11;
v000001ff196c21b0_12 .array/port v000001ff196c21b0, 12;
v000001ff196c21b0_13 .array/port v000001ff196c21b0, 13;
v000001ff196c21b0_14 .array/port v000001ff196c21b0, 14;
v000001ff196c21b0_15 .array/port v000001ff196c21b0, 15;
E_000001ff196822b0/15 .event anyedge, v000001ff196c21b0_12, v000001ff196c21b0_13, v000001ff196c21b0_14, v000001ff196c21b0_15;
v000001ff196c21b0_16 .array/port v000001ff196c21b0, 16;
v000001ff196c21b0_17 .array/port v000001ff196c21b0, 17;
v000001ff196c21b0_18 .array/port v000001ff196c21b0, 18;
v000001ff196c21b0_19 .array/port v000001ff196c21b0, 19;
E_000001ff196822b0/16 .event anyedge, v000001ff196c21b0_16, v000001ff196c21b0_17, v000001ff196c21b0_18, v000001ff196c21b0_19;
v000001ff196c21b0_20 .array/port v000001ff196c21b0, 20;
v000001ff196c21b0_21 .array/port v000001ff196c21b0, 21;
E_000001ff196822b0/17 .event anyedge, v000001ff196c21b0_20, v000001ff196c21b0_21;
E_000001ff196822b0 .event/or E_000001ff196822b0/0, E_000001ff196822b0/1, E_000001ff196822b0/2, E_000001ff196822b0/3, E_000001ff196822b0/4, E_000001ff196822b0/5, E_000001ff196822b0/6, E_000001ff196822b0/7, E_000001ff196822b0/8, E_000001ff196822b0/9, E_000001ff196822b0/10, E_000001ff196822b0/11, E_000001ff196822b0/12, E_000001ff196822b0/13, E_000001ff196822b0/14, E_000001ff196822b0/15, E_000001ff196822b0/16, E_000001ff196822b0/17;
v000001ff196c0450_0 .array/port v000001ff196c0450, 0;
v000001ff196c0450_1 .array/port v000001ff196c0450, 1;
v000001ff196c0450_2 .array/port v000001ff196c0450, 2;
v000001ff196c0450_3 .array/port v000001ff196c0450, 3;
E_000001ff196823f0/0 .event anyedge, v000001ff196c0450_0, v000001ff196c0450_1, v000001ff196c0450_2, v000001ff196c0450_3;
v000001ff196c0450_4 .array/port v000001ff196c0450, 4;
v000001ff196c0450_5 .array/port v000001ff196c0450, 5;
v000001ff196c0450_6 .array/port v000001ff196c0450, 6;
v000001ff196c0450_7 .array/port v000001ff196c0450, 7;
E_000001ff196823f0/1 .event anyedge, v000001ff196c0450_4, v000001ff196c0450_5, v000001ff196c0450_6, v000001ff196c0450_7;
v000001ff196c0450_8 .array/port v000001ff196c0450, 8;
v000001ff196c0450_9 .array/port v000001ff196c0450, 9;
v000001ff196c0450_10 .array/port v000001ff196c0450, 10;
v000001ff196c0450_11 .array/port v000001ff196c0450, 11;
E_000001ff196823f0/2 .event anyedge, v000001ff196c0450_8, v000001ff196c0450_9, v000001ff196c0450_10, v000001ff196c0450_11;
v000001ff196c0450_12 .array/port v000001ff196c0450, 12;
v000001ff196c0450_13 .array/port v000001ff196c0450, 13;
v000001ff196c0450_14 .array/port v000001ff196c0450, 14;
v000001ff196c0450_15 .array/port v000001ff196c0450, 15;
E_000001ff196823f0/3 .event anyedge, v000001ff196c0450_12, v000001ff196c0450_13, v000001ff196c0450_14, v000001ff196c0450_15;
v000001ff196c0450_16 .array/port v000001ff196c0450, 16;
v000001ff196c0450_17 .array/port v000001ff196c0450, 17;
v000001ff196c0450_18 .array/port v000001ff196c0450, 18;
v000001ff196c0450_19 .array/port v000001ff196c0450, 19;
E_000001ff196823f0/4 .event anyedge, v000001ff196c0450_16, v000001ff196c0450_17, v000001ff196c0450_18, v000001ff196c0450_19;
v000001ff196c0450_20 .array/port v000001ff196c0450, 20;
v000001ff196c0450_21 .array/port v000001ff196c0450, 21;
E_000001ff196823f0/5 .event anyedge, v000001ff196c0450_20, v000001ff196c0450_21, v000001ff19694940_0, v000001ff19694a80_0;
E_000001ff196823f0/6 .event anyedge, v000001ff19694bc0_0, v000001ff19694e40_0, v000001ff19695020_0, v000001ff196953e0_0;
E_000001ff196823f0/7 .event anyedge, v000001ff19695480_0, v000001ff19694c60_0, v000001ff196949e0_0, v000001ff196c0bd0_0;
E_000001ff196823f0/8 .event anyedge, v000001ff19695160_0, v000001ff196950c0_0, v000001ff19694b20_0, v000001ff19694800_0;
E_000001ff196823f0/9 .event anyedge, v000001ff196948a0_0, v000001ff19695200_0, v000001ff19695700_0, v000001ff19694ee0_0;
E_000001ff196823f0/10 .event anyedge, v000001ff19694d00_0, v000001ff196952a0_0, v000001ff19695340_0, v000001ff19694da0_0;
E_000001ff196823f0/11 .event anyedge, v000001ff196955c0_0, v000001ff196955c0_1, v000001ff196955c0_2, v000001ff196955c0_3;
v000001ff196c0c70_0 .array/port v000001ff196c0c70, 0;
v000001ff196c0c70_1 .array/port v000001ff196c0c70, 1;
v000001ff196c0c70_2 .array/port v000001ff196c0c70, 2;
v000001ff196c0c70_3 .array/port v000001ff196c0c70, 3;
E_000001ff196823f0/12 .event anyedge, v000001ff196c0c70_0, v000001ff196c0c70_1, v000001ff196c0c70_2, v000001ff196c0c70_3;
v000001ff196c0c70_4 .array/port v000001ff196c0c70, 4;
v000001ff196c0c70_5 .array/port v000001ff196c0c70, 5;
v000001ff196c0c70_6 .array/port v000001ff196c0c70, 6;
v000001ff196c0c70_7 .array/port v000001ff196c0c70, 7;
E_000001ff196823f0/13 .event anyedge, v000001ff196c0c70_4, v000001ff196c0c70_5, v000001ff196c0c70_6, v000001ff196c0c70_7;
v000001ff196c0c70_8 .array/port v000001ff196c0c70, 8;
v000001ff196c0c70_9 .array/port v000001ff196c0c70, 9;
v000001ff196c0c70_10 .array/port v000001ff196c0c70, 10;
v000001ff196c0c70_11 .array/port v000001ff196c0c70, 11;
E_000001ff196823f0/14 .event anyedge, v000001ff196c0c70_8, v000001ff196c0c70_9, v000001ff196c0c70_10, v000001ff196c0c70_11;
v000001ff196c0c70_12 .array/port v000001ff196c0c70, 12;
v000001ff196c0c70_13 .array/port v000001ff196c0c70, 13;
v000001ff196c0c70_14 .array/port v000001ff196c0c70, 14;
v000001ff196c0c70_15 .array/port v000001ff196c0c70, 15;
E_000001ff196823f0/15 .event anyedge, v000001ff196c0c70_12, v000001ff196c0c70_13, v000001ff196c0c70_14, v000001ff196c0c70_15;
v000001ff196c0c70_16 .array/port v000001ff196c0c70, 16;
v000001ff196c0c70_17 .array/port v000001ff196c0c70, 17;
v000001ff196c0c70_18 .array/port v000001ff196c0c70, 18;
v000001ff196c0c70_19 .array/port v000001ff196c0c70, 19;
E_000001ff196823f0/16 .event anyedge, v000001ff196c0c70_16, v000001ff196c0c70_17, v000001ff196c0c70_18, v000001ff196c0c70_19;
v000001ff196c0c70_20 .array/port v000001ff196c0c70, 20;
v000001ff196c0c70_21 .array/port v000001ff196c0c70, 21;
E_000001ff196823f0/17 .event anyedge, v000001ff196c0c70_20, v000001ff196c0c70_21;
E_000001ff196823f0 .event/or E_000001ff196823f0/0, E_000001ff196823f0/1, E_000001ff196823f0/2, E_000001ff196823f0/3, E_000001ff196823f0/4, E_000001ff196823f0/5, E_000001ff196823f0/6, E_000001ff196823f0/7, E_000001ff196823f0/8, E_000001ff196823f0/9, E_000001ff196823f0/10, E_000001ff196823f0/11, E_000001ff196823f0/12, E_000001ff196823f0/13, E_000001ff196823f0/14, E_000001ff196823f0/15, E_000001ff196823f0/16, E_000001ff196823f0/17;
v000001ff196c0db0_0 .array/port v000001ff196c0db0, 0;
v000001ff196c0db0_1 .array/port v000001ff196c0db0, 1;
v000001ff196c0db0_2 .array/port v000001ff196c0db0, 2;
v000001ff196c0db0_3 .array/port v000001ff196c0db0, 3;
E_000001ff19682e30/0 .event anyedge, v000001ff196c0db0_0, v000001ff196c0db0_1, v000001ff196c0db0_2, v000001ff196c0db0_3;
v000001ff196c0db0_4 .array/port v000001ff196c0db0, 4;
v000001ff196c0db0_5 .array/port v000001ff196c0db0, 5;
v000001ff196c0db0_6 .array/port v000001ff196c0db0, 6;
v000001ff196c0db0_7 .array/port v000001ff196c0db0, 7;
E_000001ff19682e30/1 .event anyedge, v000001ff196c0db0_4, v000001ff196c0db0_5, v000001ff196c0db0_6, v000001ff196c0db0_7;
v000001ff196c0db0_8 .array/port v000001ff196c0db0, 8;
v000001ff196c0db0_9 .array/port v000001ff196c0db0, 9;
v000001ff196c0db0_10 .array/port v000001ff196c0db0, 10;
v000001ff196c0db0_11 .array/port v000001ff196c0db0, 11;
E_000001ff19682e30/2 .event anyedge, v000001ff196c0db0_8, v000001ff196c0db0_9, v000001ff196c0db0_10, v000001ff196c0db0_11;
v000001ff196c0db0_12 .array/port v000001ff196c0db0, 12;
v000001ff196c0db0_13 .array/port v000001ff196c0db0, 13;
v000001ff196c0db0_14 .array/port v000001ff196c0db0, 14;
v000001ff196c0db0_15 .array/port v000001ff196c0db0, 15;
E_000001ff19682e30/3 .event anyedge, v000001ff196c0db0_12, v000001ff196c0db0_13, v000001ff196c0db0_14, v000001ff196c0db0_15;
v000001ff196c0db0_16 .array/port v000001ff196c0db0, 16;
v000001ff196c0db0_17 .array/port v000001ff196c0db0, 17;
v000001ff196c0db0_18 .array/port v000001ff196c0db0, 18;
v000001ff196c0db0_19 .array/port v000001ff196c0db0, 19;
E_000001ff19682e30/4 .event anyedge, v000001ff196c0db0_16, v000001ff196c0db0_17, v000001ff196c0db0_18, v000001ff196c0db0_19;
v000001ff196c0db0_20 .array/port v000001ff196c0db0, 20;
v000001ff196c0db0_21 .array/port v000001ff196c0db0, 21;
E_000001ff19682e30/5 .event anyedge, v000001ff196c0db0_20, v000001ff196c0db0_21, v000001ff19694940_0, v000001ff19694a80_0;
E_000001ff19682e30/6 .event anyedge, v000001ff19694bc0_0, v000001ff19694e40_0, v000001ff19695020_0, v000001ff196953e0_0;
E_000001ff19682e30/7 .event anyedge, v000001ff19695480_0, v000001ff19694c60_0, v000001ff196949e0_0, v000001ff196c0bd0_0;
E_000001ff19682e30/8 .event anyedge, v000001ff19695160_0, v000001ff196950c0_0, v000001ff19694b20_0, v000001ff19694800_0;
E_000001ff19682e30/9 .event anyedge, v000001ff196948a0_0, v000001ff19695200_0, v000001ff19695700_0, v000001ff19694ee0_0;
E_000001ff19682e30/10 .event anyedge, v000001ff19694d00_0, v000001ff196952a0_0, v000001ff19695340_0, v000001ff19694da0_0;
E_000001ff19682e30/11 .event anyedge, v000001ff196955c0_0, v000001ff196955c0_1, v000001ff196955c0_2, v000001ff196955c0_3;
v000001ff196c0e50_0 .array/port v000001ff196c0e50, 0;
v000001ff196c0e50_1 .array/port v000001ff196c0e50, 1;
v000001ff196c0e50_2 .array/port v000001ff196c0e50, 2;
v000001ff196c0e50_3 .array/port v000001ff196c0e50, 3;
E_000001ff19682e30/12 .event anyedge, v000001ff196c0e50_0, v000001ff196c0e50_1, v000001ff196c0e50_2, v000001ff196c0e50_3;
v000001ff196c0e50_4 .array/port v000001ff196c0e50, 4;
v000001ff196c0e50_5 .array/port v000001ff196c0e50, 5;
v000001ff196c0e50_6 .array/port v000001ff196c0e50, 6;
v000001ff196c0e50_7 .array/port v000001ff196c0e50, 7;
E_000001ff19682e30/13 .event anyedge, v000001ff196c0e50_4, v000001ff196c0e50_5, v000001ff196c0e50_6, v000001ff196c0e50_7;
v000001ff196c0e50_8 .array/port v000001ff196c0e50, 8;
v000001ff196c0e50_9 .array/port v000001ff196c0e50, 9;
v000001ff196c0e50_10 .array/port v000001ff196c0e50, 10;
v000001ff196c0e50_11 .array/port v000001ff196c0e50, 11;
E_000001ff19682e30/14 .event anyedge, v000001ff196c0e50_8, v000001ff196c0e50_9, v000001ff196c0e50_10, v000001ff196c0e50_11;
v000001ff196c0e50_12 .array/port v000001ff196c0e50, 12;
v000001ff196c0e50_13 .array/port v000001ff196c0e50, 13;
v000001ff196c0e50_14 .array/port v000001ff196c0e50, 14;
v000001ff196c0e50_15 .array/port v000001ff196c0e50, 15;
E_000001ff19682e30/15 .event anyedge, v000001ff196c0e50_12, v000001ff196c0e50_13, v000001ff196c0e50_14, v000001ff196c0e50_15;
v000001ff196c0e50_16 .array/port v000001ff196c0e50, 16;
v000001ff196c0e50_17 .array/port v000001ff196c0e50, 17;
v000001ff196c0e50_18 .array/port v000001ff196c0e50, 18;
v000001ff196c0e50_19 .array/port v000001ff196c0e50, 19;
E_000001ff19682e30/16 .event anyedge, v000001ff196c0e50_16, v000001ff196c0e50_17, v000001ff196c0e50_18, v000001ff196c0e50_19;
v000001ff196c0e50_20 .array/port v000001ff196c0e50, 20;
v000001ff196c0e50_21 .array/port v000001ff196c0e50, 21;
E_000001ff19682e30/17 .event anyedge, v000001ff196c0e50_20, v000001ff196c0e50_21;
E_000001ff19682e30 .event/or E_000001ff19682e30/0, E_000001ff19682e30/1, E_000001ff19682e30/2, E_000001ff19682e30/3, E_000001ff19682e30/4, E_000001ff19682e30/5, E_000001ff19682e30/6, E_000001ff19682e30/7, E_000001ff19682e30/8, E_000001ff19682e30/9, E_000001ff19682e30/10, E_000001ff19682e30/11, E_000001ff19682e30/12, E_000001ff19682e30/13, E_000001ff19682e30/14, E_000001ff19682e30/15, E_000001ff19682e30/16, E_000001ff19682e30/17;
v000001ff196c0a90_0 .array/port v000001ff196c0a90, 0;
v000001ff196c0a90_1 .array/port v000001ff196c0a90, 1;
v000001ff196c0a90_2 .array/port v000001ff196c0a90, 2;
v000001ff196c0a90_3 .array/port v000001ff196c0a90, 3;
E_000001ff19682630/0 .event anyedge, v000001ff196c0a90_0, v000001ff196c0a90_1, v000001ff196c0a90_2, v000001ff196c0a90_3;
v000001ff196c0a90_4 .array/port v000001ff196c0a90, 4;
v000001ff196c0a90_5 .array/port v000001ff196c0a90, 5;
v000001ff196c0a90_6 .array/port v000001ff196c0a90, 6;
v000001ff196c0a90_7 .array/port v000001ff196c0a90, 7;
E_000001ff19682630/1 .event anyedge, v000001ff196c0a90_4, v000001ff196c0a90_5, v000001ff196c0a90_6, v000001ff196c0a90_7;
v000001ff196c0a90_8 .array/port v000001ff196c0a90, 8;
v000001ff196c0a90_9 .array/port v000001ff196c0a90, 9;
v000001ff196c0a90_10 .array/port v000001ff196c0a90, 10;
v000001ff196c0a90_11 .array/port v000001ff196c0a90, 11;
E_000001ff19682630/2 .event anyedge, v000001ff196c0a90_8, v000001ff196c0a90_9, v000001ff196c0a90_10, v000001ff196c0a90_11;
v000001ff196c0a90_12 .array/port v000001ff196c0a90, 12;
v000001ff196c0a90_13 .array/port v000001ff196c0a90, 13;
v000001ff196c0a90_14 .array/port v000001ff196c0a90, 14;
v000001ff196c0a90_15 .array/port v000001ff196c0a90, 15;
E_000001ff19682630/3 .event anyedge, v000001ff196c0a90_12, v000001ff196c0a90_13, v000001ff196c0a90_14, v000001ff196c0a90_15;
v000001ff196c0a90_16 .array/port v000001ff196c0a90, 16;
v000001ff196c0a90_17 .array/port v000001ff196c0a90, 17;
v000001ff196c0a90_18 .array/port v000001ff196c0a90, 18;
v000001ff196c0a90_19 .array/port v000001ff196c0a90, 19;
E_000001ff19682630/4 .event anyedge, v000001ff196c0a90_16, v000001ff196c0a90_17, v000001ff196c0a90_18, v000001ff196c0a90_19;
v000001ff196c0a90_20 .array/port v000001ff196c0a90, 20;
v000001ff196c0a90_21 .array/port v000001ff196c0a90, 21;
E_000001ff19682630/5 .event anyedge, v000001ff196c0a90_20, v000001ff196c0a90_21, v000001ff19694940_0, v000001ff19694a80_0;
E_000001ff19682630/6 .event anyedge, v000001ff19694bc0_0, v000001ff19694e40_0, v000001ff19695020_0, v000001ff196953e0_0;
E_000001ff19682630/7 .event anyedge, v000001ff19695480_0, v000001ff19694c60_0, v000001ff196949e0_0, v000001ff196c0bd0_0;
E_000001ff19682630/8 .event anyedge, v000001ff19695160_0, v000001ff196950c0_0, v000001ff19694b20_0, v000001ff19694800_0;
E_000001ff19682630/9 .event anyedge, v000001ff196948a0_0, v000001ff19695200_0, v000001ff19695700_0, v000001ff19694ee0_0;
E_000001ff19682630/10 .event anyedge, v000001ff19694d00_0, v000001ff196952a0_0, v000001ff19695340_0, v000001ff19694da0_0;
E_000001ff19682630/11 .event anyedge, v000001ff196955c0_0, v000001ff196955c0_1, v000001ff196955c0_2, v000001ff196955c0_3;
v000001ff196c1670_0 .array/port v000001ff196c1670, 0;
v000001ff196c1670_1 .array/port v000001ff196c1670, 1;
v000001ff196c1670_2 .array/port v000001ff196c1670, 2;
v000001ff196c1670_3 .array/port v000001ff196c1670, 3;
E_000001ff19682630/12 .event anyedge, v000001ff196c1670_0, v000001ff196c1670_1, v000001ff196c1670_2, v000001ff196c1670_3;
v000001ff196c1670_4 .array/port v000001ff196c1670, 4;
v000001ff196c1670_5 .array/port v000001ff196c1670, 5;
v000001ff196c1670_6 .array/port v000001ff196c1670, 6;
v000001ff196c1670_7 .array/port v000001ff196c1670, 7;
E_000001ff19682630/13 .event anyedge, v000001ff196c1670_4, v000001ff196c1670_5, v000001ff196c1670_6, v000001ff196c1670_7;
v000001ff196c1670_8 .array/port v000001ff196c1670, 8;
v000001ff196c1670_9 .array/port v000001ff196c1670, 9;
v000001ff196c1670_10 .array/port v000001ff196c1670, 10;
v000001ff196c1670_11 .array/port v000001ff196c1670, 11;
E_000001ff19682630/14 .event anyedge, v000001ff196c1670_8, v000001ff196c1670_9, v000001ff196c1670_10, v000001ff196c1670_11;
v000001ff196c1670_12 .array/port v000001ff196c1670, 12;
v000001ff196c1670_13 .array/port v000001ff196c1670, 13;
v000001ff196c1670_14 .array/port v000001ff196c1670, 14;
v000001ff196c1670_15 .array/port v000001ff196c1670, 15;
E_000001ff19682630/15 .event anyedge, v000001ff196c1670_12, v000001ff196c1670_13, v000001ff196c1670_14, v000001ff196c1670_15;
v000001ff196c1670_16 .array/port v000001ff196c1670, 16;
v000001ff196c1670_17 .array/port v000001ff196c1670, 17;
v000001ff196c1670_18 .array/port v000001ff196c1670, 18;
v000001ff196c1670_19 .array/port v000001ff196c1670, 19;
E_000001ff19682630/16 .event anyedge, v000001ff196c1670_16, v000001ff196c1670_17, v000001ff196c1670_18, v000001ff196c1670_19;
v000001ff196c1670_20 .array/port v000001ff196c1670, 20;
v000001ff196c1670_21 .array/port v000001ff196c1670, 21;
E_000001ff19682630/17 .event anyedge, v000001ff196c1670_20, v000001ff196c1670_21;
E_000001ff19682630 .event/or E_000001ff19682630/0, E_000001ff19682630/1, E_000001ff19682630/2, E_000001ff19682630/3, E_000001ff19682630/4, E_000001ff19682630/5, E_000001ff19682630/6, E_000001ff19682630/7, E_000001ff19682630/8, E_000001ff19682630/9, E_000001ff19682630/10, E_000001ff19682630/11, E_000001ff19682630/12, E_000001ff19682630/13, E_000001ff19682630/14, E_000001ff19682630/15, E_000001ff19682630/16, E_000001ff19682630/17;
S_000001ff195e2780 .scope module, "S1" "sigmoid_32bit" 2 15, 4 3 0, S_000001ff1964be20;
 .timescale -9 -12;
    .port_info 0 /INPUT 32 "x";
    .port_info 1 /OUTPUT 32 "out";
v000001ff196c1350_0 .net/s "out", 31 0, v000001ff196c1a30_0;  alias, 1 drivers
v000001ff196c0590_0 .net/s "sq", 63 0, v000001ff196c1df0_0;  1 drivers
v000001ff196c0950_0 .net/s "sum", 31 0, v000001ff196c03b0_0;  1 drivers
v000001ff196c1210_0 .net/s "x", 31 0, v000001ff196c18f0_0;  alias, 1 drivers
S_000001ff195e2910 .scope module, "mul" "multiplier_32bit" 4 12, 4 47 0, S_000001ff195e2780;
 .timescale -9 -12;
    .port_info 0 /INPUT 32 "a";
    .port_info 1 /INPUT 32 "b";
    .port_info 2 /OUTPUT 64 "out";
v000001ff196c04f0_0 .net/s "a", 31 0, v000001ff196c03b0_0;  alias, 1 drivers
v000001ff196c1e90_0 .net/s "b", 31 0, v000001ff196c03b0_0;  alias, 1 drivers
v000001ff196c1df0_0 .var/s "out", 63 0;
E_000001ff19682b70 .event anyedge, v000001ff196c04f0_0;
S_000001ff195e2aa0 .scope module, "s1" "step1_32bit" 4 11, 4 17 0, S_000001ff195e2780;
 .timescale -9 -12;
    .port_info 0 /INPUT 32 "x";
    .port_info 1 /OUTPUT 32 "out";
v000001ff196c03b0_0 .var/s "out", 31 0;
v000001ff196c0770_0 .net/s "x", 31 0, v000001ff196c18f0_0;  alias, 1 drivers
v000001ff196c0810_0 .var/s "y", 31 0;
v000001ff196c08b0_0 .var/s "z", 31 0;
E_000001ff19682d30 .event anyedge, v000001ff196c18f0_0;
S_000001ff19699aa0 .scope module, "s2" "step2_32bit" 4 13, 4 58 0, S_000001ff195e2780;
 .timescale -9 -12;
    .port_info 0 /INPUT 32 "x";
    .port_info 1 /INPUT 64 "a";
    .port_info 2 /OUTPUT 32 "out";
v000001ff196c0ef0_0 .net/s "a", 63 0, v000001ff196c1df0_0;  alias, 1 drivers
v000001ff196c1a30_0 .var/s "out", 31 0;
v000001ff196c1d50_0 .var/s "temp1", 63 0;
v000001ff196c1ad0_0 .var/s "temp2", 63 0;
v000001ff196c1f30_0 .net/s "x", 31 0, v000001ff196c18f0_0;  alias, 1 drivers
E_000001ff19682df0 .event anyedge, v000001ff196c1df0_0;
S_000001ff19699c30 .scope module, "S2" "sigmoid_32bit" 2 16, 4 3 0, S_000001ff1964be20;
 .timescale -9 -12;
    .port_info 0 /INPUT 32 "x";
    .port_info 1 /OUTPUT 32 "out";
v000001ff196c1170_0 .net/s "out", 31 0, v000001ff196c09f0_0;  alias, 1 drivers
v000001ff196c17b0_0 .net/s "sq", 63 0, v000001ff196c1490_0;  1 drivers
v000001ff196c12b0_0 .net/s "sum", 31 0, v000001ff196c0b30_0;  1 drivers
v000001ff196c1990_0 .net/s "x", 31 0, v000001ff196c1fd0_0;  alias, 1 drivers
S_000001ff19699dc0 .scope module, "mul" "multiplier_32bit" 4 12, 4 47 0, S_000001ff19699c30;
 .timescale -9 -12;
    .port_info 0 /INPUT 32 "a";
    .port_info 1 /INPUT 32 "b";
    .port_info 2 /OUTPUT 64 "out";
v000001ff196c0f90_0 .net/s "a", 31 0, v000001ff196c0b30_0;  alias, 1 drivers
v000001ff196c2070_0 .net/s "b", 31 0, v000001ff196c0b30_0;  alias, 1 drivers
v000001ff196c1490_0 .var/s "out", 63 0;
E_000001ff196825f0 .event anyedge, v000001ff196c0f90_0;
S_000001ff19700090 .scope module, "s1" "step1_32bit" 4 11, 4 17 0, S_000001ff19699c30;
 .timescale -9 -12;
    .port_info 0 /INPUT 32 "x";
    .port_info 1 /OUTPUT 32 "out";
v000001ff196c0b30_0 .var/s "out", 31 0;
v000001ff196c15d0_0 .net/s "x", 31 0, v000001ff196c1fd0_0;  alias, 1 drivers
v000001ff196c13f0_0 .var/s "y", 31 0;
v000001ff196c1710_0 .var/s "z", 31 0;
E_000001ff196831b0 .event anyedge, v000001ff196c1fd0_0;
S_000001ff19700220 .scope module, "s2" "step2_32bit" 4 13, 4 58 0, S_000001ff19699c30;
 .timescale -9 -12;
    .port_info 0 /INPUT 32 "x";
    .port_info 1 /INPUT 64 "a";
    .port_info 2 /OUTPUT 32 "out";
v000001ff196c1030_0 .net/s "a", 63 0, v000001ff196c1490_0;  alias, 1 drivers
v000001ff196c09f0_0 .var/s "out", 31 0;
v000001ff196c0630_0 .var/s "temp1", 63 0;
v000001ff196c06d0_0 .var/s "temp2", 63 0;
v000001ff196c10d0_0 .net/s "x", 31 0, v000001ff196c1fd0_0;  alias, 1 drivers
E_000001ff19682eb0 .event anyedge, v000001ff196c1490_0;
S_000001ff197003b0 .scope module, "S3" "sigmoid_32bit" 2 17, 4 3 0, S_000001ff1964be20;
 .timescale -9 -12;
    .port_info 0 /INPUT 32 "x";
    .port_info 1 /OUTPUT 32 "out";
v000001ff196c3e00_0 .net/s "out", 31 0, v000001ff196c2e60_0;  alias, 1 drivers
v000001ff196c3cc0_0 .net/s "sq", 63 0, v000001ff196c1850_0;  1 drivers
v000001ff196c3ae0_0 .net/s "sum", 31 0, v000001ff196c1c10_0;  1 drivers
v000001ff196c35e0_0 .net/s "x", 31 0, v000001ff196c0d10_0;  alias, 1 drivers
S_000001ff19700540 .scope module, "mul" "multiplier_32bit" 4 12, 4 47 0, S_000001ff197003b0;
 .timescale -9 -12;
    .port_info 0 /INPUT 32 "a";
    .port_info 1 /INPUT 32 "b";
    .port_info 2 /OUTPUT 64 "out";
v000001ff196c1530_0 .net/s "a", 31 0, v000001ff196c1c10_0;  alias, 1 drivers
v000001ff196c1b70_0 .net/s "b", 31 0, v000001ff196c1c10_0;  alias, 1 drivers
v000001ff196c1850_0 .var/s "out", 63 0;
E_000001ff19683030 .event anyedge, v000001ff196c1530_0;
S_000001ff197006d0 .scope module, "s1" "step1_32bit" 4 11, 4 17 0, S_000001ff197003b0;
 .timescale -9 -12;
    .port_info 0 /INPUT 32 "x";
    .port_info 1 /OUTPUT 32 "out";
v000001ff196c1c10_0 .var/s "out", 31 0;
v000001ff196c1cb0_0 .net/s "x", 31 0, v000001ff196c0d10_0;  alias, 1 drivers
v000001ff196c3540_0 .var/s "y", 31 0;
v000001ff196c26e0_0 .var/s "z", 31 0;
E_000001ff19683170 .event anyedge, v000001ff196c0d10_0;
S_000001ff19700a40 .scope module, "s2" "step2_32bit" 4 13, 4 58 0, S_000001ff197003b0;
 .timescale -9 -12;
    .port_info 0 /INPUT 32 "x";
    .port_info 1 /INPUT 64 "a";
    .port_info 2 /OUTPUT 32 "out";
v000001ff196c28c0_0 .net/s "a", 63 0, v000001ff196c1850_0;  alias, 1 drivers
v000001ff196c2e60_0 .var/s "out", 31 0;
v000001ff196c3f40_0 .var/s "temp1", 63 0;
v000001ff196c3900_0 .var/s "temp2", 63 0;
v000001ff196c3fe0_0 .net/s "x", 31 0, v000001ff196c0d10_0;  alias, 1 drivers
E_000001ff196834f0 .event anyedge, v000001ff196c1850_0;
S_000001ff197013a0 .scope module, "S4" "sigmoid_32bit" 2 18, 4 3 0, S_000001ff1964be20;
 .timescale -9 -12;
    .port_info 0 /INPUT 32 "x";
    .port_info 1 /OUTPUT 32 "out";
v000001ff196c3220_0 .net/s "out", 31 0, v000001ff196c2a00_0;  alias, 1 drivers
v000001ff196c2b40_0 .net/s "sq", 63 0, v000001ff196c3400_0;  1 drivers
v000001ff196c4260_0 .net/s "sum", 31 0, v000001ff196c39a0_0;  1 drivers
v000001ff196c41c0_0 .net/s "x", 31 0, v000001ff196c2110_0;  alias, 1 drivers
S_000001ff19700ef0 .scope module, "mul" "multiplier_32bit" 4 12, 4 47 0, S_000001ff197013a0;
 .timescale -9 -12;
    .port_info 0 /INPUT 32 "a";
    .port_info 1 /INPUT 32 "b";
    .port_info 2 /OUTPUT 64 "out";
v000001ff196c2f00_0 .net/s "a", 31 0, v000001ff196c39a0_0;  alias, 1 drivers
v000001ff196c4120_0 .net/s "b", 31 0, v000001ff196c39a0_0;  alias, 1 drivers
v000001ff196c3400_0 .var/s "out", 63 0;
E_000001ff19683c70 .event anyedge, v000001ff196c2f00_0;
S_000001ff19701530 .scope module, "s1" "step1_32bit" 4 11, 4 17 0, S_000001ff197013a0;
 .timescale -9 -12;
    .port_info 0 /INPUT 32 "x";
    .port_info 1 /OUTPUT 32 "out";
v000001ff196c39a0_0 .var/s "out", 31 0;
v000001ff196c3ea0_0 .net/s "x", 31 0, v000001ff196c2110_0;  alias, 1 drivers
v000001ff196c30e0_0 .var/s "y", 31 0;
v000001ff196c4080_0 .var/s "z", 31 0;
E_000001ff19683330 .event anyedge, v000001ff196c2110_0;
S_000001ff19701080 .scope module, "s2" "step2_32bit" 4 13, 4 58 0, S_000001ff197013a0;
 .timescale -9 -12;
    .port_info 0 /INPUT 32 "x";
    .port_info 1 /INPUT 64 "a";
    .port_info 2 /OUTPUT 32 "out";
v000001ff196c2500_0 .net/s "a", 63 0, v000001ff196c3400_0;  alias, 1 drivers
v000001ff196c2a00_0 .var/s "out", 31 0;
v000001ff196c37c0_0 .var/s "temp1", 63 0;
v000001ff196c2fa0_0 .var/s "temp2", 63 0;
v000001ff196c3360_0 .net/s "x", 31 0, v000001ff196c2110_0;  alias, 1 drivers
E_000001ff196833b0 .event anyedge, v000001ff196c3400_0;
    .scope S_000001ff1964c160;
T_0 ;
    %vpi_call 3 20 "$readmemb", "weights1.txt", v000001ff196c0a90 {0 0 0};
    %vpi_call 3 21 "$readmemb", "weights2.txt", v000001ff196c0db0 {0 0 0};
    %vpi_call 3 22 "$readmemb", "weights3.txt", v000001ff196c0450 {0 0 0};
    %vpi_call 3 23 "$readmemb", "weights4.txt", v000001ff196c2250 {0 0 0};
    %vpi_call 3 24 "$readmemb", "baise.txt", v000001ff196955c0 {0 0 0};
    %end;
    .thread T_0;
    .scope S_000001ff1964c160;
T_1 ;
    %pushi/vec4 0, 0, 32;
    %store/vec4 v000001ff19694f80_0, 0, 32;
T_1.0 ;
    %load/vec4 v000001ff19694f80_0;
    %cmpi/s 32, 0, 32;
    %jmp/0xz T_1.1, 5;
    %pushi/vec4 0, 0, 32;
    %ix/getv/s 4, v000001ff19694f80_0;
    %store/vec4a v000001ff196c1670, 4, 0;
    %pushi/vec4 0, 0, 32;
    %ix/getv/s 4, v000001ff19694f80_0;
    %store/vec4a v000001ff196c0e50, 4, 0;
    %pushi/vec4 0, 0, 32;
    %ix/getv/s 4, v000001ff19694f80_0;
    %store/vec4a v000001ff196c0c70, 4, 0;
    %pushi/vec4 0, 0, 32;
    %ix/getv/s 4, v000001ff19694f80_0;
    %store/vec4a v000001ff196c21b0, 4, 0;
    %load/vec4 v000001ff19694f80_0;
    %addi 1, 0, 32;
    %store/vec4 v000001ff19694f80_0, 0, 32;
    %jmp T_1.0;
T_1.1 ;
    %end;
    .thread T_1;
    .scope S_000001ff1964c160;
T_2 ;
    %wait E_000001ff19682630;
    %ix/load 4, 0, 0;
    %flag_set/imm 4, 0;
    %load/vec4a v000001ff196c0a90, 4;
    %pad/u 32;
    %load/vec4 v000001ff19694940_0;
    %pad/u 32;
    %mul;
    %ix/load 3, 0, 0;
    %flag_set/imm 4, 0;
    %ix/load 4, 0, 0; Constant delay
    %assign/vec4/a/d v000001ff196c1670, 0, 4;
    %ix/load 4, 1, 0;
    %flag_set/imm 4, 0;
    %load/vec4a v000001ff196c0a90, 4;
    %pad/u 32;
    %load/vec4 v000001ff19694a80_0;
    %pad/u 32;
    %mul;
    %ix/load 3, 1, 0;
    %flag_set/imm 4, 0;
    %ix/load 4, 0, 0; Constant delay
    %assign/vec4/a/d v000001ff196c1670, 0, 4;
    %ix/load 4, 2, 0;
    %flag_set/imm 4, 0;
    %load/vec4a v000001ff196c0a90, 4;
    %pad/u 32;
    %load/vec4 v000001ff19694bc0_0;
    %pad/u 32;
    %mul;
    %ix/load 3, 2, 0;
    %flag_set/imm 4, 0;
    %ix/load 4, 0, 0; Constant delay
    %assign/vec4/a/d v000001ff196c1670, 0, 4;
    %ix/load 4, 3, 0;
    %flag_set/imm 4, 0;
    %load/vec4a v000001ff196c0a90, 4;
    %pad/u 32;
    %load/vec4 v000001ff19694e40_0;
    %pad/u 32;
    %mul;
    %ix/load 3, 3, 0;
    %flag_set/imm 4, 0;
    %ix/load 4, 0, 0; Constant delay
    %assign/vec4/a/d v000001ff196c1670, 0, 4;
    %ix/load 4, 4, 0;
    %flag_set/imm 4, 0;
    %load/vec4a v000001ff196c0a90, 4;
    %pad/u 32;
    %load/vec4 v000001ff19695020_0;
    %pad/u 32;
    %mul;
    %ix/load 3, 4, 0;
    %flag_set/imm 4, 0;
    %ix/load 4, 0, 0; Constant delay
    %assign/vec4/a/d v000001ff196c1670, 0, 4;
    %ix/load 4, 5, 0;
    %flag_set/imm 4, 0;
    %load/vec4a v000001ff196c0a90, 4;
    %pad/u 32;
    %load/vec4 v000001ff196953e0_0;
    %pad/u 32;
    %mul;
    %ix/load 3, 5, 0;
    %flag_set/imm 4, 0;
    %ix/load 4, 0, 0; Constant delay
    %assign/vec4/a/d v000001ff196c1670, 0, 4;
    %ix/load 4, 6, 0;
    %flag_set/imm 4, 0;
    %load/vec4a v000001ff196c0a90, 4;
    %pad/u 32;
    %load/vec4 v000001ff19695480_0;
    %pad/u 32;
    %mul;
    %ix/load 3, 6, 0;
    %flag_set/imm 4, 0;
    %ix/load 4, 0, 0; Constant delay
    %assign/vec4/a/d v000001ff196c1670, 0, 4;
    %ix/load 4, 7, 0;
    %flag_set/imm 4, 0;
    %load/vec4a v000001ff196c0a90, 4;
    %pad/u 32;
    %load/vec4 v000001ff19694c60_0;
    %pad/u 32;
    %mul;
    %ix/load 3, 7, 0;
    %flag_set/imm 4, 0;
    %ix/load 4, 0, 0; Constant delay
    %assign/vec4/a/d v000001ff196c1670, 0, 4;
    %ix/load 4, 8, 0;
    %flag_set/imm 4, 0;
    %load/vec4a v000001ff196c0a90, 4;
    %pad/u 32;
    %load/vec4 v000001ff196949e0_0;
    %pad/u 32;
    %mul;
    %ix/load 3, 8, 0;
    %flag_set/imm 4, 0;
    %ix/load 4, 0, 0; Constant delay
    %assign/vec4/a/d v000001ff196c1670, 0, 4;
    %ix/load 4, 9, 0;
    %flag_set/imm 4, 0;
    %load/vec4a v000001ff196c0a90, 4;
    %pad/u 32;
    %load/vec4 v000001ff196c0bd0_0;
    %pad/u 32;
    %mul;
    %ix/load 3, 9, 0;
    %flag_set/imm 4, 0;
    %ix/load 4, 0, 0; Constant delay
    %assign/vec4/a/d v000001ff196c1670, 0, 4;
    %ix/load 4, 10, 0;
    %flag_set/imm 4, 0;
    %load/vec4a v000001ff196c0a90, 4;
    %pad/u 32;
    %load/vec4 v000001ff19695160_0;
    %pad/u 32;
    %mul;
    %ix/load 3, 10, 0;
    %flag_set/imm 4, 0;
    %ix/load 4, 0, 0; Constant delay
    %assign/vec4/a/d v000001ff196c1670, 0, 4;
    %ix/load 4, 11, 0;
    %flag_set/imm 4, 0;
    %load/vec4a v000001ff196c0a90, 4;
    %pad/u 32;
    %load/vec4 v000001ff196950c0_0;
    %pad/u 32;
    %mul;
    %ix/load 3, 11, 0;
    %flag_set/imm 4, 0;
    %ix/load 4, 0, 0; Constant delay
    %assign/vec4/a/d v000001ff196c1670, 0, 4;
    %ix/load 4, 12, 0;
    %flag_set/imm 4, 0;
    %load/vec4a v000001ff196c0a90, 4;
    %pad/u 32;
    %load/vec4 v000001ff19694b20_0;
    %pad/u 32;
    %mul;
    %ix/load 3, 12, 0;
    %flag_set/imm 4, 0;
    %ix/load 4, 0, 0; Constant delay
    %assign/vec4/a/d v000001ff196c1670, 0, 4;
    %ix/load 4, 13, 0;
    %flag_set/imm 4, 0;
    %load/vec4a v000001ff196c0a90, 4;
    %pad/u 32;
    %load/vec4 v000001ff19694800_0;
    %pad/u 32;
    %mul;
    %ix/load 3, 13, 0;
    %flag_set/imm 4, 0;
    %ix/load 4, 0, 0; Constant delay
    %assign/vec4/a/d v000001ff196c1670, 0, 4;
    %ix/load 4, 14, 0;
    %flag_set/imm 4, 0;
    %load/vec4a v000001ff196c0a90, 4;
    %pad/u 32;
    %load/vec4 v000001ff196948a0_0;
    %pad/u 32;
    %mul;
    %ix/load 3, 14, 0;
    %flag_set/imm 4, 0;
    %ix/load 4, 0, 0; Constant delay
    %assign/vec4/a/d v000001ff196c1670, 0, 4;
    %ix/load 4, 15, 0;
    %flag_set/imm 4, 0;
    %load/vec4a v000001ff196c0a90, 4;
    %pad/u 32;
    %load/vec4 v000001ff19695200_0;
    %pad/u 32;
    %mul;
    %ix/load 3, 15, 0;
    %flag_set/imm 4, 0;
    %ix/load 4, 0, 0; Constant delay
    %assign/vec4/a/d v000001ff196c1670, 0, 4;
    %ix/load 4, 16, 0;
    %flag_set/imm 4, 0;
    %load/vec4a v000001ff196c0a90, 4;
    %pad/u 32;
    %load/vec4 v000001ff19695700_0;
    %pad/u 32;
    %mul;
    %ix/load 3, 16, 0;
    %flag_set/imm 4, 0;
    %ix/load 4, 0, 0; Constant delay
    %assign/vec4/a/d v000001ff196c1670, 0, 4;
    %ix/load 4, 17, 0;
    %flag_set/imm 4, 0;
    %load/vec4a v000001ff196c0a90, 4;
    %pad/u 32;
    %load/vec4 v000001ff19694ee0_0;
    %pad/u 32;
    %mul;
    %ix/load 3, 17, 0;
    %flag_set/imm 4, 0;
    %ix/load 4, 0, 0; Constant delay
    %assign/vec4/a/d v000001ff196c1670, 0, 4;
    %ix/load 4, 18, 0;
    %flag_set/imm 4, 0;
    %load/vec4a v000001ff196c0a90, 4;
    %pad/u 32;
    %load/vec4 v000001ff19694d00_0;
    %pad/u 32;
    %mul;
    %ix/load 3, 18, 0;
    %flag_set/imm 4, 0;
    %ix/load 4, 0, 0; Constant delay
    %assign/vec4/a/d v000001ff196c1670, 0, 4;
    %ix/load 4, 19, 0;
    %flag_set/imm 4, 0;
    %load/vec4a v000001ff196c0a90, 4;
    %pad/u 32;
    %load/vec4 v000001ff196952a0_0;
    %pad/u 32;
    %mul;
    %ix/load 3, 19, 0;
    %flag_set/imm 4, 0;
    %ix/load 4, 0, 0; Constant delay
    %assign/vec4/a/d v000001ff196c1670, 0, 4;
    %ix/load 4, 20, 0;
    %flag_set/imm 4, 0;
    %load/vec4a v000001ff196c0a90, 4;
    %pad/u 32;
    %load/vec4 v000001ff19695340_0;
    %pad/u 32;
    %mul;
    %ix/load 3, 20, 0;
    %flag_set/imm 4, 0;
    %ix/load 4, 0, 0; Constant delay
    %assign/vec4/a/d v000001ff196c1670, 0, 4;
    %ix/load 4, 21, 0;
    %flag_set/imm 4, 0;
    %load/vec4a v000001ff196c0a90, 4;
    %pad/u 32;
    %load/vec4 v000001ff19694da0_0;
    %pad/u 32;
    %mul;
    %ix/load 3, 21, 0;
    %flag_set/imm 4, 0;
    %ix/load 4, 0, 0; Constant delay
    %assign/vec4/a/d v000001ff196c1670, 0, 4;
    %ix/load 4, 0, 0;
    %flag_set/imm 4, 0;
    %load/vec4a v000001ff196955c0, 4;
    %ix/load 4, 0, 0;
    %flag_set/imm 4, 0;
    %load/vec4a v000001ff196c1670, 4;
    %add;
    %ix/load 4, 1, 0;
    %flag_set/imm 4, 0;
    %load/vec4a v000001ff196c1670, 4;
    %add;
    %ix/load 4, 2, 0;
    %flag_set/imm 4, 0;
    %load/vec4a v000001ff196c1670, 4;
    %add;
    %ix/load 4, 3, 0;
    %flag_set/imm 4, 0;
    %load/vec4a v000001ff196c1670, 4;
    %add;
    %ix/load 4, 4, 0;
    %flag_set/imm 4, 0;
    %load/vec4a v000001ff196c1670, 4;
    %add;
    %ix/load 4, 5, 0;
    %flag_set/imm 4, 0;
    %load/vec4a v000001ff196c1670, 4;
    %add;
    %ix/load 4, 6, 0;
    %flag_set/imm 4, 0;
    %load/vec4a v000001ff196c1670, 4;
    %add;
    %ix/load 4, 7, 0;
    %flag_set/imm 4, 0;
    %load/vec4a v000001ff196c1670, 4;
    %add;
    %ix/load 4, 8, 0;
    %flag_set/imm 4, 0;
    %load/vec4a v000001ff196c1670, 4;
    %add;
    %ix/load 4, 9, 0;
    %flag_set/imm 4, 0;
    %load/vec4a v000001ff196c1670, 4;
    %add;
    %ix/load 4, 10, 0;
    %flag_set/imm 4, 0;
    %load/vec4a v000001ff196c1670, 4;
    %add;
    %ix/load 4, 11, 0;
    %flag_set/imm 4, 0;
    %load/vec4a v000001ff196c1670, 4;
    %add;
    %ix/load 4, 12, 0;
    %flag_set/imm 4, 0;
    %load/vec4a v000001ff196c1670, 4;
    %add;
    %ix/load 4, 13, 0;
    %flag_set/imm 4, 0;
    %load/vec4a v000001ff196c1670, 4;
    %add;
    %ix/load 4, 14, 0;
    %flag_set/imm 4, 0;
    %load/vec4a v000001ff196c1670, 4;
    %add;
    %ix/load 4, 15, 0;
    %flag_set/imm 4, 0;
    %load/vec4a v000001ff196c1670, 4;
    %add;
    %ix/load 4, 16, 0;
    %flag_set/imm 4, 0;
    %load/vec4a v000001ff196c1670, 4;
    %add;
    %ix/load 4, 17, 0;
    %flag_set/imm 4, 0;
    %load/vec4a v000001ff196c1670, 4;
    %add;
    %ix/load 4, 18, 0;
    %flag_set/imm 4, 0;
    %load/vec4a v000001ff196c1670, 4;
    %add;
    %ix/load 4, 19, 0;
    %flag_set/imm 4, 0;
    %load/vec4a v000001ff196c1670, 4;
    %add;
    %ix/load 4, 20, 0;
    %flag_set/imm 4, 0;
    %load/vec4a v000001ff196c1670, 4;
    %add;
    %ix/load 4, 21, 0;
    %flag_set/imm 4, 0;
    %load/vec4a v000001ff196c1670, 4;
    %add;
    %store/vec4 v000001ff196c18f0_0, 0, 32;
    %jmp T_2;
    .thread T_2, $push;
    .scope S_000001ff1964c160;
T_3 ;
    %wait E_000001ff19682e30;
    %ix/load 4, 0, 0;
    %flag_set/imm 4, 0;
    %load/vec4a v000001ff196c0db0, 4;
    %pad/u 32;
    %load/vec4 v000001ff19694940_0;
    %pad/u 32;
    %mul;
    %ix/load 3, 0, 0;
    %flag_set/imm 4, 0;
    %ix/load 4, 0, 0; Constant delay
    %assign/vec4/a/d v000001ff196c0e50, 0, 4;
    %ix/load 4, 1, 0;
    %flag_set/imm 4, 0;
    %load/vec4a v000001ff196c0db0, 4;
    %pad/u 32;
    %load/vec4 v000001ff19694a80_0;
    %pad/u 32;
    %mul;
    %ix/load 3, 1, 0;
    %flag_set/imm 4, 0;
    %ix/load 4, 0, 0; Constant delay
    %assign/vec4/a/d v000001ff196c0e50, 0, 4;
    %ix/load 4, 2, 0;
    %flag_set/imm 4, 0;
    %load/vec4a v000001ff196c0db0, 4;
    %pad/u 32;
    %load/vec4 v000001ff19694bc0_0;
    %pad/u 32;
    %mul;
    %ix/load 3, 2, 0;
    %flag_set/imm 4, 0;
    %ix/load 4, 0, 0; Constant delay
    %assign/vec4/a/d v000001ff196c0e50, 0, 4;
    %ix/load 4, 3, 0;
    %flag_set/imm 4, 0;
    %load/vec4a v000001ff196c0db0, 4;
    %pad/u 32;
    %load/vec4 v000001ff19694e40_0;
    %pad/u 32;
    %mul;
    %ix/load 3, 3, 0;
    %flag_set/imm 4, 0;
    %ix/load 4, 0, 0; Constant delay
    %assign/vec4/a/d v000001ff196c0e50, 0, 4;
    %ix/load 4, 4, 0;
    %flag_set/imm 4, 0;
    %load/vec4a v000001ff196c0db0, 4;
    %pad/u 32;
    %load/vec4 v000001ff19695020_0;
    %pad/u 32;
    %mul;
    %ix/load 3, 4, 0;
    %flag_set/imm 4, 0;
    %ix/load 4, 0, 0; Constant delay
    %assign/vec4/a/d v000001ff196c0e50, 0, 4;
    %ix/load 4, 5, 0;
    %flag_set/imm 4, 0;
    %load/vec4a v000001ff196c0db0, 4;
    %pad/u 32;
    %load/vec4 v000001ff196953e0_0;
    %pad/u 32;
    %mul;
    %ix/load 3, 5, 0;
    %flag_set/imm 4, 0;
    %ix/load 4, 0, 0; Constant delay
    %assign/vec4/a/d v000001ff196c0e50, 0, 4;
    %ix/load 4, 6, 0;
    %flag_set/imm 4, 0;
    %load/vec4a v000001ff196c0db0, 4;
    %pad/u 32;
    %load/vec4 v000001ff19695480_0;
    %pad/u 32;
    %mul;
    %ix/load 3, 6, 0;
    %flag_set/imm 4, 0;
    %ix/load 4, 0, 0; Constant delay
    %assign/vec4/a/d v000001ff196c0e50, 0, 4;
    %ix/load 4, 7, 0;
    %flag_set/imm 4, 0;
    %load/vec4a v000001ff196c0db0, 4;
    %pad/u 32;
    %load/vec4 v000001ff19694c60_0;
    %pad/u 32;
    %mul;
    %ix/load 3, 7, 0;
    %flag_set/imm 4, 0;
    %ix/load 4, 0, 0; Constant delay
    %assign/vec4/a/d v000001ff196c0e50, 0, 4;
    %ix/load 4, 8, 0;
    %flag_set/imm 4, 0;
    %load/vec4a v000001ff196c0db0, 4;
    %pad/u 32;
    %load/vec4 v000001ff196949e0_0;
    %pad/u 32;
    %mul;
    %ix/load 3, 8, 0;
    %flag_set/imm 4, 0;
    %ix/load 4, 0, 0; Constant delay
    %assign/vec4/a/d v000001ff196c0e50, 0, 4;
    %ix/load 4, 9, 0;
    %flag_set/imm 4, 0;
    %load/vec4a v000001ff196c0db0, 4;
    %pad/u 32;
    %load/vec4 v000001ff196c0bd0_0;
    %pad/u 32;
    %mul;
    %ix/load 3, 9, 0;
    %flag_set/imm 4, 0;
    %ix/load 4, 0, 0; Constant delay
    %assign/vec4/a/d v000001ff196c0e50, 0, 4;
    %ix/load 4, 10, 0;
    %flag_set/imm 4, 0;
    %load/vec4a v000001ff196c0db0, 4;
    %pad/u 32;
    %load/vec4 v000001ff19695160_0;
    %pad/u 32;
    %mul;
    %ix/load 3, 10, 0;
    %flag_set/imm 4, 0;
    %ix/load 4, 0, 0; Constant delay
    %assign/vec4/a/d v000001ff196c0e50, 0, 4;
    %ix/load 4, 11, 0;
    %flag_set/imm 4, 0;
    %load/vec4a v000001ff196c0db0, 4;
    %pad/u 32;
    %load/vec4 v000001ff196950c0_0;
    %pad/u 32;
    %mul;
    %ix/load 3, 11, 0;
    %flag_set/imm 4, 0;
    %ix/load 4, 0, 0; Constant delay
    %assign/vec4/a/d v000001ff196c0e50, 0, 4;
    %ix/load 4, 12, 0;
    %flag_set/imm 4, 0;
    %load/vec4a v000001ff196c0db0, 4;
    %pad/u 32;
    %load/vec4 v000001ff19694b20_0;
    %pad/u 32;
    %mul;
    %ix/load 3, 12, 0;
    %flag_set/imm 4, 0;
    %ix/load 4, 0, 0; Constant delay
    %assign/vec4/a/d v000001ff196c0e50, 0, 4;
    %ix/load 4, 13, 0;
    %flag_set/imm 4, 0;
    %load/vec4a v000001ff196c0db0, 4;
    %pad/u 32;
    %load/vec4 v000001ff19694800_0;
    %pad/u 32;
    %mul;
    %ix/load 3, 13, 0;
    %flag_set/imm 4, 0;
    %ix/load 4, 0, 0; Constant delay
    %assign/vec4/a/d v000001ff196c0e50, 0, 4;
    %ix/load 4, 14, 0;
    %flag_set/imm 4, 0;
    %load/vec4a v000001ff196c0db0, 4;
    %pad/u 32;
    %load/vec4 v000001ff196948a0_0;
    %pad/u 32;
    %mul;
    %ix/load 3, 14, 0;
    %flag_set/imm 4, 0;
    %ix/load 4, 0, 0; Constant delay
    %assign/vec4/a/d v000001ff196c0e50, 0, 4;
    %ix/load 4, 15, 0;
    %flag_set/imm 4, 0;
    %load/vec4a v000001ff196c0db0, 4;
    %pad/u 32;
    %load/vec4 v000001ff19695200_0;
    %pad/u 32;
    %mul;
    %ix/load 3, 15, 0;
    %flag_set/imm 4, 0;
    %ix/load 4, 0, 0; Constant delay
    %assign/vec4/a/d v000001ff196c0e50, 0, 4;
    %ix/load 4, 16, 0;
    %flag_set/imm 4, 0;
    %load/vec4a v000001ff196c0db0, 4;
    %pad/u 32;
    %load/vec4 v000001ff19695700_0;
    %pad/u 32;
    %mul;
    %ix/load 3, 16, 0;
    %flag_set/imm 4, 0;
    %ix/load 4, 0, 0; Constant delay
    %assign/vec4/a/d v000001ff196c0e50, 0, 4;
    %ix/load 4, 17, 0;
    %flag_set/imm 4, 0;
    %load/vec4a v000001ff196c0db0, 4;
    %pad/u 32;
    %load/vec4 v000001ff19694ee0_0;
    %pad/u 32;
    %mul;
    %ix/load 3, 17, 0;
    %flag_set/imm 4, 0;
    %ix/load 4, 0, 0; Constant delay
    %assign/vec4/a/d v000001ff196c0e50, 0, 4;
    %ix/load 4, 18, 0;
    %flag_set/imm 4, 0;
    %load/vec4a v000001ff196c0db0, 4;
    %pad/u 32;
    %load/vec4 v000001ff19694d00_0;
    %pad/u 32;
    %mul;
    %ix/load 3, 18, 0;
    %flag_set/imm 4, 0;
    %ix/load 4, 0, 0; Constant delay
    %assign/vec4/a/d v000001ff196c0e50, 0, 4;
    %ix/load 4, 19, 0;
    %flag_set/imm 4, 0;
    %load/vec4a v000001ff196c0db0, 4;
    %pad/u 32;
    %load/vec4 v000001ff196952a0_0;
    %pad/u 32;
    %mul;
    %ix/load 3, 19, 0;
    %flag_set/imm 4, 0;
    %ix/load 4, 0, 0; Constant delay
    %assign/vec4/a/d v000001ff196c0e50, 0, 4;
    %ix/load 4, 20, 0;
    %flag_set/imm 4, 0;
    %load/vec4a v000001ff196c0db0, 4;
    %pad/u 32;
    %load/vec4 v000001ff19695340_0;
    %pad/u 32;
    %mul;
    %ix/load 3, 20, 0;
    %flag_set/imm 4, 0;
    %ix/load 4, 0, 0; Constant delay
    %assign/vec4/a/d v000001ff196c0e50, 0, 4;
    %ix/load 4, 21, 0;
    %flag_set/imm 4, 0;
    %load/vec4a v000001ff196c0db0, 4;
    %pad/u 32;
    %load/vec4 v000001ff19694da0_0;
    %pad/u 32;
    %mul;
    %ix/load 3, 21, 0;
    %flag_set/imm 4, 0;
    %ix/load 4, 0, 0; Constant delay
    %assign/vec4/a/d v000001ff196c0e50, 0, 4;
    %ix/load 4, 1, 0;
    %flag_set/imm 4, 0;
    %load/vec4a v000001ff196955c0, 4;
    %ix/load 4, 0, 0;
    %flag_set/imm 4, 0;
    %load/vec4a v000001ff196c0e50, 4;
    %add;
    %ix/load 4, 1, 0;
    %flag_set/imm 4, 0;
    %load/vec4a v000001ff196c0e50, 4;
    %add;
    %ix/load 4, 2, 0;
    %flag_set/imm 4, 0;
    %load/vec4a v000001ff196c0e50, 4;
    %add;
    %ix/load 4, 3, 0;
    %flag_set/imm 4, 0;
    %load/vec4a v000001ff196c0e50, 4;
    %add;
    %ix/load 4, 4, 0;
    %flag_set/imm 4, 0;
    %load/vec4a v000001ff196c0e50, 4;
    %add;
    %ix/load 4, 5, 0;
    %flag_set/imm 4, 0;
    %load/vec4a v000001ff196c0e50, 4;
    %add;
    %ix/load 4, 6, 0;
    %flag_set/imm 4, 0;
    %load/vec4a v000001ff196c0e50, 4;
    %add;
    %ix/load 4, 7, 0;
    %flag_set/imm 4, 0;
    %load/vec4a v000001ff196c0e50, 4;
    %add;
    %ix/load 4, 8, 0;
    %flag_set/imm 4, 0;
    %load/vec4a v000001ff196c0e50, 4;
    %add;
    %ix/load 4, 9, 0;
    %flag_set/imm 4, 0;
    %load/vec4a v000001ff196c0e50, 4;
    %add;
    %ix/load 4, 10, 0;
    %flag_set/imm 4, 0;
    %load/vec4a v000001ff196c0e50, 4;
    %add;
    %ix/load 4, 11, 0;
    %flag_set/imm 4, 0;
    %load/vec4a v000001ff196c0e50, 4;
    %add;
    %ix/load 4, 12, 0;
    %flag_set/imm 4, 0;
    %load/vec4a v000001ff196c0e50, 4;
    %add;
    %ix/load 4, 13, 0;
    %flag_set/imm 4, 0;
    %load/vec4a v000001ff196c0e50, 4;
    %add;
    %ix/load 4, 14, 0;
    %flag_set/imm 4, 0;
    %load/vec4a v000001ff196c0e50, 4;
    %add;
    %ix/load 4, 15, 0;
    %flag_set/imm 4, 0;
    %load/vec4a v000001ff196c0e50, 4;
    %add;
    %ix/load 4, 16, 0;
    %flag_set/imm 4, 0;
    %load/vec4a v000001ff196c0e50, 4;
    %add;
    %ix/load 4, 17, 0;
    %flag_set/imm 4, 0;
    %load/vec4a v000001ff196c0e50, 4;
    %add;
    %ix/load 4, 18, 0;
    %flag_set/imm 4, 0;
    %load/vec4a v000001ff196c0e50, 4;
    %add;
    %ix/load 4, 19, 0;
    %flag_set/imm 4, 0;
    %load/vec4a v000001ff196c0e50, 4;
    %add;
    %ix/load 4, 20, 0;
    %flag_set/imm 4, 0;
    %load/vec4a v000001ff196c0e50, 4;
    %add;
    %ix/load 4, 21, 0;
    %flag_set/imm 4, 0;
    %load/vec4a v000001ff196c0e50, 4;
    %add;
    %store/vec4 v000001ff196c1fd0_0, 0, 32;
    %jmp T_3;
    .thread T_3, $push;
    .scope S_000001ff1964c160;
T_4 ;
    %wait E_000001ff196823f0;
    %ix/load 4, 0, 0;
    %flag_set/imm 4, 0;
    %load/vec4a v000001ff196c0450, 4;
    %pad/u 32;
    %load/vec4 v000001ff19694940_0;
    %pad/u 32;
    %mul;
    %ix/load 3, 0, 0;
    %flag_set/imm 4, 0;
    %ix/load 4, 0, 0; Constant delay
    %assign/vec4/a/d v000001ff196c0c70, 0, 4;
    %ix/load 4, 1, 0;
    %flag_set/imm 4, 0;
    %load/vec4a v000001ff196c0450, 4;
    %pad/u 32;
    %load/vec4 v000001ff19694a80_0;
    %pad/u 32;
    %mul;
    %ix/load 3, 1, 0;
    %flag_set/imm 4, 0;
    %ix/load 4, 0, 0; Constant delay
    %assign/vec4/a/d v000001ff196c0c70, 0, 4;
    %ix/load 4, 2, 0;
    %flag_set/imm 4, 0;
    %load/vec4a v000001ff196c0450, 4;
    %pad/u 32;
    %load/vec4 v000001ff19694bc0_0;
    %pad/u 32;
    %mul;
    %ix/load 3, 2, 0;
    %flag_set/imm 4, 0;
    %ix/load 4, 0, 0; Constant delay
    %assign/vec4/a/d v000001ff196c0c70, 0, 4;
    %ix/load 4, 3, 0;
    %flag_set/imm 4, 0;
    %load/vec4a v000001ff196c0450, 4;
    %pad/u 32;
    %load/vec4 v000001ff19694e40_0;
    %pad/u 32;
    %mul;
    %ix/load 3, 3, 0;
    %flag_set/imm 4, 0;
    %ix/load 4, 0, 0; Constant delay
    %assign/vec4/a/d v000001ff196c0c70, 0, 4;
    %ix/load 4, 4, 0;
    %flag_set/imm 4, 0;
    %load/vec4a v000001ff196c0450, 4;
    %pad/u 32;
    %load/vec4 v000001ff19695020_0;
    %pad/u 32;
    %mul;
    %ix/load 3, 4, 0;
    %flag_set/imm 4, 0;
    %ix/load 4, 0, 0; Constant delay
    %assign/vec4/a/d v000001ff196c0c70, 0, 4;
    %ix/load 4, 5, 0;
    %flag_set/imm 4, 0;
    %load/vec4a v000001ff196c0450, 4;
    %pad/u 32;
    %load/vec4 v000001ff196953e0_0;
    %pad/u 32;
    %mul;
    %ix/load 3, 5, 0;
    %flag_set/imm 4, 0;
    %ix/load 4, 0, 0; Constant delay
    %assign/vec4/a/d v000001ff196c0c70, 0, 4;
    %ix/load 4, 6, 0;
    %flag_set/imm 4, 0;
    %load/vec4a v000001ff196c0450, 4;
    %pad/u 32;
    %load/vec4 v000001ff19695480_0;
    %pad/u 32;
    %mul;
    %ix/load 3, 6, 0;
    %flag_set/imm 4, 0;
    %ix/load 4, 0, 0; Constant delay
    %assign/vec4/a/d v000001ff196c0c70, 0, 4;
    %ix/load 4, 7, 0;
    %flag_set/imm 4, 0;
    %load/vec4a v000001ff196c0450, 4;
    %pad/u 32;
    %load/vec4 v000001ff19694c60_0;
    %pad/u 32;
    %mul;
    %ix/load 3, 7, 0;
    %flag_set/imm 4, 0;
    %ix/load 4, 0, 0; Constant delay
    %assign/vec4/a/d v000001ff196c0c70, 0, 4;
    %ix/load 4, 8, 0;
    %flag_set/imm 4, 0;
    %load/vec4a v000001ff196c0450, 4;
    %pad/u 32;
    %load/vec4 v000001ff196949e0_0;
    %pad/u 32;
    %mul;
    %ix/load 3, 8, 0;
    %flag_set/imm 4, 0;
    %ix/load 4, 0, 0; Constant delay
    %assign/vec4/a/d v000001ff196c0c70, 0, 4;
    %ix/load 4, 9, 0;
    %flag_set/imm 4, 0;
    %load/vec4a v000001ff196c0450, 4;
    %pad/u 32;
    %load/vec4 v000001ff196c0bd0_0;
    %pad/u 32;
    %mul;
    %ix/load 3, 9, 0;
    %flag_set/imm 4, 0;
    %ix/load 4, 0, 0; Constant delay
    %assign/vec4/a/d v000001ff196c0c70, 0, 4;
    %ix/load 4, 10, 0;
    %flag_set/imm 4, 0;
    %load/vec4a v000001ff196c0450, 4;
    %pad/u 32;
    %load/vec4 v000001ff19695160_0;
    %pad/u 32;
    %mul;
    %ix/load 3, 10, 0;
    %flag_set/imm 4, 0;
    %ix/load 4, 0, 0; Constant delay
    %assign/vec4/a/d v000001ff196c0c70, 0, 4;
    %ix/load 4, 11, 0;
    %flag_set/imm 4, 0;
    %load/vec4a v000001ff196c0450, 4;
    %pad/u 32;
    %load/vec4 v000001ff196950c0_0;
    %pad/u 32;
    %mul;
    %ix/load 3, 11, 0;
    %flag_set/imm 4, 0;
    %ix/load 4, 0, 0; Constant delay
    %assign/vec4/a/d v000001ff196c0c70, 0, 4;
    %ix/load 4, 12, 0;
    %flag_set/imm 4, 0;
    %load/vec4a v000001ff196c0450, 4;
    %pad/u 32;
    %load/vec4 v000001ff19694b20_0;
    %pad/u 32;
    %mul;
    %ix/load 3, 12, 0;
    %flag_set/imm 4, 0;
    %ix/load 4, 0, 0; Constant delay
    %assign/vec4/a/d v000001ff196c0c70, 0, 4;
    %ix/load 4, 13, 0;
    %flag_set/imm 4, 0;
    %load/vec4a v000001ff196c0450, 4;
    %pad/u 32;
    %load/vec4 v000001ff19694800_0;
    %pad/u 32;
    %mul;
    %ix/load 3, 13, 0;
    %flag_set/imm 4, 0;
    %ix/load 4, 0, 0; Constant delay
    %assign/vec4/a/d v000001ff196c0c70, 0, 4;
    %ix/load 4, 14, 0;
    %flag_set/imm 4, 0;
    %load/vec4a v000001ff196c0450, 4;
    %pad/u 32;
    %load/vec4 v000001ff196948a0_0;
    %pad/u 32;
    %mul;
    %ix/load 3, 14, 0;
    %flag_set/imm 4, 0;
    %ix/load 4, 0, 0; Constant delay
    %assign/vec4/a/d v000001ff196c0c70, 0, 4;
    %ix/load 4, 15, 0;
    %flag_set/imm 4, 0;
    %load/vec4a v000001ff196c0450, 4;
    %pad/u 32;
    %load/vec4 v000001ff19695200_0;
    %pad/u 32;
    %mul;
    %ix/load 3, 15, 0;
    %flag_set/imm 4, 0;
    %ix/load 4, 0, 0; Constant delay
    %assign/vec4/a/d v000001ff196c0c70, 0, 4;
    %ix/load 4, 16, 0;
    %flag_set/imm 4, 0;
    %load/vec4a v000001ff196c0450, 4;
    %pad/u 32;
    %load/vec4 v000001ff19695700_0;
    %pad/u 32;
    %mul;
    %ix/load 3, 16, 0;
    %flag_set/imm 4, 0;
    %ix/load 4, 0, 0; Constant delay
    %assign/vec4/a/d v000001ff196c0c70, 0, 4;
    %ix/load 4, 17, 0;
    %flag_set/imm 4, 0;
    %load/vec4a v000001ff196c0450, 4;
    %pad/u 32;
    %load/vec4 v000001ff19694ee0_0;
    %pad/u 32;
    %mul;
    %ix/load 3, 17, 0;
    %flag_set/imm 4, 0;
    %ix/load 4, 0, 0; Constant delay
    %assign/vec4/a/d v000001ff196c0c70, 0, 4;
    %ix/load 4, 18, 0;
    %flag_set/imm 4, 0;
    %load/vec4a v000001ff196c0450, 4;
    %pad/u 32;
    %load/vec4 v000001ff19694d00_0;
    %pad/u 32;
    %mul;
    %ix/load 3, 18, 0;
    %flag_set/imm 4, 0;
    %ix/load 4, 0, 0; Constant delay
    %assign/vec4/a/d v000001ff196c0c70, 0, 4;
    %ix/load 4, 19, 0;
    %flag_set/imm 4, 0;
    %load/vec4a v000001ff196c0450, 4;
    %pad/u 32;
    %load/vec4 v000001ff196952a0_0;
    %pad/u 32;
    %mul;
    %ix/load 3, 19, 0;
    %flag_set/imm 4, 0;
    %ix/load 4, 0, 0; Constant delay
    %assign/vec4/a/d v000001ff196c0c70, 0, 4;
    %ix/load 4, 20, 0;
    %flag_set/imm 4, 0;
    %load/vec4a v000001ff196c0450, 4;
    %pad/u 32;
    %load/vec4 v000001ff19695340_0;
    %pad/u 32;
    %mul;
    %ix/load 3, 20, 0;
    %flag_set/imm 4, 0;
    %ix/load 4, 0, 0; Constant delay
    %assign/vec4/a/d v000001ff196c0c70, 0, 4;
    %ix/load 4, 21, 0;
    %flag_set/imm 4, 0;
    %load/vec4a v000001ff196c0450, 4;
    %pad/u 32;
    %load/vec4 v000001ff19694da0_0;
    %pad/u 32;
    %mul;
    %ix/load 3, 21, 0;
    %flag_set/imm 4, 0;
    %ix/load 4, 0, 0; Constant delay
    %assign/vec4/a/d v000001ff196c0c70, 0, 4;
    %ix/load 4, 2, 0;
    %flag_set/imm 4, 0;
    %load/vec4a v000001ff196955c0, 4;
    %ix/load 4, 0, 0;
    %flag_set/imm 4, 0;
    %load/vec4a v000001ff196c0c70, 4;
    %add;
    %ix/load 4, 1, 0;
    %flag_set/imm 4, 0;
    %load/vec4a v000001ff196c0c70, 4;
    %add;
    %ix/load 4, 2, 0;
    %flag_set/imm 4, 0;
    %load/vec4a v000001ff196c0c70, 4;
    %add;
    %ix/load 4, 3, 0;
    %flag_set/imm 4, 0;
    %load/vec4a v000001ff196c0c70, 4;
    %add;
    %ix/load 4, 4, 0;
    %flag_set/imm 4, 0;
    %load/vec4a v000001ff196c0c70, 4;
    %add;
    %ix/load 4, 5, 0;
    %flag_set/imm 4, 0;
    %load/vec4a v000001ff196c0c70, 4;
    %add;
    %ix/load 4, 6, 0;
    %flag_set/imm 4, 0;
    %load/vec4a v000001ff196c0c70, 4;
    %add;
    %ix/load 4, 7, 0;
    %flag_set/imm 4, 0;
    %load/vec4a v000001ff196c0c70, 4;
    %add;
    %ix/load 4, 8, 0;
    %flag_set/imm 4, 0;
    %load/vec4a v000001ff196c0c70, 4;
    %add;
    %ix/load 4, 9, 0;
    %flag_set/imm 4, 0;
    %load/vec4a v000001ff196c0c70, 4;
    %add;
    %ix/load 4, 10, 0;
    %flag_set/imm 4, 0;
    %load/vec4a v000001ff196c0c70, 4;
    %add;
    %ix/load 4, 11, 0;
    %flag_set/imm 4, 0;
    %load/vec4a v000001ff196c0c70, 4;
    %add;
    %ix/load 4, 12, 0;
    %flag_set/imm 4, 0;
    %load/vec4a v000001ff196c0c70, 4;
    %add;
    %ix/load 4, 13, 0;
    %flag_set/imm 4, 0;
    %load/vec4a v000001ff196c0c70, 4;
    %add;
    %ix/load 4, 14, 0;
    %flag_set/imm 4, 0;
    %load/vec4a v000001ff196c0c70, 4;
    %add;
    %ix/load 4, 15, 0;
    %flag_set/imm 4, 0;
    %load/vec4a v000001ff196c0c70, 4;
    %add;
    %ix/load 4, 16, 0;
    %flag_set/imm 4, 0;
    %load/vec4a v000001ff196c0c70, 4;
    %add;
    %ix/load 4, 17, 0;
    %flag_set/imm 4, 0;
    %load/vec4a v000001ff196c0c70, 4;
    %add;
    %ix/load 4, 18, 0;
    %flag_set/imm 4, 0;
    %load/vec4a v000001ff196c0c70, 4;
    %add;
    %ix/load 4, 19, 0;
    %flag_set/imm 4, 0;
    %load/vec4a v000001ff196c0c70, 4;
    %add;
    %ix/load 4, 20, 0;
    %flag_set/imm 4, 0;
    %load/vec4a v000001ff196c0c70, 4;
    %add;
    %ix/load 4, 21, 0;
    %flag_set/imm 4, 0;
    %load/vec4a v000001ff196c0c70, 4;
    %add;
    %store/vec4 v000001ff196c0d10_0, 0, 32;
    %jmp T_4;
    .thread T_4, $push;
    .scope S_000001ff1964c160;
T_5 ;
    %wait E_000001ff196822b0;
    %ix/load 4, 0, 0;
    %flag_set/imm 4, 0;
    %load/vec4a v000001ff196c2250, 4;
    %pad/u 32;
    %load/vec4 v000001ff19694940_0;
    %pad/u 32;
    %mul;
    %ix/load 3, 0, 0;
    %flag_set/imm 4, 0;
    %ix/load 4, 0, 0; Constant delay
    %assign/vec4/a/d v000001ff196c21b0, 0, 4;
    %ix/load 4, 1, 0;
    %flag_set/imm 4, 0;
    %load/vec4a v000001ff196c2250, 4;
    %pad/u 32;
    %load/vec4 v000001ff19694a80_0;
    %pad/u 32;
    %mul;
    %ix/load 3, 1, 0;
    %flag_set/imm 4, 0;
    %ix/load 4, 0, 0; Constant delay
    %assign/vec4/a/d v000001ff196c21b0, 0, 4;
    %ix/load 4, 2, 0;
    %flag_set/imm 4, 0;
    %load/vec4a v000001ff196c2250, 4;
    %pad/u 32;
    %load/vec4 v000001ff19694bc0_0;
    %pad/u 32;
    %mul;
    %ix/load 3, 2, 0;
    %flag_set/imm 4, 0;
    %ix/load 4, 0, 0; Constant delay
    %assign/vec4/a/d v000001ff196c21b0, 0, 4;
    %ix/load 4, 3, 0;
    %flag_set/imm 4, 0;
    %load/vec4a v000001ff196c2250, 4;
    %pad/u 32;
    %load/vec4 v000001ff19694e40_0;
    %pad/u 32;
    %mul;
    %ix/load 3, 3, 0;
    %flag_set/imm 4, 0;
    %ix/load 4, 0, 0; Constant delay
    %assign/vec4/a/d v000001ff196c21b0, 0, 4;
    %ix/load 4, 4, 0;
    %flag_set/imm 4, 0;
    %load/vec4a v000001ff196c2250, 4;
    %pad/u 32;
    %load/vec4 v000001ff19695020_0;
    %pad/u 32;
    %mul;
    %ix/load 3, 4, 0;
    %flag_set/imm 4, 0;
    %ix/load 4, 0, 0; Constant delay
    %assign/vec4/a/d v000001ff196c21b0, 0, 4;
    %ix/load 4, 5, 0;
    %flag_set/imm 4, 0;
    %load/vec4a v000001ff196c2250, 4;
    %pad/u 32;
    %load/vec4 v000001ff196953e0_0;
    %pad/u 32;
    %mul;
    %ix/load 3, 5, 0;
    %flag_set/imm 4, 0;
    %ix/load 4, 0, 0; Constant delay
    %assign/vec4/a/d v000001ff196c21b0, 0, 4;
    %ix/load 4, 6, 0;
    %flag_set/imm 4, 0;
    %load/vec4a v000001ff196c2250, 4;
    %pad/u 32;
    %load/vec4 v000001ff19695480_0;
    %pad/u 32;
    %mul;
    %ix/load 3, 6, 0;
    %flag_set/imm 4, 0;
    %ix/load 4, 0, 0; Constant delay
    %assign/vec4/a/d v000001ff196c21b0, 0, 4;
    %ix/load 4, 7, 0;
    %flag_set/imm 4, 0;
    %load/vec4a v000001ff196c2250, 4;
    %pad/u 32;
    %load/vec4 v000001ff19694c60_0;
    %pad/u 32;
    %mul;
    %ix/load 3, 7, 0;
    %flag_set/imm 4, 0;
    %ix/load 4, 0, 0; Constant delay
    %assign/vec4/a/d v000001ff196c21b0, 0, 4;
    %ix/load 4, 8, 0;
    %flag_set/imm 4, 0;
    %load/vec4a v000001ff196c2250, 4;
    %pad/u 32;
    %load/vec4 v000001ff196949e0_0;
    %pad/u 32;
    %mul;
    %ix/load 3, 8, 0;
    %flag_set/imm 4, 0;
    %ix/load 4, 0, 0; Constant delay
    %assign/vec4/a/d v000001ff196c21b0, 0, 4;
    %ix/load 4, 9, 0;
    %flag_set/imm 4, 0;
    %load/vec4a v000001ff196c2250, 4;
    %pad/u 32;
    %load/vec4 v000001ff196c0bd0_0;
    %pad/u 32;
    %mul;
    %ix/load 3, 9, 0;
    %flag_set/imm 4, 0;
    %ix/load 4, 0, 0; Constant delay
    %assign/vec4/a/d v000001ff196c21b0, 0, 4;
    %ix/load 4, 10, 0;
    %flag_set/imm 4, 0;
    %load/vec4a v000001ff196c2250, 4;
    %pad/u 32;
    %load/vec4 v000001ff19695160_0;
    %pad/u 32;
    %mul;
    %ix/load 3, 10, 0;
    %flag_set/imm 4, 0;
    %ix/load 4, 0, 0; Constant delay
    %assign/vec4/a/d v000001ff196c21b0, 0, 4;
    %ix/load 4, 11, 0;
    %flag_set/imm 4, 0;
    %load/vec4a v000001ff196c2250, 4;
    %pad/u 32;
    %load/vec4 v000001ff196950c0_0;
    %pad/u 32;
    %mul;
    %ix/load 3, 11, 0;
    %flag_set/imm 4, 0;
    %ix/load 4, 0, 0; Constant delay
    %assign/vec4/a/d v000001ff196c21b0, 0, 4;
    %ix/load 4, 12, 0;
    %flag_set/imm 4, 0;
    %load/vec4a v000001ff196c2250, 4;
    %pad/u 32;
    %load/vec4 v000001ff19694b20_0;
    %pad/u 32;
    %mul;
    %ix/load 3, 12, 0;
    %flag_set/imm 4, 0;
    %ix/load 4, 0, 0; Constant delay
    %assign/vec4/a/d v000001ff196c21b0, 0, 4;
    %ix/load 4, 13, 0;
    %flag_set/imm 4, 0;
    %load/vec4a v000001ff196c2250, 4;
    %pad/u 32;
    %load/vec4 v000001ff19694800_0;
    %pad/u 32;
    %mul;
    %ix/load 3, 13, 0;
    %flag_set/imm 4, 0;
    %ix/load 4, 0, 0; Constant delay
    %assign/vec4/a/d v000001ff196c21b0, 0, 4;
    %ix/load 4, 14, 0;
    %flag_set/imm 4, 0;
    %load/vec4a v000001ff196c2250, 4;
    %pad/u 32;
    %load/vec4 v000001ff196948a0_0;
    %pad/u 32;
    %mul;
    %ix/load 3, 14, 0;
    %flag_set/imm 4, 0;
    %ix/load 4, 0, 0; Constant delay
    %assign/vec4/a/d v000001ff196c21b0, 0, 4;
    %ix/load 4, 15, 0;
    %flag_set/imm 4, 0;
    %load/vec4a v000001ff196c2250, 4;
    %pad/u 32;
    %load/vec4 v000001ff19695200_0;
    %pad/u 32;
    %mul;
    %ix/load 3, 15, 0;
    %flag_set/imm 4, 0;
    %ix/load 4, 0, 0; Constant delay
    %assign/vec4/a/d v000001ff196c21b0, 0, 4;
    %ix/load 4, 16, 0;
    %flag_set/imm 4, 0;
    %load/vec4a v000001ff196c2250, 4;
    %pad/u 32;
    %load/vec4 v000001ff19695700_0;
    %pad/u 32;
    %mul;
    %ix/load 3, 16, 0;
    %flag_set/imm 4, 0;
    %ix/load 4, 0, 0; Constant delay
    %assign/vec4/a/d v000001ff196c21b0, 0, 4;
    %ix/load 4, 17, 0;
    %flag_set/imm 4, 0;
    %load/vec4a v000001ff196c2250, 4;
    %pad/u 32;
    %load/vec4 v000001ff19694ee0_0;
    %pad/u 32;
    %mul;
    %ix/load 3, 17, 0;
    %flag_set/imm 4, 0;
    %ix/load 4, 0, 0; Constant delay
    %assign/vec4/a/d v000001ff196c21b0, 0, 4;
    %ix/load 4, 18, 0;
    %flag_set/imm 4, 0;
    %load/vec4a v000001ff196c2250, 4;
    %pad/u 32;
    %load/vec4 v000001ff19694d00_0;
    %pad/u 32;
    %mul;
    %ix/load 3, 18, 0;
    %flag_set/imm 4, 0;
    %ix/load 4, 0, 0; Constant delay
    %assign/vec4/a/d v000001ff196c21b0, 0, 4;
    %ix/load 4, 19, 0;
    %flag_set/imm 4, 0;
    %load/vec4a v000001ff196c2250, 4;
    %pad/u 32;
    %load/vec4 v000001ff196952a0_0;
    %pad/u 32;
    %mul;
    %ix/load 3, 19, 0;
    %flag_set/imm 4, 0;
    %ix/load 4, 0, 0; Constant delay
    %assign/vec4/a/d v000001ff196c21b0, 0, 4;
    %ix/load 4, 20, 0;
    %flag_set/imm 4, 0;
    %load/vec4a v000001ff196c2250, 4;
    %pad/u 32;
    %load/vec4 v000001ff19695340_0;
    %pad/u 32;
    %mul;
    %ix/load 3, 20, 0;
    %flag_set/imm 4, 0;
    %ix/load 4, 0, 0; Constant delay
    %assign/vec4/a/d v000001ff196c21b0, 0, 4;
    %ix/load 4, 21, 0;
    %flag_set/imm 4, 0;
    %load/vec4a v000001ff196c2250, 4;
    %pad/u 32;
    %load/vec4 v000001ff19694da0_0;
    %pad/u 32;
    %mul;
    %ix/load 3, 21, 0;
    %flag_set/imm 4, 0;
    %ix/load 4, 0, 0; Constant delay
    %assign/vec4/a/d v000001ff196c21b0, 0, 4;
    %ix/load 4, 3, 0;
    %flag_set/imm 4, 0;
    %load/vec4a v000001ff196955c0, 4;
    %ix/load 4, 0, 0;
    %flag_set/imm 4, 0;
    %load/vec4a v000001ff196c21b0, 4;
    %add;
    %ix/load 4, 1, 0;
    %flag_set/imm 4, 0;
    %load/vec4a v000001ff196c21b0, 4;
    %add;
    %ix/load 4, 2, 0;
    %flag_set/imm 4, 0;
    %load/vec4a v000001ff196c21b0, 4;
    %add;
    %ix/load 4, 3, 0;
    %flag_set/imm 4, 0;
    %load/vec4a v000001ff196c21b0, 4;
    %add;
    %ix/load 4, 4, 0;
    %flag_set/imm 4, 0;
    %load/vec4a v000001ff196c21b0, 4;
    %add;
    %ix/load 4, 5, 0;
    %flag_set/imm 4, 0;
    %load/vec4a v000001ff196c21b0, 4;
    %add;
    %ix/load 4, 6, 0;
    %flag_set/imm 4, 0;
    %load/vec4a v000001ff196c21b0, 4;
    %add;
    %ix/load 4, 7, 0;
    %flag_set/imm 4, 0;
    %load/vec4a v000001ff196c21b0, 4;
    %add;
    %ix/load 4, 8, 0;
    %flag_set/imm 4, 0;
    %load/vec4a v000001ff196c21b0, 4;
    %add;
    %ix/load 4, 9, 0;
    %flag_set/imm 4, 0;
    %load/vec4a v000001ff196c21b0, 4;
    %add;
    %ix/load 4, 10, 0;
    %flag_set/imm 4, 0;
    %load/vec4a v000001ff196c21b0, 4;
    %add;
    %ix/load 4, 11, 0;
    %flag_set/imm 4, 0;
    %load/vec4a v000001ff196c21b0, 4;
    %add;
    %ix/load 4, 12, 0;
    %flag_set/imm 4, 0;
    %load/vec4a v000001ff196c21b0, 4;
    %add;
    %ix/load 4, 13, 0;
    %flag_set/imm 4, 0;
    %load/vec4a v000001ff196c21b0, 4;
    %add;
    %ix/load 4, 14, 0;
    %flag_set/imm 4, 0;
    %load/vec4a v000001ff196c21b0, 4;
    %add;
    %ix/load 4, 15, 0;
    %flag_set/imm 4, 0;
    %load/vec4a v000001ff196c21b0, 4;
    %add;
    %ix/load 4, 16, 0;
    %flag_set/imm 4, 0;
    %load/vec4a v000001ff196c21b0, 4;
    %add;
    %ix/load 4, 17, 0;
    %flag_set/imm 4, 0;
    %load/vec4a v000001ff196c21b0, 4;
    %add;
    %ix/load 4, 18, 0;
    %flag_set/imm 4, 0;
    %load/vec4a v000001ff196c21b0, 4;
    %add;
    %ix/load 4, 19, 0;
    %flag_set/imm 4, 0;
    %load/vec4a v000001ff196c21b0, 4;
    %add;
    %ix/load 4, 20, 0;
    %flag_set/imm 4, 0;
    %load/vec4a v000001ff196c21b0, 4;
    %add;
    %ix/load 4, 21, 0;
    %flag_set/imm 4, 0;
    %load/vec4a v000001ff196c21b0, 4;
    %add;
    %store/vec4 v000001ff196c2110_0, 0, 32;
    %jmp T_5;
    .thread T_5, $push;
    .scope S_000001ff195e2aa0;
T_6 ;
    %wait E_000001ff19682d30;
    %load/vec4 v000001ff196c0770_0;
    %parti/s 1, 31, 6;
    %cmpi/e 1, 0, 1;
    %jmp/0xz  T_6.0, 4;
    %load/vec4 v000001ff196c0770_0;
    %inv;
    %pushi/vec4 1, 0, 32;
    %add;
    %store/vec4 v000001ff196c0810_0, 0, 32;
    %jmp T_6.1;
T_6.0 ;
    %load/vec4 v000001ff196c0770_0;
    %store/vec4 v000001ff196c0810_0, 0, 32;
T_6.1 ;
    %load/vec4 v000001ff196c0810_0;
    %ix/load 4, 2, 0;
    %flag_set/imm 4, 0;
    %shiftr/s 4;
    %store/vec4 v000001ff196c08b0_0, 0, 32;
    %load/vec4 v000001ff196c0770_0;
    %parti/s 1, 31, 6;
    %cmpi/e 1, 0, 1;
    %jmp/0xz  T_6.2, 4;
    %load/vec4 v000001ff196c0770_0;
    %cmpi/s 4294901760, 0, 32;
    %flag_or 5, 4; GT is !LE
    %flag_inv 5;
    %jmp/0xz  T_6.4, 5;
    %pushi/vec4 4294950912, 0, 32;
    %load/vec4 v000001ff196c08b0_0;
    %add;
    %store/vec4 v000001ff196c03b0_0, 0, 32;
    %jmp T_6.5;
T_6.4 ;
    %pushi/vec4 0, 0, 32;
    %store/vec4 v000001ff196c03b0_0, 0, 32;
T_6.5 ;
    %jmp T_6.3;
T_6.2 ;
    %load/vec4 v000001ff196c0770_0;
    %cmpi/s 65535, 0, 32;
    %jmp/0xz  T_6.6, 5;
    %pushi/vec4 16384, 0, 32;
    %load/vec4 v000001ff196c08b0_0;
    %sub;
    %store/vec4 v000001ff196c03b0_0, 0, 32;
    %jmp T_6.7;
T_6.6 ;
    %pushi/vec4 1, 0, 32;
    %store/vec4 v000001ff196c03b0_0, 0, 32;
T_6.7 ;
T_6.3 ;
    %jmp T_6;
    .thread T_6, $push;
    .scope S_000001ff195e2910;
T_7 ;
    %wait E_000001ff19682b70;
    %load/vec4 v000001ff196c04f0_0;
    %pad/s 64;
    %load/vec4 v000001ff196c1e90_0;
    %pad/s 64;
    %mul;
    %store/vec4 v000001ff196c1df0_0, 0, 64;
    %jmp T_7;
    .thread T_7, $push;
    .scope S_000001ff19699aa0;
T_8 ;
    %wait E_000001ff19682df0;
    %load/vec4 v000001ff196c0ef0_0;
    %ix/load 4, 1, 0;
    %flag_set/imm 4, 0;
    %shiftr/s 4;
    %store/vec4 v000001ff196c1d50_0, 0, 64;
    %load/vec4 v000001ff196c1f30_0;
    %parti/s 1, 31, 6;
    %cmpi/e 1, 0, 1;
    %jmp/0xz  T_8.0, 4;
    %load/vec4 v000001ff196c1d50_0;
    %store/vec4 v000001ff196c1ad0_0, 0, 64;
    %jmp T_8.1;
T_8.0 ;
    %pushi/vec4 268435456, 0, 64;
    %load/vec4 v000001ff196c1d50_0;
    %sub;
    %store/vec4 v000001ff196c1ad0_0, 0, 64;
T_8.1 ;
    %load/vec4 v000001ff196c1ad0_0;
    %parti/s 32, 0, 2;
    %store/vec4 v000001ff196c1a30_0, 0, 32;
    %vpi_call 4 76 "$display", "%b,%b", v000001ff196c1f30_0, v000001ff196c1a30_0 {0 0 0};
    %jmp T_8;
    .thread T_8, $push;
    .scope S_000001ff19700090;
T_9 ;
    %wait E_000001ff196831b0;
    %load/vec4 v000001ff196c15d0_0;
    %parti/s 1, 31, 6;
    %cmpi/e 1, 0, 1;
    %jmp/0xz  T_9.0, 4;
    %load/vec4 v000001ff196c15d0_0;
    %inv;
    %pushi/vec4 1, 0, 32;
    %add;
    %store/vec4 v000001ff196c13f0_0, 0, 32;
    %jmp T_9.1;
T_9.0 ;
    %load/vec4 v000001ff196c15d0_0;
    %store/vec4 v000001ff196c13f0_0, 0, 32;
T_9.1 ;
    %load/vec4 v000001ff196c13f0_0;
    %ix/load 4, 2, 0;
    %flag_set/imm 4, 0;
    %shiftr/s 4;
    %store/vec4 v000001ff196c1710_0, 0, 32;
    %load/vec4 v000001ff196c15d0_0;
    %parti/s 1, 31, 6;
    %cmpi/e 1, 0, 1;
    %jmp/0xz  T_9.2, 4;
    %load/vec4 v000001ff196c15d0_0;
    %cmpi/s 4294901760, 0, 32;
    %flag_or 5, 4; GT is !LE
    %flag_inv 5;
    %jmp/0xz  T_9.4, 5;
    %pushi/vec4 4294950912, 0, 32;
    %load/vec4 v000001ff196c1710_0;
    %add;
    %store/vec4 v000001ff196c0b30_0, 0, 32;
    %jmp T_9.5;
T_9.4 ;
    %pushi/vec4 0, 0, 32;
    %store/vec4 v000001ff196c0b30_0, 0, 32;
T_9.5 ;
    %jmp T_9.3;
T_9.2 ;
    %load/vec4 v000001ff196c15d0_0;
    %cmpi/s 65535, 0, 32;
    %jmp/0xz  T_9.6, 5;
    %pushi/vec4 16384, 0, 32;
    %load/vec4 v000001ff196c1710_0;
    %sub;
    %store/vec4 v000001ff196c0b30_0, 0, 32;
    %jmp T_9.7;
T_9.6 ;
    %pushi/vec4 1, 0, 32;
    %store/vec4 v000001ff196c0b30_0, 0, 32;
T_9.7 ;
T_9.3 ;
    %jmp T_9;
    .thread T_9, $push;
    .scope S_000001ff19699dc0;
T_10 ;
    %wait E_000001ff196825f0;
    %load/vec4 v000001ff196c0f90_0;
    %pad/s 64;
    %load/vec4 v000001ff196c2070_0;
    %pad/s 64;
    %mul;
    %store/vec4 v000001ff196c1490_0, 0, 64;
    %jmp T_10;
    .thread T_10, $push;
    .scope S_000001ff19700220;
T_11 ;
    %wait E_000001ff19682eb0;
    %load/vec4 v000001ff196c1030_0;
    %ix/load 4, 1, 0;
    %flag_set/imm 4, 0;
    %shiftr/s 4;
    %store/vec4 v000001ff196c0630_0, 0, 64;
    %load/vec4 v000001ff196c10d0_0;
    %parti/s 1, 31, 6;
    %cmpi/e 1, 0, 1;
    %jmp/0xz  T_11.0, 4;
    %load/vec4 v000001ff196c0630_0;
    %store/vec4 v000001ff196c06d0_0, 0, 64;
    %jmp T_11.1;
T_11.0 ;
    %pushi/vec4 268435456, 0, 64;
    %load/vec4 v000001ff196c0630_0;
    %sub;
    %store/vec4 v000001ff196c06d0_0, 0, 64;
T_11.1 ;
    %load/vec4 v000001ff196c06d0_0;
    %parti/s 32, 0, 2;
    %store/vec4 v000001ff196c09f0_0, 0, 32;
    %vpi_call 4 76 "$display", "%b,%b", v000001ff196c10d0_0, v000001ff196c09f0_0 {0 0 0};
    %jmp T_11;
    .thread T_11, $push;
    .scope S_000001ff197006d0;
T_12 ;
    %wait E_000001ff19683170;
    %load/vec4 v000001ff196c1cb0_0;
    %parti/s 1, 31, 6;
    %cmpi/e 1, 0, 1;
    %jmp/0xz  T_12.0, 4;
    %load/vec4 v000001ff196c1cb0_0;
    %inv;
    %pushi/vec4 1, 0, 32;
    %add;
    %store/vec4 v000001ff196c3540_0, 0, 32;
    %jmp T_12.1;
T_12.0 ;
    %load/vec4 v000001ff196c1cb0_0;
    %store/vec4 v000001ff196c3540_0, 0, 32;
T_12.1 ;
    %load/vec4 v000001ff196c3540_0;
    %ix/load 4, 2, 0;
    %flag_set/imm 4, 0;
    %shiftr/s 4;
    %store/vec4 v000001ff196c26e0_0, 0, 32;
    %load/vec4 v000001ff196c1cb0_0;
    %parti/s 1, 31, 6;
    %cmpi/e 1, 0, 1;
    %jmp/0xz  T_12.2, 4;
    %load/vec4 v000001ff196c1cb0_0;
    %cmpi/s 4294901760, 0, 32;
    %flag_or 5, 4; GT is !LE
    %flag_inv 5;
    %jmp/0xz  T_12.4, 5;
    %pushi/vec4 4294950912, 0, 32;
    %load/vec4 v000001ff196c26e0_0;
    %add;
    %store/vec4 v000001ff196c1c10_0, 0, 32;
    %jmp T_12.5;
T_12.4 ;
    %pushi/vec4 0, 0, 32;
    %store/vec4 v000001ff196c1c10_0, 0, 32;
T_12.5 ;
    %jmp T_12.3;
T_12.2 ;
    %load/vec4 v000001ff196c1cb0_0;
    %cmpi/s 65535, 0, 32;
    %jmp/0xz  T_12.6, 5;
    %pushi/vec4 16384, 0, 32;
    %load/vec4 v000001ff196c26e0_0;
    %sub;
    %store/vec4 v000001ff196c1c10_0, 0, 32;
    %jmp T_12.7;
T_12.6 ;
    %pushi/vec4 1, 0, 32;
    %store/vec4 v000001ff196c1c10_0, 0, 32;
T_12.7 ;
T_12.3 ;
    %jmp T_12;
    .thread T_12, $push;
    .scope S_000001ff19700540;
T_13 ;
    %wait E_000001ff19683030;
    %load/vec4 v000001ff196c1530_0;
    %pad/s 64;
    %load/vec4 v000001ff196c1b70_0;
    %pad/s 64;
    %mul;
    %store/vec4 v000001ff196c1850_0, 0, 64;
    %jmp T_13;
    .thread T_13, $push;
    .scope S_000001ff19700a40;
T_14 ;
    %wait E_000001ff196834f0;
    %load/vec4 v000001ff196c28c0_0;
    %ix/load 4, 1, 0;
    %flag_set/imm 4, 0;
    %shiftr/s 4;
    %store/vec4 v000001ff196c3f40_0, 0, 64;
    %load/vec4 v000001ff196c3fe0_0;
    %parti/s 1, 31, 6;
    %cmpi/e 1, 0, 1;
    %jmp/0xz  T_14.0, 4;
    %load/vec4 v000001ff196c3f40_0;
    %store/vec4 v000001ff196c3900_0, 0, 64;
    %jmp T_14.1;
T_14.0 ;
    %pushi/vec4 268435456, 0, 64;
    %load/vec4 v000001ff196c3f40_0;
    %sub;
    %store/vec4 v000001ff196c3900_0, 0, 64;
T_14.1 ;
    %load/vec4 v000001ff196c3900_0;
    %parti/s 32, 0, 2;
    %store/vec4 v000001ff196c2e60_0, 0, 32;
    %vpi_call 4 76 "$display", "%b,%b", v000001ff196c3fe0_0, v000001ff196c2e60_0 {0 0 0};
    %jmp T_14;
    .thread T_14, $push;
    .scope S_000001ff19701530;
T_15 ;
    %wait E_000001ff19683330;
    %load/vec4 v000001ff196c3ea0_0;
    %parti/s 1, 31, 6;
    %cmpi/e 1, 0, 1;
    %jmp/0xz  T_15.0, 4;
    %load/vec4 v000001ff196c3ea0_0;
    %inv;
    %pushi/vec4 1, 0, 32;
    %add;
    %store/vec4 v000001ff196c30e0_0, 0, 32;
    %jmp T_15.1;
T_15.0 ;
    %load/vec4 v000001ff196c3ea0_0;
    %store/vec4 v000001ff196c30e0_0, 0, 32;
T_15.1 ;
    %load/vec4 v000001ff196c30e0_0;
    %ix/load 4, 2, 0;
    %flag_set/imm 4, 0;
    %shiftr/s 4;
    %store/vec4 v000001ff196c4080_0, 0, 32;
    %load/vec4 v000001ff196c3ea0_0;
    %parti/s 1, 31, 6;
    %cmpi/e 1, 0, 1;
    %jmp/0xz  T_15.2, 4;
    %load/vec4 v000001ff196c3ea0_0;
    %cmpi/s 4294901760, 0, 32;
    %flag_or 5, 4; GT is !LE
    %flag_inv 5;
    %jmp/0xz  T_15.4, 5;
    %pushi/vec4 4294950912, 0, 32;
    %load/vec4 v000001ff196c4080_0;
    %add;
    %store/vec4 v000001ff196c39a0_0, 0, 32;
    %jmp T_15.5;
T_15.4 ;
    %pushi/vec4 0, 0, 32;
    %store/vec4 v000001ff196c39a0_0, 0, 32;
T_15.5 ;
    %jmp T_15.3;
T_15.2 ;
    %load/vec4 v000001ff196c3ea0_0;
    %cmpi/s 65535, 0, 32;
    %jmp/0xz  T_15.6, 5;
    %pushi/vec4 16384, 0, 32;
    %load/vec4 v000001ff196c4080_0;
    %sub;
    %store/vec4 v000001ff196c39a0_0, 0, 32;
    %jmp T_15.7;
T_15.6 ;
    %pushi/vec4 1, 0, 32;
    %store/vec4 v000001ff196c39a0_0, 0, 32;
T_15.7 ;
T_15.3 ;
    %jmp T_15;
    .thread T_15, $push;
    .scope S_000001ff19700ef0;
T_16 ;
    %wait E_000001ff19683c70;
    %load/vec4 v000001ff196c2f00_0;
    %pad/s 64;
    %load/vec4 v000001ff196c4120_0;
    %pad/s 64;
    %mul;
    %store/vec4 v000001ff196c3400_0, 0, 64;
    %jmp T_16;
    .thread T_16, $push;
    .scope S_000001ff19701080;
T_17 ;
    %wait E_000001ff196833b0;
    %load/vec4 v000001ff196c2500_0;
    %ix/load 4, 1, 0;
    %flag_set/imm 4, 0;
    %shiftr/s 4;
    %store/vec4 v000001ff196c37c0_0, 0, 64;
    %load/vec4 v000001ff196c3360_0;
    %parti/s 1, 31, 6;
    %cmpi/e 1, 0, 1;
    %jmp/0xz  T_17.0, 4;
    %load/vec4 v000001ff196c37c0_0;
    %store/vec4 v000001ff196c2fa0_0, 0, 64;
    %jmp T_17.1;
T_17.0 ;
    %pushi/vec4 268435456, 0, 64;
    %load/vec4 v000001ff196c37c0_0;
    %sub;
    %store/vec4 v000001ff196c2fa0_0, 0, 64;
T_17.1 ;
    %load/vec4 v000001ff196c2fa0_0;
    %parti/s 32, 0, 2;
    %store/vec4 v000001ff196c2a00_0, 0, 32;
    %vpi_call 4 76 "$display", "%b,%b", v000001ff196c3360_0, v000001ff196c2a00_0 {0 0 0};
    %jmp T_17;
    .thread T_17, $push;
    .scope S_000001ff1964be20;
T_18 ;
    %delay 1000, 0;
    %vpi_call 2 22 "$display", "-----Output1 from alu is %d-----", v000001ff196c57c0_0 {0 0 0};
    %vpi_call 2 23 "$display", "-----Output2 from alu is %d-----", v000001ff196c5e00_0 {0 0 0};
    %vpi_call 2 24 "$display", "-----Output3 from alu is %d-----", v000001ff196c5180_0 {0 0 0};
    %vpi_call 2 25 "$display", "-----Output4 from alu is %d-----", v000001ff196c5c20_0 {0 0 0};
    %vpi_call 2 26 "$display", "-----Output1 from sigmoid1 is %d-----", v000001ff196c3c20_0 {0 0 0};
    %vpi_call 2 27 "$display", "-----Output2 from sigmoid2 is %d-----", v000001ff196c54a0_0 {0 0 0};
    %vpi_call 2 28 "$display", "-----Output3 from sigmoid3 is %d-----", v000001ff196c5ea0_0 {0 0 0};
    %vpi_call 2 29 "$display", "-----Output4 from sigmoid4 is %d-----", v000001ff196c5900_0 {0 0 0};
    %end;
    .thread T_18;
# The file index is used to find the file name in the following table.
:file_names 5;
    "N/A";
    "<interactive>";
    "neural_network.v";
    "./alu.v";
    "./sigmoid_32bit.v";
