#! /c/Source/iverilog-install/bin/vvp
:ivl_version "12.0 (devel)" "(s20150603-1110-g18392a46)";
:ivl_delay_selection "TYPICAL";
:vpi_time_precision - 12;
:vpi_module "C:\iverilog\lib\ivl\system.vpi";
:vpi_module "C:\iverilog\lib\ivl\vhdl_sys.vpi";
:vpi_module "C:\iverilog\lib\ivl\vhdl_textio.vpi";
:vpi_module "C:\iverilog\lib\ivl\v2005_math.vpi";
:vpi_module "C:\iverilog\lib\ivl\va_math.vpi";
S_000002016acf2c30 .scope module, "testbench" "testbench" 2 7;
 .timescale -9 -12;
v000002016ad7dc70_0 .var/s "a", 7 0;
v000002016ad7e0d0_0 .var/s "b", 15 0;
v000002016ad7ea30_0 .var/s "c", 31 0;
v000002016ad7e490_0 .var/i "fd1", 31 0;
v000002016ad7de50_0 .var/i "fd2", 31 0;
v000002016ad7e5d0_0 .var/i "fd3", 31 0;
v000002016ad7e8f0_0 .var/i "fd4", 31 0;
v000002016ad7e7b0_0 .var/i "fd5", 31 0;
v000002016ad7e670_0 .var/i "fd6", 31 0;
v000002016ad7da90_0 .var/i "i", 31 0;
v000002016ad7e710_0 .var/i "j", 31 0;
v000002016ad7e170_0 .var/i "k", 31 0;
v000002016ad7e850_0 .net "out1", 9 0, v000002016ad7ce40_0;  1 drivers
v000002016ad7db30_0 .net "out2", 19 0, v000002016ad7c620_0;  1 drivers
v000002016ad7ed50_0 .net "out3", 31 0, v000002016ad7d310_0;  1 drivers
S_000002016acf3110 .scope module, "s1" "sigmoid_8bit" 2 18, 3 3 0, S_000002016acf2c30;
 .timescale -9 -12;
    .port_info 0 /INPUT 8 "x";
    .port_info 1 /OUTPUT 10 "out";
v000002016ad7c580_0 .net/s "out", 9 0, v000002016ad7ce40_0;  alias, 1 drivers
v000002016ad7c6c0_0 .net/s "sq", 15 0, v000002016acf0160_0;  1 drivers
v000002016ad7c1c0_0 .net/s "sum", 7 0, v000002016adbba20_0;  1 drivers
v000002016ad7c300_0 .net/s "x", 7 0, v000002016ad7dc70_0;  1 drivers
S_000002016acf3b50 .scope module, "mul" "multiplier_8bit" 3 12, 3 46 0, S_000002016acf3110;
 .timescale -9 -12;
    .port_info 0 /INPUT 8 "a";
    .port_info 1 /INPUT 8 "b";
    .port_info 2 /OUTPUT 16 "out";
v000002016acf19d0_0 .net/s "a", 7 0, v000002016adbba20_0;  alias, 1 drivers
v000002016acf14b0_0 .net/s "b", 7 0, v000002016adbba20_0;  alias, 1 drivers
v000002016acf0160_0 .var/s "out", 15 0;
E_000002016ad1ed30 .event anyedge, v000002016acf19d0_0;
S_000002016ad113a0 .scope module, "s1" "step1_8bit" 3 11, 3 17 0, S_000002016acf3110;
 .timescale -9 -12;
    .port_info 0 /INPUT 8 "x";
    .port_info 1 /OUTPUT 8 "out";
v000002016adbba20_0 .var/s "out", 7 0;
v000002016acf4760_0 .net/s "x", 7 0, v000002016ad7dc70_0;  alias, 1 drivers
v000002016acf2dc0_0 .var/s "y", 7 0;
v000002016acf32a0_0 .var/s "z", 7 0;
E_000002016ad1e7f0 .event anyedge, v000002016acf4760_0;
S_000002016ad11530 .scope module, "s2" "step2_8bit" 3 13, 3 57 0, S_000002016acf3110;
 .timescale -9 -12;
    .port_info 0 /INPUT 8 "x";
    .port_info 1 /INPUT 16 "a";
    .port_info 2 /OUTPUT 10 "out";
v000002016acf3ce0_0 .net/s "a", 15 0, v000002016acf0160_0;  alias, 1 drivers
v000002016ad7ce40_0 .var/s "out", 9 0;
v000002016ad7c760_0 .var/s "temp1", 15 0;
v000002016ad7c9e0_0 .var/s "temp2", 15 0;
v000002016ad7cda0_0 .net/s "x", 7 0, v000002016ad7dc70_0;  alias, 1 drivers
E_000002016ad1e6b0 .event anyedge, v000002016acf0160_0;
S_000002016ad116c0 .scope module, "s2" "sigmoid_16bit" 2 19, 4 3 0, S_000002016acf2c30;
 .timescale -9 -12;
    .port_info 0 /INPUT 16 "x";
    .port_info 1 /OUTPUT 20 "out";
v000002016ad7cd00_0 .net/s "out", 19 0, v000002016ad7c620_0;  alias, 1 drivers
v000002016ad7cbc0_0 .net/s "sq", 31 0, v000002016ad7ca80_0;  1 drivers
v000002016ad7cf80_0 .net/s "sum", 15 0, v000002016ad7c4e0_0;  1 drivers
v000002016ad7c080_0 .net/s "x", 15 0, v000002016ad7e0d0_0;  1 drivers
S_000002016ad03cc0 .scope module, "mul" "multiplier_16bit" 4 12, 4 46 0, S_000002016ad116c0;
 .timescale -9 -12;
    .port_info 0 /INPUT 16 "a";
    .port_info 1 /INPUT 16 "b";
    .port_info 2 /OUTPUT 32 "out";
v000002016ad7cee0_0 .net/s "a", 15 0, v000002016ad7c4e0_0;  alias, 1 drivers
v000002016ad7c3a0_0 .net/s "b", 15 0, v000002016ad7c4e0_0;  alias, 1 drivers
v000002016ad7ca80_0 .var/s "out", 31 0;
E_000002016ad1e3f0 .event anyedge, v000002016ad7cee0_0;
S_000002016ad03e50 .scope module, "s1" "step1_16bit" 4 11, 4 17 0, S_000002016ad116c0;
 .timescale -9 -12;
    .port_info 0 /INPUT 16 "x";
    .port_info 1 /OUTPUT 16 "out";
v000002016ad7c4e0_0 .var/s "out", 15 0;
v000002016ad7cc60_0 .net/s "x", 15 0, v000002016ad7e0d0_0;  alias, 1 drivers
v000002016ad7c800_0 .var/s "y", 15 0;
v000002016ad7c940_0 .var/s "z", 15 0;
E_000002016ad1e470 .event anyedge, v000002016ad7cc60_0;
S_000002016ad03fe0 .scope module, "s2" "step2_16bit" 4 13, 4 57 0, S_000002016ad116c0;
 .timescale -9 -12;
    .port_info 0 /INPUT 16 "x";
    .port_info 1 /INPUT 32 "a";
    .port_info 2 /OUTPUT 20 "out";
v000002016ad7cb20_0 .net/s "a", 31 0, v000002016ad7ca80_0;  alias, 1 drivers
v000002016ad7c620_0 .var/s "out", 19 0;
v000002016ad7c120_0 .var/s "temp1", 31 0;
v000002016ad7c8a0_0 .var/s "temp2", 31 0;
v000002016ad7c440_0 .net/s "x", 15 0, v000002016ad7e0d0_0;  alias, 1 drivers
E_000002016ad1ec30 .event anyedge, v000002016ad7ca80_0;
S_000002016acf5f60 .scope module, "s3" "sigmoid_32bit" 2 20, 5 3 0, S_000002016acf2c30;
 .timescale -9 -12;
    .port_info 0 /INPUT 32 "x";
    .port_info 1 /OUTPUT 32 "out";
v000002016ad7d9f0_0 .net/s "out", 31 0, v000002016ad7d310_0;  alias, 1 drivers
v000002016ad7dbd0_0 .net/s "sq", 63 0, v000002016ad7dd10_0;  1 drivers
v000002016ad7e530_0 .net/s "sum", 31 0, v000002016ad7ec10_0;  1 drivers
v000002016ad7ecb0_0 .net/s "x", 31 0, v000002016ad7ea30_0;  1 drivers
S_000002016acf60f0 .scope module, "mul" "multiplier_32bit" 5 12, 5 47 0, S_000002016acf5f60;
 .timescale -9 -12;
    .port_info 0 /INPUT 32 "a";
    .port_info 1 /INPUT 32 "b";
    .port_info 2 /OUTPUT 64 "out";
v000002016ad7c260_0 .net/s "a", 31 0, v000002016ad7ec10_0;  alias, 1 drivers
v000002016ad7d950_0 .net/s "b", 31 0, v000002016ad7ec10_0;  alias, 1 drivers
v000002016ad7dd10_0 .var/s "out", 63 0;
E_000002016ad1ec70 .event anyedge, v000002016ad7c260_0;
S_000002016acf6280 .scope module, "s1" "step1_32bit" 5 11, 5 17 0, S_000002016acf5f60;
 .timescale -9 -12;
    .port_info 0 /INPUT 32 "x";
    .port_info 1 /OUTPUT 32 "out";
v000002016ad7ec10_0 .var/s "out", 31 0;
v000002016ad7d8b0_0 .net/s "x", 31 0, v000002016ad7ea30_0;  alias, 1 drivers
v000002016ad7ddb0_0 .var/s "y", 31 0;
v000002016ad7e2b0_0 .var/s "z", 31 0;
E_000002016ad1e5b0 .event anyedge, v000002016ad7d8b0_0;
S_000002016ad09db0 .scope module, "s2" "step2_32bit" 5 13, 5 58 0, S_000002016acf5f60;
 .timescale -9 -12;
    .port_info 0 /INPUT 32 "x";
    .port_info 1 /INPUT 64 "a";
    .port_info 2 /OUTPUT 32 "out";
v000002016ad7e030_0 .net/s "a", 63 0, v000002016ad7dd10_0;  alias, 1 drivers
v000002016ad7d310_0 .var/s "out", 31 0;
v000002016ad7e3f0_0 .var/s "temp1", 63 0;
v000002016ad7ee90_0 .var/s "temp2", 63 0;
v000002016ad7d130_0 .net/s "x", 31 0, v000002016ad7ea30_0;  alias, 1 drivers
E_000002016ad1edb0 .event anyedge, v000002016ad7dd10_0;
    .scope S_000002016ad113a0;
T_0 ;
    %wait E_000002016ad1e7f0;
    %load/vec4 v000002016acf4760_0;
    %parti/s 1, 7, 4;
    %cmpi/e 1, 0, 1;
    %jmp/0xz  T_0.0, 4;
    %load/vec4 v000002016acf4760_0;
    %inv;
    %pushi/vec4 1, 0, 8;
    %add;
    %store/vec4 v000002016acf2dc0_0, 0, 8;
    %jmp T_0.1;
T_0.0 ;
    %load/vec4 v000002016acf4760_0;
    %store/vec4 v000002016acf2dc0_0, 0, 8;
T_0.1 ;
    %load/vec4 v000002016acf2dc0_0;
    %ix/load 4, 2, 0;
    %flag_set/imm 4, 0;
    %shiftr/s 4;
    %store/vec4 v000002016acf32a0_0, 0, 8;
    %load/vec4 v000002016acf4760_0;
    %parti/s 1, 7, 4;
    %cmpi/e 1, 0, 1;
    %jmp/0xz  T_0.2, 4;
    %load/vec4 v000002016acf4760_0;
    %pad/s 32;
    %cmpi/s 4294967232, 0, 32;
    %flag_or 5, 4; GT is !LE
    %flag_inv 5;
    %jmp/0xz  T_0.4, 5;
    %pushi/vec4 240, 0, 8;
    %load/vec4 v000002016acf32a0_0;
    %add;
    %store/vec4 v000002016adbba20_0, 0, 8;
    %jmp T_0.5;
T_0.4 ;
    %pushi/vec4 0, 0, 8;
    %store/vec4 v000002016adbba20_0, 0, 8;
T_0.5 ;
    %jmp T_0.3;
T_0.2 ;
    %load/vec4 v000002016acf4760_0;
    %pad/s 32;
    %cmpi/s 63, 0, 32;
    %jmp/0xz  T_0.6, 5;
    %pushi/vec4 16, 0, 8;
    %load/vec4 v000002016acf32a0_0;
    %sub;
    %store/vec4 v000002016adbba20_0, 0, 8;
    %jmp T_0.7;
T_0.6 ;
    %pushi/vec4 1, 0, 8;
    %store/vec4 v000002016adbba20_0, 0, 8;
T_0.7 ;
T_0.3 ;
    %jmp T_0;
    .thread T_0, $push;
    .scope S_000002016acf3b50;
T_1 ;
    %wait E_000002016ad1ed30;
    %load/vec4 v000002016acf19d0_0;
    %pad/s 16;
    %load/vec4 v000002016acf14b0_0;
    %pad/s 16;
    %mul;
    %store/vec4 v000002016acf0160_0, 0, 16;
    %jmp T_1;
    .thread T_1, $push;
    .scope S_000002016ad11530;
T_2 ;
    %wait E_000002016ad1e6b0;
    %load/vec4 v000002016acf3ce0_0;
    %ix/load 4, 1, 0;
    %flag_set/imm 4, 0;
    %shiftr/s 4;
    %store/vec4 v000002016ad7c760_0, 0, 16;
    %load/vec4 v000002016ad7cda0_0;
    %parti/s 1, 7, 4;
    %cmpi/e 1, 0, 1;
    %jmp/0xz  T_2.0, 4;
    %load/vec4 v000002016ad7c760_0;
    %store/vec4 v000002016ad7c9e0_0, 0, 16;
    %jmp T_2.1;
T_2.0 ;
    %pushi/vec4 256, 0, 16;
    %load/vec4 v000002016ad7c760_0;
    %sub;
    %store/vec4 v000002016ad7c9e0_0, 0, 16;
T_2.1 ;
    %load/vec4 v000002016ad7c9e0_0;
    %parti/s 10, 0, 2;
    %store/vec4 v000002016ad7ce40_0, 0, 10;
    %vpi_call 3 74 "$display", "%b,%b", v000002016ad7cda0_0, v000002016ad7ce40_0 {0 0 0};
    %jmp T_2;
    .thread T_2, $push;
    .scope S_000002016ad03e50;
T_3 ;
    %wait E_000002016ad1e470;
    %load/vec4 v000002016ad7cc60_0;
    %parti/s 1, 15, 5;
    %cmpi/e 1, 0, 1;
    %jmp/0xz  T_3.0, 4;
    %load/vec4 v000002016ad7cc60_0;
    %inv;
    %pushi/vec4 1, 0, 16;
    %add;
    %store/vec4 v000002016ad7c800_0, 0, 16;
    %jmp T_3.1;
T_3.0 ;
    %load/vec4 v000002016ad7cc60_0;
    %store/vec4 v000002016ad7c800_0, 0, 16;
T_3.1 ;
    %load/vec4 v000002016ad7c800_0;
    %ix/load 4, 2, 0;
    %flag_set/imm 4, 0;
    %shiftr/s 4;
    %store/vec4 v000002016ad7c940_0, 0, 16;
    %load/vec4 v000002016ad7cc60_0;
    %parti/s 1, 15, 5;
    %cmpi/e 1, 0, 1;
    %jmp/0xz  T_3.2, 4;
    %load/vec4 v000002016ad7cc60_0;
    %pad/s 32;
    %cmpi/s 4294966272, 0, 32;
    %flag_or 5, 4; GT is !LE
    %flag_inv 5;
    %jmp/0xz  T_3.4, 5;
    %pushi/vec4 65280, 0, 16;
    %load/vec4 v000002016ad7c940_0;
    %add;
    %store/vec4 v000002016ad7c4e0_0, 0, 16;
    %jmp T_3.5;
T_3.4 ;
    %pushi/vec4 0, 0, 16;
    %store/vec4 v000002016ad7c4e0_0, 0, 16;
T_3.5 ;
    %jmp T_3.3;
T_3.2 ;
    %load/vec4 v000002016ad7cc60_0;
    %pad/s 32;
    %cmpi/s 1023, 0, 32;
    %jmp/0xz  T_3.6, 5;
    %pushi/vec4 256, 0, 16;
    %load/vec4 v000002016ad7c940_0;
    %sub;
    %store/vec4 v000002016ad7c4e0_0, 0, 16;
    %jmp T_3.7;
T_3.6 ;
    %pushi/vec4 1, 0, 16;
    %store/vec4 v000002016ad7c4e0_0, 0, 16;
T_3.7 ;
T_3.3 ;
    %jmp T_3;
    .thread T_3, $push;
    .scope S_000002016ad03cc0;
T_4 ;
    %wait E_000002016ad1e3f0;
    %load/vec4 v000002016ad7cee0_0;
    %pad/s 32;
    %load/vec4 v000002016ad7c3a0_0;
    %pad/s 32;
    %mul;
    %store/vec4 v000002016ad7ca80_0, 0, 32;
    %jmp T_4;
    .thread T_4, $push;
    .scope S_000002016ad03fe0;
T_5 ;
    %wait E_000002016ad1ec30;
    %load/vec4 v000002016ad7cb20_0;
    %ix/load 4, 1, 0;
    %flag_set/imm 4, 0;
    %shiftr/s 4;
    %store/vec4 v000002016ad7c120_0, 0, 32;
    %load/vec4 v000002016ad7c440_0;
    %parti/s 1, 15, 5;
    %cmpi/e 1, 0, 1;
    %jmp/0xz  T_5.0, 4;
    %load/vec4 v000002016ad7c120_0;
    %store/vec4 v000002016ad7c8a0_0, 0, 32;
    %jmp T_5.1;
T_5.0 ;
    %pushi/vec4 65536, 0, 32;
    %load/vec4 v000002016ad7c120_0;
    %sub;
    %store/vec4 v000002016ad7c8a0_0, 0, 32;
T_5.1 ;
    %load/vec4 v000002016ad7c8a0_0;
    %parti/s 20, 0, 2;
    %store/vec4 v000002016ad7c620_0, 0, 20;
    %vpi_call 4 75 "$display", "%b,%b", v000002016ad7c440_0, v000002016ad7c620_0 {0 0 0};
    %jmp T_5;
    .thread T_5, $push;
    .scope S_000002016acf6280;
T_6 ;
    %wait E_000002016ad1e5b0;
    %load/vec4 v000002016ad7d8b0_0;
    %parti/s 1, 31, 6;
    %cmpi/e 1, 0, 1;
    %jmp/0xz  T_6.0, 4;
    %load/vec4 v000002016ad7d8b0_0;
    %inv;
    %pushi/vec4 1, 0, 32;
    %add;
    %store/vec4 v000002016ad7ddb0_0, 0, 32;
    %jmp T_6.1;
T_6.0 ;
    %load/vec4 v000002016ad7d8b0_0;
    %store/vec4 v000002016ad7ddb0_0, 0, 32;
T_6.1 ;
    %load/vec4 v000002016ad7ddb0_0;
    %ix/load 4, 2, 0;
    %flag_set/imm 4, 0;
    %shiftr/s 4;
    %store/vec4 v000002016ad7e2b0_0, 0, 32;
    %load/vec4 v000002016ad7d8b0_0;
    %parti/s 1, 31, 6;
    %cmpi/e 1, 0, 1;
    %jmp/0xz  T_6.2, 4;
    %load/vec4 v000002016ad7d8b0_0;
    %cmpi/s 4294901760, 0, 32;
    %flag_or 5, 4; GT is !LE
    %flag_inv 5;
    %jmp/0xz  T_6.4, 5;
    %pushi/vec4 4294950912, 0, 32;
    %load/vec4 v000002016ad7e2b0_0;
    %add;
    %store/vec4 v000002016ad7ec10_0, 0, 32;
    %jmp T_6.5;
T_6.4 ;
    %pushi/vec4 0, 0, 32;
    %store/vec4 v000002016ad7ec10_0, 0, 32;
T_6.5 ;
    %jmp T_6.3;
T_6.2 ;
    %load/vec4 v000002016ad7d8b0_0;
    %cmpi/s 65535, 0, 32;
    %jmp/0xz  T_6.6, 5;
    %pushi/vec4 16384, 0, 32;
    %load/vec4 v000002016ad7e2b0_0;
    %sub;
    %store/vec4 v000002016ad7ec10_0, 0, 32;
    %jmp T_6.7;
T_6.6 ;
    %pushi/vec4 1, 0, 32;
    %store/vec4 v000002016ad7ec10_0, 0, 32;
T_6.7 ;
T_6.3 ;
    %jmp T_6;
    .thread T_6, $push;
    .scope S_000002016acf60f0;
T_7 ;
    %wait E_000002016ad1ec70;
    %load/vec4 v000002016ad7c260_0;
    %pad/s 64;
    %load/vec4 v000002016ad7d950_0;
    %pad/s 64;
    %mul;
    %store/vec4 v000002016ad7dd10_0, 0, 64;
    %jmp T_7;
    .thread T_7, $push;
    .scope S_000002016ad09db0;
T_8 ;
    %wait E_000002016ad1edb0;
    %load/vec4 v000002016ad7e030_0;
    %ix/load 4, 1, 0;
    %flag_set/imm 4, 0;
    %shiftr/s 4;
    %store/vec4 v000002016ad7e3f0_0, 0, 64;
    %load/vec4 v000002016ad7d130_0;
    %parti/s 1, 31, 6;
    %cmpi/e 1, 0, 1;
    %jmp/0xz  T_8.0, 4;
    %load/vec4 v000002016ad7e3f0_0;
    %store/vec4 v000002016ad7ee90_0, 0, 64;
    %jmp T_8.1;
T_8.0 ;
    %pushi/vec4 268435456, 0, 64;
    %load/vec4 v000002016ad7e3f0_0;
    %sub;
    %store/vec4 v000002016ad7ee90_0, 0, 64;
T_8.1 ;
    %load/vec4 v000002016ad7ee90_0;
    %parti/s 32, 0, 2;
    %store/vec4 v000002016ad7d310_0, 0, 32;
    %vpi_call 5 76 "$display", "%b,%b", v000002016ad7d130_0, v000002016ad7d310_0 {0 0 0};
    %jmp T_8;
    .thread T_8, $push;
    .scope S_000002016acf2c30;
T_9 ;
    %vpi_call 2 23 "$dumpfile", "testbench.vcd" {0 0 0};
    %vpi_call 2 24 "$dumpvars", 32'sb00000000000000000000000000000000, S_000002016acf2c30 {0 0 0};
    %end;
    .thread T_9;
    .scope S_000002016acf2c30;
T_10 ;
    %vpi_func 2 28 "$fopen" 32, "data_8bit_input.txt", "w" {0 0 0};
    %store/vec4 v000002016ad7e490_0, 0, 32;
    %vpi_func 2 29 "$fopen" 32, "data_16bit_input.txt", "w" {0 0 0};
    %store/vec4 v000002016ad7de50_0, 0, 32;
    %vpi_func 2 30 "$fopen" 32, "data_32bit_input.txt", "w" {0 0 0};
    %store/vec4 v000002016ad7e5d0_0, 0, 32;
    %vpi_func 2 31 "$fopen" 32, "data_8bit_output.txt", "w" {0 0 0};
    %store/vec4 v000002016ad7e8f0_0, 0, 32;
    %vpi_func 2 32 "$fopen" 32, "data_16bit_output.txt", "w" {0 0 0};
    %store/vec4 v000002016ad7e7b0_0, 0, 32;
    %vpi_func 2 33 "$fopen" 32, "data_32bit_output.txt", "w" {0 0 0};
    %store/vec4 v000002016ad7e670_0, 0, 32;
    %end;
    .thread T_10;
    .scope S_000002016acf2c30;
T_11 ;
    %pushi/vec4 4294967168, 0, 32;
    %store/vec4 v000002016ad7da90_0, 0, 32;
T_11.0 ;
    %load/vec4 v000002016ad7da90_0;
    %cmpi/s 127, 0, 32;
    %flag_or 5, 4;
    %jmp/0xz T_11.1, 5;
    %load/vec4 v000002016ad7da90_0;
    %pad/s 8;
    %store/vec4 v000002016ad7dc70_0, 0, 8;
    %vpi_call 2 39 "$fwriteb", v000002016ad7e490_0, "%b\012", v000002016ad7e850_0 {0 0 0};
    %vpi_call 2 40 "$fwriteb", v000002016ad7e8f0_0, "%b\012", v000002016ad7dc70_0 {0 0 0};
    %delay 16000, 0;
    %load/vec4 v000002016ad7da90_0;
    %addi 1, 0, 32;
    %store/vec4 v000002016ad7da90_0, 0, 32;
    %jmp T_11.0;
T_11.1 ;
    %end;
    .thread T_11;
    .scope S_000002016acf2c30;
T_12 ;
    %pushi/vec4 4294965248, 0, 32;
    %store/vec4 v000002016ad7e710_0, 0, 32;
T_12.0 ;
    %load/vec4 v000002016ad7e710_0;
    %cmpi/s 2047, 0, 32;
    %flag_or 5, 4;
    %jmp/0xz T_12.1, 5;
    %load/vec4 v000002016ad7e710_0;
    %pad/s 16;
    %store/vec4 v000002016ad7e0d0_0, 0, 16;
    %vpi_call 2 48 "$fwriteb", v000002016ad7de50_0, "%b\012", v000002016ad7db30_0 {0 0 0};
    %vpi_call 2 49 "$fwriteb", v000002016ad7e7b0_0, "%b\012", v000002016ad7e0d0_0 {0 0 0};
    %delay 1000, 0;
    %load/vec4 v000002016ad7e710_0;
    %addi 1, 0, 32;
    %store/vec4 v000002016ad7e710_0, 0, 32;
    %jmp T_12.0;
T_12.1 ;
    %end;
    .thread T_12;
    .scope S_000002016acf2c30;
T_13 ;
    %pushi/vec4 4294836224, 0, 32;
    %store/vec4 v000002016ad7e170_0, 0, 32;
T_13.0 ;
    %load/vec4 v000002016ad7e170_0;
    %cmpi/s 131071, 0, 32;
    %flag_or 5, 4;
    %jmp/0xz T_13.1, 5;
    %load/vec4 v000002016ad7e170_0;
    %store/vec4 v000002016ad7ea30_0, 0, 32;
    %vpi_call 2 57 "$fwriteb", v000002016ad7e5d0_0, "%b\012", v000002016ad7ed50_0 {0 0 0};
    %vpi_call 2 58 "$fwriteb", v000002016ad7e670_0, "%b\012", v000002016ad7ea30_0 {0 0 0};
    %delay 156, 0;
    %load/vec4 v000002016ad7e170_0;
    %addi 10, 0, 32;
    %store/vec4 v000002016ad7e170_0, 0, 32;
    %jmp T_13.0;
T_13.1 ;
    %end;
    .thread T_13;
# The file index is used to find the file name in the following table.
:file_names 6;
    "N/A";
    "<interactive>";
    "sigmoid_tb.v";
    "./sigmoid_8bit.v";
    "./sigmoid_16bit.v";
    "./sigmoid_32bit.v";
